<?xml version="1.0" encoding="UTF-8"?>
<testsuite xmlns:xsi="http://www.w3.org/2001/XMLSchema-instance" xsi:noNamespaceSchemaLocation="https://maven.apache.org/surefire/maven-surefire-plugin/xsd/surefire-test-report.xsd" version="3.0.2" name="TestSuite" time="43.44" tests="2" errors="0" skipped="0" failures="0">
  <properties>
    <property name="java.specification.version" value="21"/>
    <property name="sun.cpu.isalist" value="amd64"/>
    <property name="sun.jnu.encoding" value="Cp1252"/>
    <property name="java.class.path" value="D:\existing prj\seleniumtest\target\test-classes;D:\existing prj\seleniumtest\target\classes;C:\Users\user\.m2\repository\commons-lang\commons-lang\2.6\commons-lang-2.6.jar;C:\Users\user\.m2\repository\org\projectlombok\lombok\1.18.30\lombok-1.18.30.jar;C:\Users\user\.m2\repository\org\seleniumhq\selenium\selenium-java\4.18.1\selenium-java-4.18.1.jar;C:\Users\user\.m2\repository\org\seleniumhq\selenium\selenium-api\4.18.1\selenium-api-4.18.1.jar;C:\Users\user\.m2\repository\org\seleniumhq\selenium\selenium-chrome-driver\4.18.1\selenium-chrome-driver-4.18.1.jar;C:\Users\user\.m2\repository\com\google\auto\service\auto-service-annotations\1.1.1\auto-service-annotations-1.1.1.jar;C:\Users\user\.m2\repository\org\seleniumhq\selenium\selenium-chromium-driver\4.18.1\selenium-chromium-driver-4.18.1.jar;C:\Users\user\.m2\repository\org\seleniumhq\selenium\selenium-json\4.18.1\selenium-json-4.18.1.jar;C:\Users\user\.m2\repository\org\seleniumhq\selenium\selenium-manager\4.18.1\selenium-manager-4.18.1.jar;C:\Users\user\.m2\repository\org\seleniumhq\selenium\selenium-devtools-v120\4.18.1\selenium-devtools-v120-4.18.1.jar;C:\Users\user\.m2\repository\org\seleniumhq\selenium\selenium-devtools-v121\4.18.1\selenium-devtools-v121-4.18.1.jar;C:\Users\user\.m2\repository\org\seleniumhq\selenium\selenium-devtools-v122\4.18.1\selenium-devtools-v122-4.18.1.jar;C:\Users\user\.m2\repository\org\seleniumhq\selenium\selenium-devtools-v85\4.18.1\selenium-devtools-v85-4.18.1.jar;C:\Users\user\.m2\repository\org\seleniumhq\selenium\selenium-edge-driver\4.18.1\selenium-edge-driver-4.18.1.jar;C:\Users\user\.m2\repository\org\seleniumhq\selenium\selenium-firefox-driver\4.18.1\selenium-firefox-driver-4.18.1.jar;C:\Users\user\.m2\repository\org\seleniumhq\selenium\selenium-http\4.18.1\selenium-http-4.18.1.jar;C:\Users\user\.m2\repository\dev\failsafe\failsafe\3.3.2\failsafe-3.3.2.jar;C:\Users\user\.m2\repository\org\seleniumhq\selenium\selenium-ie-driver\4.18.1\selenium-ie-driver-4.18.1.jar;C:\Users\user\.m2\repository\org\seleniumhq\selenium\selenium-remote-driver\4.18.1\selenium-remote-driver-4.18.1.jar;C:\Users\user\.m2\repository\com\google\guava\guava\33.0.0-jre\guava-33.0.0-jre.jar;C:\Users\user\.m2\repository\com\google\guava\failureaccess\1.0.2\failureaccess-1.0.2.jar;C:\Users\user\.m2\repository\com\google\guava\listenablefuture\9999.0-empty-to-avoid-conflict-with-guava\listenablefuture-9999.0-empty-to-avoid-conflict-with-guava.jar;C:\Users\user\.m2\repository\com\google\code\findbugs\jsr305\3.0.2\jsr305-3.0.2.jar;C:\Users\user\.m2\repository\org\checkerframework\checker-qual\3.41.0\checker-qual-3.41.0.jar;C:\Users\user\.m2\repository\com\google\errorprone\error_prone_annotations\2.23.0\error_prone_annotations-2.23.0.jar;C:\Users\user\.m2\repository\com\google\j2objc\j2objc-annotations\2.8\j2objc-annotations-2.8.jar;C:\Users\user\.m2\repository\io\opentelemetry\semconv\opentelemetry-semconv\1.23.1-alpha\opentelemetry-semconv-1.23.1-alpha.jar;C:\Users\user\.m2\repository\io\opentelemetry\opentelemetry-api\1.35.0\opentelemetry-api-1.35.0.jar;C:\Users\user\.m2\repository\io\opentelemetry\opentelemetry-context\1.35.0\opentelemetry-context-1.35.0.jar;C:\Users\user\.m2\repository\io\opentelemetry\opentelemetry-exporter-logging\1.35.0\opentelemetry-exporter-logging-1.35.0.jar;C:\Users\user\.m2\repository\io\opentelemetry\opentelemetry-sdk-common\1.35.0\opentelemetry-sdk-common-1.35.0.jar;C:\Users\user\.m2\repository\io\opentelemetry\opentelemetry-sdk-extension-autoconfigure-spi\1.35.0\opentelemetry-sdk-extension-autoconfigure-spi-1.35.0.jar;C:\Users\user\.m2\repository\io\opentelemetry\opentelemetry-sdk-extension-autoconfigure\1.35.0\opentelemetry-sdk-extension-autoconfigure-1.35.0.jar;C:\Users\user\.m2\repository\io\opentelemetry\opentelemetry-api-events\1.35.0-alpha\opentelemetry-api-events-1.35.0-alpha.jar;C:\Users\user\.m2\repository\io\opentelemetry\opentelemetry-sdk-trace\1.35.0\opentelemetry-sdk-trace-1.35.0.jar;C:\Users\user\.m2\repository\io\opentelemetry\opentelemetry-extension-incubator\1.35.0-alpha\opentelemetry-extension-incubator-1.35.0-alpha.jar;C:\Users\user\.m2\repository\io\opentelemetry\opentelemetry-sdk\1.35.0\opentelemetry-sdk-1.35.0.jar;C:\Users\user\.m2\repository\io\opentelemetry\opentelemetry-sdk-metrics\1.35.0\opentelemetry-sdk-metrics-1.35.0.jar;C:\Users\user\.m2\repository\io\opentelemetry\opentelemetry-sdk-logs\1.35.0\opentelemetry-sdk-logs-1.35.0.jar;C:\Users\user\.m2\repository\net\bytebuddy\byte-buddy\1.14.12\byte-buddy-1.14.12.jar;C:\Users\user\.m2\repository\org\seleniumhq\selenium\selenium-os\4.18.1\selenium-os-4.18.1.jar;C:\Users\user\.m2\repository\org\apache\commons\commons-exec\1.3\commons-exec-1.3.jar;C:\Users\user\.m2\repository\org\seleniumhq\selenium\selenium-safari-driver\4.18.1\selenium-safari-driver-4.18.1.jar;C:\Users\user\.m2\repository\org\seleniumhq\selenium\selenium-support\4.18.1\selenium-support-4.18.1.jar;C:\Users\user\.m2\repository\org\testng\testng\7.9.0\testng-7.9.0.jar;C:\Users\user\.m2\repository\org\slf4j\slf4j-api\1.7.36\slf4j-api-1.7.36.jar;C:\Users\user\.m2\repository\com\beust\jcommander\1.82\jcommander-1.82.jar;C:\Users\user\.m2\repository\org\webjars\jquery\3.7.1\jquery-3.7.1.jar;C:\Users\user\.m2\repository\org\apache\poi\poi\5.4.0\poi-5.4.0.jar;C:\Users\user\.m2\repository\commons-codec\commons-codec\1.17.1\commons-codec-1.17.1.jar;C:\Users\user\.m2\repository\org\apache\commons\commons-collections4\4.4\commons-collections4-4.4.jar;C:\Users\user\.m2\repository\org\apache\commons\commons-math3\3.6.1\commons-math3-3.6.1.jar;C:\Users\user\.m2\repository\commons-io\commons-io\2.18.0\commons-io-2.18.0.jar;C:\Users\user\.m2\repository\com\zaxxer\SparseBitSet\1.3\SparseBitSet-1.3.jar;C:\Users\user\.m2\repository\org\apache\logging\log4j\log4j-api\2.24.3\log4j-api-2.24.3.jar;C:\Users\user\.m2\repository\org\apache\poi\poi-ooxml\5.4.0\poi-ooxml-5.4.0.jar;C:\Users\user\.m2\repository\org\apache\poi\poi-ooxml-lite\5.4.0\poi-ooxml-lite-5.4.0.jar;C:\Users\user\.m2\repository\org\apache\xmlbeans\xmlbeans\5.3.0\xmlbeans-5.3.0.jar;C:\Users\user\.m2\repository\org\apache\commons\commons-compress\1.27.1\commons-compress-1.27.1.jar;C:\Users\user\.m2\repository\org\apache\commons\commons-lang3\3.16.0\commons-lang3-3.16.0.jar;C:\Users\user\.m2\repository\com\github\virtuald\curvesapi\1.08\curvesapi-1.08.jar;C:\Users\user\.m2\repository\com\aventstack\extentreports\5.0.9\extentreports-5.0.9.jar;C:\Users\user\.m2\repository\io\reactivex\rxjava3\rxjava\3.0.4\rxjava-3.0.4.jar;C:\Users\user\.m2\repository\org\reactivestreams\reactive-streams\1.0.3\reactive-streams-1.0.3.jar;C:\Users\user\.m2\repository\org\freemarker\freemarker\2.3.30\freemarker-2.3.30.jar;C:\Users\user\.m2\repository\com\google\code\gson\gson\2.8.6\gson-2.8.6.jar;"/>
    <property name="java.vm.vendor" value="Oracle Corporation"/>
    <property name="sun.arch.data.model" value="64"/>
    <property name="user.variant" value=""/>
    <property name="java.vendor.url" value="https://java.oracle.com/"/>
    <property name="user.timezone" value="Asia/Calcutta"/>
    <property name="os.name" value="Windows 10"/>
    <property name="java.vm.specification.version" value="21"/>
    <property name="sun.java.launcher" value="SUN_STANDARD"/>
    <property name="user.country" value="IN"/>
    <property name="sun.boot.library.path" value="C:\Program Files\Java\jdk-21\bin"/>
    <property name="sun.java.command" value="C:\Users\user\AppData\Local\Temp\surefire11965559852894193583\surefirebooter-20250326223327756_3.jar C:\Users\user\AppData\Local\Temp\surefire11965559852894193583 2025-03-26T22-33-27_358-jvmRun1 surefire-20250326223327756_1tmp surefire_0-20250326223327756_2tmp"/>
    <property name="jdk.debug" value="release"/>
    <property name="surefire.test.class.path" value="D:\existing prj\seleniumtest\target\test-classes;D:\existing prj\seleniumtest\target\classes;C:\Users\user\.m2\repository\commons-lang\commons-lang\2.6\commons-lang-2.6.jar;C:\Users\user\.m2\repository\org\projectlombok\lombok\1.18.30\lombok-1.18.30.jar;C:\Users\user\.m2\repository\org\seleniumhq\selenium\selenium-java\4.18.1\selenium-java-4.18.1.jar;C:\Users\user\.m2\repository\org\seleniumhq\selenium\selenium-api\4.18.1\selenium-api-4.18.1.jar;C:\Users\user\.m2\repository\org\seleniumhq\selenium\selenium-chrome-driver\4.18.1\selenium-chrome-driver-4.18.1.jar;C:\Users\user\.m2\repository\com\google\auto\service\auto-service-annotations\1.1.1\auto-service-annotations-1.1.1.jar;C:\Users\user\.m2\repository\org\seleniumhq\selenium\selenium-chromium-driver\4.18.1\selenium-chromium-driver-4.18.1.jar;C:\Users\user\.m2\repository\org\seleniumhq\selenium\selenium-json\4.18.1\selenium-json-4.18.1.jar;C:\Users\user\.m2\repository\org\seleniumhq\selenium\selenium-manager\4.18.1\selenium-manager-4.18.1.jar;C:\Users\user\.m2\repository\org\seleniumhq\selenium\selenium-devtools-v120\4.18.1\selenium-devtools-v120-4.18.1.jar;C:\Users\user\.m2\repository\org\seleniumhq\selenium\selenium-devtools-v121\4.18.1\selenium-devtools-v121-4.18.1.jar;C:\Users\user\.m2\repository\org\seleniumhq\selenium\selenium-devtools-v122\4.18.1\selenium-devtools-v122-4.18.1.jar;C:\Users\user\.m2\repository\org\seleniumhq\selenium\selenium-devtools-v85\4.18.1\selenium-devtools-v85-4.18.1.jar;C:\Users\user\.m2\repository\org\seleniumhq\selenium\selenium-edge-driver\4.18.1\selenium-edge-driver-4.18.1.jar;C:\Users\user\.m2\repository\org\seleniumhq\selenium\selenium-firefox-driver\4.18.1\selenium-firefox-driver-4.18.1.jar;C:\Users\user\.m2\repository\org\seleniumhq\selenium\selenium-http\4.18.1\selenium-http-4.18.1.jar;C:\Users\user\.m2\repository\dev\failsafe\failsafe\3.3.2\failsafe-3.3.2.jar;C:\Users\user\.m2\repository\org\seleniumhq\selenium\selenium-ie-driver\4.18.1\selenium-ie-driver-4.18.1.jar;C:\Users\user\.m2\repository\org\seleniumhq\selenium\selenium-remote-driver\4.18.1\selenium-remote-driver-4.18.1.jar;C:\Users\user\.m2\repository\com\google\guava\guava\33.0.0-jre\guava-33.0.0-jre.jar;C:\Users\user\.m2\repository\com\google\guava\failureaccess\1.0.2\failureaccess-1.0.2.jar;C:\Users\user\.m2\repository\com\google\guava\listenablefuture\9999.0-empty-to-avoid-conflict-with-guava\listenablefuture-9999.0-empty-to-avoid-conflict-with-guava.jar;C:\Users\user\.m2\repository\com\google\code\findbugs\jsr305\3.0.2\jsr305-3.0.2.jar;C:\Users\user\.m2\repository\org\checkerframework\checker-qual\3.41.0\checker-qual-3.41.0.jar;C:\Users\user\.m2\repository\com\google\errorprone\error_prone_annotations\2.23.0\error_prone_annotations-2.23.0.jar;C:\Users\user\.m2\repository\com\google\j2objc\j2objc-annotations\2.8\j2objc-annotations-2.8.jar;C:\Users\user\.m2\repository\io\opentelemetry\semconv\opentelemetry-semconv\1.23.1-alpha\opentelemetry-semconv-1.23.1-alpha.jar;C:\Users\user\.m2\repository\io\opentelemetry\opentelemetry-api\1.35.0\opentelemetry-api-1.35.0.jar;C:\Users\user\.m2\repository\io\opentelemetry\opentelemetry-context\1.35.0\opentelemetry-context-1.35.0.jar;C:\Users\user\.m2\repository\io\opentelemetry\opentelemetry-exporter-logging\1.35.0\opentelemetry-exporter-logging-1.35.0.jar;C:\Users\user\.m2\repository\io\opentelemetry\opentelemetry-sdk-common\1.35.0\opentelemetry-sdk-common-1.35.0.jar;C:\Users\user\.m2\repository\io\opentelemetry\opentelemetry-sdk-extension-autoconfigure-spi\1.35.0\opentelemetry-sdk-extension-autoconfigure-spi-1.35.0.jar;C:\Users\user\.m2\repository\io\opentelemetry\opentelemetry-sdk-extension-autoconfigure\1.35.0\opentelemetry-sdk-extension-autoconfigure-1.35.0.jar;C:\Users\user\.m2\repository\io\opentelemetry\opentelemetry-api-events\1.35.0-alpha\opentelemetry-api-events-1.35.0-alpha.jar;C:\Users\user\.m2\repository\io\opentelemetry\opentelemetry-sdk-trace\1.35.0\opentelemetry-sdk-trace-1.35.0.jar;C:\Users\user\.m2\repository\io\opentelemetry\opentelemetry-extension-incubator\1.35.0-alpha\opentelemetry-extension-incubator-1.35.0-alpha.jar;C:\Users\user\.m2\repository\io\opentelemetry\opentelemetry-sdk\1.35.0\opentelemetry-sdk-1.35.0.jar;C:\Users\user\.m2\repository\io\opentelemetry\opentelemetry-sdk-metrics\1.35.0\opentelemetry-sdk-metrics-1.35.0.jar;C:\Users\user\.m2\repository\io\opentelemetry\opentelemetry-sdk-logs\1.35.0\opentelemetry-sdk-logs-1.35.0.jar;C:\Users\user\.m2\repository\net\bytebuddy\byte-buddy\1.14.12\byte-buddy-1.14.12.jar;C:\Users\user\.m2\repository\org\seleniumhq\selenium\selenium-os\4.18.1\selenium-os-4.18.1.jar;C:\Users\user\.m2\repository\org\apache\commons\commons-exec\1.3\commons-exec-1.3.jar;C:\Users\user\.m2\repository\org\seleniumhq\selenium\selenium-safari-driver\4.18.1\selenium-safari-driver-4.18.1.jar;C:\Users\user\.m2\repository\org\seleniumhq\selenium\selenium-support\4.18.1\selenium-support-4.18.1.jar;C:\Users\user\.m2\repository\org\testng\testng\7.9.0\testng-7.9.0.jar;C:\Users\user\.m2\repository\org\slf4j\slf4j-api\1.7.36\slf4j-api-1.7.36.jar;C:\Users\user\.m2\repository\com\beust\jcommander\1.82\jcommander-1.82.jar;C:\Users\user\.m2\repository\org\webjars\jquery\3.7.1\jquery-3.7.1.jar;C:\Users\user\.m2\repository\org\apache\poi\poi\5.4.0\poi-5.4.0.jar;C:\Users\user\.m2\repository\commons-codec\commons-codec\1.17.1\commons-codec-1.17.1.jar;C:\Users\user\.m2\repository\org\apache\commons\commons-collections4\4.4\commons-collections4-4.4.jar;C:\Users\user\.m2\repository\org\apache\commons\commons-math3\3.6.1\commons-math3-3.6.1.jar;C:\Users\user\.m2\repository\commons-io\commons-io\2.18.0\commons-io-2.18.0.jar;C:\Users\user\.m2\repository\com\zaxxer\SparseBitSet\1.3\SparseBitSet-1.3.jar;C:\Users\user\.m2\repository\org\apache\logging\log4j\log4j-api\2.24.3\log4j-api-2.24.3.jar;C:\Users\user\.m2\repository\org\apache\poi\poi-ooxml\5.4.0\poi-ooxml-5.4.0.jar;C:\Users\user\.m2\repository\org\apache\poi\poi-ooxml-lite\5.4.0\poi-ooxml-lite-5.4.0.jar;C:\Users\user\.m2\repository\org\apache\xmlbeans\xmlbeans\5.3.0\xmlbeans-5.3.0.jar;C:\Users\user\.m2\repository\org\apache\commons\commons-compress\1.27.1\commons-compress-1.27.1.jar;C:\Users\user\.m2\repository\org\apache\commons\commons-lang3\3.16.0\commons-lang3-3.16.0.jar;C:\Users\user\.m2\repository\com\github\virtuald\curvesapi\1.08\curvesapi-1.08.jar;C:\Users\user\.m2\repository\com\aventstack\extentreports\5.0.9\extentreports-5.0.9.jar;C:\Users\user\.m2\repository\io\reactivex\rxjava3\rxjava\3.0.4\rxjava-3.0.4.jar;C:\Users\user\.m2\repository\org\reactivestreams\reactive-streams\1.0.3\reactive-streams-1.0.3.jar;C:\Users\user\.m2\repository\org\freemarker\freemarker\2.3.30\freemarker-2.3.30.jar;C:\Users\user\.m2\repository\com\google\code\gson\gson\2.8.6\gson-2.8.6.jar;"/>
    <property name="sun.cpu.endian" value="little"/>
    <property name="user.home" value="C:\Users\user"/>
    <property name="user.language" value="en"/>
    <property name="java.specification.vendor" value="Oracle Corporation"/>
    <property name="java.version.date" value="2024-01-16"/>
    <property name="java.home" value="C:\Program Files\Java\jdk-21"/>
    <property name="file.separator" value="\"/>
    <property name="basedir" value="D:\existing prj\seleniumtest"/>
    <property name="style.color" value="always"/>
    <property name="java.vm.compressedOopsMode" value="Zero based"/>
    <property name="line.separator" value="&#10;"/>
    <property name="java.vm.specification.vendor" value="Oracle Corporation"/>
    <property name="java.specification.name" value="Java Platform API Specification"/>
    <property name="surefire.real.class.path" value="C:\Users\user\AppData\Local\Temp\surefire11965559852894193583\surefirebooter-20250326223327756_3.jar"/>
    <property name="user.script" value=""/>
    <property name="sun.management.compiler" value="HotSpot 64-Bit Tiered Compilers"/>
    <property name="java.runtime.version" value="21.0.2+13-LTS-58"/>
    <property name="user.name" value="user"/>
    <property name="stdout.encoding" value="Cp1252"/>
    <property name="path.separator" value=";"/>
    <property name="os.version" value="10.0"/>
    <property name="java.runtime.name" value="Java(TM) SE Runtime Environment"/>
    <property name="file.encoding" value="UTF-8"/>
    <property name="java.vm.name" value="Java HotSpot(TM) 64-Bit Server VM"/>
    <property name="localRepository" value="C:\Users\user\.m2\repository"/>
    <property name="java.vendor.url.bug" value="https://bugreport.java.com/bugreport/"/>
    <property name="java.io.tmpdir" value="C:\Users\user\AppData\Local\Temp\"/>
    <property name="java.version" value="21.0.2"/>
    <property name="user.dir" value="D:\existing prj\seleniumtest"/>
    <property name="os.arch" value="amd64"/>
    <property name="java.vm.specification.name" value="Java Virtual Machine Specification"/>
    <property name="sun.os.patch.level" value=""/>
    <property name="native.encoding" value="Cp1252"/>
    <property name="java.library.path" value="C:\Program Files\Java\jdk-21\bin;C:\WINDOWS\Sun\Java\bin;C:\WINDOWS\system32;C:\WINDOWS;C:/Program Files/Java/jdk-21/bin/server;C:/Program Files/Java/jdk-21/bin;C:\Python312\Scripts\;C:\Python312\;C:\Program Files\Common Files\Oracle\Java\javapath;C:\WINDOWS\system32;C:\WINDOWS;C:\WINDOWS\System32\Wbem;C:\WINDOWS\System32\WindowsPowerShell\v1.0\;C:\WINDOWS\System32\OpenSSH\;C:\Program Files\Java\jdk-21\bin;C:\Program Files\Maven\bin;C:\ProgramData\chocolatey\bin;C:\Program Files\nodejs\;C:\Program Files\MySQL\MySQL Server 8.0\bin;C:\Program Files\Git\cmd;C:\Program Files\Git\bin;C:\Program Files\MySQL\MySQL Shell 8.0\bin\;C:\Users\user\AppData\Local\Microsoft\WindowsApps;C:\Users\user\AppData\Local\Programs\Microsoft VS Code\bin;C:\Users\user\AppData\Roaming\npm;C:\WINDOWS\system32;;."/>
    <property name="java.vm.info" value="mixed mode, sharing"/>
    <property name="stderr.encoding" value="Cp1252"/>
    <property name="java.vendor" value="Oracle Corporation"/>
    <property name="java.vm.version" value="21.0.2+13-LTS-58"/>
    <property name="sun.io.unicode.encoding" value="UnicodeLittle"/>
    <property name="java.class.version" value="65.0"/>
  </properties>
  <testcase name="loginWithValidUsernameAndPassword" classname="com.orangehrm.test.LoginTest" time="6.917">
    <system-out><![CDATA[iVBORw0KGgoAAAANSUhEUgAABAoAAAIxCAIAAABLq80vAAAAAXNSR0IArs4c6QAAIABJREFUeJzs3X18VPWd9//PmZkk3MWQkBmSIFExQghiEnWNaa1ggyKglrbiLq7rtgLbXrtbd39NteiyXq2XXakaf5fur79fLTftUrfuj9heXFhAWrIFtZviXRIjEQFBgyYxkxBCgNzNzLn+mMlkMplM5v47N6/ndn1kzty9J5pzznu+33OOpuu6ALHFf3UAEoKmaaojRN+eH0j9dtUhAMRO/6Mn/T/AFKskSFE0AQCJy+caLNk6w6ofiCldXv+p6hwA4oVBdQAkLV3X6QYAko8+QnWQyFn+qCz5juoQAOIFoweIsKTaZALAxNyru2QYT7j1ITEa5T//p+ocANSjHiAyaAUAUpZzBZjwJeHL3xXNKHU1qnMAUIzJRQhLEg6yA0BIkmFleMs/yLKHVIcAEFMfnjzttYR6gNAl/IYQACIt4UvC0u/IrQ+rDgEgRpzdwKshMLkIoYjBxi+xt68A4lgMZgEl9nSjJX8vosvvn1adA0B0ebaCD0+eXjBvrvNn6gGCFo0dd8oAgJiZaIUT8b35BC4JS74jui4HnlGdA0AUufuAF+oBghDBnXj6AIB4M369FJE9e13XE7IhLH1QdIfUPas6B4BYox4gUGHu0NMHACQczxVXOLv4iTqMcMs/isMuf3hOdQ4AMUU9wOTC2bNX0gqoIkASU7WTHf5VDhJyGKGqWhw2OfQT1TkARNj4Exa5pxtRDzCJkHe1E65UAEgIEVk/qBoKSMiGcOv3xT4sb/xMdQ4AMUI9wIRiVgwoAwBiLPyjk0MuCQnZEG7fJLZh+dPPVecAEAvUA/gWwi57UE+hEgCIQ16rpkn340ObcZSQDeGOH4ptUN7+leocAKKOeoDICGR3P7KVgIIBwKcI7nkHvvcf7GBCQjaE1ZvFNiCNv1GdA0B0UQ/gQ2THAZxbQbew0wFATDnXcs7LIftfiQW105+QDeHu/ynD/XJkn+ocAKLIoDoA4k5ku4GmaUaj0WAw0A0AJCjn6stgMBiNxkCGEQJfiybkKOjaF+SqpapDAIgi6gHGCGqr5ufBzm/FnK0gcukAQDH3ms3/2jLJG8Jf/kwu+zPVIQBEC/UAoyKyPXPeRTEAkMScJSGQlWEgEq8hmKbIvT+TvBLVOQBEBfUALuFvydwTc+kGAJKe5zCCn7VigK+WeA1h+iy59wXJnqs6B4DIox5AAt8yTboVdH+jBgCpwP1tSCo2hJzLZO0LMnWm6hwAIow9OQTK/6CB82cGDQCkGvd6b6IvUAI/WDnxGkLB1bL2p8KaH0gu1AOEdckCz+XMKQKQgrxGTcMfRkgw874gf/FT1SEARBL1INVFqhtw3lIAKctrBRhOQ0jIFrFohaz+seoQACKGeoAQeW3D6AYAUpnXOjCcvfyEbAjXr5XbNqoOASAyqAcpLeSvssYvpB4ASGXj14EBrjyTx81/Kzf9jeoQACKAepC6ItgNAADjhbwKTdTV7O2bpPxu1SEAhIt6gAkFuGFzXusgVqEAIE75vJRyyn3J8vVn5aqlqkMACAv1IEWFtnGaaMtHPQCAiS6AEKn1bcL4859I/iLVIQCEjnoA3wLZwnG5AwBw87wAgtddkeoMiWFKpvz5T2SGWXUOACGiHsCHZJ4aCwDRF5GGkMCr2dx58uf/j+oQAEJEPUhFIWxyvJ6SwBstAIiJVF9PXlEpa55XHQJAKKgH8DbpV1xUBQDwKdi1ZTIPIIhI6WpZ/qjqEACCRj1IOZHd2CT2pgsAIo0vUMb40rel8puqQwAIDvUAYwQ1dJDqmz0A8MXPujHlBhBEZNUPZeFy1SEABIF6kFqC3czwNRgAhMDPNympuCJd8xynOgUSCPUAo4LaaKXiFg4A/Jpoxeh/hZn8Awjp02TN8zI1S3UOAAGhHqSQMDcwE30ZlvDbLQCIgqCmGCU/y1Vy93OqQwAICPUALqFdtScVN3IAMDG+SZnQgi/LHY+rDgFgctQDBMTnRo6tHQCMF8J3K6myOr3xG/KF9apDAJgE9QC+hTaDFgDgKVLrzORZ9658TIqXqQ4BwB/qASS0w+YYQwAAL/5XjGEeoJw8vv5/i7lIdQgAE6IewAeGDgAgUlijepuaJV9/VjT2QIA4xR9nqgh5O8TQAQAELpwBhBRyaZl8/VnVIQD4Rj0AACC6AhxASK3yUPY1WfId1SEA+EA9QKDbp/FfiaXWlgwAAsNKMlC3PiQlK1SHAOCNegB/2LYBQGRFdqpnwvvaM2K+UnUIAGNQD1JCNDYqfD0GAF78rBhZVfo2JVO++ozqEADGoB4gIJQBAAhBsOvMVFzHFl4nq3+sOgSAUdQDjJGKWyYAiJxgL5nMWldE5Pq1UvlN1SEAuFAPUp2fLVOwGzkAgBurx+Cs+qFccaPqEACEepASonrgAQAgQKw5J7H6KZmapToEAOoBAsCBBwAQMtacgZp1OQchAPGAeoDQsc0DgPFYN4Zu0UpZyrXSAMWoBwAAqBR4nUiJ4rHsIZl/i+oQQEqjHiBoAV5lGQBSTeCrR9ac/nxls8zIVR0CSF3UA4ziXHsAoByrX8nKl688qToEkLqoBwAARBcneAjawuWyhIMQADWoBwgUWzUACBArzAi49SEp+pLqEEAqoh6ktHAufMbGDwAQXXf9i2Rkqg4BpBzqAQAAiEs5l8ldP1IdAkg51AMAABCvSlfLjd9QHQJILdQDAAAQx+54XAoWqw4BpBDqAQAAiG93/g/VCYAUQj0AAADxbe61cvsm1SGAVEE9AAAAce+mv5GFt6kOAaQE6gEigJOcAgBrwqi7619kapbqEEDyox4gAtgoAgBrwqjLtMgdj6sOASQ/6kFK0zQtIq/jcDgi8joAkLhYE8ZC6Vfl+rWqQwBJjnqASUxUITyXs1EEAM81YaS+fIEPq34oOZerDgEkM+oBAuVna2e322ObBQDiDmvCGEmbIqt+oDoEkMyoB/At2K++bDZb1LIAQLzzvw50r1EZVYiMBV+WL25QHQJIWtQDjApnu8XXZgBSWQTXgVSIgKz4Z8lbqDoEkJyoBwia16bLedPhcAwPD6sLBQDKDA8POw88YM8+plb+d9UJgOREPUDEuDeQAJA6/Hw54qcteN5FqQjRvC/IzX+nOgSQhKgHCN34YYShoSHO/A0gdei6PjQ05HNMFbFw2/el4GrVIYBkQz1IfuFvqAI/qM7hcAwODtIQAKQCXdcHBwcnHTXluOToWvHPqhMAyYZ6gFBM9FWZpmnOhsAsIwDJbfy6jr1/Na6olJv/m+oQQFKhHqS6AKfGBsXhcAwMDHCkMoBkNTw83N/f7/Nw5KiOFdBAfLvtEc5iBEQQ9QBjTLrtCXxDODQ01N/fz/UQACQTm83W398//niDoLCXH3m3/5PqBEDyoB4gIOM3ZhNt3sZPNLp48aJzMMHhcHBYAoDEouu689xEAwMDFy9edE4oGv/NSCCrRP8P8P8wTKLoZql8QHUIIEmYVAdALGiaFr39cveLT/Quuq7bbDb3MILnY7we7yckvQJAmAKfSznRWUcDH19lL1+B2x+VDw/ImVbVOYCEx+gB/PG5hQthAxngtlbTND9fsHkJ5nMASDkBrjTG3zXp+irwoYOJ3jGYzxGBJ6YKY7osf1R1CCAZMHoA72/9JxoEGL98/LhBID+M/9lrcMC9CfQ/YsCWEkA4Jp0zGWw3CLM2IAIWrZSyr0vjr1XnABIboweInWDHDRgoABBZEw0mBDiGEPEv/jnwIPKWPyJTMlWHABIb9SBVRGSrFv73Z14/Bzi5aPwkATaiAPwLcL0x6YrI/xzLYIcOWHdFXaZFbtuoOgSQ2JhcBB9CO5Q58JlFnhOH/Ewu8j+/iK0sgNCE8F1+OIMJAb4dIuaGv5KW/XLiNdU5gETF6AFk0q1UgAMIPp/i+UMIByUzYgAgfKGNIUz68/iFHHUQL277vuoEQAKjHsC30E7EMelgeiCTi/yffNC/wDMDSCahrRl8PsDPdxkhjCEEXjMCfx1MrmCxLPl71SGARMXkIrj4n1Dk87xDPp8SyKmKxk8lGn9OJPfPQU1zYgsKwI+gdsGDPViZoYP4cuvD8v4e6T6lOgeQeBg9SCHR2GJNuo2c9GfPJYEfl8zWF4B/ga83JhpD8HqAz5/HPz6oWUkB3osQ3fqw6gRAQmL0ABPycz2ESQcTAvw5nHEDtqYAQuZ/xtFEN4OaaOT/aKtIpYU/V6+Sq1fJ+3tU5wASDKMHGBXa8QYTLQzwkIPAxw0CzwYAngIZRhh/V7AHIYQTL8xXwISWPaQ6AZB4GD1ILcGesTSECyoHOFYQwvlM2YICiKwQznAa7HgCQweK5c6Tqu9K3bOqcwCJhNEDjDHpyTRC2C6GMHTAuAGAaPC/bgnqIITQxhOCPWERIuCWfxRzkeoQQCKhHqScyG6KQvu2zOcGOJADBwMRuQ8HIAGEuX6Y6N7xC0P4riT8VS7rtMioqladAEgkTC6Ct/EziPxPMQpzNpGfQ5ODPaupz1cAAE+TriKCGkQN9puRYMMgMq5eJQuXywf7VecAEgOjB6ko2ltH/xvLib6iC+qspowYABgv5NWF/zEEryUT3RtsNwjk4wT7FEyo6ruqEwAJg9EDhCioIYVAxg2COqupnycCQCCCvRBBUHv/gayUWHHFVN5Cuelb8sYLqnMACYDRgxQV/gBCCBvLSB1v4D85AHgKfE0S4BiC/yGF0NafiIUv/18yw6w6BJAAGD3AhCY9CCGQMYRgjzcIZNCAzSqASAlzDCF6Bxiwoou89Gny5X+U3f+kOgcQ7xg9SF2R2mIFOEowfklQBxuEEBUAPAW+bglkDCGQYYSJ1rSs05S54a/k0nLVIYB4x+gB/PF5HbQQRhXCHzdgawogqvxUhZAXhtwNWONF0S3/IL/8huoQQFxj9CClhbyVmuhyQv6XBDVuENgnAIAQBXgogs/lgSykG8SpBV+WRStVhwDiGvUg1UWwIQRYGzyX+3n3iWYZ0R8ABCLkdchED/C/fPxCn68cxgdC5NzyoOoEQFxjchECEuAso0knEfk/mWlQ5zNlQwsgIkI4k1sIywNcZbFmi4W8Ernxm/Knn6vOAcQpRg8Q1kYrhEH5kAcNAgkJAD6Ftm7x84Dw5yOF/DBEwNLvSNoU1SGAOMXoAYLgc7jA//KJBgT8jCf4efcg8wJA0II91emkd7HuikczcmXJd+TA06pzAPGI0QNIUFuvELZ/QQ0XBBgDACIlqGMS/Nwb1PJwHonIWPL3kjVHdQggHlEP4BKRhhDC0X4TPYzJRQAiws9aJaiVkv8HTHRX4CEDfCQiRtNkyd+pDgHEIyYXYdREc4SCeuSks4ZCmFbk9UQAiKrwDxUIan3Fyk2ZG+6Tt16U9hbVOYD4wugBQhTgV26TPoDBAQDKBbs6Cm2iUfgPRuTdzAAC4I16gDGC3aqFXxK8HklnABBV4axqAnk83SDBLL5TLq9QHQKIL0wugrfApxi5Hz/pTCEmFAFIXFE6LSnrt3hx89/Kx4dVhwDiCKMH8CGEb+6DGpFnZABAnIvgXCPEu/m3yPwvqw4BxBHqASYUwtYutGF6CgMAtcKcbhTa2wUfE1HzpW+rTgDEEeoB/AltAxbylo/DDwBEW6TWM+E8MYRnIbquuFEWrVAdAogXHHuASQRyaIGfJ4b2XJ+vAwDKhbNGYm0W1276thzZpzoEEBcYPUBAwtwiMg4AIKGFvx5jHRjv5pbLNXepDgHEBeoBAhX+Lj6zhgAkigiur1jjJYwvfkt1AiAuUA8QnAhu5GgLAOJHlNZIrNwSyZzFUvpV1SEA9agHCFqU9uZ9Hi9IcwAQWTFbz7D6Skhf3KA6AaAehyYjRMFePS3M94rNGwFARLDWSlQFV0vpamnapToHoBL1AKEL+aRGSBUNL//Nv7d63M5a+b11q/MUBhIRad+77b//Z6/7Zu6X1/7LynyliZBUKAYJ7wvrqQdIcUwuQriYAgQArAmTx5xrZPGdqkMAKlEPEDFsGgGkIFZ9SegL61QnAFRichEiLFJXQwOiJH/lup+tVB0CSYFWkLTmXisLl8sH+1XnANSgHiBa6AkIne1M8x8O/e+32trPDg47RETSpk/PL7rqtqov3lCQMf7h544e+rffNh3tsA2LSEZG/pULV91x89y3/83jGIPRwx4mOvZg7PKsld9bt9rS21z3+5dfa23vFxGZlnfF3fffeZOF1WZKoxKkii88QD1AymI7h6jz3JpSFTCpiyd+9+Ot77fbxiwcvnChtalxa1Nj7dVf/v79Zbke8yJb9257wmN3XwYH21satx79ID83vByO9t//pLb2k9EcFztO7XjmhZMP/N39xeG9MhINlSAVXVEpRTfLiddU5wAU4NgDxBRXNsAkjr7y6M+8u4Gn3vf/84lfNF70ePyznt3AzTHY3jkYRg7b+7VjuoH7Zd/Ye6grjNdFnGMFhVGV31SdAFCDeoC4wPYYIiKOo1v//fhFh/u2qXj1fT955rs/eXTJ4qmjj7rY8tq2Bueu/+Abrx2/6PEC0+Z/8Yebv/uzH331VkuYUS60np6go7SdavDVR5BAuAgjArKgSgqvUx0CUIDJRYhTbKeTwbh/h/53wC6+1fhm/+jNtPLbqr80W0Rk1vUPrm392+2nhl332Jpfe/vctTdlyfH3T3i+QM5ta24sSBNJm3fPhus//NHbntdccL+1dwDN9R/buGAZFff/1frSrN7m3/yPX5zyaAT2iwOaNjOQzw8gwd34DWl9R3UIINYYPQAQL44ebfO8WTx/4eiNRVct9lxdnW4/KiK9vV0Oj4UZswpzRn7Ouao4R8JS9Gf3lmaJSNbiG28acxhDb/vn4b0ygERxzVfEcpXqEECsUQ8AxInO1jG73VmFhZ43Z+WP2d3vbe8Q6R/0nFkkmdM9d+PTwlu95V42d9oEdw07JrgDQPKp+GvVCYBYox4ASFhZM8Z8rd93gYOGAURYxf0yI8zzoAEJhnoAIE5YCmd73uxtbfe82d1+xvNmVn6eyFRLfqbHssHuVvdjLpw+SlcAEBE33K86ARBT1AMA8aK4uMDz5tEjH4zeOHK82XNKT1HhYhGRKxbP9zy/wpk9Ow59ZBOxdf7hxT99FP3AAFJCxV/5ONMCkLw4cxGAmOnd83TNHp/35JY9/khV/g1lFb9tOzxy8qLhht/VXD7rwZsscubt/+8l92mLRMRUcUuF88CAxbdfV9hwuHWkOQyffnvz99+O9scAkFqmz5Ib7pM3f6k6BxAjjB4AiBuGhfeuuWLa6GrJdvR//fJvq2v+9keHmj1OeDpt0ZJ73dctzrmp+l7Pp4yYmjVm3hEAhONGDlBGCqEeAIgj00q/9uS3FudPPK6Ze8PKJx8o8zyn0LTyrz3z0JKb5k53nqoober0whuWPP6DlddmxCIwgJRgmS8Lb1MdAogRJhcBiC/Tim57/Edlh3/3xu8a2trPDjrPIpo2fXp+0VW33b6kwuJjrZVmuf6v//H6sV/utY1/GACE7s/+Uj74neoQQCxouq6rzgAAITr8i+d+9dklVxYVLi6eVzyvID/TPWRw6lc/+M0f+twPzFnz2Ddvy1IVE0BS+H9XStv7qkMA4ep/9KSIfHjy9Pi7Fsyby+gBgATnsF08c6b5zTPNbzaKSO6NK6u/ujDXMNh66I03+jweNmfetXQDAGG6fq3s/ifVIYCoox4ASGCLywvTjrS6T2rU9ae9j/xp77hHma6tupHLGgEI1/X3yu+fkv5e1TmA6OLQZAAJbFr5yr9e7P8YZNOVd6z5b6UcpwwgbAajXPcXqkMAUcfoAYCENr3iG39f/MnhPb9raf7sXG+fzTWSYDBNmz69sHTxqiXXFeewogMQIdevlTdeUB0CiC62mgASXtZlFfduqFCdAkAKyJ0nC5fLB/tV5wCiiMlFAAAAAbvuz1UnAKKLegAAABCw4mVivlJ1CCCKqAcAAADBuPYe1QmAKKIeAAAABOPaNaoTAFFEPQAAAAjG9Fwp+5rqEEC0UA8AAACCVH636gRAtFAPAAAAgnTlTTK7WHUIICqoBwAAAMEr/7rqBEBUUA8AAACCx+EHSFLUAwAAgODNMMviO1WHACKPegAAABCS0q+qTgBEHvUAAAAgJMXLZOalqkMAEUY9AAAACFXpatUJgAijHgAAAISKeoCkQz0AAAAIlWW+XF6hOgQQSdQDAACAMFzzFdUJgEiiHgAAAIThmrtUJwAiiXoAAAAQhimXcAEEJBOT6gBAgrHbHYNDw8M2u81mdzgcDoeuOhEQXwwGzWAwmEzGNJMxIz3NaOR7KKSAxXdK8yuqQwCRQT0AAtU/MNQ/MDQ8bFMdBIhrDofucNhtNvuASJ/0p6WZpk5JnzolXXUuIJpKbpdp2XKxR3UOIAL4UgeYXP/AUNeZc+f6LtINgGAND9vO9V3sOnOuf2BIdRYgmq6+Q3UCIDKoB4A/drvjbO+Fc30X7XaH6ixAArPbHef6Lp7tvcCfEpLW1atUJwAig3oATGhoyHbmbN/g0LDqIECSGBwaPnO2b2iIUTgko3lfkOxC1SGACKAeAL4NDg739J7nyGMgshwOvaf3/OAgrRvJaNFK1QmACKAeAD4MDdnOnrugOgWQtM6eu8AYApLQohWqEwARQD0AvNntjt4+ugEQXb19HIeApDO3XMxFqkMA4aIeAN76zvczpwiINodD7zvfrzoFEGklt6tOAISLegCM0T8wxLHIQGwMDg1ztlMkG+oBEh/1ABjjwsUB1RGAFMJfHJLNnGvEcpXqEEBYqAfAqP6BISZDA7FktzsYQECyWbhcdQIgLNQDYBS7KUDs8XeHZLPwNtUJgLBQDwAXu90xPMyZFoFYGx62MWqHpHJpmcy6XHUIIHTUA8CFI5IBVfjrQ7IpvlV1AiB01APAZdhmVx0BSFH89SHZFC9TnQAIHfUAcLGxgwIowl8fks0VlZJpUR0CCBH1AHBxOJj9DKjBXx+S0IIq1QmAEFEPABeulAyowl8fktCCL6tOAISIegAAABBp86vEmKY6BBAK6gEAAECkGU0ynwEEJCTqAQAAQBTMv0V1AiAU1AMAAIAomL9UdQIgFNQDAACAKMgqkEtLVYcAgkY9AAAAiI6iJaoTAEGjHgAAAETHVdQDJB7qAQAAQHRc9mcyLUd1CCA41AMgGjoPvLBt08st3otb9m3avPOAVU0mRToPvLBt0+ZtO8b9Msaw1tdM+hhvLTuCfgoAxFzRl1QnAIJDPQAQTdaPmnoK5hfJsdfrI12LSu7fuO7+kgi/KABEGPUAiYZ6ACCKmg619GTPXFFSID2nm1Jr2AQARETkSuoBEoxJdQAgZXUeeOGVgz2uG/Pv8vgi3Fpfs63FdU9R5RN3u+6wHtr5nHXu0u6Wgz0iRZVPlHyyabesuUtqd7f5eJGWfZtGlotkLl13zzKziEjTy9tqpXKN1NeecN5VsGbjCnl5m+umx9uJtOzYXH/M+WN2yT98q9Ls62NYD+187ujcCe5taToh2ZVXmku65u+ub2rpXLbE4vHM0Y85v7LE6wXXFJ+ure9zhy9t2fmc8+ZokpYdm+vF+ZFb9vn7VQCAQln5kl8i7UyFRMKgHgBKdB544ZWDsyqf+FaJuHbldx4w37PM7Npplso7n1hicT5s0wu9ozvfJ1qaXHeJtHwi0lb7esk/bFxhdu73797XVLKi1PWCfUvXrRutBNv2mTeucJ1/+0T9gco7n7jb4nyv2s3bskdv1tccyq1eYnF1g5G20PTytuc2n13jfgUP5iX3PDHRmTlaPjkmmUtLLCKW0qL62qMfWZdYXB9kzMds2bG5vkdktGD0tNRaK5/YWOK86+C2bQeLRm8+93KWR4dxm+BXAQDKzbuJeoAEwuQiQImuth7JNue6bpWseGLjyLf7h1p6skvud33Lbln2tZLsnpZ9o5uVgjFfwEvm0q+5mkPpkpJsaWtqERFpammToquXjexul5YUiPRZreNexHxlabaI++3MV5ZmS4+1S0Ssh94/JgVrRvbCS++unC9tBw51BvUhm1raJHtuqXkkg8cHGfsxS+6/q2DsUzOXLnG+dUlpkchokpLSIpHuXl/TlHz/KgBAvSu/oDoBEATqAaBESWmR9NS/sukFrwN2W5pOSHbxlaPfo5uvLM0Wq3Vkvzx75tj96Eyzrzk9pXevc3/rv2nzNo9ZRl4vYjHPEpmVNe41OpuO9knRZR7fvpeUFrmaQ6Cs9QdOyPwvjYx7lFy3NFuOtTj32Tut3V4fc2b2BJ+rwJw57lP75PtXAQDqzaMeIJEwuQiIMddebOnd6woO7XyuvuW5zS0ydtJ/T/0rm+rHPCfb1wv5M3rgQebSdfcss+7btLsv6KQn6jdtHpujKIhnW1tO94j07N62abfH0p5PmqSkVLraesY+2jy+ogBAsjBNkSsq5VR9AA8F1KMeANFgMc/ysdRq7RPJdN90z9q3Htr5XL1z0r+ISHblndVjZhAFq/PA621jDjIO7ZRBYw5TDjpD09E+71ew1tdsa2lqkdKS3ILssaGsvVbPYw8AIMnMox4gYTC5CIiKAnPm+CnybVavGTsu5iX3rHFN3cktyPaawxPCxb+62npkfsnofnlTS5vfx49nMc/ymuLfeeCFbTWBH3tg/ahpbAYZmSh17PV6q1jMs6Tn6Eejr2892+PjVQAgWVxRqToBECjqARAV5iVXz+9pec7jwsnWQztrT7iPuG3Zsdljb9s5Tb+kxHUs8ol6911NL9cfyy5ZEdyX+LkF2R6XIWvZV3tCRPraghlDKL270jO/9dDBgz1eR0X703SopUcKSr1jW0qLM50XQChdUpLd07LD9TFbduwOtsAAQEK5vEJMGapDAAFhchEQJSX3b8w98MIrHtP3CzxODFpy/0bZsXn0GIPsyjtd5+k3V1avk5ptI3dNfMGBiVmWfauybXO966gGKVizruSCYB1gAAAgAElEQVTAthartVMk8DlLzoTuww8KfJ7VdILrHrQ0nRDf4yQlc7PrW5paOpctGfMx51eWZNdzpiEASe3yCjnxmuoQwOQ0XddVZwDiwufWs6ojAKlrtnmm6ghAlB38VznwtOoQgPQ/elJEPjx5evxdC+bNZXIRAABATFx+g+oEQECoBwAAANF32Q1iTFMdApgc9QAAACD6NE0u+zPVIYDJUQ8AAABiovB61QmAyVEPAAAAYuIy6gESACc2BaKh88ALrxwcd6Gv+Xetuz/kyxCr0PTyttruEM6sGpiWfZt29y1dd8+ywF+9Zd+m3TLRKVZ9P/71mV4nXd2xuf6Y6+fMse/u+W9twhO5AkDoLr9RdQJgctQDIGqKKp+426MNtOzbtHvbDkmwhhBfSlY8Efhvz1pfs7tNsj1Pl9myY3P9sZF/L9ZDO5/btlNGGkLTy68clJJ/2FhpdvaizfuEhgAgstKmSP7V0v6+6hyAP0wuAmKlZMWaIjnWwsW/YsF6aOembS3e4zctnxyTgjUjnc28ZOnS7L6Dh1rEfeHqL7nGGUrvrpwvbU38uwIQcYXXqk4ATILRAyC2unutImbXYELbyFLPWS5jJiZ5zEfysdx6aOdz9ZnuaTBjb3YeeOGVpuI7q5dYXNOETox/zZYdm98vqMw8WN/mzjD6yOySpbMm+BTW+pptp0snmhc04UfzvCtzaWWme+mOzfVyV6XsHpn2U1T5xN3ingU0Gnh0cpHz01WWHq13/U48Li9tPbTzufq++XetK23ZVtvtEcx78MFidn9Ac2X1xkqPDzjyrwkAImtuuRzeoToE4A/1AIiZTmu3yKws8+i0+3Uj01q21W7bZx7Z6z04q/KJb5WI62E7D5jvWWaeYHnJ3Oz601bXnmxn09E+ERm52dXWI2azZaRXjEym957j1HewPnPNxnXOgtH08rbaE65HWg/tfK5eJNvXR/HamfY04UdzdQPXvr61vmZbi4i7Icix3e8vXbfufrPzfes3bc4cven6JXi/VU99fdtd654YebUdh650diHzknueWCIiMtnX/y1NJyS7Mnf8HU2HWnqyS5gGBiDyLi1XnQCYBJOLgBixHjp4sEfml5SISFNLmxRd7d7fLS0pEOmzWl379NnmkR3WkhVPbHTuFk+w3Jxllr6mlk4REetHTT2Z2dl9bVaRkYk0pSUiLe8c7Mlcum5kGr1zjtPr9daRYNmV17nuck6wucv1SPOSpUt9dgO/Jv5onQdeb5OiStc+t7ny/tHRAxER97PMJXOzRbIrl3rcHPlQXjxebVmR9Bz9yOejJmI99P4xySwtsYxduHPT5m21HhONACCScufJ1CzVIQB/GD0AouZE/abN9R63M93fqZfe7fltveteEREpKS2qr61/ZdNRr/MF+V1u7RKxiPVsT9HVa6S+tqVFSkqaWtqkqLJUxGrtE8k0ezyntKSgdvfpJmula//bPLJ/bD3bIwXLRr8yt5hniXhOzgnAxB+tq61H5n9p9NXN5kyRPvfN0fJjzjKLiHnMXrtPo08JQcu+5+r7sivv9BqUGBl5aNmxeVuN1TU1CwAiKf9qOflH1SGACVEPgKjxOnORJ88p+OvuWWbdt2m3a0e59O51BYd2Plff8tzmFs8XmXB5SUHt7k+apERa2uaXrCiVT2pf77VKp7XbY188e2ZBAHmdRcJzSYE5M9h6MOFHGz+b3zwz26MexFTLvk2727Ir/ez9l6yofP+5+nealnDyIgCRVkA9QFyjHgCx55pmM1oexs6JcU+dd87CrzmU6zWlfsxy88xsOW21dkp3ZoFZRGZm95xuapGmnsxS9854z9k27wNtx4wnuN7XnOm1pM0a7O77xB/NOSbgyXp23JUhYmLybgAA0TTnGtUJAH849gCIva62kYMQnJpa2nw+zrzknjVF0mPt8rfcfGVpdl/ToXeaZG6p+2iE10/3ZM8tdc0dyhyZ/e/xdj7HE8wzs8eczbPTGuzQgb+PlluQPea8rtagu0ckTNQNWvZt2rzzgMdvqc3aF+CoCwAEp2Cx6gSAP9QDIPZyC7I9Dg5u2Vd7QsR19G3Ljs3bag51uh7oPFa4pGTi5SJiKS3O7DnR1uM8J5KUlBZJT09fdvGVrm/rS65bmt13cNu+Jo+3833crblyWZEc2+16pPNY6sh9NMuyLxXIifodLa6PsKM+5vXAWl8z0biB87f0mzHJOToZQFTMulzSp6kOAUyIyUVA7FmWfauybXO96ygCKVizruTAthartVOk5P6NsmPzK5tGDmnOrrzz/hKZeLm4xwfc39kXmDPlhHickMey7FvrzC9vq928rVbGHCE9Xund68T9yOySpUUtB30OIEx43QM/H80iJSuekH2bdm/btNt53YOCg7FtCE2HWnpEpH701yijF0ywLPvWnfLCKyPJ/f2WACBceSXS+rbqEIBvmq7rqjMAceFz61nVEYDUNds8U3UEIIZe2cTF0aBK/6MnReTDk6fH37Vg3lwmFwEAAMRc3kLVCYAJUQ8AAABii3qAOEY9AAAAiK2516pOAEyIegAAABBzufNUJwB8ox4AAADE3Oxi1QkA36gHAAAAMUc9QLyiHgAAAMTc7AWqEwC+UQ8AAABibvZ81QkA36gHAAAAMZd7pZgyVIcAfKAeAAAAqGBhAAHxiHoAuBgMmuoIQIrirw8pynKV6gSAD9QDwMVg4M8BUIO/PqQo6gHiEmtkwMVkMqqOAKQo/vqQoszUA8Qj6gHgksYOCqAIf31IUdQDxCXqAeCSkZ6mOgKQovjrQ4rKvUKM/MePuEM9AFyMRkNamkl1CiDlpKWZjEY2RkhV5iLVCQBvrJGBUVOnpKuOAKQc/u6Q0nKvVJ0A8EY9AEZNnZLOt5hALBmNBuoBUpqZeoC4w54QMMb0aVNURwBSCH9xSHW581QnALxRD4Axpk5J5yhJIDYy0tMYOkCqox4g/lAPAG+ZM6ZyDVcg2gwGLXPGVNUpANXmlKpOAHijHgDejEZDVuZ01SmAJJeVOZ1DfQARkczZqhMAY7BqBnxITzfNvISGAETLzEump6dzHmFAxHn1AyCeUA8A3zIy0rKzZjDLCIgsg0HLzpqRkcERPsCInMtVJwDGoB4AE0pPN+XMzORIZSBSMtLTcmZmMm4AjDGLeoD4wjoa8MdoNMzMmt4/MHTh4oDd7lAdB0hURqNh+rQpnKcI8IF6gDhDPQAmN3VK+tQp6f0DQ/0DQ8PDNtVxgESSlmZy/gWpDgLEq9nFqhMAY1APgEA5d3Hsdsfg0PCwzW6z2R0Oh8Ohq84FxBeDQTMYDCaTMc1kzEhP4/REwCSyL1WdABiDegAEx2g0TJuaoToFACBZGNNlhlnOW1XnAFz4UgcAAECpnELVCYBR1AMAAAClsqkHiCPUAwAAAKWy56pOAIyiHgAAACjF6AHiCfUAAABAqaw81QmAUdQDAAAApWbkqk4AjKIeAAAAKDXDrDoBMIp6AAAAoBSjB4gn1AMAAAC1NJmWrToD4EI9AAAAUG16juoEgAv1AAAAQLVps1QnAFyoBwAAAKpNZ3IR4gX1AAAAQLVpTC5CvKAeAAAAqMahyYgb1AMAAADVps5UnQBwoR4AAACoxugB4gb1AAAAQLWpWaoTAC7UAwAAANWYXIS4QT0AAABQjdEDxA3qAQAAgGp5C1UnAFyoB0DoDm+v2VBde3iCmwAAAAnHpDoAAABA0HRdRHRdF9FFF+c/da+fRx4mIs7lusfPAbyHJtroz5o2+qP7Xs31GK+ftbFPCJBmEN0R5HOAyKMeAFFxeHvN1iMiIpJb9vgjVfkiIm27nnxpT5eISG7V2idXFriWSOFiaW3uylp1R9ae37Yuriprr2vsGn2MSEfdI083dsnoE9v3bn2sTlZVZe2paxWR3Kqqiqa6PV0iUri+Zk2F7/cCgESi66Lruuji+oezBujOZSK6rgeyfx9uCI8S4fsN/YXQNFdH0DTRNM1ZGzTXItG0cf1hyiXSfzZy6YEQMbkIiIKG2q1HZPF91VseKsvtanx+b5uIHN7+0p6uwvU11VvuK+yqe+n5hpEHd/UWfrN6S8361TNFRJo7Zj1ZU71+kXTV/fGwiEjbrp835t9XvcW1cO+uDufTeg/LF7fUrF2VK111da23V295qCxXWrdub/T3XgAQZ3RdHA7dbtdtNsfwsGNo0D44YB/otw/02wYH7IOD9qEh+/CQwzbssNkcdrvucOi6IybdIGy6LrpDd38627BjeMgxNGQfdH1Gm/MzDg3ah52fbuEKR94inVMYQTVGD4BoaX6x5vn7qp+sqRIRkcbDR0QWXVUhIuVXLX6xtb29TcpFRCT3ioq80Wfl5llEpDAvS470tneI5BWsfqRaOuoeqXYNIIzIqri2QETyZ4t0FVaUi8isfJGuCd+LAQQA6jkcunNYQHe4hgIcjkTY048O1wiJiNh1EZHbfyQiMnTB0PupdvZT7ezpkf+1GnpaxTagOi9SBfUAiILyL656tXVPlzS/WLPhRVl8X/WD+d3tInKkbkN1nesxHZ0ilvFPzc/32o9vfL66rlmyVj1UXfHu1sfqxj9jnA6f70U9ABBrrq/PdV13iENPmG/9FUuf7jAvEPMCz2XauTat+5Sh+yOt+yND90da1wntfKe6iEhy1AMgdIV5WXLE5z0Fqx+pXi3SvnfrY3W9zS/WHq65Kl+ka1HVlgfKPB7WNvl7NBxvFll83/rVedIeYKy8Wb7eCwCibkwfcOh6bI4QSAH6JQX6JQWOK77ovKkNnNO6jhu6jmvW4wbrMc16TLtgVZ0RyYNjD4DQ5ednibTu2uvcyx+d0tO+d+uG6q27OiR/5cpVuSK5OYVSVrFI5MjxwyLSULuhuibQ4wHyc3JF2tvbRBpr63oDe06o7wUAwdN13W7XRw4bsA0O2oeHHDabw8FYQdToUy5xXHqdrewvhm/958F7fzm4fs/QX/x8eOn37MW36zPnqk6HhMfoARCG8jWPt299rO6lDc5ZPLlljz9QJiL5K9ev76jZ+nTNHhGRrFUPVeWL5D+wtv3Jl7ZW12wVya1a+2B5YG+RV7V6UePWupc21ElubpZ09ba2S8VkT6oI7b0AIDDOYwac/2PKkHL69Fz7vCUyb4mIaP1ntY5mQ3uzoe09Q/t7Wl+H6nRIPBp/0wAAIBCuSuA8fRC7D3FPO9du+PQdw+m3DZ++Zfj8A9VxEC/6Hz0pIh+ePD3+rgXz5jJ6AAAAJuGuBHaHHtDVxBAf9Evy7SV32EvukKELxtY3DaffMrS+afjsXdW5EO+oBwAAwAfdodsdusOu2+10ggSXPt1edIu96BaxDxtPvWE49brx5Gta90nVsRCnqAcAAGAMu93ZChzMIEo2xjRnT7D1fmY8ecjw0WvGk4fENqg6FuIL9QAAAIjzgGO73cFwQSrQs+bYyu+V8nuNHx0yfLjf+OF+rb9HdSjEC+oBAACpzlkM7DY9la9hnJrsVy6xX7nEfvVXjEdfNR59VTv/uepEUI96AABASrPbdJvd4WDEIIU5CischRX2BbeZ3vuNsfnXquNAMeoBMAnO3gdEnKZpqiNAnKckstl0u82hOgjiguOyyqHLKo2X3Wh672VD62HVcaAM9QDwbXwroCcAYXK3AvdfEz1BIZvNYRvWWbPBi/2arzsuvdb01i9M7/xSdRaoQT0AvHluLN0/swUFwqfrursPOH9w/mVREmJM153dgEED+KbnXDF86z/rMy81vflzrrucgqgHwBiefcD5s+c/AYTJ2QQ0TXNWBXdJoCHEjK7L8LCDCUWYhMFkq9igT8lKO/Ssdr5TdRrEFPUAGOVuAp4/ePUEACFzdwOvYuBuC6oDJj9dFxvdAAGzl96j2YdNh2q0/rOqsyB2qAeAjB80cPq0vfPkJ22fd57p7btgs9lVZwQSm8lkvCRzep455/K5eXPyzQaDwV0S3OMJTDSKNrvNYaMbIBi2a/9S6/3MVP9T1UEQO9QDYJSzFTgcjo7O7rcaPhgcGl5QdNnihUXZMzPTTPyxAGEZttl6zvZ92tZ5uOGDjCMnri9dMNuc4ywJBoOBYhADzvMUqU6BxGMrXWM4/bbh07dVB0GMsMcDjJlT5HA4jhw9Wf/OkZtvLFtUPE91NCB5pJlMltxsS272tdcsOHL05N66P91QvnDRgisMBoPD4XA3BGYZRY/dznmKEAo95wp70VLqQeqgHiDVje8G731w8p67qmblZKmOBiStRcXz8iyz9hz4L9GlZMHlRqORhhADXPgMIXNcer3qCIgdg+oAQFxw1oOOzu76d46sWvYFugEQbbNyslYt+8KbjR90dJ5xOByepwFAlDgc/HoRIsel16mOgNihHiCleZ269K2GD26+sYxuAMTGrJysm28se/e9Dx0Oh7MhcCphAFCOegCI+zxFg0PDHG8AxNKi4nmDw7bP2q1e5xFGNBgMTNlCiAyfvqM6AmKHeoBU5/6q8uQnbQuKLlMdB0g5xUWXfXy6Y/wAAiLOYKQeIEQcl5xSqAdIXV7XOvi888ylBRbVoYCUc2mBpbPr7PjRA0pCxBmNGsd8IwTamVPGEwdVp0DsUA8Ace6I9PZdyJ6ZqToIkHKyZ2aeO3+BmUUxYDBoJhP1AEEzNdUyepBSqAdIde49EpvNzrXPgNhLM5lsNrvXaJ7qUEnLaDKYTGz6EQTTu/9ubPwP1SkQU6wjkNKYxgDED2YWxYCmiSnNYKQhIDDGpp2mN/5V6z+rOghiiu9KAQDq0QdiRtMkLc2gaWIbdqjOgjjmsJne+rnpzZ9r5ztVR0GsUQ8AAEgtHg2BqVzwQTtzyvTWL0zv/FJ1EKhBPQAAxAX2U2PMZDIYDLrNptttDCNglPG9X5vee9nQelh1EChDPQAAIEUZDFp6umY3aDa7w2GnnqU6wyf1pvd+Y2z+teogUIyDk4B4saG6RnUEAKnIaNLS041p6QYuq5yyDK2H0373w/Td36UbgNEDAAAgmiYmk8FoFLvd4bDrdkYSUobxo0OGD/cbP9yv9feozoJ4wegBELi2XU/WbNje6PO+9r1bNzxZ1x7AKzzfEJVwABAmZ0lIzzCmZxhNJgNXWE5iWu9npoZfpb/87fRff9vU+B90A3hi9AAIWMMf98wuXHzk+GEpqwjxJQpWP1Id4VQAEGlGo2Y0aiaHZnfoDCYkFfuw8dQbhlOvG0++pnWfVJ0GcYp6AATqcEPr4vLqCqnZtbetYmWBa2lD7YYXW0WyFi9y3m7b9eRLraVl7XWNXSK5VWtXd7y09YiIFK6vWVPhvPf26gfz6x55+kz+otbmIyIii++rfrBc4ScDAB80g2YyaGISh0N32HWHg56QsIYuGFvfNJx+y9D6puGzd1WnQbxjchEQoMbDRworyqViZZk0feCaRNRR98iLrYvvq95Ss7Lw8173Q5ub5MGa6i33FXbVvbQrb+2WmrWrclt37W0b+4Kt7Xlrt9RUr18kza9OOisJAJQxGDRTmiE9w5gxxZiWbjAaNeYdJQTtXLux5bdp+3+Q8ct70neuM9X/lG6AQDB6AASm4XjzoqseFJG8hRWy93CHrM4TaT/TlVv2YLmIFKy+vXDPq67H5pYuzBeR/JxckdUrC0Qkf/b4V8yquLZARCrKC7e+Ov5eAIg7BoNmMGhiEl0Xh0N3/k93cMmKOKL1n9U6mg3tzYa29wzt72l9HaoTIfFQD4CAHG5olSOtG6rrnDdz321bvbKgvb1XJGf8g/PzC8YvHCcrPy/iMQEgFjTNdXyC83p2Doc4e4KDqqCCdqHL8PkRreOIoeN9Q8cR7exp1YmQ2KgHQAA66nYdyVr10PrVea6bjzz9x8Mr11TkZ0mT6mwAoJSmaUajjFQF0R26Q9d1Z2HQaQtRoQ2c07qOG7qOa9bjBusxzXpMu2BVHQrJg3oATK793VNduVdUuL/sz5uVL42HG6Si/KrFL9bVNlQ9WN6269VWnyMJAJA6NE00o2YQ16EJY9qCzjSk0Gnn2rTuU4buj7TujwzdH2ldJ7TznapDIWlRD4DJHW7qdR1O4FJWsahu66t17eVVD953fMOLNRtelMVVZbmMJACAB6+2IOIcUhBd13WHOMcWHA4aw1hDFwy9n2pnP9XOnh75X6uhp1VsA6qTIVVoFHmkLH2Ew+Gw2+1bXnzlO+vXKMyzobpmSw1XRUAq+tettfevuc1oNJpMJqPRaDAYtBGqoyHqXG3B/U/H6M9Jz/nfuKaJZtA0TbRXn9A+rtd6P9P6z6qOhmTW/+hJEfnwpI9jVBbMm8voAQAAUEnTZKQHjmmDzpIgurj+oYu4K4TrCx5VkQOlaeL8bK7P6GwCrkXio/8ePyDdH6tKC7hRDwAAQNzxqA3ezcFJd7UEEVdhcP+fePwk7hahe9zQXf8/aQiPN/ZMo7nv1VyP8fpZG/uEAA30BfkEICqoB0C8YGYRAATO1y54gs9GGzinOgEgXDUZAAAgPtiHVScAhHoAAAAAYBT1AAAQFzhPEVJa5zHVCQAX6gEAAIBq/b2qEwAu1APAxWQyDttsqlMAKWfYZjOZjAwdINVRDxA3qAdIae49Ek3TLsmc3nOWk8oBsdZzti9zxrSRS0SN/kmqzgXEFpdCQ9ygHiDVufdI8sw5n7Z1qo4DpJxP2zots2Z6FgO6AVIR9QBxg3oAiHOP5PK5eUdPfKI6CJByjh7/5LJLZ2sjVMcBFLnYozoB4EI9QOry+rZyTr45Iz3tyNGTqnMBKeTI0ZPp6ab82bM0D867qApILRcZPUC8oB4g1WkjF940GAzXly547U+N3Wc4PgyIhe4zva/9qbFs0ZWGEZqvC+ECKeHiGdUJABfqASDu7yxnm3NuKF+458B/0RCAaOs+07vn93+8bvH82eYcZzFgfhFSGvUAcYN6gJTm+VWlcwBh0YIrFs2/fOfuOmYZAdFz5OjJnbvriosKF86/zOfQASUBKecC9QDxwqQ6ABAXPBtCyYLLc7Ivefe9D5taThQXXXZpgSV7ZmaaiT8WICzDNlvP2b5P2zqPHv8kPd10683XOccN3N2AoQOkNOoB4gZ7PEh1mqbpuu7cKTEYDA6Hw2g05s+etaLqxs/arR+f7vjg2Mfnzl+w2eyqkwKJzWQyZs6YZpk187prrsqfPcvgwdnM3fWAkoBUdKFbdQLAhXoA+GgIBoNBRC4tsBTk5eojRMT5TwAhcO/6O3m2AroBUt3FHtEdqkMALtQDYJS7ITjbgvufXt2AkgAExetcpZ71gCOSARGR812qEwCjqAeAuPda3GMInkMKDB0AkeI1gOB5k3EDpLTzVtUJgFHUA2CUuxI4f3AvoRsAkeJ1eiIuggaIiPR1qk4AjKIeAGN4FgPPYxKoB0BE+OwDdAOkup7TqhMAo6gHgDfPPuA110h1NCCxja8BFANARKSnVXUCYBT1APDNvdfibgXsxwCRwl8TMAajB4gn1ANgEuzHAACi6wyjB4gjBtUBAAAAUtvZT1UnAEZRDwAAANShGyDOUA8AAADU+fxD1QmAMagHAAAA6nR/rDoBMAb1AAAAQJ0z1APEF+oBAACAOoweIM5QDwAAANTpPqU6ATAG9QAAAEAdLnqAOEM9AAAAUITTFiH+UA8AAAAU6TqpOgHgjXoAAACgSNdHqhMA3qgHAAAAijB6gPhDPQAAAFDEyugB4o5JdQAggR3eXrP1iMft3LLHH6nKVxhojLZdT760R+IqEgBgrK4TqhMA3hg9AMJUuL6mektN9Zb7CqWr8fm9barzAAASx0Cf6gSAN0YPgAgp/+KqV1v3NH3QvrIgv6Pukacbu0REJLdq7ZMrC8YMNYwOMjQ+X13X7PGw9r1bH6uTVQ+tX53XtuvJl/Z0ZY3+LGWPP1Ile7c+Vtcr4qwlaypEpKF2w4utixcVNh9plUVVWx4Q12vmFi5W98sAAEzuxGuqEwA+MHoARFzbrp835t9XvaWmev0i6arbu6tDpKF26xFZfF/1lofKckcGGQ5vr2uWwvU11Y9XZTkfln/tFbnSe/jdNpHO1i4R6W1tF+fPuaULxVUeqrfUrF2V27r1ybr2kbdslqu21FRveaDs8Pa6Zsla9VD1lm/mtHep/T0AAPzqPK46AeADowdAhDT8cU+X5FYtzJeC1Y9US0fdI9WNXvvnzS/WPH9f9ZM1VR7LWrdW166vWb9lpfPmworcxj0dndLR7dz1b25oFDneLFmrrpXDP++V3LKKPBEpWH174Z4XG2sbqh4UEZHF5WUiItJ4+IjIoutX5428VIw+PAAgeFbqAeIRowdAmFq3VtdsqK7Z8GKrLKp6cmWBSOPz1TUbnj5V8VD141VZrkeVf3FVrjgbwobqmucbREQqVpbljr5C7WERkYL82SJHju9691SXFK6qypLPu3c1tIpk5ed1tnaJzJ7FccYAkCQYPUBcYvQACNPIMQBuDcebRRbft351nrSPLi1Y/Uj1apH2vVsfq+ttfrH2cPmairyqJ2uqXKcY6mrdur2x4oGyivLCrUd6Dzf1yqLrV+cf31PXuKdLZNFVFWJpz5Xmz7vbRSZpCIE8BgCgXOcx1QkAHxg9ACItPydXpL29TaSx1nUYsbTv3bqheuuuDslfuXJVrkhuTqG07XqyZsOTde1SsPqbZbkiuXkWEZHyqxZLb1eX5OZZpPwq5+HFi8vLRAoqSrOk69ThDhFp2/Vqq+SWrSn3eu+yikXiekzHB4c59gAA4ll/r+oEgA+MHgCRlle1elHj1rqXNtRJbm6WdPW2tsvqlevXd9Rsfbpmj4hI1qqHqvJFVj9S1Vpd91h1ozhPZ7SyQMS5i1/XfCSr4toCESnMleaurMJ8EZH8lesfl62POV9kgmssVDywtv3Jl/Y8XbMnt3BxrlAQACBOHfuD6gSAb5qu66ozAAAApJjXfyr7/0V1CKSi/kdPisiHJ0+Pv6246iYAAB6iSURBVGvBvLlMLgIAAFDh8w9VJwB8ox4AAADE3OdHVScAfKMeAAAAxBz1APGKegAAABBb57vEYVcdAvCNegAAABBbJ15TnQCYEPUAAAAgtjo+UJ0AmBD1AAAAILY6WlQnACZEPQAAAIitduoB4hf1AAAAIIb6OuVCt+oQwISoBwAAADHU1qw6AeAP9QAAACCGPmtSnQDwh3oAAAAQQ21HVCcA/DGpDgDEr6Fh2+Dg8NCwzW536LquOg6Q2DRNMxoN6WmmjIy09DS2Pkhhbe+rTgD4wwoa8GF42Hb+woBD16dkpF+SOc1kNGiapjoUkNh0XbfZHUNDtr7z/QZNmzF9SholASnoXIeca1cdAvCHVTPgrb9/sO/CQOaMqVOnpKvOAiQPTdPSTMY0k3H6tIz+gaGe3guZ06dMnZqhOhcQW582qk4ATIJ6AIzR3z94oX8wZ+YMk8moOguQtKZOSU8zGc+euyAiNASkltPvqk4ATIJDk4FRw8O2vgsDMy+ZTjcAos1kMs68ZHrfhYHhYZvqLEAMnW5QnQCYBPUAGHX+wkDmjKl0AyA2TCZj5oyp5y8MqA4CxFDrO6oTAJOgHgAuQ8M2h65zvAEQS1OnpDt0fYgBBKSIT94SB/+1I95RDwCXwcHhKRl0AyDWpmSkDw4Oq04BxARDB0gE1APAZWjYlp7OwfpArKWnmxg9QKpofUt1AmBy1APAxW53mIz8RQCxZjIa7HaH6hRATHzytuoEwOTYGQJcdF3n2mdA7GmaxlXJkRLaj8jFHtUhgMlRDwAAAKLv4zdVJwACQj0AAACIvo8Pq04ABIR6AAAAEH3UAyQI6gEAAECUtR+RC92qQwABoR4AAABE2ak/qU4ABIp6AAAAEGWn6lUnAALFRaCAAHTs3/xs3RmPBTm3fG/jCovCRCLSuW/zM++Vf+/7yxXnAABM6uR/qU4ABIp6AAQop+q7G5fnOX9u2P7w9v3l7psAAEzsk7dk8LzqEECgqAdACObMmXXmsw6RPOnct/mZPzjHFUb6Q+P2h391VEREitc+9UC5eC+Zs2/zM58vf+ob5SIN2x9+Se596oEykcbtD++f873vL7eMjlR4PH1/Z073mTOzqr73/eUW16vlFJeo/BUAAAJ18o+qEwBBoB4AwetoaOjOKc8Tadz+zB8sa5/aWC7S8IuHX3q1Yfk3ZPuvOqu++9TyPOnct3n7vs7yFZ95LdlYXp7zb52dIpaOzs5ZOZb2TimzdLZ35lxzh0Uatj9bJ7d876kVloZfPPzSj/fPcc4d6pby7z61PE+kY//mXx0tvvepB8o69//4maOqfxMAgMl9RD1AIqEeAAE6U/fsw3UjN4rvfWp5nkjeA0+VuZbMmZ0jn495gmXFxo0iIp+NW2KxdO9v6Fi+vOMzy/Llsr+hc0V5w3tS/tcW6WjolOLlKywiUn571f5nGxo6li93PsU5kanjszOzqh4oExHL8uXFdftj8tEBACEbPM8VD5BYqAdAgDyPPXDr3P/jZ+rcZ7IuEZHyB77budlZJJxzgXwtKS95qaFDGho759w+R6ThM7F81m0pzxNp/Gz0AOg8y+gxx7PmzHG+X3unyJxYfFwAQER89LrqBEBwqAdA6Dr3ba+Tqu89tdziPI+Qc/Qgb/nGp5a7ziz0C8tT3ygfv6S8rHh/e0Pn5xZLnkVmd3buazhaUv6AiOTNyXGPNnR0jq8ClnyLvBf7DwoACNWJN1QnAILDdQ+AiGj4rfMA5Y79mx/e3jCyNGf2HB9LRCRvjry3v0HmzBEpL7M0vNdZXFYurhGDo/v3dYpIw6t1Z2aVl3uNV5SVF3fX/bZRRDr37+fQAwCIeydeU50ACA6jB0DoLCuWF//hpWcerhMpXntv8dH9nZ15yx+4ZfMzDz/8kmsqkUVk/BKRvPJyqWu4ptzirArdUu46hsE5E+mZh//gPHPR+GsalD9wb8PDv3r44V9J8S1VOYwkAEA8+/xDOfOJ6hBAcDRd11VnAOLC59azs80zVacAUhF/fUhab/xMXn1CdQhgjP5HT4rIhydPj79rwby5TC4CAACImhOHVCcAgkY9AAAAiILB83KC0xYh8VAPAAAAouD4QdUJgFBQDwAAAKLg2B9UJwBCQT0AAACIAuoBEhP1AAAAINJO/UnOd6kOAYSCegAAABBpH9apTgCEiHoAAAAQadQDJCzqAeCiaVwlEFBA13VN01SnACKqo0WsJ1SHAEJEPQBcjEaDze5QnQJIOTa7w2hkY4TkcvSA6gRA6FgjAy7paaahIZvqFEDKGRqypaeZVKcAIuro71UnAEJHPQBcMjLSBgaHVKcAUs7A4FBGRprqFEDkdJ+ST5tUhwBCRz0AXNLTTAZN6x+gIQCx0z8wZNA0Rg+QVD74neoEQFioB8CoGdOn9J3vt9nsqoMAKcFms/ed758xfYrqIEBEfbBfdQIgLNQDYFRamilz+pSz5y7QEIBos9nsZ89dyJw+JY2hAySTM63yyduqQwBhoR4AY0ydmjF9asaZs+eZZQRET//A0Jmz56dPzZg6NUN1FiCiPnhVdQIgXHxnA3ibOjXDZDKevzBwsX9wSkZ6errJZDRwXnYgTLqu2+yOoSHbwOCQQdOys6YzboAkdIR6gITHqhnwIS3NlD1zxtCwbXBw+FzfRbvdwRXTgDBpmmY0GtLTTJkzpnIsMpJT9ylpZWYREh4raGBC6WkmdmIAAIE6sk91AiACOPYAAAAgEo7sVZ0AiADqAQAAQNg6PpDP3lMdAogA6gEAAEDY3t+jOgEQGdQDAACAsL3/W9UJgMigHgAAAITn48PSdVJ1CCAyqAcAAADhaX5FdQIgYqgHAAAA4WnerToBEDHUAwAAgDC8v0cunlUdAogY6gEAAEAY3vvfqhMAkUQ9AAAACNV5q7S8qjoEEEnUAwAAgFA17VKdAIgw6gEAAECoqAdIOtQDAACAkJx+V9qaVYcAIox6AAAAEJLG36hOAEQe9QAAACB4Drs0/i/VIYDIox4AAAAEr/E3MtinOgQQedQDAACA4DX+WnUCICqoBwAAAEHqaJGT/6U6BBAV1AMAAIAgNbysOgEQLdQDAACAYOi6vEs9QNKiHgAAAASjoVb6z6oOAUQL9QAAACAY7+5UnQCIIuoBAABAwE43yMdvqg4BRBH1AAAAIGDv/P+qEwDRRT0AAAAITH+vvPMfqkMA0UU9AAAACMw7/yG6Q3UIILqoBwAAAIF5+yXVCYCoox4AAAAE4Mg++T/t3WtMXOedx/FfpKiK6m6oYGzAChPFwqpTGwJuIyRbiSWQpRRHMo0U12mtbda1/SJSqFJvNkt31tum02VTl7WKq+wWE+JsaUzwthm3BXuDh4a4kJDEhgBOSE3t9eAyjLk0OHaSptqwL84c5gIzNg7mmcv3o7yYOZw58zsTHev5n+dyxs+aDgHccJQHAAAA1+DN500nABYD5QEAAMDV/KlPZzpMhwAWA+UBAADA1bxB1wHSxc2mAwBJ68qkznbpQo8Cg5r06cq4Pv5A09OmYwGL7qab9JnPaolDmU5lr9JtxVqxTksyTccCFs4Hk4wsQvqgPADm71Sz+o5o6ITpHEBimJ7WX67oL1c0eT50XeTfo8LNWrvFcDZgQbz2nOkEwOKhPADm45Wn1fWMLo+ZzgEkvKETGjqhl57Sum/p3kdMpwE+ndcbTScAFg/lAXBt+n+rtqc0ed50DiCpXB7TS/+mNw9p4xMquN90GuC6vN7IXSGkFcoD4BocqdIbvzAdAkhak+f1wiM626nN1aajAPP3+s9NJwAWFSsXAXG9d0F1X6U2ABbAG79Q3Vf13gXTOYD5ON2q0XdMhwAWFeUBENvFM2p4SL6TpnMAqcJ3Ug0P6eIZ0zmAa9b9X6YTAIuN8gCI4b0LatzOZANggU2eV+N2+hCQHM526WyX6RDAYqM8AGJofpTaALghJs+r+VHTIYBr8NpB0wkAAygPgLkcqWJMEXAD+U7qSJXpEEBcf+rT28dMhwAMoDwAZun/LXORgRvujV+o/7emQwCx0XWAdEV5AMzS9pTpBEB64FpDwhobUs9/mw4BmEF5AER65WmmHACLZPK8XnnadAhgLq8+azoBYAzlARCp6xnTCYB0whWHBPTnCzwKDemM8gAIc6pZl8dMhwDSyeUxnWo2HQKI9CpVK9Ia5QEQpu+I6QRA+uG6Q0K5NEqnFtIc5QFguzKpoROmQwDpZ+iErkyaDgHYuupNJwAMozwAbDwaEzCFqw8J4v2L6qQ8QLqjPABsF3pMJ4Ak6ds+uX16YCEOta5Jbp9cTQtxLNxIXH1IEJ0HNP2J6RCAYTebDgAkjMCg6QRYaF1bxV3ppMDVh0RwKaDOOtMhAPMoDwDbpM90AlzVLrlcusV6PSRXaegv3/ZpqaRLam1V+VZ91CX3Vq1rUvm66Nfvr9NSSdJZtxpoCiQGrj4kgs46TU+bDgGYx+AiwHZl3HQCxBdeG0jKl3tA6yRJ2weCLX7dqtLyeMe4xa4NJK2oDH4cxnH1wbj3/qTOA6ZDAAmB8gCwffyB6QSI64GtukX6qEsup1xOnb0k3aq7fyT9SCtulaRTTrmcGol/lEtqdcrl1keSblXOImXHVXD1wbjf/8x0AiBRUB4ASBJ5+ZL09tbg24ZWSfobp9Y5JemjLv0qbHssHw2oS1KdRi7d8MAAksXEOb120HQIIFFQHgC2z3zWdALE9T4N+tTF1QezTvyn6QRAAqE8AGxLHKYTIK73LkrSF+1VSreXS9L7PnX5ZE0qeCBsO5ILVx8M8r+tNw+ZDgEkEFYuAmyZTk2eNx0CtrU+rQ17e8qpXzXpiy7dsk7umVVuLumNf5Cks+VacWvwIx/RyZCEMp2mEyCNnXjadAIgsdB7ANiyV5lOgPjq5LamFFuG5FoTfKxBwxqN2RvdceceIDFx9cGU86+r79emQwCJhd4DwHZbsekEkCT9JM6N5Dq5Zz+pwF7w1HqOwbqwZySHPxYt6hFpDWsWLjE+Na4+mNJB1wEQjd4DwLaCNfCTVJ3elyStcMntU/k6SRppN50K88HVByMGj+sP/FsBRKM8AGxLMpV/j+kQuC4/CR90JI018TjkZJJ/j5Zkmg6BtNTxU9MJgETE4CIgTOFmDZ0wHQLXYc5BR0gShZtNJ0BaOtWs4VOmQwCJiN4DIMzaLfrcUtMhgHTyuaVau8V0CKQlug6AGCgPgEjrvmU6AZBOuOJgxCv/oYn/NR0CSFCUB0Ckex9R5u2mQwDpIfN23fuI6RBIPx9M6uVa0yGAxEV5AMyy8QnTCYD0wLUGI35Xq4+vmA4BJC7KA2CWgvt19zdMhwBS3d3fUMH9pkMg/Yy+rVcbTIcAEhrlATCXzdVyfsl0CCB1Ob+kzdWmQyAt/e4nphMAiY7yAIhhy34mIQA3RObt2rLfdAikpcHjOn3UdAgg0VEeADF8/jZta6BCABZY5u3a1qDP32Y6B9JS+z7TCYAkQHkAxLZspbYfYpQRsGCcX9L2Q1q20nQOpKVXGzTSbzoEkAQoD4C4Pn+bdr3ITGVgAdz9De16kX4DmPHhe3QdANeI8gC4Bpur9bWnGWgEXKfM2/W1p5mLDJO8/64Pp0yHAJLDzaYDAEmi4H4V3K9XnlbXM7o8ZjoNkCQ+t1TrvsWzz2DY8Cm9dtB0CCBpUB4A83HvI7r3EZ1qVt8RDZ0wnQZIYPn3qHCz1m4xnQOQvDWmEwDJhPIAmL+1W7R2i65M6myXLvQoMKhJn66M6+MPND1tOhyw6G66SZ/5rJY4lOlU9irdVqwV67Qk03QsQJJ0qpm7OcC8UB4A12tJZnDEEQAgMf31Qx3/sekQQJJhajIAAEhRx3+sS6OmQwBJhvIAAACkouEedR4wHQJIPpQHAAAgFR3/kekEQFKiPAAAACnn9Ub9sdN0CCApUR4AAIDUcmVCbU+ZDgEkK8oDAACQWl56imckA9eN8gAAAKSQd9t1ssl0CCCJUR4AAIAU8lK16QRAcqM8AAAAqeL4XgXeNR0CSG6UBwAAICVceEsv7zcdAkh6N5sOAAAAsBD+519NJwCSxhdW5MX6E70HAAAg+XXW6dyrpkMAqYDyAAAAJLnxP+oYXQfAwqA8AAAASe7oDzX9iekQQIqgPAAAAMms++d697jpEEDqoDwAAABJ68/DOvYD0yGAlEJ5AAAAktbRH+ivH5kOAaQUygMAAJCcXm/U28dMhwBSDc89ANJPX6WaPdEbN3RqY8wlkD+VtlIFXNpWekMOnuwCddrfpEfblS2pXa6Hg9uzXHpsl+FsQIKb9Onok6ZDACmI8gBIS7Q+E067XA+HirRGp/aJ/0dAPK3fZ1gRcCNQHgCI1FaqjiFJUoXctZLVcvVow4A6hoJ1RaNTg5KkDS51uLXFp0Ipol8iP3hHPHi0h7UvsiBpdEoH7S6FYe1brzVWy3hY+9ZrQpK0yt4h4hZ72GfbSqWt6nBLCmUIBnZry1Y1uxVVC0X0nMycoEJnFG9ju1wPh74o/BQCdXreas2H9QDMtPVn55w58qoKO5hHqgh14Gx0aX+TAruCpwwgyqvParDNdAggNVEeAAjTVqqONXK3B1+7Ku22skeBg3KXBrcP2m3oRmfos32Vah7Qoz5lS32V2l+qR9u1sV2aa3BRYYWaPZLVtj6qiYpQbbD0oB4rDb5uPHiVUUkdTcFvjDak5gG5fQq/Ex+e0GrHN1YEy4wxl9y7gme3r06P7Zp74yopMCzlSe0alLKGgqfQ16Q1z0X2ALTLtV6yK4TwnI1O+8jD2rdeypekwtqw8sayhtoAmNvFP6j1e6ZDACmLqclAWppwy+UM/dfYLklqV8eQttj3zjc+pyyP2oaDbwvtO/0D4fu47CMOy+vRhueCLdrCWq0aUlt7zACFFZJHfZLVtrZuovft1USFXQ/k6esuDboViHsiWVtjtqHDQ040KSAV1sptd0GoVKvm+tTG9jmG9MxsLKzQwFFJCgwpq0JqUsD6TaTCPLW5leWyewBKtaVCHXtn5WzXoFS2K3SOswXqtN+tDY/HPXMgjbV8T9PTpkMAKYveAyAtzTn3IDAk5Ye1tvO0dPYnz2gibJ/s/LDtUnbY5Obs/Lgt+9LQnfjAULD2CAwoa2vEEa5fVMghBRTcYjW+LVaFsNGljoflcofGRMXamL1GEwOa6S4IrFdA0lFpq7KlwJCWhmXOXiMNROeK+pFnn2OwNrhhM8WBZPfyfv3x96ZDAKmM3gMAhgTvxLdrsGLWuJobI1Anl1P73drik9sX1ntQKrdP7k5lDWm/U67KmBuzv6Isj/qkwJCy81RYob52BQa05isLFrLNrVUHqQ2AuZ1/Q8f3XsN+AK4f5QEA28xd9qBhjc3eaaWywvYJDIVtt3oDZv8phsIKTTSpzROanjtzb/4ajxBPVMh8ZVujmA7K7YtRjeTpMZ/cB0OjnubYmKc1+QrUBUua7DUaG1LfgArzZP2AY2GZA7O6Dmb/yNHnOKwxKXvlpzhxIKW1/IvpBEDqozwAMKNUG/LVXBl81/ZNe8ZwuDytCd/HHdpeVqGObwYbvn2VGszXxvjPOijVqiF1eOxZDVLh48ry2BMhhvW8W6tcyrab1H3DsnoABq/tbLx1oZDWcaRQ872tNHQca+axxVpBqDDGRquG6XAra42stv6EW2NbQ+ORJtz2bI12NXvmmj9Qqg35drZhPe+O/GueHvPRdQDMrfV7Gpmr6gawoJh7ACCMtdCQy1qPKGyJz6h9Ak65PLIWNh1sCk1HVqX2W58NG69fuFX7H5ZrrqMVVmhQYffy8/RYp/atlzVfd2ZhU2uab/N6dUhZLm2IP6vBtnQgeCJZLj1WKmuy9cB6udzBg29wq8MjlUZst5JH7TyzcWbNpeBoImt+88z8gVK5D8q1Xh1SnCfNBX9Ad/AH7GgK+1v4Gq8Awpw+qq4G0yGAtHDTNHP/AVy/drncoUpgvvoq1VdxAx6oHPmAAgDJ7vKYfnqfLs8x3hHAfH343bPxd2BwEYB5GdY+Z2i10zZ3vKVFr6ovbGQRAMTyGxe1AbBoGFwEYF7y9HWX9tvjZ+ZcIPVaWMt3rjrIDX4AV9F5QKePmg4BpBEGFwEAgETlO6m6r5oOAaQUBhcBAICk9et/Mp0ASDuUBwAAICEd+UeNvm06BJB2KA8AAEDiOdmkN543HQJIR5QHAAAgwYy+oyNVpkMAaYryAAAAJJgjVfrk/0yHANIU5QEAAEgkv/lnDZ8yHQJIX5QHAAAgYZx8Qd3PmQ4BpDXKAwAAkBhGBuR5wnQIIN1RHgAAgAQw/Yk8T2j6E9M5gHR3s+kAABJez+Gdjb7g69VlB7YXLdo3dzfU1CviG2e2+Fvr93inIvZ2FD1ZVZYradRbtbd3fOatJCm4/9z5RzzVh1rGrdcZmx7fUZEz559UsG13ZfGsT4f/PtEf1+ycjrKHqsuXz/enAFKf5wmN9JsOAYDyAEBc/tb6Pd6MHTW7SySrdb5z95kdNQ+WmA6m8HpAknprd3trW++0W94ZDp3rHpXdUh/pfmsqxlF6a3d7/WUPHbA+OOqt2lvTHWzBj3iqD7Vklx2oKrL3rKlVdIXg98eqOiQpt3zHgXL7Tc/hnY2qoDYAZut6RidfMB0CgBhcBCCuUW+tV5seDxUDJdsf2uTweVpHzOaaS9GDZRnjb73jD77NyM2e6j41k/Oib9xZsHqOj3U3ePtXl4Vu5+eUVW9zjns7u4OfUkHxTLu/6MGyjP6e3qgj+EanHDnLriFhb22jr2BbYlRWQEI526nW75sOASCI3gMAMflPnRt33FGSE75tecldGS1vveMvX+5rqPHIqdO+4DCesDE2wfEzo96qvedyV6v/9JTCByZZg38kOZwF8vnvCg626W6oqT8tLdAQppJiZ/2xd/zly3Ml9ZzpX71yh3yzBi70dp9WwbbI7ypeWdDo7e5RSfEyp0MtPb2yK4Tc8h0Hoo8w4g8ot/jqHQL+1jf7HUVPzh6bBKS5y+P61eOmQwAIoTwAEJNvdErZWbmRG3NzM+SdtOqA8dOyxx311jZObXp8d0WONYSms7vcuk0+1a+yAzVFGvVW7fXW9hRVFo94nu2VNZin5/DORjkkaxRTfaDoyZqyXI14qg9VtS4L3tE/7d252xuRYK5OAKn3sHfKUXZnKG3xyoLGN63xRd09voLiB9Xjjf7Q6IRfGSVRZ6hlToe6/SMqXl7xd0Xde4MBYswZuOgbV39jzc5GxZ1X0HvYO1WwrSz6qwC8+Pd674LpEABCKA8AfAqrV9pDZYoqa4K32P3+KSnD3iNjU3mRJOXYZcboO93jGSVrl0tS8fpNx3zdCs4NKLjPaj0vr7jP2XLsHb/Vzl49e2qybbx3z+6woT6ryw5ENM2LSlZ7u/1STm/36QxnudQz/xPMKauuKbPnYBza6Z01O3l0wj8zZXnUW7X3UG3unNOXz/TLuYOuAyDKsR/q3XbTIQBEoDwAEJMzJ0NvTfil8Hvefv+UHHc4JV/EvqEVfhyOjOgDhfNPjisjNydqa8Q9eIsv+pOzzExN7jm8s3EqWIdE5q/v6ZXO9DvueDBnrgPmZOWq1+eXIvJc9I0rNzeiE8CaYexvrd/TeLi7OGz+gF0/WK8rVvfWhw1GCp20f0qrv8ysAyDCyRf0+5+ZDgGkr3fPDoe//cKKPOsF5QGAmHLX3uHwhq//E7zN77jrztyo5ntPZ8u4M7iiUc/h8Fb+rINmOnTOPxrVIl/mdEj3Rd93777GoMUPPumv37P3cG7kkkq5a+9w7D1TK5/jrvXRgYOKSlZ7oxv0M3f6ew7vPJYZvjpqbm7cykeSNNc0ZetHu5bpy0Da8J3Ui0w5AEz6woq8mQphpjZg5SIAceWUVZapZe/hmWZ6d8OhlnFnjKU5p/yjkkY8x+Le98+5s8RhrynU02k/UmB5yV0Z/ce8/uC31Oys9vrjHSVabnn5JoevviFyWaGcO0scvv7T9limuZRsLys47a2aWYtp1FvV6HOUrS+xZi+M9+4JHXPEc8wXNp5Ksmqh3fbv03O4fu7vuugbj5cBSDsf/Fm//I7pEACCVUF4bUDvAYCryC3fcSD38M7d9oj/1WUHauZaU6h4/aZjh1r21rQoY9O2IkfjOf9orENa830P7fRKq4s2Oay5B8ot37FjtMaeS+DcUVMW435/7MPe52xp9Fa1LqteG9pYcldGy1tRiy9FKaqsWeapPrQzOG85IzjBOvxP9txox8zjEUIn/uABhX6fgm3Bz/pb6/eMftleqWnCLznncS5AqvvldzRxznQIAJpdG0i6aXp62lAYABjxVB/yzRpTBCCVtX5fXc+YDgGkrw+/ezb+DgwuArDIemt313usvoWezpbxDCeLfQLpo/s5agMgwdF7AGCx+Vvr93inrNfR64QCSGFnXtZzf2s6BJDurtp7QHkAAABuvPGzqntAH0yazgGku6uWB/8PPclSKtjBF8gAAAAASUVORK5CYII=
iVBORw0KGgoAAAANSUhEUgAABAoAAAIxCAIAAABLq80vAAAAAXNSR0IArs4c6QAAIABJREFUeJzs3XlgXGW5P/DnPcusmUz2pWnSZk+XdN9XoFBKy6aAKCIoKm5X71XxqoCKu17l+nNBpVfvBQURAREEhLYspVBauu9Nmq3Zl2bP7Oec9/fHpOk0y2QmmeRkJt/PXzNnzpx5Zpq+7/ucd2OccwKYXPirA4BowRjTO4QJ9uID9P6f9Q4CACaP6/6q4CdIkxUJTHdICQAgGgWWXbGZKtz4Q9J8dPCvescBAFMF0gOYEEgGACD2xGyqcPN/keKjo8/pHQcATAmC3gFATOEX6R0IAMDEirWy7tZfUOn1egcBAFMC0gOIjFirKQEAQhBTRd/tv6WSa/QOAgD0h/QAxiumakcAgPDFTsfpR/9ABev1DgIAJlVZVd2gI0gPYOxipDoEAIiQqC8VGaM7/odylukdBwBMEn9uMChDYNFdkIFOJv/PBn+oADBOkzyZOIrnLjva6bGPUtNpveMAgAkxsLDpoKygOC/b/wDpAYRnQv9g8NcIALqYoKZ8FGcInbX0fx+ljvN6xwEAkTfqvgcYXARhiGzznQ8RwYsDAIRuaHEUkRIpiku2xBy6YztZk/WOAwB0gPQAQhKRSg7JAABEkUgVVtFa4mXMoTu2k2TUOw4AmGwYXASjG+cfCf7GACBmjGe8UFSONSp7g/78cb2DAIBI8g8uGrpg0cD0A+yaDKMYT+M+InfdxnkFAIBA42yj+wulsV2Ecx59GULxVXTbr+iZL+kdBwBMHqQHEMzYWueT+S4AgLCMVNSE1XAfuEi4zf2ozBAW3kyubnrpW3rHAQCTBOkBjGgM7fWw3oJ8AACmjkElUoiN+DHkCePpf9DNqrvJ1UWvP6x3HAAwGTA1GYYXbts9xLl3mJoMAFEh3MJqDGXmWEPTyZX/Tqvv0TsIAJgM6D2AYUxEJ4D/VpkgICMFgCjjL+VGLevC7RaIvoFG2x4iZwcd+4fecQDAxEJbDQaLbG7AGBMEQRAExliUVYQAAET+ciywKAt+coyPsbztV1SwQe8gAGBiIT2Ay0SqYvPfFQulKgUAiCKhlGxhjZ+Mvgzhw49Q5ly9gwCACYT0AC4Jqz4b6WT/cSQGABDDBrpDg98lCfFqUZYhmOx0+yNkS9M7DgCYKEgPoF9EajJ0GgDANDFQ1o16uyQGpeTT7b/ROwgAmChID4Aikhv4K0h/fRnR0AAApq6BuyHjzBCiL5GYvYpuf0TvIABgQqAlB5HJDfwP0GkAANPNQLk37TKE0hvoum/rHQQARB7SAwjVsFVXYK86xhQBwDQU2Gs60kCjmM0Q1n6K1t2rdxAAEGFID6a78VRagQexbikATFuDCsDplSFseZBKb9A7CACIJKQH01qkcgMMKwKAaW5QGTieDCH6fOjXlLNM7yAAIGKQHsAoQqzkkB4AwHQ2tAycRhkCE+hDvyJ7pt5xAEBkID2YvkKppaZR9QYAEGljK0KjsoxNmEm3/UrvIAAgMpAeQHiG1lv+9Ux1CgcAYKrw74Ew6OA0yhBmr6Rbf6F3EAAQAUgPYESh1HP+I0gPAABG2gAhKtv6Y7PoFtr0Fb2DAIDxQnowTY3h3lWQI0gPAACCbIAwhpwhWpOKK/+DFt+mdxAAMC5ID2AYY56WAAAAkSoho7WYveVhmrVC7yAAYOyQHkxHY6hyBr0lWistAIDJMmqxGcsF6a2/IFua3kEAwBghPZh2xj+sCKkCAMCwwi0tY3aIUWI23YJpygDRCukBjEu0Vl0AABMj4qVitBazBevphh/oHQQAjAXSg+klsl0H0VppAQBMpCDl5PQaYrTyLlp9j95BAEDYkB5AMBhHBAAwBmFlCLFs20NUuFHvIAAgPEgP4JKwKq3pVcMBAEyYGC9OP/gwJWTpHQQAhAHpAYwoxGFFMV6xAQCELMRyMtxiM7qLWVsaffBhvYMAgDAgPZhGJqKCie5KCwAg0sZ2JyXGy9K8NXT99/UOAgBCJekdAEwVoVddA49jvD6bMJy4oike1dvt7q7va2pyNLU42lrdbV2ebrfi4cQlJllkc7o59eaC63Pts/SOFwDCwzkfdS/5UM6JKavuptYyev8JveMAgNEhPYDhoek/QTrdXVXdNWUd5850ltX21PX4+jTSGCcixhhxYoxzzoiIZEGySGa94wWAcZl2aUAQN/6IWsro/AG94wCAUSA9ABpn1wESiRCpXD3edurVml1lnRXd3m4izogJjAkkasQZUZwc51Y9iqYIjMyieUPWmhRLst5RA0AYBpKBYbOC4KnCeF6NGh/4Gf3+BnL36h0HAASDuQcwDLT4I07j/JXq13999NH3Ww71eLsFYgIJjAmcc5+mzrBk3Ji3LceW7a/8Oacc28wVGUtFJuodOACM10gl6nQsaVPy6Ob/0jsIABgF0oPpYsz1ELoOIuJMR9kLVf/s8nQLjDHmH0xEiqZYZOs9c+7898Wfr+2tP9l+2qcpjJiiKTfkbbUb7XpHDQBhC148TusJyn7zt9EVX9I7CAAIBoOLACZcr7fv1Zpd7a4OYWDUAbFEY+Li1IXXztrU0Nfw04O/uOBulwSROClcWZi6YFnGIr2jBoCIGWloUIwMGQrX1fdR02kq26V3HAAwPKQHEOqC3EOPT4sbXZFwvqf2dPtZRkScNOIJRvvi1AWbsq9IMSW9cn7nG3W7HT6HyMSBVz89/y5ZkPWOGgDGKPgMhPFfNhbc/BP63fXU06x3HAAwDKQHEMwYOsdhEJWrFV3VHZ5ORkzh6tyk4hvyritNmdfqvPDI8f8521muaArRpTr/pryt2fHYYRQgZsVUK3/MbGl080/pT3frHQcADAPpwbQwoRuiIVsITtXUyq4qlasCEz6Qd8NNBdfZjfYjrSd+e/x/Ot2djBj1z0UglWsr0pddmb2B0bRvOgBEpyD9BiFmBdMoeSi6kq6+j3b9XO84AGAwpAcQEiQDY6ZytdnZmmRMvGvOR67K2aBx7eSFM9tP/G+nu4uRQIz3r1bEeKo55brcqxNNCXqHDAARM2pzfxrlA0Nd8SVqOE5ndugdBwBcBisXTXchTjwI8e0wlFf1JhgTvrDw3g0z1xLR6fazj516otV54eIdRuKcVK5ZJest+TcuSJmnd7wAMC6hlIooOS+56ccUn6F3EABwGaQHMKIgFRjqttAZReOdcz60NH2hJIjNjpb/PfVEVe95xhjnxIlrXOOk5dhm3j3njqtnXSEK2OgAIEagnAxJXCrd+CO9gwCAy2BwEcDEMkmmWfHZRORRPD8/9OuKriqBCSqpjDGLZC1JLFqavrA0ZV5WXAY2QQOISRO0kFHsKLmarvgSvfUrveMAgH5ID2B0I008wL2x0HHOX6j6V0Vv7ezEgtz4WYX23Fxb9kxbpt0Yr3doABBhSAPCdvV9VH+EKvboHQcAEBExtPCmg9CHCYW4R7L/wcBTk8k0AVHHFM55n7fPwFWD18XdfdznJCImmZjRQkYbM8aRgFwdIOq53W7/g4H0wP9g0NPAB0OfBkktYjnraK+hR64jr0PvOABin+v+KiIqq6ob+lJxXjZ6D+AyIeaK6EMYFvf2cWcn+dzMbCejjUlGYpfm9jBNsfY0KdXvec4f4BequaeXE2MGC9lSWXKumFYsZs4TUvKZMU7XLwEA4xJ6v8HYehhiuV8ieTbd+AN69st6xwEASA+mATTfJxbXtJ4mX9kurfEkd3aS6iODhZnjhdRCadZyIbWYySYiIiYwo01MLWLmRK27UWs7pzWf0frauOMCaylTyt8UbOli5lxp/jYpazGJ2DIZIKaE1ayP5RwguEW3UO0hev8JveMAmO4wuCj2Bf8nHnY00bCPRxpZxDk3m80TEHg08Ll8p1/xHPgL72kmrl06zolEkUkGIa3YsPIuMWc5Gxg7xDXSFK54uatLbTnjO/Gicv4g4yoxgZjADFZ5/jbD2nuZbNHrOwHAmLlcrtCHFQUZUDRNxxf5S8jfbKGWs3rHARDLRh1chPQg9o0zPRh14sG0TQ+4p9fz3h99B/9KRNRfYXMigRgj7n+skaYRCfLczYY1nxQSsgOHG/VTvErjMc/u32htFcQ14pw0VUgvNG99SEjJJ6xlBBBVkB5EQM1++sNtegcBEMtGTQ/Ehx56SI/AIKbI8rQbDMOdHZ7Xf+Y7/iIxfz7AmdkuZs6XcldJ+evEGfOF+DRmsjEmck+v1lautZwVkmYJ8ZmDLySIgj1LLr6aGa1aZy15HCSImqNDrT8iJM8W4jMp5psCADFEUZSR0gCkB6FKmEmCRFV79Y4DIGYp6/+diNo7e4a+lJJox9yD6W4MfUeYl0xE3OvwvLvdd2ZH/3JDmiqk5BpW3CXNWs4sScREIs4VL/f0aJ11avVepfIdtf6Y+/WHzTf8QEiaPfSCzGQzLPuIkJDl2ftH7UIVY4LWft7z7h/Y5lQxOVeHbwgAYzV9Zw5E0BVfpPPv07ndescBME1h12SAMHHVd+ol3+lXL+YGmpBeYt72fXnOFhaXRoJEjBETmGwS4tKk7KWGNZ82bf2OVHq9dqHS9cp3uc89/GUFWcrfYFz/WRaXTJwTY1rDcd/RZ0lTJ/n7AQDob9t3STLqHQTANIX0ACA8Wmed79Sr5G/lc85MVuMVXxTSikgYfp4Ak0xi+lzT5vsNqz+hVu9XavaPeGlRlvI3GNd9jhQPESNiviPPqm3loQamacFfVVR1nL09mqYpijKGi2iapo7j01VVHc/bI4sTdyluRVNCf4tP87lVz0QGBVFpbH/SU+Q/woRLyaPrv6t3EADTFAYXAYRDU5SKt7WWs/1TAgRBKr1RzJw/6vuYaDCu/hRjglL+upy/NsgmaNLcLWLZTrVqLwkS1zTvu4+ab/75wPkut3vfvv2apnk8ng0b1lstlvb29r3vvffiP1/q7Or82EfvvPGG6wWhP+13udz19fXHT544dOhwVVWVw+GwWiylCxasWb1qwYIFSYmJww6BqG9oOHr0mMVitlqtC0pLTSZTc3PLocOH3tu3r7z8nNvtyUhPW7ho0epVK+fPm2c0Dn97j3Pe29t7rqLi6NFjh48c6e7p4ZomiiLXeHJyUrzdbrcn2GxxToeju6fn2s2bVyxfNhC2/+1tbRfKysoOHDp09Ngxj8vNRGaLs5UUFy9dsmTu3DnJycmieFk+9kbt2z3eHiJSNHVb3mazNPx0eYfP+Wr1LqMo9ynOTEvGxuy11d3nD7Yc6VMcFtFoEsxezedQnA6fQxIku9E+M25GQUJuqiVFvDhN/IKr/Uf7/3t2fM4n598ZZxh9n4o+b99D7/00xZL4hYX32kI4H2LGoFFGGHQUtmV3UNV7dPwFveMAmHaQHsS40O8zjbSE0TgvG2O4u9dX9Q5xzb8GkWBLlwo2Mjm0hZuYIK/8uNBwbLSzJOOaTzvPHyDOmSAple+pnefF5Hz/q319fb/4f/+voqLCYrG8vnNnY2Pjb3//+5dfftnlclssFrfH7W9/cM7r6utfePHFXbteN5lMMzIzc3KyNU2rrq7505/+9Pzzz19xxRWf/cxnCvLzhgZQXV3zH1/5stFg3Lhxw3e+/e1Dh4889vjjp0+fttlskiR1dnaUl5e9vWfP008/ffvtH/rE3XdbrdahF6k5f/6xxx7buWtXZuaMNWvWLF640GIxN7e07Nu377UdO30+38qVq2bPzvG4PYqicH5Zv4eiKPv273/qr0+/v39/zqxZy5ctmzt3riiK1dXVx48f/9Of/7x61ao7PvKR1atXy/KlEuxw67HdDe8ITMiKm7Fl9tUj/bwa1/5R+VKPr5dzfn3ulg3Za8/31v294kWv6uXE12SuXJBaaidbk6PlXFfVrrq3VE3Ns8++Me+61TNWyoJERE6fs8XV2uRs3jhzzaK0BcH/NTWu/atmV1lXuSiU9PkcSA8AeUJ4tn2XqvZSX5vecQBML0gPICTTNh8YROuq15rP9K9PyrmQkiemFYX+diZIUvbSUU8TUgqExBytvZqYwDVVqXx3ID2QRDEuLk5V1aSkRFmW//zEky+//Epqapoky10dHZIg+psdDqfzsccfP3HixEc+fPuKFSuSk5IFgXGilpaWv/3tmWeeeeall15qbm7+w/ZHTSbToE+3x8eLTNA0zWqNO3Hi5I9/8tOrr77qjg9/ODUtVRTE1rbWHTt3/utfr7a3tz/66HaL2Xz3XXcNupHf1dV9/4MPHj1yZOmSpd/8xtdLSkoGTrh606bcvLxHt2/vaL/w4APfzEhPV1VVkuWBrgNN0/7x4j8feeSRlpbm9es3fPHfvlBcVOxPA1RVvdDe/uSTf3l0+/bKqqrvf++7q1auHPhQs2SWBJGIWSWLOMJALyKSBclqsDgUh0aaWTQzIotkNkpGj+qVRXlp2qIrczb4uyBanW1/r3hxd/07FV1Vfy1/LsOSXpRUQERd7h6P6lE19eWqHQtS5wtDF6sNUN/buLP2TUmQXKrb6XOO+k8P0xa6GoZnTaJtD9HTX9A7DoDpBekBBIOsYBC16QT3uf17nHHOhcx5zDDMvfNxYqLM4jOovZqImCiq9Yf50g8z0UBEgiCYTSYiHh8f//rrr+/YufM73/72qlUrJVE6X1ubmGD3X8Hr8QiC+NWvfGX5smWBbfd4m+3eez/d3tHx6quv7tu37+VX/nXLBz8w6NOtVisnEkXh6NGjBw8c+Na3vrVm9Wqj0eBvrMzhJQsXLFQV9aWXX9Y07aWXXr7qyitnz760HBPnfPv27QcPHLQnJNx2261z5swJHDUUFxd38403Hj1y9I033vjmN+9/8ok/D0otjh0/8bvf/ba1tSUvL/8rX/6PosLCgUaSKIrpaWkf+9idx0+c2Lt37zfvf+Dlf75osfTvH5dpSVW4KpIQJ1uEkdtVAhMsooUTJyKz7B8ZxQRijJHIBH7xfZIgzojL2DJr04kLpy+4LrS5LhxuO5afmCsysdPTqWqqwISDbUfOXiibmzpnpM9SNHVn7Zvtrg6BmEfxOBWkBwDhK72BKt+lg3/ROw6AaQRTkwHCoLXXMLrYhBQEIWnWBH0QM9sv5maM97bRxfWONE3zer2SJNXV1f3gRz/8/ve++4Gbb8rMyEhNTVm2dEl+fn8ng9Uad9edd65YvnxQ45uIUpKT169ba7VaZVl+4cV/er3eQScoqmqQZSJWV1e3ZcuWjRvWm0zGwJXaExMTPv7xu5OTkxmj+oaGo8eOBaaR7e3tf//HP2RZLsjPW1C6IDA38EtOTiktLTUYjQcPHXz/wMHAlxwO51//+tempmbO+bXXXhuYGwxISky8etMmo9FYV1f3xJN/GfhoH1clkgQm+LgaJKsVmGCUDMRJYIJb8xGRQZBFJnJOGqcEOf6y38qcHGewEJGqaT2eHlVT/b0HRP48gv/p7NMeZfAPOKCmu+Zo23FOGhF5VHefzzFiWAAQxLbvUGK23kEATCNID2DspmHfgtbbOvCdGefMlDBRnzTQqmaM+9zc1XXxGZNkmYh1d3Vfu/na1atWDftuo9GQk5M9tGnuv0J2dnaC3S4w1tXV6XINXmg1Li6OE2malpSUdOUVVwxNMIgoPy8vPz9PVTW329XU1Kyql1Zfra6p8W8cm5yckpiYOPS9oiikpKSYTCZBEN98663Av6KysrNHjh4lIqPRtO2664YdXCGKYkFBfmpKiizLzz//vMPR3+aWBQMx4kRG0RhkUAZjTCPOmKByLcWYSEQGURaZSMQFdin189O4pnHOiURBtBls/tnJ7e4OTsSJGAkVPVVH2o77+yIG8aiedxv3N/Q1ETHOyKV6uj09Gg+2uhTEDOwPE2GymbZ+R+8gAKYRpAcA4dB8dKktyLmrY4I+h7t7LrVVNYV7+8elMMZEUeScM0G4/fYPDZsAjMoWZzMYDcSIc66ogxfotJj9sxF4Tk52enrasFeQZXnhgoWapmoadzgcgelBW9uFi3EKTBi+nW4wGARBEATW1taqXWw5qap69mxZc1MT57ywsDA7e+ZI8ScnJyclJwuC0NzS0tTc7D8YJ1s0rnHiRkEe3My/nMRkTpwTt0oWIlK5yokYMZGJXn7Zr1HX29Dr7SPicXJcafJcURA55w19jSIT/UmIqqk7z7/R7R5m48nanvo9je8ZRaNFMnPOFU3p9fYhPQAYozmbaeVdegcBMF0gPYAw4B4YyeaBpifnpF2opOHuHI8X17jj8sSDD7S/mSAInGs2m21m1ogN6OD6+vr8Y4oYY0Nn8bpcLv8HpaWlx8XZhr0CYyw9I93/56Bqmhbwh5GcnNQ/sZLYSHMAXC6XqihEzGQ0DXQR+Hy+6poan8+nadrcuXMkacSZUVaLxb9ckqIoXV39/SoGQeLEOSeRjTKlShZE/9+yQZCJSOUaMX7xe136NTpcHbvq3ur0dPk03425W4qTC4nIq3rr+hriZOtV2RutspURK++qOH7h1NC7xa9U72h1XdiQtaY4sZBzzjl3+lwq0gOAMdv6HZqw8ZwAEAhTk6cvtPXHQLClX2qnM6Y2n+U+D5MHL/4zTtzbxzvraGC4vyAxU/zFDyX/PWybLd5oCntL0Z6e3sNHjzz66PbGxibiJApC4Nqgfg6nc6DJzkduznZ3dRkNBk4kiWJgGpCdnWMwGBTF193d3dfXZ7MNTjBUVW1tbXV73IriK5kzRwhIDxoaGogxSRR3v7X7s41NPp8SFxdnNpuMJpOqKi6X2+FwuFxO0vjZ8nLiXFVVr9fX/8sQ83+jEx2nf3n4d2bRpHBfr88pikarYPRwn1fzyEyKl+Oqe84zYsTI/wtz4pyIGHHSVFVRuepWPGUd5544+3R5V4VVtn6+9FNX5Wzw/yYuxdXp7bIb4pelL/Sorh21b/b5HHub9i9MnWc32ge+Y033+V31b820zrgye/0btW9z0jgxl+rSOPbAjnFYcWgCiTJd9y168lN6xwEQ+5AewHhNqzRDSJ7NiQZm6WodtVprmZi1MLKfojad4q6e/m2YOSfZNJAekL8hy2nIOPnBOOcOh6Ot7cL5utq62rqWlpam5uaamhpJEu32BLvd3t3dTYxUdXAC4G/cMMY0VVWD7sTs/4eXDXLgGKeM9LStW6976qmnqqqry8rKMzIyBrWWWtvajp84rihqSnLKVVdeMXBcUdT2jg7GGOfcbLH09vWZTCav4iM3dzgcgiAQYwZZlkSb1+dbuHAh1zRRElOSkwN/GWIkkeDS3D6uCEy0ynECMQ/3aqRJTOTEe3y9xBld/uP5n7gU9x9OPva38ue6PN1dnu4Ce94n535sRcayLFvmwJldnh5FU0yi0SxZbsrb9nbDXp+mHGk9frbj3MrMZf5z3Ir7j6eeEElclLogN35WsjmJE3HO+7yOsPZaBoDB5mymFXfS+0/oHQdAjEN6ABAGMb1EkM1c7V+shve2KBV7hLSiUHdGC4Wm+I7/I/A5s6Uxg2XgOeecEfGgaZmiKEePHXv11Vf3v/++y+VetHBBQUHhTTfcMDt3tt1uP3++9hvf/GZ3dzdjgqYFu58dJAMRBIFzLgiCpqqBsQiC8G9f+MK5c+cOHz7y3PN/LygsmJmVNfCq2+1+4cUXDx48aLPZvvrVrwS+pGmaz+slIq/X84XPfW7Tpqv8Ey38HzSw3ZvGOdc0TdOISJKkQbMvNE2bm1T8hcX3yoLs/waMaGDqMCfSuPqDfT871n4y8F2cE+cki3JOfE51d3WPt1dgbE5y8XW515iky7qG2pztmqaZJJNZMs20ZW3JufqF6lc8muelqlcXpZYaJSMn/n7zodMdZ1PMyVfOXG+UjOmWVH/nRqeny6v6gvzaADC6LQ9S+ZvU1aB3HACxDOkBQBgEexZLzedNp/p3RtNU39kdYt4aKXtJpD5CbTunVL5LF6cEcE2TshaQ0P9flfvH1zPivH9QzLAOHjz4ve//oLqmZuXKlZ+59965c0psNttAS9rtdiuKwjmXZVmWDYPfHFp3UGJiktfrMZnMsmwY1D+QmpLy7W9963/+8Me977774Le+dduttxUWFjJGF9rbn3vu72+99WZOds7dd9994w3XB75RFAWL1eLvuHB7vEP3a+s/bZS4OBFjxAJ3K7u8o4UzJgyaMOLvipEF+arsjQ0J+c9XvqRyZU/D3tnx2RtnrpOES+VkVU8NMTKLJrNkYoxtzd28v+VQq6v1RMeZt+v3XjP7yg5X587aN72ad2PW2vyEXCJKNCYyImLU5el2q55QflsAGJHBQlseoL9+Xu84AGIZ0gOAMDCjTcpf6206dfE54z3N3nd+J972ayZFYAYC9zk9727nXB2YI8uIxNmrAu7jc00bZXCzw+H8xgMPNjU2FhUWPvjA/fl5eYPOF0XBfydeksShcw+sVivXNCYIGufayKmCKAqaxhmR0WgYuoBScVHRZz/zmebm5lOnTzf+8pfEmL+rYfbs2V//z6+vXrUqIyN90ORjg8GQPXPmwYOHiFh9fX0oP1cglWv++QTqaOP7/csHMSKVKxeTh/65ybIg3pS/tbqndn/TgW7e89y5f+bGz85L6N/0jXN+vqeWEbPIFpNoIqIUS8qm7I1Plj0jMPrf00+szFx6qPVoeVdlgjHhhrzr/NO+rbKVkUBEDsXhQXoAMH7zr6fFb9CRZ/WOAyBmIT0ACIcoSzMXK/EZWk9L/9RhQVTqjrpf/Lppy3eYJTHoeJzRqD7fyZe0uiOX1s/RVCG9SEjJDzyLc80//2Ck4UVv73mnvq5OluWNGzfOzMoamkswYlzTiEggNvRV/217TdNkSZLEEYuI7p5eSZKIMUEQhl6ksrLqgQceyM7JefjnP09OSlQUxb/bmtE44nRqg8FQUFgoigJjbO97ez/32c8YDPJIJw/lVj3+CccKV4N3f/i4IjDGObl9biIyCgaBM7o4I8EiW/590We+3HO+zdnW6Gz6v9NPfmP5l62yhYgUTWlxtggkmESTQZT9myvewrRqAAAgAElEQVQvTlvwVv2eZleLU3E+eeaZJmeLw+f80sJ7E0z9M5VthjhBEIiTy+d2+lyhfyMAGNG199PZXXRxQxgAiCwsbAoQHiGtWJy9igLHroiSUrHXvfMnats5CjqUPwiueHxnXvUeeJIrAfuUMWZY9QkmXhr/w4m4xinocqqnTp30D9m3WCzDbozgdrs1romiqKjq0F2TXS63/2a/LMuSNOJYHoejTxCYIAher1e7fAazoig//dl/na89f+P112ekp8mybDabbXFxQXID/0SCBaULZmTOEAThzJnTJ06eDHKyX2CC1Ke4BMYEYm7VM+w+Zf1vIa75NzpgQpevz7/vgUoaJ/JpikkwEpHVYL1/+VdTLSmM2LELJx4/9ZRbcRORU3F1erqZwEySaWBB2Gxb1tK0RQITJSburHvjRPup2bbs5RlLBz7RKBllJhNxn+ZzYONkgIiIS6Et9+sdBEDMQnoAEB5msMrzt7G45MvG6IuSUvmuZ9d/KRVvkhL2ABLuaPce+LPnnUd5T8ul/gdNFXOWSrNXX34qV1S1f2ryCG1gJgj+13t6egI3LOu/qqa1trU5nS7/aB82JH/o7eslIoExl8vl9Y04lZZr3H/x/ukQAdraLrz33j5RlJTLZy2Pak5J8bp16xhjqqo+9dRT3d3dQU5ub28vKy8feCozQdFU/7ztIDjnpHHOOXHyaV4icqtelav+ngen0n93Pyd+5m2FH7DIFpGJr9XueqV6h6IpHe5Ot+oWSLDKZuFiD49JMq3KXJ5otHMiIiYw4dpZm+zGSytNGQTZLJk4kca19gnbRw+i1LRa+S3Cln6YSq7ROwiA2IT0ACBsYsZcw8q7uXL5fXeuqY0n3bt+7t75Y7W1jEJbwpL7XL6Kt1wvfMO7/3He1z6w1wFxziwJ8tIPM6N10FsYcU6kqOrQpr/f8mXL/HMG9u59r719cHu0/Ny5p59+ure3l3OuKMqwO5cpisKJvF6vNsJHEFFXd7d/BwaDwSCKl3UyyLLMGOvt6fnLX/6ya9cbp8+cra+vr62tq6ur7+jo7OjocDid2nBLpsbFxd31sY8VFhYoivrW7t3/9/jjvb29w/xonFdWVX3tP79eXV0zcLDD3SUIAjHyqN4gs6s1zvsUp8AYv7igEeda/2bGnHu0/n9TgQmrZ6xYN2O1wJjIhBer/vVuw752V4eiqYwxi2QJ/N0KEwvmJ89VucqJ59hmlqbOC5wYbRBluyHe39/T6GgeKTAACNu139Q7AoDYhLkHAOETJMOiW7S2Cu/hZ5kUOD6ecVe37+TL3jM7pPy1hkW3ihlzmXH4jYe5q1OpO+Q7+JTScIIJjEi4fNoCl+ZdJ81aOXiFfsZEUeSc+7xeVR0+A1m9auWiBQtPnDxRfq78e9///k9+/KOkpCQi8vmUY8ePPfDgt2666SaH01FVVdV2oa2+oaEg/7K5DX0OR/8+AG63b4TeA865z+dTNY1zbegKSklJiWvXrn3j9dff27dvzzvv+EcoMSYI/okFjCUmJpbOn3/rLbesXLli0Iij3NzZv/3NI3fedVdtbe3vf//7svJz/3nfV7NnzhyYx9zV1fWv11779a9/w7m2atXKgTe6VJd/1SKX6tJG3s1N01Sf5uXERSZ0eLuIyKf5VE1lRCppXvVSyhcnW28puOFMx9n63sZub88/Kl/Os+dyrgpMNEumwNWQDKJ8a/5NO2vfEplYmjwvy5oZ+ImSICWak8731hFRm+vCSIEBQNhSC2jzN2jHT/SOAyDWID0AGBtm3PBv3NGuVO2lQY1RQWKcq+Vvu869TXEp0ox5gn0ms6YQIyKBuKr1tWntVWrTKXL1EjEmDBnfzzWp8ArD8ruYNHiwvqKqTqfLarUKgjDsDXj/zfuHHvrO93/ww/Ly8t1v7952w42rVq0ym0xV1dW9vT3f/PrX169fJzD2pz//uaOj8777vrZp06aPfvSOpMRE/9vdLrfBaDAaTV6vd2BP4kFUTevr67PF2URJ9Hl9mqqKAYOUBEF46DvfjrfZXn/jDbfbLUmSLMuiIHAiRVF8Pl9zc3NTU9Nrr722YsWK+7761dLS+YFzJDIzM5575m+/3/4/r+/atfedd67f/dacOXNzc3ONRmNXV9fxY8ckWd66des9H/94YkLCpX8PLqZb0wQmWCVLkPTAxxWjaMq0Zqpcsctx/h6ERFOCzWATGPNpl33fNEvqR4s/tP3k40ZR9mre8q5zGdYM/0cMuuwMW+b1szdX9tSszlwui4NnVGdY0jKsaYwxlavYVXdawT/3hNvweTrzGtUd0TsOgJjCMPAxtgX59x30UuDTgceDHgz7lHNusQxuLU0TWleDZ89vlYrdI89I5uRvxDNGjBH37yrAiTEiRkPbDZwTcSl/rfHKrwgJM4dezul07tz1utfrdbvd27ZuTUpKHP5TOa+rq9+xc8eZM2dbWluMBmNqauqcOXOv27I5LS2NiDwez5533q2qrDSajCUlJYsWLTIa+idAV1VVvb1nj80WLwjC+vXrLtuW+CJVVXfs3NXX18c5z8vLXbxo0aDxRVVVVc88+9zhI0dmz5qVnZ2dlJxktVhVVent7W1paS0vLz967JjL5dI0bfmyZd/77ndnz5416CN8Pl9ZWfl7+/ZVV1d3dHT09vZarJbkpOSioqI1q1fn5eUaDJft2HC+p44R07gmMiHTlimx4SdVe1VfXW+DJIicc4tkTrOm9nh7u93dClcFJtgN8QMrDvlpmlbeVWkSDQITjaJB4aqqqUmmhDhD3KArO7yODk9XpjU9cJ8Ev1Znm9Pn0ojLgjQzbgbaizHM6XQO7DvuPxL4dNDBQY8H/WEE+TvBn9BlqvbS/35Y7yAAoonr/ioiKquqG/pScV420oPYh/RggnGtq9576CnfkeeIKHA5ozFdjJMgygtuMKy6R4hLG/kszlj//9zgrQRFUfr6HJ1dnUaDwW63m83moXsMMzZ4bdOBKwe/8Rm4k/Gg0w4ePvzTn/7UarHee++9pfPn+RdQGjjZ5/O1tV149bVXf/mrX2uaKknyA/ff/8EP3DwowfBTVdXtdjscTofTYTaZbDbb0G8BMHUgPdDHS9+mfY/pHQRA1Bg1PcDgIoDxYEJCtnHDF8WsRZ43/5/W18aG3DkOFdfIbDeu+oQ8//qRpiv0f+Tl7YwgJElKSLAnJNhHOmHYdvZIjZUQT6uvb/jafV/zeD2PPPLIwgULhCEtHoPBkJU142N33llTXfP0M89omlZdU+3zKcOmB6IoWq1Wq9VKlDra1wWA6eqar9OpV6i3Ve84AGIEbsIBjBeTzXLJZstH/yAvvOniQkNB1t0fjiBLMxdYPviwYcntwXODKU5RlEe3b29saly8aMmC+fOHXRbJz2Aw3Hbbbf6fQ1XVoBs5AAAEZbTSNf+pdxAAsQO9BwCRIcTPMF11n1pyrXLmNbX5LO9p5t4+4rx/6SHGyL+wDvn35iIiTqLMbGliSr409zopdxWTo36MVmdnV3VNjabxoqLCYXsDAqWmpRqMBk3TUlJSRjpZ07T+/Rkujk3qH+HG2EDuEThF2z9WStO0gY6RwMd+nHP/qKrA48N+kP+EgccDnz5oRJb/gv6+jpFCGjgz8LIDg7iGveyg84cOBhv6dNhv7b/6oFRtxB/28p9x4PpDfwQ//5GBTqSh4xIHThv23xcgYpZ8iE6+TOVv6h0HQCxAegAQMUwySTnLpRkL1c4araVcbTvHu+q1nibe1859LuIaMcZEmZntzJYh2DOFxFnCjHliSiEzxw9awDRKudwut9sdwolERA6nU1XVpKSkwvyCgXVLB2ia1traeq6iwuv1JSTYCwsK4uPjOzo6Tp85q2kaE1h6alpBQb7D4ThbVuZyu7mmcaKZM7JycrIPHT6Sk5M9MyvL4XSePn16TklJXFz/TGK3233y5Kmu7m6LxTJ/3tz4+HhN01paWioqK71en90eX1RYGB8ff+FCe0NjQ1FhocViaW9vr6uvnz9vXs358y0traqmCoKQlJhYUFBgNBi8Xm91dXVDYxMxKswvyMqa0d3dffrMWUVR/C3pGTMyi4uK/J9eVVXd2dW5dMkSxlhNTU1vb9/cuXOqqqqbW1o0TRUEMTMjfdasWf5Z15qm1dbV1Tc0FOTlZWRkdHR2VlRUmkzGBaWl/jHuJ06eSkpKKizIJyKXy3Xw0OGS4qLU1FS3y3342NHFCxeazWbO+blz5zq7uhcvWui/LOe8ubm5sqra7XEn2O1FhUXx8bbztbV19fWq0j/DvnT+PEEQTp85OyMzIycnh4gOHT5sMBiLCgvq6urbLlxQFIWINK6tXrmyt6+vsbGxuLjYbDK1t7e3d3QkJSWdOn1aYEwURUVRRVFct3ZN5P7KAEZw9deQHgBEBNIDgEiTDGJqkZhSIClu8ji5z8Fd3dzrICaS4mUGMzPFk9HGDBYmm2nIIphRLc5qtVgsoihWVVcPvW0/yMGDh3w+37x58+bOmzt0nkNra9vrb7yZkJCQmpJSUVHR2ta2Yd269vb2o8eOzZ871+v2vrXnbcaY2WI+duLErOyceJuNcy5JotfrPXrsWM35mg/ceJPT4Tx67Hh21kx/esA537Pnne6entmzZ1VUVlVUVt7x4dtbWlvf2r073hafmppSXVPT3tGxcf36js6OU6dPZ8+cabFYOto7Tp06XVxYeO5cxYULF2bNnuVyug5WVfu8vgULSsvKy48dPzE7J8fhcu56442rrrxCVdUDhw4unF9qNps5cTkg86muqa6uOb940SJBEGrO1zY3NxcVFVZWVTqdroyMdJfL/e57+xRFLSkp9vcq1NbWHTpyxOVypaennz9/fv+B91OSU/zpQW1t3fsHDtjibbNn5ciy7Ha5Dhw82N7RvmXzZrfbfejw4ZKiIrPZ7Ha79+7b39vbm5aWmjt7NhG1d3S8umNnelpqYmLiseMnauvqt2659nxt7blzFfPmlDAm+LsCOjo6Dxw8WFiQn56e7vF49+1/PyUleWZWVtm58tbWtjklxYIgcq4RUfuFC3vefddoNM4pKeno7KysrIy32UwGQ0dnV119fV5urj0+fsg/PsAEmDGfNnye3v6t3nEARD2kBwATgwlMtpBsYZRCw68+GoMSEhIKCwsPHDhw9OjRuvr6WTk5I53Z53D8/ne/s9vtt95yS1rq4GnHmqaVlZclJCZcfdVVRqOxsLDwpVdeaWxqEgTBIBvWrF5lNJmefe7vZ8vKFi1aaDQYFy9alJqa4n9vb2+vpmktLa3HThwvLCjUVHWgY4ZzXlVTU1CQv6C0dE5xcVNzi6IolZVVSYlJV2+6Spblgvz8f722o6WlRZZlVb04QIiRqmmcyKf4cmfPWr9+vaqqO3btamxsmjOn5PiJkwtLS0tL5xPR6dNnzCZTX5+Da3zNmtWDdnwbmHniH4PE+gfqEOdUXFQ4b948xae8+dZbHZ0dmqb1j1PiPCE+/ty5ivVr1/b09Eqi5B+2pChKZXV1QX5+VU1NfX19bm4uJ/KnE5WVlVlZWaqq+Tduq6uv55xnz5xZVlaek50tCMKbb76Vmppy7ebNoijOnzevoaGBMaapanJS0urVqwdCbWu7IAhCZ0en0+lsaGgU+kcZcVXV4u32tWvWDPykqqb5fL7de/YUFRYyIkVR4uPjV61a1dDQ2NnVtWTxouTh1sYFP6xBFGFX30fHX6Suer3jAIhuSA8AIGIEQfj0pz55/PixU6dO//o3j/z7F784Y0bmoHkFXp+v9nztr3/zmz6H4557PrHpqiuHXodz3tPTm5SUKMsyERkMcpzV2tfba7PZvD7v6dNnvIqvo6tz1YoVjDG3271z1y5BFEVRXFA6P2vGDM556fx5dfUNyUlJnC4bKL91y7U7X3+j9nxtZmbmvHlzVVXt7OzMyEj3d3TExcXZbHE9Pb3x9vjAeeSMEWNMkqTK6hpV1RwuZ1dX95qVKz1er9PptNv7747PnTuHiPr6qjnnf3/+H4IoENHaNWtmZmX5TxCZ4HA4nn3u70TU0dlpt8f7R+yfOnOmsanZ6/M5+vqKS4ovTSHgWnp6Ws352sbGRq/Xm5mR0dvXR0Tt7e3d3d2br95kNBhOnz2bnZ1NnDPG5pQUV1RW2Ww2f5PT5/OVlZfPmztnVk7Oztdf7+zsjI+Pb2puXrVypSAIjU1NTqfTYrEoiiJKUlNz89+eeVbTNLvdvnHDekFgVqtFNhraOzoqKyuzs7O9Xi8nEkWxsbHx6Wee4ZxMRsP127YxouysmW63+929e1NTUgd281BVhS6fqAAw4QSJrr6Pnv0PveMAiG5IDwAgkjLS0x/+2c9++etfHzhw4KHvfveqq66cO3duXFycIAiKoly40H7kyOH97x/QNO3BBx/YumXL8JOSGRNFQVFUf+NS41xRFUEU/csc1TU2mIymFcuWzZ0zp6mpWZKk4qIiuz2eCUJyUhJxrnFeWFBYXVN95Ngxn+/SRsiKohgMhhu2bW1ta6urq//Hi//88K23GgwG/0h6/8VVRRUlURREIvJvBa2qmr+Fyzk3mUwGo7Gm9nxebu7M7JlOp1MQBFXtH7Lf3t5hNpv8nRULFpQajUbiPHBrZ424wWCYN3cuMTp9+kx/bJzMZrPBaKioqly6aPHMrKxLs405j4uz5eflHTp8xGq12u3x3b29mqY1NjU5HI6yc+dcbndrW1tnZ6coipzzBfNLDx89evjIEU5EjDo7O9vb2w2y7PMpvb19DY2NdrvdYDB4vV7OeVNTc319Q3NL89VXXUmc22xxS5YsJs4NBoPBYNA4NxqNqamp5eXlFzraly9ddq6igoi4psXFWZcuXuzvBmGMaZzs8fErVyx/4Z8vzczKGjqNZDpD54AOFn2Qjr+ASQgA44FyHAAiLCcn51sPPnjkyNGjR4/u2fPOjp27VEVhgsAYM5mMmZmZN914w5IlS2bPmjXS5ASBsYz09DNny5qamlJSUqqrq50uV1JSksvpMplM69assdlskiT5B+gLjKWkpKSnp3HORVH0uN2MSBCEkuLi2ro6n08ZuKymaTt3vV5QkL9owUKzyXzi1ElOPC0t9fTpM7NnzUpMTKyorOxz9CUnJsqy7Ha72tvbTSZTfUODwAR/GpCakrxyxXKr1XL02PGCvLyU1NTUlOSa87UpKSlOp/Ott99evGiRJEpElJGWbrVaeMByRv4AJFEsLi4SBKGpqbmpqcl/dz0nO3v+vHlmk/lcRcWsWTkZGRn+8xkxURQKC/Kff/GfCxeUGgxGTVO9Xm9DQ0NaaqokSslJSV3d3XX1DbNn5RCRyWQsLi56/Y03NVVljDU0NhpkQ3x8vCCImRkZdbV1RYWFC+bPr6qpLsjPKyzINxjkpqYmjXNN04xGY1bmDP+mGhc/WspIT99zrsJkMiYk2BVFIU4a12RZnjFjxsCaRUSkampqauqqlSt273mnqKBggv++AEaz6atIDwDGA+kBAERegt1+xcYNa9esdrncLpfT4/EyRoIomk0ms8ViNBiCL3vKGCsuLm7v6Hhtx06j0ehyuxcvWpSZkVFTU2M0GIwGo3/QERGJkkhEb7z1pv8+7exZsxaUlppMJkFgaWlpc4pLDjoPD9zBlWV56ZIlb7/zzrmKSpfbtWD+/KSkJLPZ3NZ24ZVXXzWZzF6vZ+niJSkpKZwoLy/vzd1vG43Gnt7eLddcLcuyLMmSJIuiWFRY2NDQ+P7BQzdev23p0qW79+x5/h//cHs8M2ZkzczKam1rMxgM/3z5ZWJM07SC/LwN69cPBGA0mfyPJUkyGgyMMYMsi4IoimLp/PktLS3nKiqSk5P9X1CSJWIsIyPDHm/LSE93OV1Wi6Wnp8fpdq9fsyYtLY1zbjAYLlxoy56ZZTQaibFZOTmFhQUnT55SFaW1tW3OnJLS+fMZY01NTXveebe7u3vZsqWdXV0v/+tfBtnQ63Dk5+bOyMxsa2vr6Oz823PP+Vdb2rB+vclsMshyclKSNc6aO2uWyWSSZVkQmMlkam1pfea5v/uXc71m0yZZliRZZowtWriwrrZOkkT/Dy4wQTYYcPscdJC1gNZ8kvb+Ue84AKIVw8DQ2Bbk33fQS4FPhy5e7n8w7FPOucUS9Qv2AwCMn9PpDNzXfNDm4kP3Gg9MnwalUkEyKyRdo3P30n+vJ2eH3nEATEWu+6uIqKyqbuhLxXnZ2DUZAAAAYo7JRpu+rHcQANEK6QEAAADEnJV308xFegcBEJWQHgAAAEAsugodCABjgfQAAAAAYlHRlTT/er2DAIg+SA9gvDBJDgDAD+XhlHMVtkgDCBvSg+lrDNUYaj4AAIgmaUW09l69gwCIMkgPAAAAIHZd+SUy2/UOAiCaID0AAACYQOh31Zkpnq74kt5BAEQTpAcQTPBaDXUeAMBQKBunnLWfptRCvYMAiBpIDwAAACDWXfFvekcAEDWQHsAwht76ws0wAACIYgs/QLmr9A4CIDogPYCxQLYAABCWgWIT5aduNqIDASAkSA+g33hqLM55RGMBAIg+g0rCsArVQScjhZgQBRto7ha9gwCIAkgPYtzk1DFIDwAAwi0JkQPoYOMX9I4AIAogPYAI0DRN7xAAAHSGkjAKZC2kpbfrHQTAVIf0AMIzbA84KkUAgMkpCdHnMF4bPq93BABTHdIDiABVVfUOAQBAZ/6SELMIprrkXFp9j95BAExpSA+mtfHUW4PeqyhKJCICAIhKKAOjyYbPkyDqHQTA1IX0AEYR4mJ86EAAgOlsUBk4UoGJzoQpwZZG6z+ndxAAUxfSAxheuHWYpmk+n2/CwgEAmLp8Pl/wiQfICqac9Z8lg1XvIACmKKQHcEmIFdhII2tHrSABAGJP4M2RiKQByCUmgyme1n9W7yAApiikB7Fv0moaxpjX68UeCAAwfXDOvV7vSK8GKX4DX0I+oI91nyFLot5BAExFSA9g7IZWaZqmeTweZAgAMB1wzj0ej6Zpk7ZaERKJSJJNtO5evYMAmIqQHsDoRp2dHHjcnyFglBEAxLahZd2oJSQa91PO2nvJmqx3EABTDtIDGFGI3eJDj2ua5nK5MFMZAGKVz+dzuVz+3ACLFEUxUUYHAsBQSA+mu3H2iY90V8w/D8HlcmEtcACIJYqiuFwur9c7nqxgDDdfYKKs/TTFpegdBMDUgvQAQhJ65/jQgUYOh8PtdvvXNcK0BACILpxz/9pEbrfb6XSONKBozNkC8gGdCRKt+ZTeQQBMLZLeAUC0Yoz52/oDD0Y6wX+/baAbIfDkQW8cKXlAUgEAERFiI36kZYVCTwaGnoA0YOpa+2l6Zzs5O/SOA2CqQO8BBBNWfTa0Xhy2pgyynF+QGneQcL4EAExfoxYdQ4+HnhtgznGMEGVa+0m9gwCYQtB7MC2MdIN/2FdH7Q0I68Gwlx30OLB/YKCWDd5jgMoYAMZp1Bv84eYGIaYN2PFgKlr9Kdrze3L36h0HwJSA3gOYWKH3Gwx7BH0FABBBIxUsofchjPlzI3gaRJ7BTKvRgQDQD+kBjCKy988GPR61hg48jmwBAMI1tsFF4xlfFHrXwRi+y5jfC6Nbcw9JBr2DAJgSMLgIhhF8MFLobx92rNGoY5lGHV+EOhIAxinEtnuIucEYPgtF2ZRjTqDV99Ce3+sdB4D+0HswXQSvh8bwari3ygJvyA29OTfsjT30GABABAUpUoL3IQx6POyVR3oA0WTVJ/SOAGBKQHoAwwvldtc4lyoKMt9g2M8N0Vi/MQBEpfEUDsO+NOjIGAYaDbrasI+DnxnuqxAZ9kxa+TG9gwDQHwYXQUiCjA4a6cwgSxUNGlw0dBxRYEUY7jAnVKIAEFzoo31Czw1CuX6454AOVn2C9v9Z7yAAdIbeg2lkIm5NBe8uGKmvYJz9BmOIEwCmp7C6EUY6EuRx4PlBDqLrIGqkFtDCD+gdBIDO0HsAIwoyh3jYxyMdHLStwUg7HgQeDN5pgJoSAMYvxD6EsQ00Cp4boBCb0lbdTcee1zsIAD2h92B6ieANqrBG2QaZcjDS/Tx0GgBAZAUvUoYeD3cSwngCG+cVIJKyl1DRlXoHAaAn9B5AMOFuqBz88dDdkYdOQpjQ9UzHs1orAOho4hrQoUweGE9/wvi7DpA86GDlXVT+pt5BAOgG6QFcZthdCMIaYjTqRORRU4JBdWEE2/SoZQEgSDkQbqowhv6E4LOfYaoo3kQzF1L9Mb3jANAHBhdNO5GtisY8mmjodUKfmowRRwAQRLiFRvDhRkGejvoYrf8otgIrnML0hd4DGCysDoQxjyYaaShRuF0HqHoBIFzhzsIa21ijUFKFUUswFHG6WfIheuMX1NWgdxwAOkDvAYQkrNoxeGUZ+pKm6DoAgDELt+gY9tVhj4z0NNzcAKa65XfqHQGAPtB7MB0F39cslBPC7VIYdnbBOPsNUN0CwHhMXB9CiKUTug6muhV30usPk6boHQfAZEPvAQwvlE7wcCvLcfYbjOl7AMB0N8l9CGMrP2EqMttp+Uf1DgJAB+g9mKZC6R8I5V2hLEwUVr8BdkMDgEk2zoWGxj/BINyoYPIs/yjtf1zvIAAmG3oPYEShrPEXei/B0COhrFM0vm8AADBYKN0IofchjC03wLCiqJFRQiXX6B0EwGRDejB9jXlobIi300atR0cdXzTq1OQgRv1qABDtIl44jHTOSAfHcARN/+iz/A69IwCYbBhcNK2NYQrySAdHGjU00jii8c9LHjXscV4BAGJeuLOTgxyPYG6A4mtqKd5E6SXUclbvOAAmD3oPYHShV3Ih3nXDeqYAMGnCLUyC9yGMuW8B7f4otuzDekcAMKnQezDdhThHOcQ+hFEnH490/kivjhRMKKcBAIRobN0IE5EGoHybipZ9hHb8lHwuveMAmCToPYBQa6OwasHgt+WCfAT6CgBgQo2/GyHw1VAODnd416wAACAASURBVLwUSmwhfAOYdLKZlt6udxAAkwe9BxCG0LsLghwPt8cA9SUATKYxLysUbifDGM4B3Sy9nfY9pncQAJMEvQdAYVVLY+suCLHHIMQYAAAiK5SCKMgJ4XYyDHtamCHD5MqcRwXr9Q4CYJIgPYB+EckQRq1ZR73ySEKMDQBgJGMrYUJJG8bwEkSfJRhfBNMFBhfBWASZ0BxkTNHYJiIPfSMAwEQb/y3/8d9zgallwY306g+op1nvOAAmHHoP4JKwqqjI9hWEEyYAwIQIvVAafwEYeHKYYYJ+ltymdwQAkwHpAVwm3IpqnJ3yQ8/EmCIAmGjjKXBCGYwUuUhhilmM9ACmBQwugsFC3Akh8PxRRwoF2fcglIsDAOhoPKs/R/wtoKfk2VRyDZ3dqXccABMLvQcwjDHcuQ+3l2Ac0QEATIZw+z/HcPFxRAc6WXyL3hEATDikBzCisd0JC6uDHhUkAEwpER9rNNK7xhQdTAHztpI9U+8gACYW0gMIZmx1WLj1JSYeAMDkG2exM+bEAIVb1FuEDgSIcZh7AKMIZWpBkDeO7b2DrgAAMEWMp1xCmRYjFn2Qdv9G7yAAJhB6DyAk46wRccMMAKLa+MsxlIGxI7UAOyhDbEN6AKEaf92GgUMAEEUiWGSh0Is1Cz+odwQAEwjpAYQhgi17pAoAMDVFtmhCKRebFt5Mxji9gwCYKEgPIGwRr+0wNRkAJtlIxU4ESx6UY7FMEGnhzXoHATBRMDUZxmjMU5bD/QgAgKiD4iv2LbiZ3n9C7yAAJgTSAxiXcLdYhunlyLP3Plkb8Ny+9b5P3pyhY0BERE2v/PE7b3QPPE256iM/2opVzCFikBhMF7NXUHoxtZTpHQdA5GFwEYwXxgIBAGA00XS04Ca9IwCYEEgPIGKQJwDANISib/pacKPeEQBMCAwugsgb/4ZoABMnc+snt2/VOwiIZsgEoF9iDhVsoIq39Y4DIMKQHsAEmoTpyxCblI4Tb+5+4UBjU5fHpxERyVZrZkHh5k1rV8wwDj295+zux186drZZ8RGR0ZiZP2fb9RuyDz4eMMfg0rSHkeYeXH7cvvW+T96c1n3i9Z3Pvl3b5CIismTk3nrXDevSUGxOU8gKYBilNyA9gNiDeg4mHDoTICzOih0//cPJJuWygz6Ho/bY0T8cO/rM/Ku+fteilIBxkbWv/PEHAc198niaTh/9w9kzmSnji0Nr2vnIM8+cvxSHs7n6Tz9/tOqeL9xVMr4rQ1RBVgDBlF5PL3yDNFXvOAAiCXMPYPJgfwMY3dl/3r99cG4QqPvkGz947Kgz4Pz/DswNBmieplbPOOJQTj5zWW4wcNl3Xtl9YRzXhSkOBRSEx2Cl+dfrHQRAhCE9AP2hPoZ+2tk/PHnOqQ08l0puvvORn3/lkfs3lpovneU8/fYfj/ib/p533j7nDLiApWjtd3/yle0//MA1aeMMxVFbN0KO0lh9ZLh8BKIUCh8Yr/nb9I4AIMKQHsBUFGRDU+QSMcx54Mj7rktP5cWbv7IuTSaSk5Z+8SO58qVXlBNvH+whIjp3siLwAkmbb12ZKREZc2/71NKc8YZjXPGxT27/+Vd+/vFc+2XHVYdrxPeA7sIqPVCAQATM3UKWBL2DAIgkzD2AqIcKfuoa8i8TvD1WdrYp8GlJ0ZxLJ88rLBWqDw90LNQ1nWVsZXf3BS3gDcbknOSL70guKkk6VNsxzEcPDoD1/wkNPl6w/KOLEhiRvXTVupTqly+NKOpubmUMG6kBwIB52+jAk3oHARAx6D0AgCmitbYl8Kk957L7/8mZSYFPu5uaiVyewJFFZLMGzkaWx1e8pczKtozwkk8b4QUAmJ7mYbFkiClIDwAgatnjLludqNeBScMAoIOC9WRHlyLEDqQHADBFpOWkBz7trr1sqFF7U0fgU3tmBpE5LdMWcMzTfmk0kaPuLHIFAJg0c6/TOwKAiEF6AABTRUnJjMCnZ0+dufTk1LkTgUN6CnJKiYhyS4sCJ1B1vPyn3ZUKkdL65hP7Kic+YACAfvOQHkDswNRkAJg03S//7OGXh30lZdH3vrkpc8WilS817r+4LpDvyI6HZyd/aV0adRz83VPVvktnSyuvXOmfGFC6ZWnOkf21FzMHX93Bn3z94ER/DQCAwWavpMRs6qzTOw6ACEDvAQBMGcKcO27LtVwqlpSzz//58199+PM/3H0iYC1Ry7yNdwzsW5y07qt3BL7lIrP9snFHAAATbc61ekcAEBlIDwBgCrEs/OCPP1OaOXK/ZsqKrT++Z1HgmkKWxR/8+dc2rsu2+pcqks3WnBUbv/fQ1iXGyQgYAKDfXKQHECMwuAgAphZLwebv/XDR/h3v7DjS2NTl8a8iKlutmQWFm7dsXJk2TKklpy27+z+W3X3ZscZJCxgAgPzjixKyqKtB7zgAxotxzvWOAQBgjPY/9su/NMTnF+SUluSV5M3ItA10GVT/5aG/v9k7cGLSbd/+xGb7SJcBAIiEl79D7/2f3kEAjMJ1fxURlVUNM1WmOC8bvQcAEOU0xdnRceL9jhPvHyWilFVbv/qBOSmCp3b3O+/0BpyWlbcEuQEATLSSa5AeQAxAegAAUax0cY58qnZgUaML+1755r5XhpwlLdm0KmXIUQCACMtfR3Ep1IddVyC6YWoyAEQxy+Ktd5cGn4Ms5V9/2+cWYp4yAEyKkmv0jgBgvNB7AABRzbry4/9Wcn7/yztOn2jo6e5V+nsSBMliteYsLN22cWlJEgo6AJgsJVfTwaf0DgJgXFBrAkDUs89aecenV+odBQAAUfEmkk3kc+sdB8DYYXARAAAAQIQwgYo36R0EwLggPQAAAACIHKQHEOWQHgAAAABETtFVekcAMC5IDwAAAAAix5pEuav1DgJg7JAeAAAAAERU0ZV6RwAwdkgPAAAAACKq6Aq9IwAYO6QHAAAAABGVXkIpuXoHATBGSA8AAAAAIq0QHQgQrZAeAAAAAERawUa9IwAYI6QHAAAAAJFWuIFEWe8gAMYC6QEAAABApAkSFWzQOwiAsUB6AAAAADABCtbrHQHAWCA9AAAAAJgA+UgPICohPQAAAACYAGmFlDRL7yAAwob0AAAAAGBi5K/TOwKAsCE9AAAAAJgY+Wv1jgD+f3v3HhzVeef5/3u6W0JYCKlFt5AUEAbLYDchEnYyipx1YBZmawyJzWYNG++wrhoDk6rZGmerVN4xKa3/cFELMx7t/vD81r9xkMgu6/zwIE9CcAAnRgmCGEW+gISsNhchjIRbQt3oghC6dffZP/oqqSUkIfXTrX6/4lB970+LOuJ8+nmeczBl1AMAAIDZsYJ6gPhDPQAAAJgdD5ll6VrVIYCpMakOAMQZj8c7ODQ87Pa43R6v1+v16qoTAbHFYNAMBoPJZEwyGeclJxmNfA+FxLb8KWm9oDoEMAXUA2Cy+geG+geGhofdqoMAMc3r1b1ej9vtGRDplf6kJNP8lOT5KcmqcwGKrCiWM/9TdQhgCqgHwP31Dwz13RvweLyqgwDxZ3jYPTzs7rs3kPpQCiUBiWh5sWgG0fkXBHGDMV9gIh6Pt7un707vPboB8CA8Hu+d3nvdPX1sSkg4xiRZ/m3VIYApoB4A4xoacnd29w4ODasOAswRg0PDnd29Q0PM0EOCoR4grlAPgMgGB4e7eu6y8hiYWV6v3tVzd3CQ1o1E8nCR6gTAFFAPgAiGhtzdd/pUpwDmrO47fYwhIIE8XCTGJNUhgMmiHgCjeTzenl66ATC7enpZh4CEoRlk2Z+oDgFMFvUAGK33bj9zioDZ5vXqvXf7VacAouXhb6lOAEwW9QAYoX9giLXIQHQMDg33DwypTgFEBaMHiB/UA2CEvnsDqiMACYQtDoki75uqEwCTRT0AQvoHhpgMDUSTx+NlAAEJISlFlj6hOgQwKdQDIITdFCD62O6QKJYxgID4QD0A/Dwe7/AwR1oEom142M2oHRLC0idVJwAmhXoA+LEiGVCFrQ8JIY96gPhAPQD8ht0e1RGABMXWh4SQliWW5apDAPdHPQD83OygAIqw9SFRLGF1MuIA9QDw83qZ/QyowdaHRLF0reoEwP1RDwA/zpQMqMLWh0SxhHqAOEA9AAAAiIqvrRFTiuoQwH1QDwAAAKJlSYHqBMB9UA8AAACihXqAmEc9AAAAiJavUQ8Q66gHAAAA0fK1NaoTAPdBPQAAAIiWzIclZaHqEMBEqAcAAABRlGNTnQCYCPUAAAAgirIfV50AmAj1AJgNHaferih9zz76ZvvJ0n1HTjnVZFKk49TbFaX7Kg6N+WGM4Kwpu+9jRrMfmvJTACAGLKYeIKaZVAcAMKc5r9V35a7Md1w5W+O0FVtn8qVtL77KAD2AOMTqZMQ2Rg8AzKL6anuXOeMZW650tdYn1rAJAIwjm682ENMYPQBU6Tj19vunu/xXVj6748XgvxfOmrIKu/+e/OI9z/vvcFYf2e9cuv62/XSXSH7xHtuN0mOy9VmpPOaI8CL2k6WB20XS1u/YttEqIlL/XkWlFG+Vmsom3125W199Rt6r8F8NezsR+6F9NVd8F822H/8o8nf/zuoj+y8tHedee32TmIsfsdpcK4/V1Ns7Nq7LCntm6GOuLLaNesGtj7VW1vQGwxfYj+z3XQ0lsR/aVyO+j2w/OdGPAgBiiqaJNV+cTapzAJFRDwAlOk69/f7pRcV7fmQT/678kVPWbRut/p1mKf7+nnVZvoeVvt0T2vlustf77xKx3xBxVJ61/fjVZ6y+/f5jJ+ttzxT4X7B3/Y4doUpQcdL66jP+k/E01Zwq/v6e57N871W5r8IculpTVm0pWZfl7waBtlD/XsX+fd1bg68Qxrpu255143xK+40rkrbeliWSVZBfU3npmnNdlv+DjPiY9kP7arpEQgWjy17pLN7zqs131+mKitP5oav730sP6zBB4/woACAGLV5FPUDMYnIRoITL0SVmq8V/zfbMnlcD3+5X27vMthf937JnbfyBzdxlPxlagJs74gt4SVv/A39zKFhnM4uj3i4iUm93SP7XNwZ2twtsuSK9TueYF7E+UmAWCb6d9ZECs3Q5XSLirP78iuRuDeyFFzxfvFIcp6o7pvQh6+0OMS8tsAYyhH2QkR/T9uKzuSOfmrZ+ne+tbQX5IqEktoJ8kds9kaYpRf5RAEAsWrxKdQJgXNQDQAlbQb501bxf+nbNyD1de32TmB97JPQ9uvWRArM4nYH9cnPGyP3oNGukOT0Fz+8Ifutfuq8ibJbRqBfJsi4SWZQ+5jU66i/1Sv6ysG/fbQX5/uYwWc6aU02y8unAuIftyfVmuWL37bN3OG+P+pgZ5nE+V641bcynjijyjwIAYhH1ADGMyUVAlPn3Ygue35FbfWR/jX3/PruMnPTfVfN+ac2I55gjvdBEQgsP0tbv2LbRebL0WO+UkzbVlO4bmSN/Cs922lu7RLqOVZQeC7u160a92ArE5ega+Wjr2IoCAHPXI0+rTgCMi3oAzIYs66IItzqdvSJpwavBWfvO6iP7a3yT/kVEzMXfLxkxg2iqOk6ddYxYZDy9QwaNWKY85Qz1l3pHv4KzpqzCXm+XApsl1zwylLPHGb72AADmtnkLxDRP3IOqcwARMLkImBW51rSxU+QdzlEzdvys67Zt9U/dseSaR83hmcbJv1yOLllpC+2X19sdEz5+rCzrolFT/DtOvV1RNvm1B85r9SMzSGCi1JWzNU7Jsi6SrkvXQq/v7O6K8CoAMHdlrVSdAIiMegDMCuu6r6/ssu8PO3Gys/pIZVNwxa390L6wvW3fNH2bzb8WuakmeFf9ezVXzLZnpvYlviXXvxfue6uTlU0i0uuYyhhCwfPF4fmd1adPd41aFT2R+mp7l+QWjI6dVfBYmu8ECAXrbOYu+yH/x7QfOjbVAgMAcS7rUdUJgMiYXATMEtuLr1pOvf1+2PT93LADg9pefFUO7QutMTAXf99/nH5rcckOKasI3DX+CQfGl7XxR8WOfTX+VQ2Su3WH7VSF3ensEJn8nCVfwuDyg9yIRzUd57wH9vomiTxOYltqrrHX2zs2rhvxMVcW28w1HGkIQCKhHiBWabquq84AxIRbzm7VEYDEtdiaoToCEF1f/FZ+vlN1CCSi/p80i8jl5taxd61asZTJRQAAACpYp3IwOCCKqAcAAABRZ1khxiTVIYAIqAcAAAAqMICAmEQ9AAAAUMH6iOoEQATUAwAAABUs1APEIg5sCsyGjlNvv396zIm+Vj6748Vpn4ZYhfr3KipvT+PIqpNjP1l6rHf9jm0bJ//q9pOlx2S8Q6xGfvzZjFEHXT20r+aK/3LayHcP/1sb90CuADBjqAeISdQDYNbkF+95PqwN2E+WHqs4JHHWEGKL7Zk9k//pOWvKjjnEHH64TPuhfTVXAn8vzuoj+yuOSKAh1L/3/mmx/fjVYquvF+07KTQEALPKskJ1AiACJhcB0WJ7Zmu+XLFz8q9ocFYfKa2wjx6/sd+4IrlbA53Num79enPv6Wq7BE9c/bR/nKHg+eKV4qjn7wrArPraN1QnACJg9ACIrts9ThGrfzDBEbg1fJbLiIlJYfORItzurD6yvyYtOA1m5NWOU2+/X//Y90vWZfmnCTWNfU37oX2f5xanna5xBDOEHmm2rV80zqdw1pRVtBaMNy9o3I8Wflfa+uK04K2H9tXIs8VyLDDtJ794z/MSnAUUChyaXOT7dMUFl2r8P5Ow00s7q4/sr+ld+eyOAntF5e2wYKMHH7KswQ9oLS55tTjsAwb+mgBgVi3MljvtqkMAI1APgKjpcN4WWZRuDU273xGY1lJRWXHSGtjrPb2oeM+PbOJ/2JFT1m0brePcbltqrml1+vdkO+ov9YpI4KrL0SVWa1agVwQm04+e49R7uiZt66s7fAWj/r2Kyib/I53VR/bXiJgjfZRRO9Phxv1o/m7g39d31pRV2EWCDUGuHPt8/Y4dL1p971tTui8tdNX/Qxj9Vl01NY5nd+wJvNqh6kd8Xci6btuedSIi9/v6317fJOZiy9g76qvtXWYb08AAzDrLCuoBYg2Ti4AocVafPt0lK202Eam3OyT/68H93QJbrkiv0+nfpzdbAzustmf2vOrbLR7ndmu6VXrr7R0iIs5r9V1pZnOvwykSmEhTYBOxf3a6K239jsA0et8cp7M1zkAwc/GT/rt8E2ye9T/Sum79+ojdYELjf7SOU2cdkl/s3+e2Fr8YGj0QEQk+y2pbahYxF68Puxr4UKOEvdrGfOm6dC3io8bjrP78iqQV2LJG3nikdF9FZdhEIwCYRYuWq04AjMboATBrmmpK99WEXU8Lfqde8Hz4t/X+e0VExFaQX1NZ837ppVHHC5rwdqdLJEuc3V35X98qNZV2u9hs9XaH5BcXiDidvSJp1rDnFNhyK4+11juL/fvf1sD+sbO7S3I3hr4yz7IuEgmfnDMJ4380l6NLVj4denWrNU2kN3g1VH6s6VYRsY7Ya48o9JRpsJ/cX9NrLv7+qEGJwMiD/dC+ijKnf2oWAMyWRQ+rTgCMRj0AZs2oIxeFC5+Cv2PbRufJ0mP+HeWC53fkVh/ZX2Pfv88e/iLj3m7LrTx2o15sYnestD1TIDcqz/Y4pcN5O2xf3JyRO4m8viIRfkuuNW2q9WDcjzZ2Nr81wxxWD6LKfrL0mMNcPMHev+2Z4s/313xWv46DFwGYTdQDxB7qARB9/mk2ofIwck5McOq8bxZ+WbVl1JT6EbdbM8zS6nR2yO20XKuIZJi7WuvtUt+VVhDcGe/qdoxeaDtiPMH/vta0Ubc4nFPdfR//o/nGBMI5u8ecGSIq7t8NACBaMqkHiDmsPQCiz+UILELwqbc7Ij7Oum7b1nzpcromut36SIG5t776s3pZWhBcjXC2tcu8tMA/dygtMPs/7O0ijidYM8wjjubZ4Zzq0MFEH82Sax5xXFfnlLvHTBivG9hPlu47cirsp+Rw9k5y1AUApm/xKtUJgNGoB0D0WXLNYYuD7Scrm0T8q2/th/ZVlFV3+B/oWytss41/u4hkFTyW1tXk6PIdE0lsBfnS1dVrfuwR/7f1tifXm3tPV5ysD3u7yOturcUb8+XKMf8jfWupZ+6jZW18Oleaag7Z/R/hUE3U64Gzpmy8cQPfT+kXI5KzOhlANKTzRQRiC5OLgOjL2vijYse+Gv8qAsndusN2qsLudHaI2F58VQ7te780sKTZXPz9F20y/u0SHB8Ifmefa02TJgk7IE/Wxh/tsL5XUbmvolJGrJAeq+D5HRJ8pNm2Pt9+OuIAwrjnPZjgo2WJ7Zk9crL0WEXpMd95D3JPR7ch1Ffbu0SkJvRjlNAJE7I2/uj78vb7geQT/ZQAYCZlLpOeyGPIgBKaruuqMwAx4ZazW3UEIHEttmaojgAo8sv/Ip+9qzoEEkj/T5pF5HJz69i7Vq1YyuQiAAAApTLzVCcARqAeAAAAqGOmHiC2UA8AAADUWbxSdQJgBOoBAACAOulfU50AGIF6AAAAoE5KmsxLVR0CCKEeAAAAKJWxVHUCIIR6AAAAoJR5ieoEQAj1AAAAQKkM6gFiCPUAAABAqQxWJyOGUA8AAACUoh4gllAPAD+DQVMdAUhQbH1IdAssqhMAIdQDwM9gYHMA1GDrQ6JLpR4ghvAbGfAzmYyqIwAJiq0PiS51keoEQAj1APBLYgcFUIStD4nuIbPqBEAI9QDwm5ecpDoCkKDY+gBJzVSdAPCjHgB+RqMhKcmkOgWQcJKSTEYj/xgh4T1EPUCs4DcyEDI/JVl1BCDhsN0BwvwixBLqARAyPyWZbzGBaDIaDdQDQETkoQzVCQA/9oSAEVIfSlEdAUggbHGA33xGDxArqAfACPNTklklCUTHvOQkhg4Av/mMHiBWUA+A0dIWzOccrsBsMxi0tAXzVacAYgaTixAzqAfAaEajIT0tVXUKYI5LT0tlqQ8QMj9ddQLAj1/NQATJyaaMhTQEYLZkLExNTuY4wkCYFOoBYgX1AIhs3rwkc/oCZhkBM8tg0MzpC+bNY4UPMBKjB4gZ1ANgXMnJpsyMNFYqAzNlXnJSZkYa4wZABCkLVScA/PgdDUzEaDRkpKf2Dwz13RvweLyq4wDxymg0pD6UwnGKgHHNpx4gVlAPgPubn5I8PyW5f2Cof2BoeNitOg4QT5KSTL4tSHUQILZZHlGdAPCjHgCT5dvF8Xi8g0PDw26P2+3xer1er646FxBbDAbNYDCYTMYkk3FechKHJwKA+EI9AKbGaDQ8NH+e6hQAgDnHmCSeYdUhAJYmAwAAxIJ5aaoTAMLoAQAAiEu6LiK6rovooovvT33U5cDDRMR3ux52eRLvoUno4NaapoUuBu/V/I8ZdVkb+YRJSlkg9zqn+Bxg5lEPAABAzNF10XVddPH/4asBuu82EV3Xo7DySw8rEZHfcKIQmubvCJommqb5aoPmv0k0bUx/mLdg5qID00c9AAAAyujBnX7fn17f5XH2xuOKroeXiggfRwuUBM2gaZpoK/5U0zWt5yutvzvaWYEw1AMAABAlXm+gCXj9fSCRj/8WakEeXURkXYmsK5GhPkPPTa37ptbdGvivxdDVIu4B1XmRKKgHAABgVvhGA7y6rnvFq+u+kQHcR3Kq17pKrKvCb9PuOLTb1w23r2m3rxluX9NcTdrdDnURMcdRDwAAwMwY0Qe8uh6dFQIJQF+Yqy/M9S7/ju+qNnBHc101uK5qzqsG5xXNeUXrc6rOiLmDegAAAKZP13Wvrwx4dS/jA1GhpyzUlzzpXfKk76rW5zLcatTaGw3tnxvaG7XuVtUBEd+oBwAAYGp8awZ8/zFlSDk91eJZsU5WrBMRrb9ba28wtDUYHBcNbRe13nbV6RB/qAcAAGBS/JXAwyhB7NLnZ+jLn/Yuf1pEtDtthpufGVo/Ndz8xHDrC9XREDeoBwAAYCLBSuDx6pM6mxhig74wx2P7nsf2PRnqM7Z8bGj9xNDyseGr86pzIdZRDwAAQAS6V/d4da9H93joBHEuOdWT/6ee/D8Vz7Dx+h8M188am89ot5tVx0KMoh4AAIARPB5fK/Ayg2iuMSb5eoK75ytjc7Xh2hljc7W4B1XHQmyhHgAAAPEtOPZ4vAwXJAI9/Wvutf9B1v4H47Vqw+XfGC//RuvvUh0KsYJ6AABAovMVA49bT+RzGCcmzyPrPI+s83z9OeOlD4yXPtDu3lKdCOpRDwAASGget+72eL2MGCQwb16RN6/Is+rfmC7+wtjwL6rjQDHqAQAACcrr1d1u3eP2qg6CmOBdVjy0rNi47Numi+8ZWmpVx4EyBtUBAACAAm63d2jQSzfAKJ5v/LuhTf/N/eR/VB0EylAPAABILLouw8Pe4SHObYbI9Mzlw3/2X4c37NbTslVngQLUAwAAEoivG7iHGTTAhAwmd9Gu4e/+Z31BluooiDbqATB9tQfLdpVU1o5zFQBija6Le5gJRZgsT8E297/6G31+huogiCrqAQAAicLj9rrpBpgK9xN/4Sn8oeoUiCqOXATMitqDZeWNIiJiKXx994YcERHH0b2Hj7tERCwbXti7Kdd/i+StkZYGV/rm76Uf/3XLmg2FbVV1rtBjRNqrdr9R55LQE9tOlL9WJZs3pB+vahERy4YNRfVVx10ikrezbGtR5PcCkOh8xylSnQLxx12w1dD6qeHmp6qDIEoYPQBmwYXK8kZZs73kwCuFFlfdmyccIlJ78PBxV97OspID2/NcVYffvBB4sKsn7y9LDpTt3JIhItLQvmhvWcnO1eKq+qhWRMRx9Gd1OdtLDvhvPHG03fe0nlr5zoGyFzZbxFVV1fLnJQdeKbRIS/nBuoneC0AC83h01iJjGvTM5Z789apTIHoYPQBmS8M7ZW9uL9lbtkFEROpqG0VWP1okImsfXfNOS1ubQ9aKiIhleVHYkSEs2VkikpedLo09be0iUIPQ5wAAIABJREFU2blbdpdIe9XuEv8AQkB60RO5IpKzWMSVV7RWRBbliLjGfS8GEIBEx4nPMG3eJd9UHQHRQz0AZsHa72z+oOW4SxreKdv1jqzZXvJyzu02EWms2lVS5X9Me4dIhMNB5OSM2o+ve7OkqkHSN79SUnS+/LWqsc8Yoz3ie1EPgETn9VIPME3eJU+qjoDooR4A05eXnS6NEe/J3bK7ZItI24ny16p6Gt6prC17NEfEtXrDgZcKwx7muP97XLjaILJm+84t2dI2yVjZiyK9FwAAwP2x9gCYvpycdJGWoyd8e/mhKT1tJ8p3lZQfbZecTZs2W0QsmXlSWLRapPFqrYhcqNxVUjbZ9QA5mRaRtjaHSF1lVc/knjPd9wIwpxkMmuoIiFeGm5+pjoDoYfQAeABrt77eVv5a1eFdvlk8lsLXXyoUkZxNO3e2l5W/UXZcRCR98ysbckRyXnqhbe/h8pKychHLhhdeXju5t8jesGV1XXnV4V1VYrGki6unpU2K7vekoum9F4A5zWDUmF+E6eGwRQlF4yAGAAAkAq9XHxr08u8+pkrrvJ7867+lIcwZ/T9pFpHLza1j71q1YimTiwAASBQGg2YyMb8IU2aqr6QbJBTqAQAAicJoMphM/NOPKTCd/7mx7l3VKRBV/I4AACBRaJqYkgxGGgImx1h/xPSHf9T6u1UHQVSxNBkAgASiaZKUZNA0cQ97VWdBDPO6TZ/8zPTxz7S7HaqjINqoBwAAJJawhqCzUhljaZ3XTZ/8L9Nn/0d1EKhBPQAAIBGZTAaDQXe7dY+bYQSEGC/+i+nie4aWWtVBoAz1AACABGUwaMnJmseguT1er4dhhERnuFFjuvgLY8O/qA4CxagHAAAkNKNJMxiNHo/X49Y5b1piMrTUGi99YLz8gdZ7S3UWqEc9AAAg0WmamEwGo1E8Hq/Xo3sYSUgYxmvVhsu/MV7+jdbfpToLYgX1AAAASLAkiEk8Ht3r0T0eL+uW5yqt5ytjc7Xh2hljc7W4B1XHQWyhHgAAgBGMRs1o1ExezePVGUyYUzzDxut/MFw/a2w+o91uVp0GMYp6AIxraNg9ODg8NOz2eLwc+w94QJqmGY2G5CTTvHlJyUn86xMHNINmMmhiEq9X93p0r5eeELeG+owtHxtaPzG0fGz46rzqNIh1/IIGIhgedt/tG/Dqesq85IVpD5mMBk3TVIcC4puu626Pd2jI3Xu336BpC1JTkigJccJg0AwGTUS8Xj1YFfjOJPZpd9oMNz8ztH5quPmJ4dYXquMgbvCrGRitv3+wt28gbcH8+SnJqrMAc4emaUkmY5LJmPrQvP6Boa6evrTUlPnz56nOhSnw9wST6HqgKnh1naoQS7T+bq29wdDWYHBcNLRd1HrbVSdC/KEeACP09w/29Q9mZiwwmYyqswBz1vyU5CSTsftOn4jQEOKRpvnXJ/jGhbxe8fUERhWU0PpchluNWnujof1zQ3uj1t2qOhHiG/UACBkedvf2DdANgCgwmYwZC1M7u++aTEZmGcU1TdOMRglUBdG9ulfXdV9h0GkLs0IbuKO5rhpcVzXnVYPziua8ovU5VYfC3MFvZCDkbt9A2oL5dAMgOkwmY9qC+Xf7BswZC1RnwczQNNGMmkH8i7VGtAWdaUjTp91xaLevG25f025fM9y+prmatLsdqkNhzqIeAH5Dw26vrrPeAIim+SnJ9/oHh4bdHMtoThrVFnyLm3VddF3XveIbW+A8zaMN9Rl6bmrdN7Xu1sB/LYauFnEPqE6GRMGvY8BvcHA4ZR7dAIi2lHnJg4PD1IME4TsCkoQVBn9bCP7pDV2e8zRN0zTRNNEMmqaJ9uEb2rXTWs9XWn+36mhIaPw6BvyGht0L0x5SnQJIOMnJpju991SngDKaJoEjR484frSvJIgu/j90kWCF8C2Ijvn+oGni+2z+z+hrAv6b/N1ghObfS7tdVVogiHoA+Hk8XpPRoDoFkHBMRoPH41WdAjEnrDaMbg4+ur8liPgLQ/B/EnZJgi1CD7ui+/9/3xBhbxyeRgveq/kfM+qyNvIJkzR4d4pPAGYF9QDw03Wdc58B0adpWhx8D4zYE2kXPM5/hw9QDxAT+K4UAAAgBgz2qk4ACPUAAAAgNniGVScAhHoAAAAAIIR6AAAAoJrrmuoEgB/1AAAAQLX+O6oTAH7UAwAAANUGqAeIFdQDYPIcR/eW7TpYF/G+thPlu/ZWtU3iFd68MCvhAABxrL9HdQLAj/MeAJN24aPji/PWNF6tlcKiab5E7pbdJTOcCgAwBwxQDxArqAfAZNVeaFmztqRIyo6ecBRtyvXfeqFy1zstIulrVvuuO47uPdxSUNhWVecSsWx4YUv74fJGEcnbWba1yHfvn5e8nFO1+43OnNUtDY0iImu2l7y8VuEnAwCoxugBYgaTi4BJqqttzCtaK0WbCqX+C/8kovaq3e+0rNlecqBsU96t0G/2hnp5uazkwPY8V9Xho9kvHCh7YbOl5egJx8gXbGnLfuFAWcnO1dLwwX1nJQEA5rR73aoTAH7UA2ByLlxtWP1okYhkP14k12vbRUSkrdNlKdy6VkRyt/x5XvCxloLHc0QkJ9MieVs25Yrk5iwe+4rpRU/kikjR2ryx9wEAEks/9QCxgslFwKTUXmiRxpZdJVW+q5bzji2bctvaekQyxz44Jyd37I1jpOdkz3hMAEB86u9SnQDwox4Ak9BedbQxffMrO7dk+6/ufuOj2k1bi3LSpV51NgDAHMDkIsQMJhcB99d2/rrLsrwo+GV/9qIcaam9ILL20TWuusoLIuI4+kGL2pAAgDh2j9EDxArqAXB/tfU9/uUEfoVF/vXEhS9vz2t4p2xXyeGWgkKLyowAgHh2r1N1AsBP03VddQYgJtxydi+2ZqhOASQitj5ASjlMBaKk/yfNInK5uXXsXatWLGX0AAAAQDVmFiGWUA8AAACU6rutOgEQQj0AAABQqs+lOgEQQj0AAABQ6i71ADGEegAAAKBU91eqEwAh1AMAAAClqAeIJdQDAAAApbpvqk4AhFAPAAAAlOqiHiCGUA8AP03jLIGAArqua5qmOgWgVFeEE1QBqlAPAD+j0eD2eFWnABKO2+M1GvnHCAlsoFeG+lSHAEL4jQz4JSeZhobcqlMACWdoyJ2cZFKdAlCnh3XJiC3UA8Bv3rykgcEh1SmAhDMwODRvXpLqFIA6t66oTgCMQD0A/JKTTAZN6x+gIQDR0z8wZNA0Rg+Q0LpaVCcARqAeACELUlN67/a73R7VQYCE4HZ7eu/2L0hNUR0EUKqTeoDYQj0AQpKSTGmpKd13+mgIwGxzuz3dd/rSUlOSGDpAguu8oToBMAL1ABhh/vx5qfPndXbfZZYRMHv6B4Y6u++mzp83f/481VkA1agHiDF8ZwOMNn/+PJPJeLdv4F7/YMq85ORkk8lo4LjswAPSdd3t8Q4NuQcGhwyaZk5PZdwAEBHpcahOAIzAr2YggqQkkzljwdCwe3Bw+E7vPY/HyxnTgAekaZrRaEhOMqUtmM9aZMDv1mXVCYDR+AUNjCs5ycRODABgFnV+qToBMBprDwAAABS5TT1AzKEeAAAAKHL7uuoEwGjUAwAAAEVc1APEHOoBAACAIoweIPZQDwAAABS50646ATAa9QAAAECFry6qTgBEQD0AAABQwdWsOgEQAfUAAABABdc11QmACKgHAAAAKjipB4hF1AMAAAAVGD1ATKIeAAAAqOBsUp0AiIB6AAAAEHWuZvEMqw4BREA9AAAAiDqGDhCrqAcAAABR13FVdQIgMuoBAABA1DmpB4hR1AMAAICoY/QAsYp6AAAAEHUdV1QnACKjHgAAAETX4F1xD6oOAURGPQAAAIiuprOqEwDjoh4AAABEV8dl1QmAcZlUBwDiWO3BsvLGsOuWwtd3b8hRGGgEx9G9h49LTEUCAIiIyC3qAWIXowfAA8rbWVZyoKzkwPY8cdW9ecKhOg8AIOZRDxDDGD0AZsja72z+oOV4/Rdtm3Jz2qt2v1HnEhERy4YX9m7KHTHUEBpkqHuzpKoh7GFtJ8pfq5LNr+zcku04uvfwcVd66LIUvr57g5wof62qR8RXS7YWiciFyl3vtKxZndfQ2CKrNxx4Sfyvaclbo+6HAQAYl65zymTEMkYPgBnnOPqzupztJQfKSnauFlfViaPtIhcqyxtlzfaSA68UWgKDDLUHqxokb2dZyesb0n0Py3liuUV6as87RDpaXCLS09ImvsuWgsfFXx5KDpS9sNnSUr63qi3wlg3y6IGykgMvFdYerGqQ9M2vlBz4y8w2l9qfAwAgkna76gTARBg9AGbIhY+Ou8Sy4fEcyd2yu0Taq3aX1I3aP294p+zN7SV7yzaE3dZSXlK5s2zngU2+q48XWeqOt3dI+23frn/DhTqRqw2SvvkJqf1Zj1gKi7JFJHfLn+cdf6eu8sKGl0VEZM3aQhERqattFFn9zS3ZgZeK0ocHAEzaVw2qEwATYfQAeEAt5SVlu0rKdr3TIqs37N2UK1L3ZknZrjeuF71S8vqGdP+j1n5ns0V8DWFXSdmbF0REijYVWkKvUFkrIpKbs1ik8erR89ddkrd5Q7rcun30QotIek52R4tLZPEi1hkDQHy79YXqBMBEGD0AHlBgDUDQhasNImu279ySLW2hW3O37C7ZItJ2ovy1qp6Gdypr124tyt6wt2yD/xBDrpbyg3VFLxUWrc0rb+ypre+R1d/cknP1eFXdcZfI6keLJKvNIg23breJ3KchTOYxAABV2qkHiGmMHgAzLSfTItLW5hCpq/QvI5a2E+W7SsqPtkvOpk2bLSKWzDxxHN1btmtvVZvkbvnLQouIJTtLRGTto2ukx+USS3aWrH3Ut7x4zdpCkdyignRxXa9tFxHH0Q9axFK4de2o9y4sWi3+x7R/UcvaAwCIQW2sPUBMY/QAmGnZG7asriuvOryrSiyWdHH1tLTJlk07d7aXlb9RdlxEJH3zKxtyRLbs3tBSUvVaSZ34Dme0KVfEt4tf1dCYXvRErojkWaTBlZ6XIyKSs2nn61L+mu9FxjnHQtFLL7TtPXz8jbLjlrw1FqEgAEBs6fxSBu6oDgFMRNN1XXUGAACAxNDwvvzzf1IdAgmt/yfNInK5uXXsXatWLGVyEQAAQBR9Va86AXAf1AMAAIBouUk9QKyjHgAAAEQL9QAxj3oAAAAQFV81iHtAdQjgPqgHAAAAUXHzguoEwP1RDwAAAKKilXqAOMB5D4D74OC/wIzTNE11BECFm+dVJwDuj3oARDa2FdATgAcUbAXBrYmegATS2yGu66pDAPdHPQBGC68Bwct0A+DB6boe7AO+C74ti5KAhNDymeoEwKRQD4ARwvuA73L4nwAekK8JaJrmqwrBkkBDwNzXSj1AfKAeACHBJhB+YVRPADBtwW4wqhgE24LqgMBsuvGp6gTApFAPABk7aOBzs62j+YbjVkdnT2+f2+1RnRGIbyaTcWFaarY18+Gl2V/LsRoMhmBJCI4nMNEIc9bwgLSyLhnxgXoAhPhagdfrbe+4/cmFLwaHhlflL1vzeL45Iy3JxMYCPJBht7uru/emo6P2whfzGpu+WbBqsTXTVxIMBgPFAHNcC0MHiBvs8QAj5hR5vd7GS801nzV+99uFqx9boToaMHckmUxZFnOWxfzEN1Y1Xmo+UfXHP1n7+OpVyw0Gg9frDTYEZhlhbrrxseoEwGRRD5DoxnaDi180b3t2w6LMdNXRgDlr9WMrsrMWHT91TnSxrXrYaDTSEDDHffmJ6gTAZHHWZECC9aC943bNZ42bNz5FNwBm26LM9M0bn/q47ov2jk6v1xt+GABgrtG9jB4gjlAPkNBGHbr0kwtffPfbhXQDIDoWZaZ/99uF5y9e9nq9vobAoYQxN31ZK55h1SGAyaIeABI8TtHg0DDrDYBoWv3YisFh91dtzlHHEQbmlC9rVScApoB6gEQX/Kqy+YZjVf4y1XGAhPNY/rIvW9vHDiAAc8f1P6pOAEwB9QCJa9S5Dm51dC7JzVIdCkg4S3KzOlzdY0cPKAmYIzzD1APEF+oBIL4dkZ7ePnNGmuogQMIxZ6TdudvHzCLMWddrRPeqDgFMAfUAiS64R+J2ezj3GRB9SSaT2+0ZNZqnOhQwc5prVCcApoZ6gITGNAYgdjCzCHPT9XOqEwBTQz0AAKhHH8DcdK9LWi+oDgFMDfUAAABgdjR/pDoBMGXUAwBATGAAAXPQNeoB4g/1AAAAYHZc+4PqBMCUUQ+AmLCrpEx1BADAjOq4Kp03VIcApox6AAAAMAuunVWdAJgO6gEAAMAsaKIeIC5RDwAAAGaa1y1NZ1SHAKaDegAAADDTrp4Rz7DqEMB0mFQHAOJBe9XuN+pckr75lZ1bJOxydt2bJVUNImu2l7y8VmoPlpU3iqzecOClwrYT5a9V9Yil8PXdG3Lax3tK6LLqTwgAmFFN1aoTANPE6AFwf23nr7tERHpqzzvCL8uFqw0iItJwoU6krrZRREQar9aKo7a+R0TEdb22XcZ9yoinAwDmkKunVScApol6ANxfzhPLLSIi6UVP5IZflrWPrhERkTVrC0UKi1aLiMjqR4skt6ggXUTEsrwoW8Z9yoinAwDmiluXxHVddQhgmjTOUomEpQd4vV6Px3Pgnff/ZudWVWF2lZQdKGOKERLUP5ZXvrj13xiNRpPJZDQaDQaDFqA6GjAtZ/9JfvPfVIcAIuv/SbOIXG5uHXvXqhVLGT0AAACYaVd+rzoBMH3UAwAAgJnT1ynXa1SHAKaPegAAADBzrvxOdQLggVAPAAAAZs7lKtUJgAdCPQAAAJghupd6gHhHPQBiAoctAoC54HKVDA+oDgE8EOoBAADADLl0SnUC4EFRDwAAAGbIpQ9VJwAeFPUAABATOAka4t61P8hdl+oQwIOiHgAAAMwEhg4wJ1APAD+TyTjsdqtOASScYbfbZDIydIC54Ivfqk4AzADqARJacI9E07SFaald3b2qEwEJp6u7N23BQ77NMHyTVJ0LmKIva6X7K9UhgBlAPUCiC+6RZFszbzo6VMcBEs5NR0fWoozwYkA3QFyy/0Z1AmBmUA8A8e2RPLw0+1LTDdVBgIRz6eqNZUsWawGq4wDT9QX1AHME9QCJa9S3lV/Lsc5LTmq81Kw6F5BAGi81JyebchYv0sL47qIqIJ58WStdrapDADODeoBE59sF0TTNYDB8s2DVmT/W3e7sUR0KSAi3O3vO/LGucPUjhoDg9qg6GjBFjSdVJwBmDPUAkOB3loutmX+y9vHjp87REIDZdruz5/iHHz25ZuVia6avGDC/CHHMTj3A3EE9QEIL/6rSN4CwetXy1SsfPnKsillGwOxpvNR85FjVY/l5j69cFnHogJKAeNJ0VnraVIcAZoxJdQAgJoQ3BNuqhzPNC89fvFxvb3osf9mS3CxzRlqSiY0FeCDDbndXd+9NR8elqzeSk01/9t0nfeMGwW7A0AHiVeMJ1QmAmcQeDxKdpmm6rvt2SgwGg9frNRqNOYsXPbPh21+1Ob9sbf/iypd37va53R7VSYH4ZjIZ0xY8lLUo48lvPJqzeJEhjK+ZB+sBJQFxpvG46gTATKIeABEagsFgEJEluVm52RY9QER8fwKYhuCuv094K6AbII7ZP5B73apDADOJegCEBBuCry0E/xzVDSgJwJSMOlZpeD1gRTLi3ucMHWCuoR4AEtxrCY4hhA8pMHQAzJRRAwjhVxk3QFwa6pPPf606BDDDqAdASLAS+C4Eb6EbADNl1OGJOAka4lvDr8XLyjTMNdQDYITwYhC+JoF6AMyIiH2AboB41fC+6gTAzKMeAKOF94FRc41URwPi29gaQDFAHOtqkaYzqkMAM496AEQW3GsJtgL2Y4CZwtaEueDiMdUJgFlBPQDug/0YAEAEF3+lOgEwKwyqAwAAAMSbLz+WW5dVhwBmBfUAAABgii4eVZ0AmC3UAwAAgKnweqSeeoA5i3oAAAAwFfVHZfCu6hDAbKEeAAAATEX9L1QnAGYR9QAAAGDSnE3SdFZ1CGAWUQ8AAAAmrY6hA8xx1AMAAIBJq/sX1QmA2UU9AAAAmJzGE9LTpjoEMLuoBwAAAJNzgaEDzH3UAwAAgEm4/aVc+lB1CGDWmVQHAAAAiAcXKlUnAGbMqhVLx7uL0QMAAIBJOE89QEKgHgAAANzPxWNyp111CCAaqAcAAAD3c/6fVScAooR6AAAAMKG2Rs6UjMRBPQAAAJjQZwwdIIFQDwAAAMY33E89QEKhHgAAAIzv08My3K86BBA91AMAAIDxffqu6gRAVFEPAAAAxnG5Sm5dUh0CiCrqAQAAwDg++f9VJwCijXoAAAAQSfslufSh6hBAtFEPAAAAIvn056oTAAqYVAcA4lZfpzSfk5sX5NYl6WyRPpcM3RNdVx0LiDpNk+SHJNUimXmy+DFZslZWPCWpmapjAQ+mv0c+ph4gEVEPgKk7f0Qu/oozaAJ+ui6DfTLYJ503QttF/tPyjefkiW2KswHT9vE74nWrDgEooOl82QlM3pm35FyF3HWqzgHEiQVWeWqHfPevVecApu4fiqX7K9UhgJnX/5PmiR/A6AEwOQ2/lg//TjpvqM4BxJW7TvntPvn0sPzZ38qa76lOA0za+SN0AyQs6gEwCb/aLZ8wAxWYrs4b8s9/Lc0fyXN7VUcBJufj/6M6AaAMRy4CJtR9U376b+kGwAz45Ofy038r3TdV5wDu53KV3KxXHQJQhnoAjK/jqhx8QVo+U50DmCtaPpODL0jHVdU5gAnVHlKdAFCJegCMo/umvPMSiw2AGdZ5Q955iTEExK7W83Ll96pDACpRD4BxHPkbugEwKzpvyJG/UR0CGMcf/7fqBIBi1AMgkl/tZk4RMItaPpNf7VYdAhjD2ST1v1QdAlCMegCM0fBr1iIDs+6Tn0vDr1WHAEb6489UJwDUox4AY3z4d6oTAImBbQ0xpadNajmeKUA9AEY58xZLDoAo6bwhZ95SHQIIYOgAEKEeAGOcq1CdAEgkbHGIEf3dUnNQdQggJlAPgDDnj8hdp+oQQCK565TzR1SHAETOHRT3kOoQQEygHgBhLv5KdQIg8bDdQbmhfqlhIAvwox4AAX2d0nRWdQgg8TSdlb5O1SGQ2GrKZaBXdQggVlAPgIDmc6oTAImKrQ8KeYblI4YOgBDqARBw84LqBBARkR+3yJ4W+cFMvNRT78qeFil9dyZeC7OJrQ8KfXRA7jF+BYSYVAcAYsatS6oTYKad+6HwrXRcYOuDKl63nCtXHQKILdQDIKCzRXUC3NdfSWmppPguN0npvw7d8+MWsYrIHTlxQjb9UAbOyZ4fylPvyqanRl/ufUqsIiLSvEcO/lTRB8FIbH1Q5aMDctelOgQQW5hcBAT08S9EjAvvBiKSL3s+l6dEROSlz/17/LJQ/vWmiV4jJdANRGTFy/6nQzm2PijhGZY/8B0BMBr1AAgYuqc6ASb0gx9KisjAOSnNk9I8ab4jslC+9fcify8rFoqInM+T0jxxTPwqd+REnpTukQERWSjZUcqO+2DrgxIf/VT6bqsOAcQc6gGAOLE0X0TE/kP/1YMnRETS8uSpPBGRgXPyi7DbxzPwuZwTkZ+K486sBwYQy4YHGDoAIqIeAAHJD6lOgAn1skM/d7H1Ifr+8Lbc61IdAohF1AMgINWiOgEm1N0hImILHKX0pU0iIr0tcq5FfIsKfhB2O+ILWx+ibOCOnP0n1SGAGMWRi4CAzDzpvKE6BAKeaJEnwq6ez5NfvCu2Ukl5SvYEj3JzRz75LyIizZtkxUL/UwYYZIhDmXmqEyDBnP0nGepTHQKIUYweAAGLH1OdABP7qezxLSn2aZLSr/tPa3Dw6+IM3LhnwrUHiE1sfYim3g45+/+pDgHELkYPgIAla1UngIiI7J/gi+Sfyp6xSwkDBzz1ncfgqbBzJIefFm3UKdIOfn3mEuOBsfUhms68JV6P6hBA7GL0AAhYwTHw49RPpVdERFaUyp4W2fSUiIjjd6pTYSrY+hA1t69LzUHVIYCYRj0AAlIzJf9p1SEwLfvDJx2JON/ldMjxJP9pSc1UHQIJ48xbqhMAsY7JRUCYbzwnTWdVh8A0RJx0hDjxjedUJ0DC+KpePvtn1SGAWMfoARDmiW2ywKo6BJBIFljliW2qQyBhVP9P1QmAOEA9AEZ6aofqBEAiYYtD1DSdEfsHqkMAcYB6AIz03b+WzGWqQwCJIXOZfPevVYdAwqj+f1UnAOID9QAY48/+VnUCIDGwrSFq6n8p1/+oOgQQH6gHwBhrviff+gvVIYC57lt/IWu+pzoEEsZphg6AyaIeAJE8t1fynlQdApi78p6U5/aqDoGE8dEBcV5VHQKIG9QDYBzb/pFFCMCsyFwm2/5RdQgkjIE7cvpN1SGAeEI9AMaRsUS2H6QhADMsc5lsPygZS1TnQML4/ZvS36M6BBBPqAfA+LIelZcOM8sImDF5T8pLhyXrUdU5kDA6rshHnDMRmBrqATChjCXyV79kpTIwA771F/JXv2TcAFH1u/9HdQIg/lAPgEl4bq/8+7eYaARMU+Yy+fdvsRYZ0Xbl9/L5r1WHAOKPSXUAIE6s+Z6s+Z6ceUvOVchdp+o0QJxYYJWndnDuM6jxu/+hOgEQlzRd11VnAOLN+SNy8VfSdFZ1DiCG5T8t33hOntimOgcSVe3/lvf/q+oQQCzq/0nzxA+gHgDT1dcpzefk5gW5dUk6W6TPJUP3hA0KCUjTJPkhSbVIZp4sfkyWrJUVT0lqpupYSGADvfLfn5Z7napzALHovvWAyUXAdKVm+mccAQBiyu/+O90AmDaWJgMAgDnkq4tyrkJ1CCCOUQ8AAMAcUlWmOgEQ36gHAABgrqj7hVz5veoQQHyjHgAAgDnB65ZT/6A6BBD3qAcAAGBOOPWNFvEqAAAAzUlEQVQP0n1TdQgg7lEPAABA/Gv7XM68pToEMBdQDwAAQPz78A3VCYA5gnoAAADi3PkjrEgGZgqnRQMAAPFs8K58+PeqQwDx53Jza/jVVSuW+i4wegAAAOLZh38vvR2qQwDxJ9gHRl2mHgAAgLjVfE7++L9UhwDila8VhHcD6gEAAIhnH/6d6gRAfBvVDagHAAAgbp15S1ovqA4BzDXUAwAAEIecTfLbfapDAHMQ9QAAAMSh3+5VnQCYm6gHAAAg3nz2rnzxoeoQwNz0fwF07LcFuvWUVQAAAABJRU5ErkJggg==
iVBORw0KGgoAAAANSUhEUgAABAoAAAIxCAIAAABLq80vAAAAAXNSR0IArs4c6QAACotJREFUeJzt16EBwCAQwMAv+68LpgaTHVpxN0FsnrPfAQAAmFlfBwAAAH9hDwAAgNgDAAAg9gAAAIg9AAAAYg8AAIDYAwAAIPYAAACIPQAAAGIPAACA2AMAACD2AAAAiD0AAABiDwAAgNgDAAAg9gAAAIg9AAAAYg8AAIDYAwAAIPYAAACIPQAAAGIPAACA2AMAACD2AAAAiD0AAABiDwAAgNgDAAAg9gAAAIg9AAAAYg8AAIDYAwAAIPYAAACIPQAAAGIPAACA2AMAACD2AAAAiD0AAABiDwAAgNgDAAAg9gAAAIg9AAAAYg8AAIDYAwAAIPYAAACIPQAAAGIPAACA2AMAACD2AAAAiD0AAABiDwAAgNgDAAAg9gAAAIg9AAAAYg8AAIDYAwAAIPYAAACIPQAAAGIPAACA2AMAACD2AAAAiD0AAABiDwAAgNgDAAAg9gAAAIg9AAAAYg8AAIDYAwAAIPYAAACIPQAAAGIPAACA2AMAACD2AAAAiD0AAABiDwAAgNgDAAAg9gAAAIg9AAAAYg8AAIDYAwAAIPYAAACIPQAAAGIPAACA2AMAACD2AAAAiD0AAABiDwAAgNgDAAAg9gAAAIg9AAAAYg8AAIDYAwAAIPYAAACIPQAAAGIPAACA2AMAACD2AAAAiD0AAABiDwAAgNgDAAAg9gAAAIg9AAAAYg8AAIDYAwAAIPYAAACIPQAAAGIPAACA2AMAACD2AAAAiD0AAABiDwAAgNgDAAAg9gAAAIg9AAAAYg8AAIDYAwAAIPYAAACIPQAAAGIPAACA2AMAACD2AAAAiD0AAABiDwAAgNgDAAAg9gAAAIg9AAAAYg8AAIDYAwAAIPYAAACIPQAAAGIPAACA2AMAACD2AAAAiD0AAABiDwAAgNgDAAAg9gAAAIg9AAAAYg8AAIDYAwAAIPYAAACIPQAAAGIPAACA2AMAACD2AAAAiD0AAABiDwAAgNgDAAAg9gAAAIg9AAAAYg8AAIDYAwAAIPYAAACIPQAAAGIPAACA2AMAACD2AAAAiD0AAABiDwAAgNgDAAAg9gAAAIg9AAAAYg8AAIDYAwAAIPYAAACIPQAAAGIPAACA2AMAACD2AAAAiD0AAABiDwAAgNgDAAAg9gAAAIg9AAAAYg8AAIDYAwAAIPYAAACIPQAAAGIPAACA2AMAACD2AAAAiD0AAABiDwAAgNgDAAAg9gAAAIg9AAAAYg8AAIDYAwAAIPYAAACIPQAAAGIPAACA2AMAACD2AAAAiD0AAABiDwAAgNgDAAAg9gAAAIg9AAAAYg8AAIDYAwAAIPYAAACIPQAAAGIPAACA2AMAACD2AAAAiD0AAABiDwAAgNgDAAAg9gAAAIg9AAAAYg8AAIDYAwAAIPYAAACIPQAAAGIPAACA2AMAACD2AAAAiD0AAABiDwAAgNgDAAAg9gAAAIg9AAAAYg8AAIDYAwAAIPYAAACIPQAAAGIPAACA2AMAACD2AAAAiD0AAABiDwAAgNgDAAAg9gAAAIg9AAAAYg8AAIDYAwAAIPYAAACIPQAAAGIPAACA2AMAACD2AAAAiD0AAABiDwAAgNgDAAAg9gAAAIg9AAAAYg8AAIDYAwAAIPYAAACIPQAAAGIPAACA2AMAACD2AAAAiD0AAABiDwAAgNgDAAAg9gAAAIg9AAAAYg8AAIDYAwAAIPYAAACIPQAAAGIPAACA2AMAACD2AAAAiD0AAABiDwAAgNgDAAAg9gAAAIg9AAAAYg8AAIDYAwAAIPYAAACIPQAAAGIPAACA2AMAACD2AAAAiD0AAABiDwAAgNgDAAAg9gAAAIg9AAAAYg8AAIDYAwAAIPYAAACIPQAAAGIPAACA2AMAACD2AAAAiD0AAABiDwAAgNgDAAAg9gAAAIg9AAAAYg8AAIDYAwAAIPYAAACIPQAAAGIPAACA2AMAACD2AAAAiD0AAABiDwAAgNgDAAAg9gAAAIg9AAAAYg8AAIDYAwAAIPYAAACIPQAAAGIPAACA2AMAACD2AAAAiD0AAABiDwAAgNgDAAAg9gAAAIg9AAAAYg8AAIDYAwAAIPYAAACIPQAAAGIPAACA2AMAACD2AAAAiD0AAABiDwAAgNgDAAAg9gAAAIg9AAAAYg8AAIDYAwAAIPYAAACIPQAAAGIPAACA2AMAACD2AAAAiD0AAABiDwAAgNgDAAAg9gAAAIg9AAAAYg8AAIDYAwAAIPYAAACIPQAAAGIPAACA2AMAACD2AAAAiD0AAABiDwAAgNgDAAAg9gAAAIg9AAAAYg8AAIDYAwAAIPYAAACIPQAAAGIPAACA2AMAACD2AAAAiD0AAABiDwAAgNgDAAAg9gAAAIg9AAAAYg8AAIDYAwAAIPYAAACIPQAAAGIPAACA2AMAACD2AAAAiD0AAABiDwAAgNgDAAAg9gAAAIg9AAAAYg8AAIDYAwAAIPYAAACIPQAAAGIPAACA2AMAACD2AAAAiD0AAABiDwAAgNgDAAAg9gAAAIg9AAAAYg8AAIDYAwAAIPYAAACIPQAAAGIPAACA2AMAACD2AAAAiD0AAABiDwAAgNgDAAAg9gAAAIg9AAAAYg8AAIDYAwAAIPYAAACIPQAAAGIPAACA2AMAACD2AAAAiD0AAABiDwAAgNgDAAAg9gAAAIg9AAAAYg8AAIDYAwAAIPYAAACIPQAAAGIPAACA2AMAACD2AAAAiD0AAABiDwAAgNgDAAAg9gAAAIg9AAAAYg8AAIDYAwAAIPYAAACIPQAAAGIPAACA2AMAACD2AAAAiD0AAABiDwAAgNgDAAAg9gAAAIg9AAAAYg8AAIDYAwAAIPYAAACIPQAAAGIPAACA2AMAACD2AAAAiD0AAABiDwAAgNgDAAAg9gAAAIg9AAAAYg8AAIDYAwAAIPYAAACIPQAAAGIPAACA2AMAACD2AAAAiD0AAABiDwAAgNgDAAAg9gAAAIg9AAAAYg8AAIDYAwAAIPYAAACIPQAAAGIPAACA2AMAACD2AAAAiD0AAABiDwAAgNgDAAAg9gAAAIg9AAAAYg8AAIDYAwAAIPYAAACIPQAAAGIPAACA2AMAACD2AAAAiD0AAABiDwAAgNgDAAAg9gAAAIg9AAAAYg8AAIDYAwAAIPYAAACIPQAAAGIPAACA2AMAACD2AAAAiD0AAABiDwAAgNgDAAAg9gAAAIg9AAAAYg8AAIDYAwAAIPYAAACIPQAAAGIPAACA2AMAACD2AAAAiD0AAABiDwAAgNgDAAAg9gAAAIg9AAAAYg8AAIDYAwAAIPYAAACIPQAAAGIPAACA2AMAACD2AAAAiD0AAABiDwAAgNgDAAAg9gAAAIg9AAAAYg8AAIDYAwAAIPYAAACIPQAAAGIPAACA2AMAACD2AAAAiD0AAABiDwAAgNgDAAAg9gAAAIg9AAAAYg8AAIDYAwAAIPYAAACIPQAAAGIPAACA2AMAACD2AAAAiD0AAABiDwAAgNgDAAAg9gAAAIg9AAAAYg8AAIDYAwAAIPYAAACIPQAAAGIPAACA2AMAACD2AAAAiD0AAABiDwAAgNgDAAAg9gAAAIg9AAAAYg8AAIDYAwAAIPYAAADIBRGSB0hWyr2oAAAAAElFTkSuQmCC
]]></system-out>
    <system-err><![CDATA[SLF4J: Failed to load class "org.slf4j.impl.StaticLoggerBinder".
SLF4J: Defaulting to no-operation (NOP) logger implementation
SLF4J: See http://www.slf4j.org/codes.html#StaticLoggerBinder for further details.
Mar 26, 2025 10:33:32 PM org.openqa.selenium.devtools.CdpVersionFinder findNearestMatch
WARNING: Unable to find CDP implementation matching 134
Mar 26, 2025 10:33:32 PM org.openqa.selenium.chromium.ChromiumDriver lambda$new$5
WARNING: Unable to find version of CDP to use for 134.0.6998.167. You may need to include a dependency on a specific version of the CDP using something similar to `org.seleniumhq.selenium:selenium-devtools-v86:4.18.1` where the version ("v86") matches the version of the chromium-based browser you're using and the version number of the artifact is the same as Selenium's.
]]></system-err>
  </testcase>
  <testcase name="logout" classname="com.orangehrm.test.HomePageTest" time="14.326">
    <system-out><![CDATA[iVBORw0KGgoAAAANSUhEUgAABAoAAAIxCAIAAABLq80vAAAAAXNSR0IArs4c6QAACotJREFUeJzt16EBwCAQwMAv+68LpgaTHVpxN0FsnrPfAQAAmFlfBwAAAH9hDwAAgNgDAAAg9gAAAIg9AAAAYg8AAIDYAwAAIPYAAACIPQAAAGIPAACA2AMAACD2AAAAiD0AAABiDwAAgNgDAAAg9gAAAIg9AAAAYg8AAIDYAwAAIPYAAACIPQAAAGIPAACA2AMAACD2AAAAiD0AAABiDwAAgNgDAAAg9gAAAIg9AAAAYg8AAIDYAwAAIPYAAACIPQAAAGIPAACA2AMAACD2AAAAiD0AAABiDwAAgNgDAAAg9gAAAIg9AAAAYg8AAIDYAwAAIPYAAACIPQAAAGIPAACA2AMAACD2AAAAiD0AAABiDwAAgNgDAAAg9gAAAIg9AAAAYg8AAIDYAwAAIPYAAACIPQAAAGIPAACA2AMAACD2AAAAiD0AAABiDwAAgNgDAAAg9gAAAIg9AAAAYg8AAIDYAwAAIPYAAACIPQAAAGIPAACA2AMAACD2AAAAiD0AAABiDwAAgNgDAAAg9gAAAIg9AAAAYg8AAIDYAwAAIPYAAACIPQAAAGIPAACA2AMAACD2AAAAiD0AAABiDwAAgNgDAAAg9gAAAIg9AAAAYg8AAIDYAwAAIPYAAACIPQAAAGIPAACA2AMAACD2AAAAiD0AAABiDwAAgNgDAAAg9gAAAIg9AAAAYg8AAIDYAwAAIPYAAACIPQAAAGIPAACA2AMAACD2AAAAiD0AAABiDwAAgNgDAAAg9gAAAIg9AAAAYg8AAIDYAwAAIPYAAACIPQAAAGIPAACA2AMAACD2AAAAiD0AAABiDwAAgNgDAAAg9gAAAIg9AAAAYg8AAIDYAwAAIPYAAACIPQAAAGIPAACA2AMAACD2AAAAiD0AAABiDwAAgNgDAAAg9gAAAIg9AAAAYg8AAIDYAwAAIPYAAACIPQAAAGIPAACA2AMAACD2AAAAiD0AAABiDwAAgNgDAAAg9gAAAIg9AAAAYg8AAIDYAwAAIPYAAACIPQAAAGIPAACA2AMAACD2AAAAiD0AAABiDwAAgNgDAAAg9gAAAIg9AAAAYg8AAIDYAwAAIPYAAACIPQAAAGIPAACA2AMAACD2AAAAiD0AAABiDwAAgNgDAAAg9gAAAIg9AAAAYg8AAIDYAwAAIPYAAACIPQAAAGIPAACA2AMAACD2AAAAiD0AAABiDwAAgNgDAAAg9gAAAIg9AAAAYg8AAIDYAwAAIPYAAACIPQAAAGIPAACA2AMAACD2AAAAiD0AAABiDwAAgNgDAAAg9gAAAIg9AAAAYg8AAIDYAwAAIPYAAACIPQAAAGIPAACA2AMAACD2AAAAiD0AAABiDwAAgNgDAAAg9gAAAIg9AAAAYg8AAIDYAwAAIPYAAACIPQAAAGIPAACA2AMAACD2AAAAiD0AAABiDwAAgNgDAAAg9gAAAIg9AAAAYg8AAIDYAwAAIPYAAACIPQAAAGIPAACA2AMAACD2AAAAiD0AAABiDwAAgNgDAAAg9gAAAIg9AAAAYg8AAIDYAwAAIPYAAACIPQAAAGIPAACA2AMAACD2AAAAiD0AAABiDwAAgNgDAAAg9gAAAIg9AAAAYg8AAIDYAwAAIPYAAACIPQAAAGIPAACA2AMAACD2AAAAiD0AAABiDwAAgNgDAAAg9gAAAIg9AAAAYg8AAIDYAwAAIPYAAACIPQAAAGIPAACA2AMAACD2AAAAiD0AAABiDwAAgNgDAAAg9gAAAIg9AAAAYg8AAIDYAwAAIPYAAACIPQAAAGIPAACA2AMAACD2AAAAiD0AAABiDwAAgNgDAAAg9gAAAIg9AAAAYg8AAIDYAwAAIPYAAACIPQAAAGIPAACA2AMAACD2AAAAiD0AAABiDwAAgNgDAAAg9gAAAIg9AAAAYg8AAIDYAwAAIPYAAACIPQAAAGIPAACA2AMAACD2AAAAiD0AAABiDwAAgNgDAAAg9gAAAIg9AAAAYg8AAIDYAwAAIPYAAACIPQAAAGIPAACA2AMAACD2AAAAiD0AAABiDwAAgNgDAAAg9gAAAIg9AAAAYg8AAIDYAwAAIPYAAACIPQAAAGIPAACA2AMAACD2AAAAiD0AAABiDwAAgNgDAAAg9gAAAIg9AAAAYg8AAIDYAwAAIPYAAACIPQAAAGIPAACA2AMAACD2AAAAiD0AAABiDwAAgNgDAAAg9gAAAIg9AAAAYg8AAIDYAwAAIPYAAACIPQAAAGIPAACA2AMAACD2AAAAiD0AAABiDwAAgNgDAAAg9gAAAIg9AAAAYg8AAIDYAwAAIPYAAACIPQAAAGIPAACA2AMAACD2AAAAiD0AAABiDwAAgNgDAAAg9gAAAIg9AAAAYg8AAIDYAwAAIPYAAACIPQAAAGIPAACA2AMAACD2AAAAiD0AAABiDwAAgNgDAAAg9gAAAIg9AAAAYg8AAIDYAwAAIPYAAACIPQAAAGIPAACA2AMAACD2AAAAiD0AAABiDwAAgNgDAAAg9gAAAIg9AAAAYg8AAIDYAwAAIPYAAACIPQAAAGIPAACA2AMAACD2AAAAiD0AAABiDwAAgNgDAAAg9gAAAIg9AAAAYg8AAIDYAwAAIPYAAACIPQAAAGIPAACA2AMAACD2AAAAiD0AAABiDwAAgNgDAAAg9gAAAIg9AAAAYg8AAIDYAwAAIPYAAACIPQAAAGIPAACA2AMAACD2AAAAiD0AAABiDwAAgNgDAAAg9gAAAIg9AAAAYg8AAIDYAwAAIPYAAACIPQAAAGIPAACA2AMAACD2AAAAiD0AAABiDwAAgNgDAAAg9gAAAIg9AAAAYg8AAIDYAwAAIPYAAACIPQAAAGIPAACA2AMAACD2AAAAiD0AAABiDwAAgNgDAAAg9gAAAIg9AAAAYg8AAIDYAwAAIPYAAACIPQAAAGIPAACA2AMAACD2AAAAiD0AAABiDwAAgNgDAAAg9gAAAIg9AAAAYg8AAIDYAwAAIPYAAACIPQAAAGIPAACA2AMAACD2AAAAiD0AAABiDwAAgNgDAAAg9gAAAIg9AAAAYg8AAIDYAwAAIPYAAACIPQAAAGIPAACA2AMAACD2AAAAiD0AAABiDwAAgNgDAAAg9gAAAIg9AAAAYg8AAIDYAwAAIPYAAACIPQAAAGIPAACA2AMAACD2AAAAiD0AAABiDwAAgNgDAAAg9gAAAIg9AAAAYg8AAIDYAwAAIPYAAACIPQAAAGIPAACA2AMAACD2AAAAiD0AAABiDwAAgNgDAAAg9gAAAIg9AAAAYg8AAIDYAwAAIPYAAACIPQAAAGIPAACA2AMAACD2AAAAiD0AAABiDwAAgNgDAAAg9gAAAIg9AAAAYg8AAIDYAwAAIPYAAACIPQAAAGIPAACA2AMAACD2AAAAiD0AAABiDwAAgNgDAAAg9gAAAIg9AAAAYg8AAIDYAwAAIPYAAACIPQAAAGIPAACA2AMAACD2AAAAiD0AAABiDwAAgNgDAAAg9gAAAIg9AAAAYg8AAIDYAwAAIPYAAACIPQAAAGIPAACA2AMAACD2AAAAiD0AAABiDwAAgNgDAAAg9gAAAIg9AAAAYg8AAIDYAwAAIPYAAADIBRGSB0hWyr2oAAAAAElFTkSuQmCC
iVBORw0KGgoAAAANSUhEUgAABAoAAAIxCAIAAABLq80vAAAAAXNSR0IArs4c6QAAIABJREFUeJzsfXmgHEW19znVPevd99zkZg/ZWEJYxQAGCaI+FgVFwPV9gsoTcEfRp4gbKm6P+ARB/XyI8gQXCIiP7QNCAg9CCEkgIcvNntzcm7vPPtNd5/ujl6neZrrn3pBtjnGY21NdXad+dU5X/epUFRIRVKUqh5sQBzUH6UGe6ofR3TS0k4a2Qt+bvO8NyI6YqRAd9wGg8R8i0H5H43qZT+MPxsDDLLS0xnciQOGz7BP0lOLD/FeI52UvXcSiib86NXHJyFVfF128dPfWwuUp5VQnQPGxPnC0FK2MGEUh8IujqKOJqV9l3GtArDWfOJbC1D+OrpjacfTANCCagXG01kAQCWKVYuH8t8ygOPpD0yi9l22KFeEDx8psM4iUbZlePtavbRazrsDHBtPF665xsU3HzYKOvjTywrGcbfpUPbiPDYbjuPjYCjCtirdIv95TOgFWhwdVOZJksJvve5Xv+V/YuZIf2Gi6G2Oc4Olo0OXFqd3i7l4tAw8f3SCLwx6fLp2lOJ7duzLdIEfpAnbp7I/yqBLPblCg91Qxqb+XR9DhVlAcvXUpj6n7U3zgWP71qRWuolemo7g+u3TO4Vapxwbtzrq05OAalUuif/dnm85uUDDb9I+jq20G1d2nbQbFsZhdEBxttmlHoLwu4+hj7Vn6reFAtuko3aH2sd6PrXi45ds2A+ru2jID+9hAVlMVQ6rDg6ocpZIZ5Fuf5Fuf4FufoOyo6LRKOBqXl3lJF+OcndDFfpd3ty/wa8b9KRW8NsTSlJdgTnaMMyelimApTvCueXBdvDIaI44OTIPi6FYDYsmC6OIlwbsLuhpi4XxXbdBhc2Wvf3ccxe8lMS2Lo0Oxg9w194ejqGOAmZNgtlkhjsF08VMDFXRnD4qPDdY8K7HNcZ6dHhcfW4ltlvKx4vex+diqBJHq8KAqR7nw7c/xTY/Qm49QYr95EdHT3WAQVg8d73AX9+rv5VGqe1e5qx0jO1vevR7k4AE/uru9Qny9OB06jq1LVx5HW3YBRBwBBOrS+WX1KmZbgwf2+KmBQF0BB6YebaaMbfoPAgmmi0f6sbKzJbt3tlsPE9sMiqMrpkF9rM9u+lvjYy3AOHR0ZK9/r3RGK5htBvWxLm+NsdrmIfWxVbFLdXhQlWNC+Pbn+Po/8/V/Bq6A8PpkzPLKMT+ZD1eliXUCYTxeh5W5No+7PF+llTO1B33IMYZXtd/XZzmm1u11GJRzLYnLWHSvoOtg18r+c8BuDXqyj0F18borQKfW1iXyfJRHy3xrgrW8f3SpqiBBFFBBVzUog+5DF8+bzJh13zgGs80x+tiDY5tvqY81MXXXt3JdLMmDrz0IMhsWyCpFBSrRpSo+pTo8qMoxJHzd/XzNvXzXi5Y3Krq/PtF3w7dPRZSTwK5Wv60EG+TWnfXlcJ2FC+hqPdIHenm4d2GdOh6EyfRSGvlLqH+vlKm1PmuMODp0rOyVKdzl2YX11w1yamVt9IFCXALiWFENjBNT641j4G6Qmy7BbXNcAmN82Wb5OhMreqx+xjN5ZbNhNtu06VjGzxy0tQe2u1xyDIam47FaC2ZAFNg2jwQfW8kMZ1Ucw4NN23bPmTFZvFIdHlTlqBIa2KKuult9+W6bowF0f1X4d+Xui5XdEo5bF9Dx+vf74h+3SWfPyhiv14znK3B8WPOANVAG00pxFC4cBNY8qC5WvSrsypdipstj6qMbF1wX/ziK3wMx08KjgrPmzq5MKbUqb8niiDwQmgfFNivXxXavRcbNxx5k1tyPLl5SoY+laAOvnwA1rRRvomg9hWMgR7UckCugZFkhC/kkyycwm2C50cA+thJdvNpAxTiWss3xEwIi4CpxFZQ8KHnKZ6GQO5hPfEtFHB5s2rZb+yKOEKrDg6ocfULqS3fxVXfR0A7jijFjAO7uBp3uxov9wpJOuhLWfLy6QYG6dCVfmeLV8WHNg+riJWKPbEyBQJ5dn7F0BSrv0vl7ZZZBU8zOoWOlrPl4dAKcYtVxDIFAB5k1H99uUEkcg6w9GFfWPKguolSMo1gD9vyD2eYh8LHi90A+1kPHyoOUij9QvJk3T6WmKdTQSUz2oSEgVzEzzDIDLNXPituFl9VlXG3zYK8hGXfhKuVSkE1RLn0oHj+eYg4PzLGBJuYIoTo8qMrRKeqGh9SVP4ee11zcmFsXn/marEQAYRPVtyYYRhM/sbBB3K7duwZ9HQYNair1lHKqjwfD5y1GUah67kH5IYcfXTxVDx50J9ZAEDlkwTBlurbl0DRK72WbYkX4wLEy2wwiBzkgZIyzlMF08bprXGzTcbOgoy+NvHAkXtdJHXPV1hkQjgdU2CiBWmCj+6Xkfpbqr5574FfUPKVHKTXiI+lhKtW1B1U5doVve0Zd8VO+83l0ulpEK6Wsi/vL0+HWPY9j076PT5dOFB/d9BLu1eJqg3Xp7I/yqBLPblCgXkcxqb+XR9Dhlg/dXboC4x/fLH732aUbp1emo7g+u3SVzqL46866tOTgGpVLon8f/1kUN0wDBEW42WZQ3Stiap2l935KEBxttmlHoLwuvmyzsrUHfms4kG06SvdW+ViqaeYd8/mEuSRHfTymDE2AqiKN7mWj+1h2uKTufnXxo7trywzsYwNZzfiKWqDUMKVHD9HjxyTV4UFVjmnhO55Xnv0+7XrRtluRJszp7f31TRyLlUu53YCvGUEqfW28VXGxFc+clCqCpTjBu+bBdfHKaIw4OjANiqNbDYglC6KLlwRnZ3U1xML5rtrxCKIoL+44it9LYloWR4diB7lr7r87a3wPHN7j1zYrxDGYLn5qIJBtihmVUuytoz8C2KYnmmrHXN51MtW0OP3PYK4woLJhFk9INWkpnmdhQoaAYV6IKql6NdXIUy2S2hKRnTXMcgk2vEse3jXOtlnKx4rfx+ZjD5FQPk2jA6DkD3VBgkl1eFCVY134tmfUZ77H976iL89yuBtEu+tBMHtzdvdnOiR07J5X+uVRqntXuasdIztb3r0e5OABP7q7vUJ8DU4cOo6tS1ceR1t2AUQcAQTq0vll9SpmW4MH9vipgUBdAQemHm3GibpPqyxV2KBo2m2zYhzdMdWv2m49dLaJ00/DGadj14nQPgMbOiHeAFLId2UdOaIWID1Cw/upt5t2v0HbXqbuV8phqt1ZEkfte0Db5KEaPnmhOulkW56jeWWXGt0V7sywCCI4tuRGsSREGFPSk/M9U6RMfSRk8WrE5eFd0tAOLGSCDDUFxTxs85D62IMtRKP9R9Y0gjY8sC080ERbflAdHlTl6Bd1w0Pqk9+gkT3Fzr3NsaHdVZXtqiIG79aA+5DDl3jc5dklqpypPehDDn/9Mvf0PgNCyjG1JYccfrtbpXAZi+4VdB3sWtl/DjTkEBvEWHXxuitAp9bWtfV81BiHHGML1vL+0aWqggRRgMuQw03fMro7SxRMF5vg9NPx9MvZSe+FulZfNxx9kujnax7jq/7Gt646uD7WxFTLI9asTj+Dtx4nlmUkr2zmdbujwp4z+iASjLluBEAERETS+nzEtPyIqCuzazZLNEQksdAssT800A250Up9rCiBrFKT8kOOw1AoNUyJgUNdCr9SHR5UpSoAAOpLdypPfRN4QXNS6AiKcC4nEJgWd/fkvEVPHnwJJpRhat26s74crrNwlXfNxfSBOujuXVinjmMKWPLRnbUV3V9C/XulTK31WWPE0aFjZa9M4S7PLmw5NL0xHXPAkk8cK6qBwLMo5rDEYpveOAbuBrnpEtw2xyUwxo9t4vFL2OJP4eyz/db40S60aaX69N30+lNj7c56+FjxO4+38BlvV5umivdtzEib4rMALX05RCTiiACAqqKQypExWZIlJnHiWhJCpo8PAABgbnrLvJgiFl1K9Uv9W1h25DD3sZXMcB40ocwojRw41KXwJdXhQVWqokvhn19RXr6bCeMCZu3GOT2fpy8UHJPbTePUBXS8/gN1yv1KJV3M4F1Aj668Z/d0fFjzgDXgede4deUPAmseVBerXhV25Usx0+UxLZl7pbr4x1H8Hmj2T3iUMMdYcVemlFqVt+SKA9XK2CZrm4EXf50teK/v0hxDwtc8pj70A+rbXipRMDTttkmxJnXW2bxpmplRIq++hhOGIq0EQACEgGR6C+RcTaVSvb29Q4NDSiFfE4s1NTXV19bX1tWGw2FCfXgglq8p17+QeupCxX1RWapPPrAZcwlP2/Qp7u254ndlKds85HKkjBCqw4OqVEUXOrCx8I8v8F3/K64acK4g0Hv8xivTFmjk6qKYba3mwV1OWtrV+uzSlerOWq6OD2seVBcvEXtkYwoE8uzCunZnD3qXzt8rswyaYnYOHStlzcejE+AUq45jCAQ6yKz5+HaDSuIYZO1B4DUkNkyD68LO+gj7wPePznUF4yVqQf3vb/CVf/IzixvUNrkcVWedw9vmmDn05dRV0TkqkwGQEIC0NxECAVd5X2/f7t17evv6du3elUgkgGjihPbWlibiNKmrs6urq7m1HSUJ9AGFNqNOACCRcnr6zfaobBZIGu2RD7yJSs6fjw1om+VmJt0rLmhLfsvliIgyKjs8kL797W8fioJVpSpvtWBNG6DEN/9THxI7Tz8Q39fGXbYQJNduDbkNM7y7AuK72reUjG+uwO3avWupbo34vUS3ptTrsORTyqkeNFgr2CzKGIcc1uZSXhn3GvAcroxxFsXxi6+uqh1HD0wDollB0J1YA0EkSIiaWDj/LTMojv7QNErvZZsVrz0IYpsOYZd/l/3LV4FJPurlGBYmsZMuwHgDf+MZd7MIOnQU0OSTT+MTTzKv78/RSzXHE2OgrSkABogMAABTydTaNWtfevGlzW9u3r+/N5vNcaJIJBySpXw2MzRwgCm55OhwKpUiokg0KkkyAgISIgByQrYn3N6Q7q2VmV7qSB0Al9IDznflITj34AgRDEeBq4f5Ecvs4i8CwMCQy3Lq1qaG6uxBVY45yS/7LF9zX3FmwPA6Ns9jiRoSujWeXQchNmmcunTW3Mt200u4V4urDdhBtz3K5XLJblCgsUAxqb+XR9Dhlg/dXbp348nU+sDxrVlKK76v/aMZeBbFX3fWpSUH16hcEv37+M+iuGEaICjCzTaD6l4RU+ssvatIH7sTT7nUd5mqAvyVh9XffXYcfSxvnaXOvYBQH57159UX4icWjUR7lREgwfDQ4Msvv7xp46ZCLp/L5xXOAVElHopEQVXDEra3NLc3N6ZSiSzxaCw+dcbMefNPiNfUIiAAB+REqL3Kzkqtb43ocwioFuS+DdLI3nHxsS7Jg1iloXSlM5xvnRDv33M473ZadvbA1+HbVanKUSPSCVcom/6J6QEwKXkkID1w0xSyrivQvbY4p2BxTKJfRwAiEj4NBwhEhMVP0zEWuwg2H1d8CgmvDXOSw/gk6xUyV6mRlbcRsi3xLKcI6YudCqsuBFZN3XQv250lMCGw64JOrUXdyVo6f7q41TMAgdhx8tLFS3coNhMCcq498IGjB5pGj07AlOzAOnUpVwNoKAeeODras9YfMarEY+ZEf4r4Bhd08cKUrDr6fP2Xaclo1JQ/2yxqbcUxqG164ejHNj118apnq45lrZKK1VraNqWPV8cGgYWddikAKL/9twC26e1jKRRXuxaQNjcAlFH46sgsNOgo8wtDGB4YWPXyS9u7uyORUCaVIlLb2lpVribTGUWlVDqbQ9ZQzwmlTDafzGUHB4cP9A9ks/kFJy+sq6sHRIYyJz2+dk1s9tm5zTFZAiJistowGdNDWEiXt00fPtaQYru1W2UgH3s4jg0AALG+hQZ7DnUxKhd2qAtQlaq8pSLNeId8/GXG9IC+qSmi7mexKGDuBIegESrFT9TvMD71GV7jO5i3Wz+Nr0bexqc59WCfwih+orlvtXiHsVDC8iDjBzQKhsUyGqXU/wnfzTusAkX1xE/xOWDJ3VIyZ+mMC+I23MYnOlU3s9KLazzIVgAQkgio2LUS1IRiJQh3gDUJeKDphSOKODpoNieOol7FGrA2m2INWDG11roLjlY0bcmtOKILjuiBI6ANHguaNkxtd4o16I0mCrpbsHHDEUUcbbZpaffCk5yVLH4tVo/pHtz8iF/bdOBos00vHAHccUS7Yo6iu1llRbbJLv9udWxQmbDTLpWv+K6nj7W/aUrYJvCJJ1BdpwnPOmrJS3EARGAIDAC1kb2Sz+3aub17y6aWpsZsOsU5trS0xGJRWZY5V/OFgsJ5QVX7+wd6ensj0ViISdFwJB6NHejt3fzmpmw6w1BClBhjWknycnw9toLRPHismTdMrNw2S/lYN9uszMceZoLhOMbrD3UpKpfq8KAqx5xI8y/FaB0Hne0jIk461Umg7fNGpH8j/ROIgIxbtH86OVr8JOPTvARQZEeED509NP95MS6imAks6cXQQPFxZC+feAGIgHTdze9FZbX/EHnqInxadNcvgah2aV1c/3SmLiZw6EJuBbPgoasDIppkxdFFF+czLI8oFlzEhYLgaLnLkqvwhxuObjVQxBFENYval9DFUQPG1EQgHIPVQCld3Itn2iY5FLTi6Gmbnro7pmIqQNPFlq04WnUp2ZIttmlV1jDO0mi6+CUftmnVhZ31EXbuJ701r0oZYef9H3b21V4+VnCypWyTxxr5hHkAOjzbs9AXm4jIGIYQJeMfUxVl3769O3ZsD8lyLpsBooLCB/pHt27ZuXvX/sRoJp8vMIYcFUUtEBIhl2UJiDLp9M7tO1Y+v+LFF17MpLOcAwBDZFq2B+KTduSYaSVq3USK1Lq+X9x8rIttlrLKou6WSRSLjwV/Vnk4CdY0HuoiVC7V4KKqHHMiTTtHnf1uWvcgCZRZMZpIINT0L8LEKIoRI04iUj8tTTuIGfUNIYoZmJeNT3GutfS5B1rYjU6ZCMHdQtgmkh7uDYCIZCcwtYzIyMwaTCXqbg2rEotbTGToInyKOpbewclBRuvfvOLvhULregm6Gz+SgIEDFvFRJBZC+MWKo6mj/p0MZMG6FMUNTe/JdyuO6BZ5b+AILjiSHSgnjuJ/0OOSgKZFRxTbJ4q6uEcGC9M+ZMdRL76jItxw1NF04OhskkJLNtqnWMNORtyBKRUt1GKb6GGbQrMmEUfwwFFAE4WWbNFUxNQVTSumbhUBYLVNTRcrjuVs01F5Jo7YNoN94PtQlbGJdOX3afOL5m6nnj7WYZWm/6GOuRSu067kOd9QMwcYAKJEKgEnlAogy2pqz7bNr7y0Si3kQhLIcqhQ4Ol0UiXKEEqSJAMqoFJIbaytiYZC/YnRvsFRNVNQ8zlENc8pw7FvONHZ1TVvzmwIhUgvHyOEjXVzJ2bfCDMGCBSuUes65VzSt48Fu46O29x8rNBWnT62vG0eZiKFsKaBUiOHuhyVSHV4UJVjUaSZS5R1DyAAF3dT4bqvMocNYA4bDMaiGPnoGROMRVY/aMw6WR/uiG8uGX/vHt/sIjb2xW98s1XHsjHrjlhSrXdERb9uq+pSunitPdA+imsPxhit7rjL+MtvXGypmHX/OIIlZl1TzyVOPaAubncVcQTfaw/EGgBRXx1JvchgcIJe6yjcasCqY1A0y6cv2qYLmh666+MoS4YkuAUvXaxomji6rD1w6EIBdTdrzcRRK3hpNAW/ZLNNdtHXq3uYjoNIIfa+m5W7r9X/DOaXkOSI2jrDvK07H+KRMAIDRGLECBVAxrCQymzbsknNp+vralL7hjMqpLKFVJ4gGlJV4opaUBXGWBQkSo6yaCwSDkuyjLWhEGchGTmygZQynMrv3bVvzpw5kh7vg0iAgKoU2qZG57KcVja1tp0N70IlO04+FgXDCuRjS9jmYScYr68OD6pSlSNGpBmLWds8OvAmClwmIBnB/GAwfwLtBiB2q7w4Y4Gb1G/VbtCYPLBTLiJvJFKyxR8ttIteNjvLaMRpku3TyWi6sblCpoaOttGRy24SLkyzxk26zzZYFRCoZhutbE3imP3QV8IaKgosu2OewcrpCoqRQ0dvdkpgzceAo4BmKc7YpqOAKQhcuzeaYnbF4thxtM8ABMQRnLoL6tkq3qZp8SarjgLXLmLqhqaojFENZXG02abAput1bGIKjk8zIxuYjtkMP7YJDttEGzBuOIJQzfaWabdKB6ai/ymDpp4Q55+PYzv7DLc8K/3jm+pVd1PHvLHkcxQIW/hedsISev1psDUrVx9rxVRtnUGxZi2Nwmlb7UxkiCARIgEhKFocfphRc108m4yGI7ECyANDqYGUomCIcoUwqFGJamNyrRxura/v6myZOrWtti4WrY2Go5HGeE1ElrJ59YlnX1752obt299UlLdjOGQ2fCBAwO11s2dl1snaEcuReqppZSN7vX1sQNs035W2udkyPtY+ZXlYixTGSJxy6UNdjsBSHR5U5ZiU2g429e1K30ZAbdoAmBHfrC1/4toIwWTm9BGCQa9pntON4eAcES38nPlCB8uQg+yv/dLxlE4yxk6XezC1Il8rxEOLO+GAwW2b2VkZHe13O+PoORNSYjcJVw6pnO5FplZk38mDtXXobsna5avBYLnOhLju9OL6OvSPo1sNWHMUMC0xiyLUgJWNLomjjTl2xdSOo7WtVoqmO44lZk6sNWAFT7BNa4nAZptONB04krVb425rfnQ3zMgKgi+rtO/aJD7YMgo2Jib94OjcIa1Ej8p4Clv8ac80PgT7NskP3gCFtHzfvxY+/QjUto0lt6NA2JJPKa8/BY4248KaWzGlpilg3LYnDxSVGSAicZQAAUgFQIaAXInIUCgUckpmeDQ1NJwKs1BrfSgOvK020tVaN3Vy16Suzq5JE9s6JkRr6qPRWKwmjhGJMU6KkkrlSA7t7u3buntvMpltrqnVOuGMEJEREKG8tyBNDXOtMGq8WRrZ4zobpouLbfr1sU7bBJtt+vGxh6FEa6A6PKhKVY4Ukaacpaz6neZ6zJevKSKhViTZBcYCbTGUaKPg3KLVrUytmQ8JT/HwemIwsoUxFDlXz/hmMWbdwdYXc7V96qUqUj3l4ptF7tkzvtn9KfYasOo4TmsPvLp0Igks4mjy6I5VBx4x6yJC7mh6rj0ot4ZE1B3M2S1faw/EX6wkM9g0ckHTyfAJOnq2GUt31iyAJ44uLVnI2Imje5ux1bRgmy7xzYHXHtifUiyixTYF4rSEVQq2CeRim27QWapD193/2gMshaPwFJxxOs4+26OuywsmeuV7P0bROvXKu+T//ox83yeUTz4IoXjFGR4FwuYsYjNPp+5XyvlYC44UilHDRDPp3lCLvhWQ/npBQomBBKhwUqPh0MT29r6hFAOoi8gzZkxZMHtarTLS1RBqq400tzXXtzeHGxrlmjop3MDkmAoMCRVSETAUpvlzZ544f9aW3tdGR4dbOlqMTYdI21WIE/VE2qdCrz6YjTWTHEUlZ2oR1MeK9m33sXZP62KbZnaetnn4CUZqCA4c6lIElurwoCrHqGDXGRSth8yITqkJk6HGXIHAYFj4XacTNNgRsHRtq+ceVM89sKlXHseS8foWTMkOrFOXcjUgxKlXzz2onnuAgKdd7v2wclJIS/d+FPJp9VMPUetM5cq75Pv+Vf7v65SP/A7wmD5xmZ1xmdK9qpRtOnwsr2snfVhFWZUPRjskYAiIDLX/IyAQElEukwHO6+pqhxLZrs72eCg0d860k4+fRX27ajFbG8GITIwA1ZCEEUDGUVV5IcRDjJBxkkitC9H0iW31NdHhkVEjc0BAYKDNGg/GO7Oj+6ISAyAKxShSC4WsH10sF13SF9vt0XjugSBMglDkMD9E2SnVjU2rcowKa5oqTTjJPFcGi5uQixsye+6tbtxh3Vvd3F8c3FjsIvcDYNnFuXruQbEOLKqbWVXPPRAUAAswHjha0bQlr5574GWbApoGjq4TF35t04GjzTa9cIRDc+4Bq3jVAanyf38GB3YoV95FrTMBgGYsUi/9IW5bIS37eoV5Hi3CFr436LkHUNtmYjSogA4uMgQJERgjhhKAxEDOZ/KyLElhubW9tbOzvbWhFvMZUPKhSIzkaAFjiXwomYVcRlUzJKkK8jyQwlWFFVRUAYnLVKiPys11cVILiEzrtWul1McjgEOq1ldEAOCRhuq5B0EFw9FDXYTAUp09qMqxK9h6HO143mAiCAAQiRMwBJPhs6yvIj1iQLvbnKf3iqc0A20EYshkXq1FKTIu10tf/R6KnmR0Ha3+nvrcExp1wj6+k3Wu5T+8hAvsLICVuSwd5WyJfHEytZaAENeoUA/O1cLolNpNQmSSyseSikHc7hHb3msPwM7UurKtnvxxmbhY8uJ3fepO1husMyf697JrD1xi1j1mtzx0caBp2V3KL47BaqCULl7rSSw7OLm0GSs6ruyju+6mnQdZe2CrAWd6suLo2j49dfeYDRPWHkAJNF1092GbBDjjdKht9da2lEgPfw23rVTfdzvNWGRe5AsuwwNb2Mq7qW0Wf/u1JTM4qqWuFWeexreucsHRwzZ5TbMJ/DBGjA44Q2QMkSERIGeIXMqrhUw+XwBWUJXBoYHmUCgk1cvR+nROXbN+az6bRynU1FTT1dE2eWKmpa0mEg0pEBtIF7K5PDApFOJ1ciGr5CUJwrLEUCLgxRG89hpDPsLinZDWbSUcLzUbVsI2S1glWe3R4mOvinzneglWF265sWBme/jPGNhEDh/qEgSW6vCgKseusJaZUAz91cXJLroEQhpJ7XSk3qMqhv1Wdu4BvdaoPgwAAM3nsjP/nb3jXqnpY+rDTwACv3caFwpU4bkHb3tYXgz8tku5VWsLzauXqnruQRHT6rkHlvUkRpbW6hQToaMiquceHMbnHsw4HSoStuJOtvZv/JzP8gWX2X5Sl9wEAzukp34ETZP5vHdXlv9RIDjzDOx+BVxxdFglAEKkzkyakGqEyQYGiAgEDIlABUgUsj0HDuT4tiAVAAAgAElEQVTy6mgynRge7ZjaNWFSZ7Su4X+efm7Htp1EUiqZI650NNecNHPCGSd1TW5v6+3Nbtyxd9P+Xi6Hp0zsmDdtYv/QaEFRa2tqdRs12X/SG1EyVAeU1htYqMbl1VfUxHXY7G6Vbj5WaKuCjzWzKWebB0OuinzneikmXkmqj1yYWx4kj+rwoCpVOYIEm6aJ27QgWThEk1IEJyNiOCaBvC/mCsXtRcqyelY22klDDi7nj72L+HLpbbdL659QukvusF5ixx5btvp/jVROBtSZ3ubrq+ceVM89MGcYLEjqRQaBQXdnzV1qwIs194dm+fRF26yee+BcF4STTvR+kqewN5+Qnv4JP/5f1Hd+0bXO1Q/cgb+/SvrrF+j/TKKJ5R8h3T+TbQa6vFs5wXjE0xdKK7bC2c8Wzp9cQQkrE+2hYjHGIjj5+KLxe4nwE0Vqzb8zoVrGGGOs2GsHJOLIkAgz2dzQcCJX4DJjs2fNOG3BidOnTV7z2msb1q2rb2rt6JzSPzi0eduOwZ1DwwNDbS01U7qm7dixdcOaNwdB6Zp53OTGCTWhmnxOYUxqaWkxyoHG/7ShLGbC9ZDr1VtZKOqpywf/FD9tGu9ejTNPRQA48IgCF8ttAJBUH31XbjkA3hz90cV6UHvfo+mf/IDgqsitN0iwWk2cKrUDwA7lpg/niQi/Hv3xRQwAMjt4sX5I/swToZm1AMU+etE2z70jdvGp0P3LzF33wxV/jJ8+ja9alH1Av665J/0KgJYAAAB2KF/5cB4g/JWVcvsO3jeNtUP6K4sseu17NH3XbcU/r7gjEgx/QCYdcRMe1bUHVTl2Bes6TfrBFkNpBEUaoaJCfDOQM4bSGk1sjQnWHmUnW4KsPaDHH6DsVDgeEIF9Ymfo+qWAgLBU+vZO+f0PSF8bDn1tGQNkZ9wj3TQcunVY/tZO+bJr9fVr+C7pE2tDtwyHbh0O3bxWfte7pE/sDL37XIieK906HLp5mYSIzR+UrtkU+vZw6DvDoa+9LJ0xDRERl8rf2Slf/qD89eHQ15dJCx8MfWetPNOMb/6gfNOwfMU7RHXF+GZAQQH7FEYxtltM5SRJi5+WtQeA5uS3LYlLRKxbXKwAqHdcrD06PiCObsNGiy4g6OKsKeO7uTLA1tYs0eri2oOiDmXjm9H6BF84glN3EGrAeocb8e0oujVcXtTIM74ZLNVQFkebbZq6F+vYLb7ZhqkNTFMxLzRtmFpq2cfaA5sOtiZsx9H4RCumwo9YHk2A9hkentJTcM8a6S83UtdC9bKfeSaSQsqHf0u1bfIf/xWH9wR9xNEh2DFTRLP82gMpbJpWTo4bNxhDBEQJmYxSmLAhGpeYrKi8rq523pzZ8+bPPdDb98IzT6dGk3v27n9j04ZQVD5u5lRJooHRZIHFm7qmTp51XGvnpJwUGsnm0smMjNDc0jRhUmddXR1jjDGJ6euTdaeAiDlZI88RtJOAPX0sAACr78l+bZFyAKDtYmn0l5mvPsqhVjp/aQgx8uWLsfuXma8uKnQnof2i6BXGTbE58NKizCOrCaZJn74KEMNfvohBUn1kUfqpATQffu5SeWa/8pVF6Zse5VArLbnDx+l9V0WWnIqZ1YWvLFL6gJ3+x7A2kDh9GnX/Mv2VX6qZafJ3zHymwc5F9rHBuAg78lbnV2cPqnLsCqudoHF72noDrnF7HBgzacHiUcoABvtoTGkWOVSPSEpOxSOQHLv3WCceysTfPwLp72HT9UC/tKZswJmN/MlL1NXLYeZS6cKL4Y1rlb8/iCd+j/3Lv7Oz7lFeAOlj97COTfxvl6jrd7Iz/8Amd6i/n6qetSy0GNTbLtFYGfb+paz1ZfWeOXzvSezye6R33wtbz1UHtfwb+OOXqKuXE3wML7gDTjsXup8jQFj4QYyv4089R2BnXqvnHpQhCN1qwD6LYs4wVM89qJ57UMyoGLN+MM49wIZOz1/dBAd3yn+6BpjMF30Kd60GSabJpzqyVXHnKwDAz/2s9Og3pD98XLn2bxBtCPQgUYyZhJtpxW0IADCLrntcadd+fFa+9ZMIAM03q+e9If11mTbhoN8y+xLYvExP3/eF0F+XGVlewm/5uap97ftN6M7bAACab+bzLc/V5jTs6f1L4wSx0Zc/90AKm0kVjEqABCQxAiREIGQScQ48BGqcy3E5NphLcEVpbK4HBr29ve0tHQWKpxRq7+o84/SFHY21r6xYuX7V2tGhRD6fn3zCtPjWncrocBYpwbM9w4OR+vrOibIkMbMcDBEYM2bKgGRtPRwBADHZdTbMFL7zB0RAo0loA77xTwRXU0a7m3I/WQT0teiPVxrMtLkIo5+eJ4IeuhhY3TSAr7F2gL5nc88D0At8yal653r5jZnlEPrM43F9AsG3xE4NfeeOwrcWaacPhObPQUiqG+4HAL7vE9LMFsMwdvAHgkLrT9Db9A5XORqGBwQ0WkiP5tOJQjrPCwAgM3lSvKUpXHeoi1aVw1sitcUwRyrSiCRGRGovTgbFpQNmyCSazKB1v3whvhlAiFa3xnZreRd7F2WCIkwuSbtgFG39u/irCAB4xoWYfFL9+18AgNZ/k07+KJt9A77YiJMbaM21/PVdiEgvf0x9yYh6LlLv32VdQM9fSvsQcT397T6a8118xzR8CACA1l3IX9WU/IO6/Uvy9OslWM4B8JRzYfdP1CExvhmtleke32z/FKWYFC19ouq5B9VzD7zerV5WUya+OfDaA/tTxGmio+bcg3iwXjtbvhQywwAg/fk6AIBYY+Gm1fZEhaz8X1cXVRncwV6+j5/72UAPchF9bAAAW/HOL0i3/FyF3fLST+oXB2+Tnpllv2XzMgCA5g9y+I0wNgCAZez+S9WrFgM8K99pBJAM3sZWFFMIYwMAWMaWHk83XMMhgGC8wWW5iSYeOFoaGSJD5EAMQCLQjk2WgVM+uXb5s7OmT4nJOJAYyStcDoWnTGydVLswn83t2tfb0dnR0YA1oaw6rT25t6lv347MaD7UUH/xpe85ZXAoJIeaamujIVr95hZJymNI5hIiMAnNSD8wmjiJ5RZ1cdomFl8y5rya9sfV0W9fz2JAryzKwB9jp00zc4LMAAl3iU5AXO4HH/pj/LRpkFlduOlFduv1EpiJStT9/bnXL4qfPg1ip4ZuXxnKrC5860asqwUA6eKV8YuN551bMo9jUo7s4cHedP+Kvtef712/aXT3cD6ZKGS04UGEhe8752untlSHB1UpJRip4xyQiZHEHqIzr8UBg7XTYDDQ4MIGmR3mMZx7cBHEgbb/EsgkSLXHjcCo/p2FI9B4sfTtoeLt/bOJAMIjMLTTEjltW3sADcBykDE5oKWU/C5rvIhIy9+kKwGefoJuvALfTvTCN6XOEfrHT6vnHlTPPSj5FN8zIUINWCyqtC7is5w1YMFR+F4998Dr3APJR6SGIHzB5dCoLwbAnS9j75tuqRAA+Lx3Q/tsvchz3hnoKe7SfLN6wzUcdstLF+PgMnz95wA/w0GT2t8tL11s77XqtwAA8Fuu0S9q0wX9WxkshqdvQ3vOWqJncXPxdvb0hdKK29jr1/BAaxKkkG32wCKCVerdcDVPenwRybyAsmywTYRMH+VxUiMMO5pbjp83d2TtmgLUDfT357KZ9taWVC5V19p+4tzpKle5omZGE7lEoqAqEZJSo8PtTQ2R2kgs3llQKBILM1AYYm0sHpJDnDEC4giSdqqC9spBzrRz0LR2y5VSumhvFstbxvjr7LMwBtS9NPMAwRX678WkYP+KdZ0yQKG4WxeEp0wD2KF868YCXBURnldGHvhw+gEAuDl6+0Usdqr8mauURBLawba8OHymDxwrloO8evpgyBE8PNiW7PnI8tu2JXvMKzPrJu5L9Wd4/swJ805udpAHVamKTZAZDJvJ6TMLj2wOGwgEOqTYaylyqC5sq87bgcEVGsSQ8N14VGmGEi+8AsOb+AZx9sDOGVM+B4MPqnd8SgxqQPwu8AZoACttWKSYERBgBHgEYmiEJV+PtUC7H0WcA0Zx9XfB4E20+6Ns3pdZ4wWYflldY5k5MRlKk/AhkV72ZM6EynSw4EYkNQm5WJlmK0crZGSGjBf1FZMIXTr75kwuONpmD7xwNMd4QrOwqSQybZbaITJqwJtvFpEVZhssgWoejL4tuQdrbpkhKRqBc5rAQuzbFRVbssc8gOsskPuuTZYNfRw42rrWaIJgMSlxRss5C2TB1FFxaHuKG3jCZcsESalZoDI4mv7FVhxzAGpH0zkT4pzTK2ebaiHQCIGmn6VOP0v7zpb/p+Q6PCAVAGj+e/gJF/nPufyjz9M6+pOV8y4J/XUZ9u5msAEA4OwvqsJ1yz3zL7Ty/UYkkiHYt1XMmc+fJa3YCgDQtxW1GYlbbzPjx7F3N5wQZJ20WhAZd3E3HlfbBDUPktYBxijP5jEOiAwZInIGAMg4QwachdonT9+0YfO6l1fPW7jguMlTohJTkGXzeXWgvzYixcKhHCeJQTqRlBAXnHaaHAYJVKXA4zW1JIWICvl0NozsuBkzZcZUQIUxQuJETGvLRAAQUbWoHAQgUAvGUhaHbeqJbLMHxh8reuBiwPrpiFeHj9eWBaMwNyBOHvyQ913M2udI50AB3s5iABkABEokob0VzwXovEjSLoqy3IxNgvDUacbVm6O3X8T6Hk3fflt21Qnx06fR4P2F/WfJM09l86+C5aDvmvqtGwOgWYHwwPFoh1yO1KXJm0Z2f/rFX2hjA4Z4TseJn5l9EQJmeL45UnfziVdJeKSqVpW3Ujjo43qN8CDipP2XNFqDuPbVoEDE7zrZYX6SSYUYn2bmIr2tfSfhnxerrW1s+p4npDNm09pv8m2O9ILQy49T/bvYhR8AAIAT8T1/YGcR0b/TniwuWMamTSEAPONe6QMfBSBKZyG6AN9xEgER/DvtATz9YZxIRFPwso+ivI6e22EyNqIuavd6mHwJm3US7b6H23U3Q/gBSnMlNhW8dDd/LiYwKtlW+WD9tOABRBZIqaiRSWuVw5HsjygW3CybE82yuhfvsuQq/OEoBrnXAOlNzFCKrJ8ldXHUgDE1EQjHYDVQShf34hEYFulQ0Iqjp2166u6YiqkATRdbtuJo1aVkSyZBEZuyILZmT41c/JIP2ySA9Ii3qoeXYO/uym/u+03o1pmhpVv5Ld2F626uNJPuYOnTIy44etsm5pJm46lVU1oe5tZF2tHJDBmEIi1TJg+ODBWyyTBgZ1NzCDCZTPQODvUPDo0MD+WzGYlJUrSmP10IN3fmIdY7MDo8OJpKJzlXgApcySlKvqO1pbm1KSQZZzJr5BESAEfkiFSjJLXCAAAWMrZiW1olGKZqfjcrgX6gdCeh7aLYj66XIEkA2HSl+LPQMCn/k1+qmVp28cr4khYyhgGFu57lUCtdvDJ+WitlAGItVnbiNrU7Ce0XxW9fyWCHeTH7yGpqvyh++8r46dOg79HsAwDLb8ys2oEzr4/ffr0U06YjSsrEi+K3ryz+O31OMPQB6AgcHhypswe/735i/dA2ADi1ZfanZv/L0z1rfrv1nwWuAsBHZiw5sWn6oS5gVY4M0akPKhLzxRUD5qdJQjJh0QAUmdDibVCMbxZjSS0spo9zD/DkYflk4yGj6+i5j6nLnwAoFhJspSCCbTfyx6PsvKXyWfcAAAwv509PQ9zJH7oB3vd99rG1jAFkd9LqPwAirr2JH/8wW7w89M7N/JYz+d9vgPd/X7p2WGIA6c30Px/jQ8UVCpZCP/sHOuMObF7H73vewVM6mVorH6ZXePXcA4Plrp57IM6TOHEUPx1TF2BB06GjSyOw4hhw7cGxcO4BjfRgXYXHogFjwBXc8ZL9eiGj/+pbqH0WbN6Kz/yGnaAR+c+yFVsBgDoEtn7D4+z8azjslp9Zpv3EYb4EW2HFz6Tzf64a191Luv5BMCcT+t7weK7+UACA9lkEgEJsUgVCw/utkDv8j/XcA8wloE5bKY61anLQnBlDlAAlQgJUUFJlqpvQUd/cOHFCZyGd3rt9x/Q5M/IFdXA0V8PyI4lkLBarjUf29Qy9vq9/R2/ije27j5/SfNYpJ0+fObW2roEBcJVUJR+vrUlyWQFExhgS002D9JlbBnVqwiwqFjLOt6SuyV8+nPmL3uyUuy9U9N/vz3/7fv2rftGoFgBE0H4lQMTbsjfdZuR6f+6W+21+FfC23E23WWzTusSpcNeFLh395TdmnGcU6BFHRcnfvijvjt79uW/dXwbgsqJ45H0YyxE5PEgrudeHt0el8NXT33nFtHf8ZefzD+9eqY0NptZ0XDblbPe96KpSFYdwTtqyY3N+lKi435AmJOxGUvzTEXJgOqtiDGUl5x4sVX/0S0uOQjAMAfDfT1X1yzeo377B+BGQiL98La0SeteaDDyo/vZBB3GxQ/3TAtV8yuCD6m+caW5QvnWDRT0AgHtp6Mc4sEwdMLdCKR/lXD33wGw39h17xE+PtQfVcw/8olk+fdE2q+ceuKwL6tsGXZUcfQAA1Hk85JLiKmTLr84djbyFn/hBacVttmAegEtIjPW3/Kr99EV6ZhkOLmO3LmMA0DwLYKs9a1FWLA6tsFzg59/MVnwS7c8FgMU0G3CzeF3cLsmXUG930fg9ExW/YmoQWvW/G3gWtF4wWkaHDJiCIMVjU+YdX1dbo+bzfb09XdMnhsNhDvJoMjk4lKiJxyK1dX39Bw70H0gkczXRpmhNXV19U00sjqrK86qq5pRCocCjKsoEjAEiaduWMqNMhMTrlQwwo93mk4F0AU/bRMGwAvnYErZ5uEp1ePDWyFA+MTHWcu1x7z25edaXX/n1C31vKKQCQEe06Y4zPjun4a07OaUqR7qgcfgLCjvDCASjsWeRltqMB7YecCl08EHgJnXGTk9Enoymla500N3W8GBXltGYvyBwi2+289N2NlfItKilLnausfl2nDRKD/8UXJhmS3yzpYLsCghUs41WtiZB+636SlgxttvsE4EtFtZSA4Ji5NDRc+2ByJoXy0VBcRTQLMUZ23QUMAXH2gM3NMXsisWx4+hz7YEXjuDUXVDPVvFuxLdBOwo6eqw9cENTVKY4bC6DowVNC5uu17HrGhIbpjYwHbMZfmwTHLbpvYZEtM3ic+0t06ajiCNa/I8FU3c0gfaux1MutavqT2jmucq/PQ6pAZffWqZRXUeAvNqvKdwyy7IwwMncWzY2/bm+3uCG3+p3zf5t4cSHQ391Hx7w83/DNujLjunyblo/k21+kPVdw9sXK9fdrG9sCpfQ2RvQmEBQr+oGYfMiujzY2AAAaPcblrUHrj5WxDR5wEzSJKnaMjnU8EQikAAIgcvIKBRumjq9pq5m37at+/fvSaST4XC4ri7eO9Q/MJyIRlgsHm2JyacfN1WVonPnzz1p7qyOpkZJJiVfAIkrhVShoORYCBhDkPRjfYARml12AoAG1FgpBCCWS1jWHsAYbNOym5bHWiAXH2ufsjz8hfLZQ12EwHJEDg9iUuRLx39wdn3Xl1/59fLeddrFuBz5+klXn9k271CXripHknAApq0KBdJ2MTJZOI3KsPYmxR4ZGhMNRYYDnTyr+EIXXKelK2BlAd3FScbY6XIPptaxw7rBXIqx0caciJGdldHRfkcAggsuwOHnlDVQaiakeu5BaRzdasCao4BpiVkUoQasbHT13AMP3rF67kHJcw9o2yrPX30Itc2CtvHaEWSxckvp4P4LFXP3IU30Iwt0Xp89XTzjlp//OD9fTDpZuUHI/ITu4sRp+zUFMVvhLvWq7rEEj/Pul8VGX/bcA0j0YSFJoVoAijDWnNmfqJ+o9YiNLbWZPtpgCDU1UXlCbDTRyNVINC5JUFMXh5A0nMwCV6KRcCwUnj11Yk6hUCYxsGfX0O7ttQ31jRMn1tRHVVUtEMujDCgxM0+9nXAARORNqf0RvY9OWEhjbtR1NkwXF9v062Odtgk22/TjYw9D4SoUcoe6EIHliBweNEfqmiK1z+xf+9rQtvd2vW1G3cRFbfMWNs9qDAc8KaMqx7yY7AQBmMekGpSiwLAVt8PB4o3GJiwg7JcvMCL2aHUb427mozs6166JWUxhb3VLf0HgXD3jmy375VvJWWtFONlKkeohQvjzyXrkqNfe6uXim92fYq8Bq47Vcw+q5x54dWu9rEa4zX0NScC1B/an2F2D+VSTOD3yzj2g7asg2Q+1lSw/wNEe6f5P4f4NLhDNPFe58k7Qz9U6aKKtEICteOdMY/elWXTi4RFKkOiH7lcCnXuAhQyO9FDrcVrSCbneBEzUkptnLZt3cwpRWKqZMJmARaK1SJlQXJZrYulhRR3NNgwmW5obEHK14VBbU01jbTQSjYXiNSwkE5ACmMNIASKITIzKFga50JHeD0wfarLMMCp525QuiLeV87GWtUAl35iutmlm52mbh59QLnWoi1CJHDnDg3yKlDzGGrSQOCS+mEXOwUba+QZXV2Pja6ztOJr3XqyfeKgLWpUjSYiAkJDrQURkdCXIONUMxFcoGS9zkRjkele5NBuk8yxerJ7Ze7MUznwKCRO1HlHOHmyrnYn0Yl9KOFlbfDPocw9lYkOr5x5Uzz0g3zMhLrNbvl//ZVqyL9t0Q9OKY1Db9MLxcD73AIGvfYwt+pj38zwFN/wT+7fxdzh2h1TzbMVduP1FOu68CrINImJoEEBFIUAHSfiax6j0yig3H4uDO6H1OO2GCSy/lasgydovlvhMAATgLBSpa+L5rBSLQDYZDmMoEk4rvKBAjjM5Emtvb4uFQy1tHcMjyfb2qfHGpgKjfC6hqKRAmKNsWbGJgIRaM2FcbYOcSWJhesBm2CV0sVx0SV9st16rm3z52MN7bAAAkK0ODw6KEN/zqrr1Wb57NShZbJjEpi9ikxay1pkQa8LO4wkR9r/ONz+lvvGouuExaf6/SPMvwkCRjlU5tkVbdSCsQAB9ehXRQq4K/s1kgHRWA13ZVjvfbDKaGPDcAxtD49hb3UxiZyhNCheKnQBjKALWoBEPRt87ytmToTR/rp57YGtndhzFy1qEG0Epvlmk5T1j1t3RdI9vrp574MDUUXHH0rkHAPTKX6Gi4QHkMxCKqos/Z7+eS7AVd2EuNV5dOEekkCC20KDDRvjLf0Mrmn7WBbHBHZQZ5LFmAJAQpwy/ubv1BERtdYDYVFAGRgQ8EpIb62QZgWFUlmRZyhFL5rJ7B4eitZGO1qaWhrp4fW2opRXq6ykkK2o2p6gZRVFCIUUOy6RFFhlLPPRGgZOHNsq6XRHLJaVUfyW2Wenag2A+9vAUNU+59KEuRCVyeA8PuKK89Ftl5Z2US4AcxVgDJfarW57GaL108hXywiul4y+Rjr8ElBw/sIVvW668cm/h6R+qG/4ROu8rbJp+XAsRDQ4OclVtbmnhnG/r7s7n8yeedJL26+jIyJ69e5OJZDwea2/vaGtvE/cGGBkeLhQK8ZqaWCy2f//+nn37VJVP6JzQ1dVl2UIAoFAo7Nu7d2h4WCkooXAoHA7LkkREzc3NrW1tujac7927d2hwMJvNxWLRyVOmNDY26oUE2pbYD0AT4y0xqXgaYE4t7MsMKFydVtuxLzOQVfIauakSD7PQxHhLjRwFgAPZkW3JnpObZkbcDrVZM7i1LdrQFW87CAgd8WJMAADT+tlInANjoJ2BgHZyFAGIm519N4aDiysQrEyk0U0H8sm4OApaTGBlZ/U/vNlKN0azyFVZmVpLQIhrVKgH52phdErtJiG+QsrrLrJu7hHb3msPwM7UurKtnvxxmbhY8uJ3fepO1husMycmwGXWHrjErDufUkoXB5qW3aX84hisBkrp4j5TRNYdnFzajBUdV/bRXXegYh+tUjSd6cmKo2v79NTdyiNbbdOkcT01ctHdh21qj9+2ijavwNlne+vsITXNkEvIv3fsXKQdi1bTEjjDo0X4ppW8e5XTx5afbS5ksH8bTG7S0nRRch9XiEVAn9wuDocZqBwZoCTHaiCK2YQic4hHwiFZGs4Wtu4dRGBNtdHIhLZwPBaNxqUIAmTUXHY0zbNYR1KtxGViijE4N0uGjOcnFUbMFsSS+0HJGubiMRtWwjZLWCVZ7dHVxzrfgEeCUHr0UBehQjmchwekbvxnYfkdoGQx1iif/gmccDwgUt8mdef/Ki//XxrYFn7/fwBKIEdY5wms8wRs7Mo/9g2+b23+HzdHrr4Xm6YAgKIov77zrt27dn7vttvWvPrqj3/4o2g0+vCjjyDirl27fnv3PevXrUskEplsdsGCBV/6ypdnzJxpluDBBx9cs/rVj378Y4yxu+/69Wtr1iiqMm/e/Gs/9al3nLdYkvRdzgqFwt/++teH/v7QxImdsVh886ZNwyMjc+fOTafT73nPey77wOXaWOLJJ5649/f/xRjr6Ojo7+9v72j/5DXXzJk7FwAUzm94eSkR3X7ap09oNE/7gz3p/ptW3z2UT9x/7jduf/2BtUPds+u7ptZ0rBvaNlJInTfh5M/OvbQhVLOy7/WfbnjwnrO+OLdhiq0SE4XMZ178xXVzL/nEzHe9VcAdWYJmQBFaAoEBzRUIAjWHxoYOBrUBxtyBhRoyKVkxvlmPS/Jx7oGzkJaYdQ8W2Y2tNJ5qltlG+pgPcNK8eqncd7Bxi1Z3MrUWPszQpHrugYFj9dwDcZ7EiaOzSTqnKyw17GTEHZhWzz3wXhekZcaf/bUUfHhAs9/Jt72Azp2LUOKnXElTTgua4VEj/Km79UVtXjg6rNL0P1Lvm7xjDoXrADCEMGPgje720wGZlgy1QGsgRK4NEyQmA1fSydSWzTsG03lZjnE5msrltvYMI2CqIE2aVKipr4nX1hZUZSSLSaqVatoJwzKRioRIpE8ekNZ2pvevk5mxLVwuKSV6RV3K+Viw6+i4zc3HCm3V6WPL2+ZhJmqBUkfMaYM2OXyHB3znS/nHvtnEcaoAACAASURBVAFKFpumht/7PTbt7foPs86T3/5pvvPlwvN3KK/eL5/6EfMW6fhLIu1z83++loZ35x/+YuQTDwIgY2zjhg2rX3nlwT8/8P+efuqUU07J5rKIuHfPnv/42c8/dNVVt3znVsbYyhUrbvve97/wuc/f/tOfzJ6jH4m3d8+ep558MhqNSrJ0w+c+19rasunNTV/76lc/d8MNv1h6x/lLlmjj+H//+jdWrlyx9D//c+HChQAwOjr62c9cNzw8fNfdv47H4wCQSWf+9Mc//vT225f+6j/Pfcc7QqEQEX331luv/OAVt//sp0suuCDEpM0jezhwhSuWSiC+eXT3gexIhIVGCqkto3v/bc4lV01/Z4Gr92z5x3fX3rdheOd959zcmx3aler7r+4nv7/w/zDrtMZdm5btTPXuTvW9FZgdgSJu04Lc6rTFZNxwV/rfxV6QQ8TtReysHji5k6K7M6lu50Stv/3yS+zYY1FG+PRiQEukBzDYWaiee+Cmu4WptdazPxzBwjRXzz3wi2b59AjOHZyq5x5YbZPeeJrWPoYL3uv9VLeC1HWoH1wa6JZjQfiax/jrT+l/BPNLCESQGWI9G9SpZ2o3d2JmKLFzqGG67SYODAEQSELAvJJPZrftO7Bx6648xkLRWoV4JqMOjvbu7E1MndzW1Fzf1Nocq62raZ0k17eqEAYiRgoCB2JiOZpHdkzgafMxLLEPcqP2+Ulfuni1Z7TP4h515x5QavhQF6FyCXCW4VsqpCqr74N8CgBCS75eHBvogmzqmZEP3UNDO233sbbZ8hn/CoB87xq+Z412UZZlANi8adPSX/3qh7f/+Bd33AEA8ZqaL33ly2eceQZjDAAWnX32h66+asvmzf/8x2NmbjU1tQBw4MCBH//kJwtOXjCpq+udS86/5tpr8vn8U088qaXZuHHjQ3//+ymnnHLyyfo5t/X19Re+590v/e//mlm9+OKLd/ziF4vPO+/8JUtCoZBGPH/6uutyudzvf/e7XC4HABIy7Z9FHeNKiMlxKQIAMpMBIMSkc9pPrAvFXurfqBLfm+7Pq8rj+1Y917tWvD2lZH+79X+06KPxQuYoEzRiQrVVB+amEMbpB6AdYm/+0+4g/T407wHzRo1bMTKxkkVW7gSNT0tYqoOKMW9C4xOsn2YStHzaS2cWy5qZ8buuu+WbcJNQ3OITbOqivWRONhcE3e2pnOQa2nVHoQaKl4tJ0Ppp08a8YOiCYL/DgWYR02K5bIUriyNYqwE90LTUVBFTvZbLo4k2HdxxxLHh6NKGQagB6x1uxLej6LZmK7ZMJ5qiMkVdyuBos01Td6vdWBq4E1OH39Az8ELTYZtCLVtK5EDTjqMo9pZpKy5aMRV+xPJoFm2TP/oDUF0On61KMFEL/KEfCJgW0fRvm2z/BpboMeGZmd4ZLqRsvW8iVAEJJFkKgaqOjqQODKYGk/mBkeS+A4PDo9m0Imcw3p9Stmzv2bpt14GB4XhTZ7i+XZHCXJZAYiAhkqS1EG1wGiqkp6e0/hUCAMsMySP7XGzT7mMD2abodKyOtYyPtXqZw1Uonz5yI4sO3+EBDe/le18DAGyYJM081z1RKC6ffb3zMpv+dow3AYC6WR+1M4mpqnrl1Vd1dBSXLDc1NU2cNEm8cfq06UQ0MFCcHg2HwwCw5IIlYrJF55wDAPv27VNVFQD27N4DAB0dHeJqhImTJiHili1bNKLpyccfz2az51vzaW9vP2727B07dvbs26eNBLR/YhqZMQklBGSIMTkCAGGmT/gcyA5n1cLb2uZLyHoygzKTDmSH7978D24MpXNq4d7uJxWuAkB/dlilis+DP5qFk7Zfkc4IEhAn0vgITkRARMSBSP+nURVkEP3WT+clECKRjUcUL5BBE7oz9FYhcE0vsoeWT1thxK9CSjJV0+pB+C+RqBjZH+HU3UhfShebsv50p2ICQwHz0c6COXQXtDE+dQStmLrpIn6KONoLFwhHtxpw5AiuuhSLZ60BQalyOJJHpTlaslBUD30CoumCI7mo6IWmqI2JpoAjudumE00Hjg5jdbO1sroXW6YFU59WKVSJgCMIjbaokW8cBXdlwbQ0mgTUt43/5RveSaviS9T//gbv2+6Go9M23dsnAWAuiXvWoh5WQBGGswdetT2IEFSCkWRaxXBaDfUncslMgasScVQ5z2VzqVRidGQom0u3T2g9e9FZZ739rLb2Nm0TSK3l8uJ4HhkiIs458KqxCJKAK9LwLiikxZZMAWzTr4912qbLhbI+9nARolG3UwKPHDlMg4so0UPJAwDAJp4EUtgrGUYbXC7GmyHeDOlBvm+tNjjV+tyzjjuuxBMVRdm4cQMRaZMJmsghGQA6J1o2S21rbQMAzvUzUmpqarTlB2Ka0ZERItJGF+l0etOmTdqX1a+8Eg6HGWOFgpLNZiTGUslkKpXSZg8KqrJpdA8nMgOE9qUHClzR/tIGBtpkwmuDW3++8a/T6ybcevLHAWBXqm9B04yhfOK53rVvDG8/sWkGAKwf3v7rzY9cOf2832x5bDCfzKmFuByBqljFEjxpxjwKhJoxh2CwFeI2CgLlQYDM4DOIkLnueANFCu8IPffApBk9dy4qF9/s/hR7DVh1rJ57UD33wIso9LIa4bbquQc+zz0QH8xfvA8657BzP+lR71UpI/yZ3/GVf7LtFmr/1MQLR8Mq5f6tSm2bOvlU7XoD8nm9L7w5YZH4uGy+sGvP/nhkuhyuSyqhTIGrgJwAVZWhKjG1PhpdMH/mkvPOntTZUiACBJlBgQiBWzfnBQCc27OinqlmS5aHd0qJHu0nSzOsyMeKNx/F5x7QaD8o+UNdijHJ4To8yKeBK14DgDKCTHPANLpPv4AIALKxktiUkeHhZ555ZsMbGwqFPFf56OgoImrBP5po4wrxitm2JUmvuoWnLJzUNWn9+tdHR0fr6+sBQFXV5c8tR8TF5y0GgEwmk81mAGDtmtd27dwlSYxz4qoKAAsWnnzq6ac3NTdrWRVIWdn3+rZEj4RMJVUlPpRLZFW9hUkoAcAP1v3p5xv+mlIyH5y2+KMzlrRHGwGgJz1wwcRTO2MtP3njgTs3PfKrt31OJX5v95MSStfOfu9vtjyWUjJpNVsdHjiFhIhw08uRuRwZQD8AwXKubdElkbEZJVhfuCV2iUFL3LZl7YHdxznWHhSL7IxydkR4ix1tKxkDpZ7lUkfFz6KO1XMPqucemJh6PkV8g/tYT0JWHYOuPbDVgAVH4Xv13APvcw/EZ/G/fhNrW/GUS70fXxV34a88rDzwTfvVEu25nI9lu1+lSC1vn63d3ASFeftXbJpwFmcyEBW4OjSSHBxJbNuzPzJzUrh1AsVrckMpTopExIDXRcIzJ7bMnNJZGwup+SyGQgU1qwIjJEYqaa87RAAu8cLsnhcbQDELJI3sZUO7wL9t+vCxhhTb7VF27gGlho/osCJNDtPhgSlmFz+A5FOUTwMAqEqJVMseevjnP/vZqaeddsPnbpwyZQoiPr98+eP/8z8a5a8JJ27OexWLRKDFHWnzDPF4/N777rvlm9+64bPXX/3hq2tqap577rnNmzf/6td3nXLqqQAgSRJjEgDc8PnPTZ06tUSRYlLkk7PeM7+xmGZ36sDT+9cklQwAFLiCgDfMe99vtvxzd+oAEW+NNADASD7VnxuZGG+9ctril/o3PrR75XVzLkmruRcPvHHTCR+aEG2OSKFkIZMoZLT0VbGIzk6QefqByeqhSXfqJKHgnIxvxdkAfZpBZFudfLMZh1w998BaBA8W3AhOdego7AxTPffAgqkHQ+m9+5DIzDnaavXcg2Ps3AObbar3XicBVEcIgYS/8rD6u88a4Lnbpp9zD0QcQc3Ju1YpoShvmqpl0QjKST0ruutnj8Qm9A+O7trTmy/wtes35NKJSCgm1TRANMFzOVRy4Uh4RlfnSXNmNtVGc+lEPNLIIhGFSAWJE4SQcyCOMhCrS+2fMfxmTN8HiQBQSvbKQ9tRydr9T/XcA2+hzCgljuywIk0O0+EBRmpBCoFa4HvWQCEDoZj/eynZR6kBAMBonX6FCAC40MtXVfVHP/xhOBz+/Be+0DW5S7tYKCgAwIRJBo3jt44OQFEVbXhgLjZobGycPXu2oioDAwP7e/afc845X/ryl6NR/Qz52trapqZGANi1c2eJ4YFK3BkZSsLYhBMnoKgUXnrG9Rf9v2/cs/mxRe0nnNU2f0/6ACdqizRMird+evZFz/eu/4+Nf0sr2YXNx1025ZwQk1ojDYlCOlnI+K/DY0dsDB8gkXHugTG1IL4yLSydNg9gzgZw0vs4bvMGJjFUPffA+gopr3v13AMPxl2oASsb7XxKKV2q5x5QsY9WKZrO9GTF0bV9eupu5ZGttmlA7K3RGM49cOqi/td1LNlfjTLyKfyZ3yoPfMtqFu4+tvyMlm32NT0sda+EmcCbpmi2GUM6IbFp8+DeF3piu/b1FVQ1MTr61I5t06dMSGULLBSVQKpvbJzV1blw/vTjJjZHQzwWlZksA4uMjuSgNjqaSLc0xAAUQOzqfa2rMCgamJTqYwPdmB0t6WMds2ElbPMYOPeAMqM0cuBQl2J85HAdHtRNwNp2GtlLuYTy2oPywg+B38AYUruf007uwJYZmpfmjlW5qVRqoL9/1qxZ8Zq4cDFJRuifJtqKgkLBEkCmXWRScYnC/X/805pXX/3df/1e28bUJqFQ6Lx3nr/m1TXLHn747HPOEVcwawFO9Q0NiMiBc+K2BcQKqSqpnIgTpdUcABS4Or9x6pePv+KOjX//wfo/3fW2z+9M9QFAY7gGAN7RcdK8himP71sVlcJ3n/XFEJMAoDPW3JcdGs4n/VXgsSXFNQUuHKexZYL2P7KkN4PW0EqKgsHSoePcA+vaA4fHq5574MKk2jmq6rkHlspz4ij+Bz0uVc89qJ574LYuyG4WhvC/fQt6NrEPfB/cjt2sii5qQf3zv/MVfyy+L3z6WIdVuvgfrb1kBuXuFcq0M3nrLPPm2aHk1fW9D/eMPD8cUgq5/fv3HejZEwqxUCTe1BKfP3vm2WeeOq21lqUHMJ+JRsNMjuQgjLKcyKhbt++Nzp46Obd9Ynp/HElsz1KiRx7YhtmRMfhYsXbcrfIoO/eAUsNHx7yBJofr8KB+IuuYp47sBQBl+S+wrkOae6GfG2l0v7pB306UdelHsaiKaosRqqmpqW9o6Onp2b1rd3Nzs7YB0UN/+xsRiYuM0+kMAOTzluFBNmOn4Xt6erq7u3//u/970oKTwuFwKBRqaW2dNGmSeW7a+y57/9YtWx5+6KEL3vWu85csMa+vX7fuqSef/PwXvwgAKucqcYVUMWeV61cUrqaUrDZgAIBrj3tvf3bkzk2PfH7Vr945YWGYhZrCddr+px+fdeHXVt+zsHnqma3ztEzao40FrvZkjp5WO47COSED5IDM4s4EVl5fYmC5aqWGrK9ULLa1kmsPXNhosuZnZ83Nrkf13IPquQeBdXG7q4gjeOHogWb13AM0yFJfaJo4HvbnHrjapvrCfbTlBbz46yzgeQjHiPA1j6kP/YD6tut/u86IBvNL7rYJ6SFp63LMJtWuBWYTmdQY/7czay4eGHluR+ofqejegbQcqZ0wadL0GVMXnnTClK4JDTVRJd2S7d+tMsRQfCTNmyZNH96xe9LgG/N2bp7QEBeeTgAkD+1gQzuxkHbxsZXo4tWe0T6LewSfe0A02n8UrDcQ5TAdHgCTpBPfr259FrhC2ZHCk9/F2lbWdWrpmyg1kF/2JRrcrucw5wLNkStKwdbLlyTp+huuv+tXd37lS1+6+JJLcrncQH//ZR/4wLbubf/8x2Nz5s593/vfDwCpZFLbcUh8SiaTBYBcNqcvWgX4yEc/um7duv/4xS/MNIjY0tJy2Qcu//wXviBJUnNz8ze/fQsAfPkLXzxpwUlnvu2sSCS8Zs2axOjojZ//AiIWuCoxFsWwbaJDJTXE5LpQLK3mcmqhLhTLKDltGPDpORc927v2tcGte1P9jeGamDG7cvmUc5Zu/PuV088zFyJPqWmvC8VGChYtqqKJsQ+zsfYATYrH+K4dcwDCpIEwiWDjjAHA5CaNLl2RbTHXHhQ/LbyRSMkWf7TcpF1wsIx6Eo/4Zjs/bbsuZgpgHxqVWXsgfLfGN9uYMKsCAtVso5WtSRyzH/pKWDG223x/WivFxukKijkGdSXYKTEutoijBzPtiaOAZinO2KajgCk41h64oSlmVyyOHUf3+GbfOLq0YUE9W8XbNC3eZNVR4NpFTN3QFJUxqqEsjhY0LWy6Xseu8c02TG1gOmYz/NgmOGzTew2JaJvF59pbpt0qHZiK/qcMmqJixSKYUNCBbfS7a+j489niT2PwY5WPVqFNK9Wn76bXnxKatsPHaiI2K1cfW9I2tZsRAPJpafsKSPXzrpOpptXMdHJLw0daGj5y6rQtPQPbhvOxqbOT4ca62jjJ4QSFY7Xt9WoOBnaFBg4cB0r4zQ3HqVmY22ApGwDLJaXhndLwbpeZTPCwTRiDbZZbewDg6mO9p7oOhVA+TaMDR/o+Rf+fvTuPb+K+8wb+HWl0WbLkC5/4AoxtzGEIYCAcISSQkDspaWlSepGm16bPljQt3afdNu2zdLeh+zTbNm1hk22aNnlCcwcSICbhvgw2GLCNjY3vA1u2JMu6Z54/xpZlXZZsyZbsz/tFnNFoNId+M6Pfd36XJ4aPjMjLC7vF+vG/Oi7tG3wpU4nzN0rWfZ9Rp3lZ2Gp03DxtO/gzXi90v0XsbU9K7vm5EB60t7fb7fa0tDS3PohudXWdPnV6wDSQX1BQXFzMMExvb293d/fMjJmKGAURdXV22WzWGKUyPj7e+SmTydTd3S2VSp2jKLz/3nufHvl07bq1CxctUsjlZrPlwoWyl/7wh9aW1p89//znv/B5Z2epLc0t1dVV2h6tXC5fuGhhTu7w8Id23iEeHCN9+KQXut4X2svaOQcrEnM87xw6zcY5xIxIxDAczzuH9xrxtJtIaNXgHI9knGky9XT+WC1iiIhEwp1JRMSTaOjnkhmeGAwHXJvJuvVg6v7D7/7AxDnf+dAkmOTwXRLgZRt+fnKGPuie5/H9dGfktEf21M/P4ai7G+Chu5Q0e8kSjXbso3GNGLwei6+/LjsX+E3UxzcwIrsQWDr6S9PA0zGQkMNXmgaZmkGn48hvIBh+zszR0jHAMzPYdAwsNYf23te16fpFBJCOY7s2A/l+c5cxyx4TLdxMsUkBfWDqMXRz5Qe4829zdecDuTZplHtsUFflYDryMQlc6jxHagGx8vEeDk8MZxPr2kSGVsakC+SqpKG8/MTdY4P51ZggDlv0dlIk/lMLEdXUN3u+lT8rM7LDAyJe32Z98xtcZ9Xga5FYlLZAXHCPKLmAUaeRNIY4B2828D03HNUfc63lvKFTWJBJyJU9/meh7UG4XSgr++EPnvvRj3feuWGDMwxwOBxHSkuf+e4/fWHr1ud+9EOFIoim1TCRun6sdg7w6AwJRo5dSYwwqAFPjMfjPOeneBpe3pkN8vWzIXLJT/rO0rkKIJvu5/Y64lYbZAbdbVNeZvvNBgWV6xheNLAfjxE/G36zPgEfu5fs3WhZc+/ZO+9bCSAdR//5FHZuTD+ZHrsbVAbdNSvgb7PBZme9nMnBH9FoiwxOBxZueWaDgrs2A09Hr9dmsMce4LUZbDoOr85nOjK5S5lZy5mZ8yl5FqNJoxjN1Gyf4LDRgI7v6+A7b/DNV/n6c/yNsgi5x/KxqVxKPpc0m5cONn30nafzfv9hHDaRoUPc3ykauBXAfSnQYwnk2L2emUHfY8MWNvg7WoeVH9DzRl1YNjwhRg0PIrVyERERMep06aP/ZX3rO1x3HXEO4hxcawXXWkEillFoSBJDnIMsBt5qpOE6OYwo8zbp5v8zMbEBEb391tsymWzxkiWu46mJxeINd92lVCpjlDFij/EWIHIIYzmKRt7pB99yHf2Acxn9YOhG5pad5Qdvcwy5VJz01xOFy5zBjfusr4lxD/zX8B65d4Edi7fvmTDuwahtD4gYjHsw+rUZ/eMeuGzFZzpy9eeZ+vOjZOMCPBZfB+jlUwEEme7ZWR9Z2/FlzV1DwCDusZ5HFMA9lvORmmToEBnambZKLj6Lj8/mNGkkYn0cLz9imnOITH2igR6RqdulxMDffSmgazOIYx8+byNz3AMvK+YcvMVIZiNvGVFbe0pWzIjo8EAoB5Bs/jf7sd866o8PJxZn5409RF7a2jJJsyUbfsS4tOsPN6PR6LUExmq12u32+fPnuw6kABFnqJsJ13EPGGcvMUKJAT+44PDNyUtNyqF3GWfbA9deblzaHrjWrSTPOusj9s35d0TvEDxh3AOMe+Cjzrr31PT5fA7jHnjWdR7xxU3rcQ/crk0f6eh6DntLR/KRjl6vzZEZW98tSUa5Nt0TJmz3WNerdWTCeByjxy1/cAmPa5ML/h7LDGjFA1pqreDlGk6dSqokXhHPy9W8REESubBXDG9nbGbGZmas/YzVILIYGIt+cJ8Ycj9Gt2vT7f4zLcY94InniXPwnIPsVrJbeauZbBYfi3oR7TFDpIcHRCTKKJY+/mfH1Q/sl/ZxTed8LMUwqhns7d9ml2wl0YQe1Lo71h0pLS07X7bpnuG+lUwm0y+ef75w3ryNmwLqcAkmy4gnJcNPxYjjhAiBRo6XzHh/Suf5rM7t+dzIHz7e83bi9YmLx44OLzDy6ezgC+/HgnEPXJ+4C6scmY4+nx9j3IOA0zG4bwDjHkTNuAd+vwGPHpwCSMdRrs0g77He+8v3emYGfo8dcV8a8cR99HvsiDutv3usW4kWP+q16XqG+05HxqwTm3XUWePz2nQ53OHvJhTtu3xvyi1wCnOF2IjhGYdGl4hue+CJu3Wdu36Y677Ba2+SzUSslNFkMElzxHPWi1KLSDw5z+nffeedv732Wt7cubfdtlShkLe3t585faagsOBb3/6215EQIHJ0/ljjvb2B68vBVgeDvVl79vPheuW7Vj3y3/bA/Y7nr5mX631x5PpGueF6CPZW6+tpUDA/Hp577/0YA/rx8PaUziU7G8QRBbbg4HQwLRBGZgVctzXOdPQ4xrH9ZI7MuYxeocJ3zWDPoxqZvwgsHUdk6QJOxzF9A36OxX86jrw2fadj0Nkgb8cS/LU5poox/tPRVTBX5Ygverz3GZ+LB5uOrsfofSuj3mcCvjaDPRa3T3lZY3CpOVo6BnNtRsM91vfvZsSJqCAhupsme8c5eIuBTH3E2UkkJlksI1dPVmAgcDgc169fP3niZEtzExGpYmPXrFmzcNEitEiOfB071SNiA6/hweBLxjl/RJn9yGt+aBgiclZB8rytMcH/zIz5ic7oxpLFDNnPjM+fwMB+/of2xuMnNqgjGv1T48suuMwI4sfP7ScwwAMK7hsYc1beX0W10dM0gGxc8McSeDq6TgeY8fXY1PBT87FnZfwd1tjPZNeIPKjUDMu1OfZjcfvsCN7ScUzXZpifmo9yLH4/FZasvL8jCvAe6y9dAjj2EZ8aczr6uzYjX4Ts9FQMDwBCp/PHamerAxoa64BhiOF5RsQwQ12dOsMDGnr2P9ya2aWGMM+TSDR8TxP5uL0ybreH0GSDgsrS+f3JdJ0bmqfmwR6LL645smCys27b8pP1GU9WYOxZusB+MkdJTdfVeRzjWJ+ahyIT4GnkMQabFXDJBoX5qXlos0F+09F3uOVl9aF8ah7ssbgaczq6fgPu6w/u2gw2HUNwj3WdDuoeO4wL/tokl8pG4b/HBp+OIw4m4GtztJLJ8R3LBHH/QQ/wU6HfkeBEd89FAOHG8SRieJ4nkdD9zeDIpjRUmZZ4zvXiH84oOuv4Ms6/wu3Oo06w8zbovI0KlUlH3B8CqRfr+XLEMMGBtj0QPjx0IPzwCpnh1Y2sFzt0vMM/T4y/niX89Cbh9eY+2rG7POFzGXU4oPrNHqNHe5lkhlLaW+89Xnt68fpzGHg6evsGRq7RJU1Hr9/s2fbAbzoG2pLENR29Z3GCTU3v6eh6LH5bkoxMvOGT13VTbtem99T0vB79V4YJ/EweuoxGJkJgLYK8tCHhPbbFOOusB5SOLtm7EWnqlZ9j951Zc8nYBdmGxDVNPdY/fN766VnL6z121HQM5NocuXxw16bHsXum49CY1kPH6HqfkSk5mYrEYn5E+wXf959Rr83AjKEURXjhv6Q6oHusj79eQ47ICQlcee7UYGcInIOxGMnc7+tTkx4h+IfwAKY11y4rRtQmYsh1lAOXtgcuAyAMdd5BI//ns1eN4Tvw8AOH4Tuev9ufa7c+I27Unj1LjOxbQ9gnfvgYXe7xrj0FDR+q22MNl24meH64LpXPXjWGbozenwb52or7NzDyGD1GnB3Zq4bwJu+ajm5/3dfv/j0PVxHjGZdjHDwWf+k4coRalxTynpquXcCMGHPUtQcb/z3eDKUjP+KLGZmM3r7hobw+49KBiNsReUlNcvkGPEpRfJ4zI7Kzzh3wmY5ezmSXFXumo/dzxu2bHv6Yax1Ab9emRzqOHDnb+zkzvIsjrk3XXsJ8X5Uu1yZ5uza9Jd2Ir2Pw2Id3N6Br01c6+jxnnN/wiHT0vDZ9p6bHMbpsJaBr06X65ohr03fPRd7T0f/Z4pmmHvdY39cmeb3Hel6bQ0cxtAW3dGQkfGyifdljfPFmTp1MDPpDj3KcQ6TvYi5+JDrzFmPoIc7uuUiERwioXATT2q1btxjfhEyN20vnTGENrvNdJ9ym3fh5CwAAph4/2S2b3T4wYGZZkVwmE4vF+IGIdjzPOxwOs8Vit3MxMXIJ6/NZ/GSltWnA7r9ykcjbpwDAndudHXE1AAAEyM9PBsdxRqNJLpeqlEqWZREbTAEMw7Asq1Iq5XKp0WjiOM7XkhGbl0B4AAAAABAWkuhwegAAIABJREFUPM/7ygIKb5nNFpYVy2WyCd81CDu5TMayYrPZMuppMOG7NgqEBwBehORyjcALHgAAJoyfXwHnWxarTSFHbDBlKeQyi9UmTAdyPkQIhAcAo4u06xYAAKKX62+Kw+EQi9EWecoSi8UOh8P5MlqyEwgPAIIQLRc2AABMLj+VSdym0d5gChMS1zPRPUVUBgPhAQAAAEAoBR4bwDQRXRECwgOAEcbZ6iByrm0AAIgoiA2muSg6ARAewHQ3OHrn+C7UCL/OAQBgcnnNGuK3IyrwQ48ORwhqDd5SPJJTH+EBTGtusUEkX6sAABAVPH9KEBtEI54fqlDgNaWCDBQCjBAi5KxAeAAwKEKuSQAAmKoQG0SFoVx/gGkUaJQQRamP8AAAAAAgNPw8D/YzARGCH0ei+AkRgjoHIuGsQHgAMC6RcBkDAEAkCOoXAT8fkYbnyXs9omBW4WsF0XVuIDwAAAAACAtfT4tDkv8bMJmNAybnqux2R7/RxHHcGFbFcVy/0WS3OwJYdmoKpjbRqGvy129pVBQiITwAGEUEXrcAABCN3H5QxvP7Yrc7So+VHfjktMlsEea0d3a/f/C4oX9gDGsz9A+8f/B4e2f3mPcnqoX8d95thSFM94mB8AAAAABgvAJpdeD6cpx5xObWTpvdLhaL2jtG5OnNFqveYDT0DziLAqw2u95g1BuMQlEDz/PGAZPVZncWGtjsdpPJwnH8gMkyDQsQeOefkK6Vd3/tJdEjtgUCO4nbBgAAAJi2xtMKtqmtMz01SSRirl2/mZudLhKJhPnllbW9fTqb3bFy6YI5uRkOB3el6kZl1Q0Jy0ok7F3rlinksgOfnJ6Xn1uUn2voH9j/yakVS4quXb9pMpkvXK5Wq2LSUpNCfaCRLUwZcZ4nhhma5Jmh6aiA0gMAfyK/BBAAAKKC6/Pjcf64mMyW3l59VnpqYV6OxWrr1RmE+WaLVSyirY9uLMjLKq+sMZktre23Ll2tXblswWMPrJdK2OOnKzw3LZGwa1YsUioVa0oWTbfYIKy/8n5KjSI8d4HwAAAAACDERm14Op4MYmeX1sE5pDKW50nCilvauoT5EpadN3cWEeXPzrY7HD1anb7fqFLGZGWkyKSSuXOy+vT9Y2ucAOM06mkQUQEDKhcBAAAATJxxZgQ5jrvZ0t5vNB/+7BwRcRzf1NxRlD+LiFixOCZGJiwjVKd3DQZi5HJWLHZbVehr3UePCciQe7ZRjopaRggPAAAAAMZl1By/104txxYn9OoMTS2dK5bOz5+dRUR6g3H/4VPNrZ0sK7bZ7X26/vg4dZ+u3+FwiEXi+LjY5tZOu93BS/lenYHjOJGIISK73U5Efbp+m90+piOeGiYgNuKdUYEzNnB76fOTkxdLoHIRAAAAQNRoaesSi0TpKYnCS5lMKpNJbra0cxzvcHDN7V16g/FmS3t8nDoxURMXq7LZ7TU3mnp6dbX1zWkpSbEqpUwqvdnUrjcYm9u7HA6OiBiGYYiZnj0X+cc7bGaL938Wx5QteUF4AAAAABAWgfd2GrgerS49NSlWpRReyqSSrIyU3j6D3WFPStQwPO0/fLK3z7BuVbFMKklLTSpZUnS9rvHwZ+eUMYrVKxbJpJJlxQUWq23/4ZMMT0mJGlYslsmkGrXq0tXaW9294zviqBHwty+SyCRyL/9G1tMadXOR2oepV0wE7hPAhOnq6mL8Gnym4vFSmBBW4vWl57SrqKh6CAAAAfKV5/OsTeQ2YegfmJGUMBm7PN0FmAHmHQ5O7DUS4OwOhhWP/mt+q1urjlW65R/8ZyScwpRbMA3YiaimvtnzrfxZmSg9AAAAAAgx/+OgRWZnNRA+vpI+YkdTRngAAAAAAACDEB4AAAAAAMAghAcAAAAAEypyqpHAhImiREd4AAAAAAAAgxAeAAAAAIxd4E+Fo+j58dQ3UV0IevY+FPknDMIDAAAAgImGUGFyTXD/4tGV3AgPAAAAAABgEDvZOwAAAAAAMPGYAEZP5mwWzub1wywbQDY6KkdBRXgAAAAAANMOw9CoVX4YsUTubczkwDcRjVC5CAAAAAAABiE8AAAAAIDpyLNboWhZeVghPAAAAACYINHVg820EKZMvI/VRsUJgPAAAAAAILyiIlM4PTEUjgbEo8cckXxKIDwAAAAAgOkr5OUHUVuraBB6LgIAAACIJhzHGQfMwuNnhmGUMXKRKLwPfO12h9lijVHIwr2hycIwDM9TAP2cBrKmkOzRZEJ4AAAAABA1OI7r6NJ+dvKikA3lebrj9iWpyQlhzbi3d3YfP3vpvrtWadSq8G1lcjEM8RRAX6d+VxH9oQEhPAAAAACIJjp9/+Gj5/LnZK24bT4RnSu/evjoufs33q6JVTkf8FttdpvNFqOQ2+wOm81GxDgcDqGcgWGYAZNZJBLZ7Q6e56VSiVwmFcoHTGYLz/PO4girzW6xWIVMr8ls5TjeOGCOVcVM1QKEwSYIDDO2VgFTJTQghAcAAAAA0cRksooYJl6jttrsUglbmJfT0nZL26sfGDA7H/DX1jdfq2l4YNPqGzdbr1y7oYiRGY0mh4O7e90yjSb2wCen49Sqnl6dzWafmZG8pqRYJGLqG9vOXLgiYcUOB3fX2mUpyQm19c1lFVUSCatWKY0ms8lkPnX+8qb1JbEq5WR/B+ElZPQDrms0leKCQVM2/gMAAACYehITNYkJcWcuXKmsuqE3GHme7t+4Om9Wpq/ldQZjanLC1kc3psyIP3fxmvBo/FZP3313r7pr7bLWtlvNrZ06ff+ZC1cK8rKExY6drjCZLURkdzjWrVh8/8bbVy2dr1Qq7l63fMrHBk4MQwzDMAzjvaEx4zQJ+xZuKD2Aaebye1R7lFovUW8L2UwzJApOnWZPmWfNXmUr3DzZOwcAADAKmVSy+a6VwqP963WNdrtjfuHsBYWzfS2vkEsL5uQQUUFezvGzlwz9A0SUk5UWq1LGqpRxGlVrxy2RSMSKxfmzs4lo3txZpSfKerQ6IpKybGxszMQeX8RhpkBXREGaoPDg7MWqi5drr9TctFptRJQQr15QkLN25aKsjOSJ2QEAOvYHOrmHjD2u8xibSdxTL+6pl137kD/6gvm2L1lKvj55uwgAADAKq81ut9vzZmUKJQZt7d2lx88nxKlFouEsLMdxzmmZVCqRsETEcbyzskysKkboel+oZj9gNtsdDuGtmBgZKxYL03K5TCqVTOTRQSQIe3hwq6dvz2v7G5o6iChGIcuZPZPj+LqG1qOnLx89ffmO24s//+AdLCsO927AtNZ2hd7bSa2X/C/FDGgVx38rqf3EvOlnXErhRO0cAABAEBqa2mpqG+/ZsFIqYYlIrVZKpZIBs1kVo+B53u5w8Dzf06tzLj9gNg+YzAq5rE9v4DhOiCJ6enU8z5vMFpPJMiMpTq1UsmKx8AxX26t3OBxiEfJm01d4w4Om1q5f/dfrNpt93tzsh+65fVZ2mjCf47hz5TXvfnTis5MVN5s6nv324zLEphAmdcfp79vJagpwcbbjqvLv2wYe/i036/Yw7xkAAEDQ0lMSK6/VXa2un52TQUR1DS0OjouLVRGRw8HdbO7gedJq9c7lbTZ7U0unhGWbWjrTUpJUyhgi6u7R9fTqerR6juezM1JVKgXLiiur65cuKrha0xAfp05M1PTqDc6ViBgR8TTley4CgfhnP/tZmFZttdr+7cW/D5gsTzx219ZH7oyPiyWiw0cvXK25abHali6au27VovrG9rqGVn3/QHGRzzpzAGPXdoX+50myBRobCBjOLqn9xD5rDalmjGh9xDDOl65dFXh96Tk9YhPTrBYjAAB4ZbXZlTGKoD4ik0ozM5IvXK6pun6ztr65T9e/buXitNSkWFWMzWavvdHU2NyRkZ7scHCzcjK0ffrePsOA2XKtpl6hkN9x+xIiun6jSa2KuVpd397ZvbS4IDszTSaVJsSpq2sba+oaRSLRnWtui1HIdfp+Q79pVk4GKxYzDDW1dra0d2VmJMuk0rB9H1PQwIBJqKDlNSPhJwvha8742W0cEfX06j3fSorXENEY+3YNxAeHTr9/8NSaFQu3bblbmMNx3LM//6Oh30REqckJz33nCxKJ+Ge//ou2T/+Tf/5SJtohQMi99MCodYp8caTNN335TYQHAADgn2dWyjlHmOCH6vh7TvQbTTOSEsK3b1drGoQeToXBDYjIbLF+cPDEvPzcovzc8G0XnG51a1VKRUSFB6YBOxHV1Dd7vpU/KzOMHZvyPH16slwqlTy6ebVzpkgk2vnME9976tEFhbkdXdrfv/KuTCp9ZPNqnqdPT40xDwfg07E/jDk2ICJx+xXpmb0h3SEAAIAJJZWwyhiF23MrZYxCaLcA4FW4woPmti5Dv6lobrYQMDnNSNTML8h9ZvujRfk5N2623bjZumRhnkTCXrt+M0x7AtPXyT3jXIHk3P+EaFcAAAAmQd6szM13rXRt4Sn0i+pnnASAcMWOt3r6iCg7M9XXAtu23F126XpOViorFqclJ7R2dIdpT2CauvyeWx+mY8AMaO0X3zbn3+MsA0TlIgAAcBNI5SJh/F2eH1HdiOd5hhGFr5o3RAKe5/WGfo9aysKbk1O5SCKW+18gXOGBw8ERESv2WTqREK/eeMdSYVosFjGE3BKEVO1nIVmNovmcvfAhtD0AAABfAm97IEw64wSe5x28DVmgqY1hGFYkdx1imWGYocHWJic8GFW4woM4jYqIurW6UZfkeerW6hQKtIKHkGq97POtVW/Q5lXDL82n6Jdf8LUs23kl5LsGAAAAELHCFR5kZ6SIRKLK6gaO412H8fN0s7nd0G8qnj8nTHsC01Rvi793L2bR20PTX3vDz4IiQ3tIdwsAAAAgooWrabJMJrlt0dwerf7MhWv+lzx09AIRlSwuCNOewDQV5FgHvjAhWg8AAABAVAhjt1aZ6TPOl1f//Z3SnKzU9JREX4tlZyRLxOLbFuUHvQFjXem+d49d7zLZiVUkz1lz/5Y7C2JDHO+Uv/zcwYzv/2iTzybWEKkkipBECLwkuNFqAAAAAKJaWMIDm93++jufHj9zWSGXmszWf/+vNx659/Y7bi92XcZitYlEjIRl77lz+Zg20nXwpZcrC5/+ybZsVkRkbT33xst/+ujpZ+/D2GpARETxM6mrdvyr4WLTQrE3AAAAANEh9OFBr86w57UDtfUtMxLj7r97xV/3HR4wmf/2dunHn56fX5CjjlUSUVtHz5XqhqyZKc995/Nj3ExHeXnXnE3PZg8egDRj+bafLOdCeSAQ3TIWhiQ8sKfMD8XeAAAAAESHEIcHN5s7X9z7tqF/oCg/54nH7vqP373h4BxbH7mz7mbb+fLqo6eHO5NRx8aMq72BQqGgrtY2WpzuMnOwZpG98ZOXXz1aZ7CwsbPXbX1y0xwlkaH64N/fPdWoNdmJTV6+7VufK1ASdRz81W9a5z9E1R9X21d870f3pTQef3XfoeouC7GaOeu+8KVNs4mIDDfe/e3vT7VaXD4IkS/vDip/y+e7S5poydC0+ZSf1Vizbw/1ngEAAABELiaEg3FU1zX96dUP+42mNSULvvjYhv/84z+u17dsWr/sc/evJSKLxXazpUNYUiphc7PGW2ej9dALv/9Eq5hZsPy25fOL52QoB0Md09k//+J4+tP/6/5slgxnX/6/VYuf/cpiRW/1ufbkJfMSWLJXv7lrn2zbTx7Kpo6Dv/pNqSnv4W98eVWGlExn//yvB9jPPfu15bFk7zpV2lCwqaTx5edeb5z3uWe3LY8Vmc69/IuD8U//5JHscX9VMCF2LR7nyGicIqHnqc8YFxj3AAAA3Ixz3IMZiQkTv88wYW71aMWMJALHPaipb/acmT8rM5SlB02tXb/989t2h2Pb4xvXlCz421ufXK9vKZyb/fC9gw9fZTJJ/uxQjuCdsfHZ529vrTt3/tSFfUc/MFCS8GjfcP5s3Zw7viHUOootWTXnwLkbtHh+fMHyeOFzbMHcDEOFlkjI5Rfc9/VVGSIiMpw/Wzfnnp8vjyUiYpNXbUomokaihGUbl8eKiEixfOGcf1xxfhAi3u1P0aFfjWcFpiXbQrc3AAAAAFEgZOHBn1790O5wfPUL96xaVnT46IXPTl2akRj31BObWbE4VJvwxCozCtZnFKx/mOxdp175/ctvFfzHtmSTiarffO65N51LFRQMdXN0qkFrMNmJiOYtdr4tGaySZDKZiFV46aZG4uwNKYz9PEEYrP02Xf2IWi+N7dO2lKKB274W6n0CAAAAiGghy/B2a/vSUxNXLSv66Mi5t/cfl0jY73794VhVTKjWPwo2edXi7HdPaQ2UrVBQwRf/42sj+kmiK2/9+RS79Ts/WZzAEpW9/JyXkXAVCgXZTSYidGQ5hTy0i/Y8NoYeTnmJwrD+p+HZJwAAAIDIFbJhArJnprZ19Pz8hVff3n9cpVT809cf8TPWQQi0fPjb3x2s7rEPvjRUv/tZXcai+bEUu2zZnLpPPmy0EhGRtfXc6WoTEStlSapQs0T2xoPH6rytMXbZsjl1x/ZXG4iI7L3nSs9qw7j/MDHS59MTe0kaXMjHSxR99/7Gnoyh+gAAIEJZbTZ9v1H4Z7JYnTP7B0wchaxZqX9Gk9m5D/p+o8E44OAnuRNJjvj+AZPzC4GxCVnpwVNPbn7pLx80t3bFa2K/941HM1KTQrVm72bes3XZu6//+Rev9prsRKwiec5dT39nTQIRKVZ+7Wnjy6/+4jmDhVhFcsHmbUuICh7YVvjSqz9+zs7GzrlnyRy65WWVipVf+kbfX1//j+cMgz0XLQjvIcDEmLOGtr9F7+0MsJaRNXmeYf1P7ckFaDsMAACRyWqzVVbXX62uZ8VinviM1Bklt81XyKS1DS1XqxsevGe1XCqdgN349ERZR5c2RiF3zrlzzW2pM8L5dHg0VqvtwCen01IT1yxfNIm7Ee1C2XMRQEQ79gc6ucdPX0acIsG46AnjbV9lGGaoN4HhjgXQcxEAAHg1wT0XccRfulJ7+Vrd3euWp6ckWWy2g0fOxMYq164srq5tvFrdcNe6paxYzDBMTIxczIgcPDcwYBa2KxaLlQq53eEwWyxEDMdxRCSXSaUSCRGZLFabzUZEYrGIiFEq5BzxAwNmt8WcPjx8gojuv3u18PJk2WVtj+6+Tat5nnfbolDU4HA4fM1RKGQDA2aphJVKJFabzWK1CTtvNJlFIpFCJrXabGaLlYhEIlFMjFxEjNFk5nmO43iJRKKQSYW12eyO0mPn01KTIic8mNY9FwFEurXfprXfpsvvUe1Rar1EvS1kM/EShUOVak2eZ5650jz3HgbZdgAAiGwmk+X6jea5s7PSU5KISCaRLC0uLKuoMhpNRMRx3Klzl3UGo8PBbbxjefKMhK5b2k9PXCQiu8OhiVXed/ftbR3dx85UxMhlZot1wGS+bVHBovl5nIM7XVbZ0tYlkbBSCSuTSu6/e7VO1196rMxqs9ls9vnzZi+aN8dPlzOqGEV7e4/Vauvt07ttkeO4I8fO640DRKRWKe/dsNJtzp1rlh769Gze7MwFBbNrbjSVV16/f+PtcZrYI8fLkhLjlhUXVlbXX7l2g5WIJazk7nXL4jWxn54o0/cP8Dw/d3bW/ILZnxw9ZzAOxCjkVpvd1x5CgBAewDSz8CFa+JDzVXNj24iiAQAAgMjWo9VZLNbM9GTnnPSUpAc3rRGm9Yb+xQvycrLS9x86WVZRdfcdJeWXr+fNzly2qLClvevI8QttHd1EZLFYZ+dkrLxt/sefnqmtbymcm9PW3t3WfuuutctUSsWHh07KpBIHzx07Xa5SKe5Zv/56fdOJs5cT4zU5M1Ndd8Zud+j7jcJ0U3NHfJyKYRjPLRqMAyaL7bH71zMMc/TUxa7u3l6dwXWOTt+fkpLQo9VxxPfqDLHKmL6+fplUanfYszJSWtpvXbpSu7pkYXZm2kefnD52uvz+TauJSMpKHrhntUwiOXqm3DhgfnDTmn6j6eCnZyc2QaYghAcAAAAA0UTMimJi5F7fkstlqcmJMolkxox4nc4gk0juWrfMbLHq+40MQyLxYJ80EpYVAozMjJSr1Q1E1NzeGadRCSUSmTNTdDqDwTDQp+ufXzhL32+Mj1PHKOSGoUjAqVur+/DQSWE6Tq1avaLY6xalEpYViwz9AzKpZM2KxQqZ1Dhgcptj6DdeunrDZLLYrPbMjOSW9i6RWMQQk5QYd/1Gk0oZkzUzVSaR5M/JOl9eZTAMEFFMjEwmkXDE63X9mTNT1CqlWqWckagJ89c/9SE8AAAAAIgaYrHI4eD6+voTNGphjoPnTCaLQiEjIrlMJpMNt0t28NyV6vrKazckEpbjOavVJsxnWbFKOaL3eaFukhuGYa7WNNTUNQkvzR49AqUmJzjbHvjZYl5uZp++//Bn54SG1KuWLfCck5aSVFlV39WtNZstudnp3dqmPp1BLpfJJBK9S1iiUMjF7GCQExurJCKbzW6xokJRKCE8AAAAAIgaSYlxapXyZkt71swUVizmiO+6pT15tnLj+uWeCxsMA5XXbixdXFg0N7erp/fQZ+d8rTY+Tt11S2t3OBgRY7PZiUgkYqRSdumiwjm5M+0Ox4DJLJeN3iGS1y2aLNZ5c3OXLSo0W60fHDxx42ZrTla625zCvBx1rLKtvVsilSQlaKpqHA2NrfPyc4koQaNuaemy2e1SqaS3T89zvEg0XCNYJpGoVAqbze7gOZ7jHY5J7lx1CgjZuAcAAAAAEG4yiaSoILet41ZdQ4u+39ij1Z08W5kQH6tWKT0XFokYiYQ1my36fmN1XaPVauN8dFmZPTPVOGCua2jp7Oppa+8WWgzPSIyrut6g7zfWNbS8c+BoY0vHqLvndYuVVXVHjp3X9xuF2kQatcpzDhHFqmJutrTHqmLUKqVEKnE4+LSUJCLSqFU2h/16XVOPVldb35KWkuh2sLNzMtrab3V0dtffbO3VGcbx7QKh9AAAAAAgyuTlZhLR+fKqi5drhBo+d65eKlTxV8XIhb425DKpTSFXq5R5szNr6ppq6ppys9JTZyTYbDZljEKlVAgP4J0fSU9JypudefFyjUwqSYxX88QT0eoVxaVHzwutC+bl5wrbdXId8cDJ6xYXFeWVdvcJ68mbnZmekpSYoHGbI4Qo7R3d2TNTiSg+LpYVi4QwID0lqWRJ0fnyqpq6JqGFg7B1Z2lGXm5mc2vn0VMVcpl0VnZGIKUc4AfGPYBprcm15yLX8Q0w7gEAAARmgsc9CBPnwAIWq+3oyfLsrNRliwone6emAox7AAAAAADRp7Gl43x5lTCdmpyA2GA6Q3gAAAAAMN3l5Wa61R2CaQtNkwEAAAAAYBDCAwAAAAAAGITwAAAAAAAABiE8AAAAAACAQQgPAAAAAABgEMIDAAAAAAAYhPAAAAAAAAAGITwAAAAAAIBBQQ+L1tvbG549AQhIfHz8ZO8CAAAAwJQVdHiAzBkAAAAAwFSFykUAAAAAADAI4QEAAAAAAAwKunIRAEw6RsSIRYxIxDAiYhiGYSZ7hwAApjGe533NESZ4nvc10W+0Ee7h0cs95acIhAcA0YRlRWKWEYnwYwIAME1xHGccMMtkUqkkjLm4AZNZJBLJZdLwbWIqEH6Np1yQgPAApjLTgH2ydyFkxKxIIkFJAQDAdGfoH3j3o2NLiwuL8nPDt5Ujx8viNLGrSxaFbxNTx5QLEhAeAEQ6hiGJVCwWIzAAAACfrDa72WwhIrFYFKOQMwwjlDPwPC8Wi3ie5DIpy4rtdofJbOF5nmEYZYxcJBJZbXabzSZ8xGyxchwnEokcDs5qs5ktVhQgBGoKBQkIDwAimkjMSKVilBkAAIAfdrvjStWNyqobEpaVSNi71i2L18Te6u49fPS8WCySyaQms2XtiuKMtBn1jW1nLlyRsGKHg7tr7bKU5ITa+uZrNQ0PbFotl0nLKqr6dIbU5MRubZ+2T69WKZcWF072wUUVZipECOi5CCByicWMTIbYAAAARtHafuvS1dqVyxY89sB6qYQ9frrCbnecu3gtZUb81kc3zkyfYbHYiEin7z9z4UpBXtbWRzemzIg/drrCZLZ4rm1pcWHKjIS8WZmIDcYi+n+1ER4ARCiRmJHKxJO9FwAAEAX0/UaVMiYrI0Umlcydk9Wn72/ruGUwmgrycogof3a2XC4lIr1hgBWL82dnE9G8ubPMVmuPVjfZ+z4VRXmEgPAAppGa+ubJ3oVAMQxJpYgNAAAgIIb+Aed0jFzOisUmi8XucLgtNmA2O2fGxMhYsfsPDcdx4d/Z6SGaIwSEBzBdCLFBtEQIErQ3AACAgMXHxXIcZ7c7eJ7v1Rk4jlOrlFIJa7XaiMhqtQnDLKiVSlYsFmZqe/UOh0MsEgtRgaBP1z/ZhwKTD+EBTAuuUUHkRwhiVoR+igAAwA+zxao3GIV/Vps9LlZls9trbjT19Opq65vTUpLSUpKSEuKu1jToDcaqukah7YFaHcOy4srqer3BeLWmIT5OnZiokUpYk9nS3NrV0aV1lkKIRCKh56LJPtBoFrW/5CHuuaito+fkuSu1Da0NTe1eF0hOiiuYk1WUn7NkYV5oNw3gR/6szMnehSBIJFF7RwEAgDATiZhYVcz1usbrdY3CnKXFhXmzMkuWFJVVVF2va9SoY1evWEREJbfNO3z0/P7DJ5OTEuQyqYgRxaqUa0oWHT97af/hkzKZ9O7VS2RSSd6szObWzouXq2UyaVZGis1uJ6LkpPja+uYrVTfQOnkaYjxHAh+z9w+e+uDQaSEGiNfEel3GOGDu6u612uwLCmc9s/2RUG0awKtRh0W7dauL8YaG/kdEI+YPvRQmhJV4fek57crP6GYsK5JIUawHABA1PLNSzjnCBM/zvib6jaYZSQlh2qsBk9nh4IiorqGlrqHl3g0rYlXKcGwL/LjVrRVVVaM/AAAgAElEQVQzEpd8hJAH8JejcBW+4VC9VqYQHqeGrPSgT9cvxAZPb3tg6aK5fpZs6+j5018/qKyqr6xqWFAYxgH/AKKRmEXRAQAAjJfVZj96qkKnNxCRWCxeU7IIscFk8ZrFj+QWhiELDw5+dp6I/vc/P5k9M8X/kumpiT//wVd++Z+vfXj4NMIDmAB+4uNIw4gYkSiCbxgAADAmDDNYX8M5EW4yqWTzXSsnYEMQJMZjIuKErA5DTV3LjESNEBtcu974yhsf92j1RHT01KUjJ8qFZfZ9cPTa9cF6cpnpM+ob21374QIAMWIDAACAqSuSCw2cQlZ60NzWlT978HHsgU/O1txoToxXP7hp1WtvfUJEGWlJRHTos7LG5s55c7OFHrji1EqrdZSq4QDTCooOAAAAYHKFuOciwdqVCxcU5uZkpRLRl7bczYrF+bMzrVbblgfXxalVwjIPblr14KZV49/W2/uPf3TkHBFtf2JzyRLvjeuFZfws4Ob3r7xXcaUu8OUBQoVBm2QAAACYVGEJD5YvLnBOr12xUJiQSiUb1y0Vpq02e0eXViGXzUjUjGdDJrOlqnawtlLZpeuhys1/56sPhWQ9AMEKXwcFAAAAAIEIS3jwyhsf19xo3ryhZO2KhS/84U2b3bHzma3Odw8fvfDRkXNCq4P01MQvP75xVnb62DZ0+Vr9zebOnMyUPp3xZlOHtlefEK8W3qqtb/nt3rctFltOZkpOVpow02S2/OaP+9q7tCuXFn12soKI7r1z+b0blv/mj/tuNnfGqVU7n9maEK92lh7k5WbsevF1IirIyzxzoYqIiufPQfAA4YPoAAAAACZXWKoyKGPkPVp9jEJORDa7o76xzflWQ1P7m+9/RkTrby8unj+nT9f/4t53rLYxtkAou3SdiO5ae1tOVmqfvr+2oVWYr+3V//mv+4UBAm82dwqRgJPFYnPOOXKy/Cf//srN5k4i6tP3v/7up55b6dP3C7EBEVVcqTt7sWpsewsAAAAgQHExRKywlB48/uAdG1YvSUxQE5FruQERnTx/lYie3na/0I75r/sOHztzubyydgz1grS9+ptNHXFqVV5uhpBxd9Yv+uzUpT59f05myve/uYWIhMIB18/ee+fyR+9bI5QSpCUn/OKHX718rX7v3w706Qwms8VzW0I7BGH51vbuMX0rAAAAADAdjYwGIz0yDEvpgaF/wGSxCGUCPVp9b5/B+VZHpzZ/dqazj6PlSwqIqPNW7xi2UtvQ2qfvz8lKTYhX5+VmxKlVQv0iImrv0gqlCgq5TCGXFeZlu35QJpMI4y2kJScQUWFetkIuS4iLlckkXjfkjED8D/cGAAAA01Dg5QDexsT1MugyTBk8z4+nlGiyipjCEh785f8d+vkLr352qoKIfv3S/3vuF3/u0/cLb+VmpdbcaBbq5/Ro9Zev1hNR1mgjqXkl1CyquFL31I7dP/zlnj59f5++/7NTl0J9NAAAAACh5Mz2iUVim8022bsD4WKz2cQi8WTvRdDCUrkoa2ZyS8etjNQkIsrNTM3NTHX2Z3rn6sUff3p+798OvH/wlN4wYLZYExPUxUWzg91EbX2Ls88iV1W1jSbz8rTkhAqiT45dWDhvlslkOV12LRSHBQAAABBKLCsymS0SiQRNEaYenudNZgvLiuw2iq7eR8ISHriOafD0tgdc34qPi/2Pnz79xjtHqmobY1Uxd6xa9Nj9a8ewicqqBovF5tqPkLZXv+vF19u7tC1tt+5Yteh02bWbzZ3P/MvvQnFAAAAAAKHHsqzZYhswmRRyOcMwCBKmBp7neZ43mc0cx0tlErvNMdl7FJywhAeVVfV9emNyUlz+7EyhCpBrrf14jepbX3lwPOt3DnfgutqEeHVOVmrFlbrKqoZH71vzjS/dJ3RsGqdWObslBQAAAJhcDMMI7Q2ECZmUNVtsDodDJpOJxWIm4tutRg9+8L8hjNv/w7VV3uFwWCwWu52Tu7drHdx0hIeBTKgaxDy1Y3f+7Mxnv/04Eb3whzdrbjQ/sHHlg5tWPbVjNxE9++3Hnc2Rr9bcbGzpvFbTGKtSFOXnLFtcIJN6bxMMME6mATsR1dQ3e76VPyuTiG7d6mK8oaH/Cbfv4flDL11rjnp96Tntytd8RUxYInYAAAgrz9yUMMc53/nSc0L4a7fb7Q6e4zivq5+AQ5gyeH746/XF5Vd9/LysRSQSsWKGZVlhGxYzJ4QEQ5scJSPhup8h2UWv/OSOQpYXyc1K69UN9lC0duXCBYW5OVmpRPSlLXezYrEzNvjD/7xfXlnr/FTZpevvfXzym19+cHbOGEdGAwAAAIg6zjIEYZplWbGYd4sr3GIMr3EIuLJabSaLNcCFFTKpdExPqD2fA3r96yNzH9kFB0ShDA/ycjMOHS0ru3R96aK5yxcXOOevXbHQOf3ZqUvllbX5szMfvW/1rOx0k9laVdv4xjtHfvVfr7/4f76rkMtCtTMAAAAAk841BvA6xy1I4Hne619nYODMcSJO8GS2WC3WILqBMlmsHM/LZdIAl3fL7nt99u9ZDjA0J9DVRoKQdWx6+/L5RPSnVz9obOn0uoDJbP3bW5/EqZXbn9w8KzudiBRy6ZIFeU9+7m4iev/gqVDtCQAAAEAk85WJ9LWk59No7zVjpzGr1RZUbCCwWG1Wb5/y//W6vgymFnF0NDwIZelBemriAxtXfnDo9C//87UZiZqEOLXzrZys1M/dv1YYHK0gL9vZyalg4bxZMxLjaupaQrUnAAAAABPJs5TA6wJeF/NTgDA0rtaIBYQJr5ubthECx3Fmq21sh2+22iQSViQa/Ym5r7YBfpoQuBYdCJPC7EASaxJTM5TtIB/ctGrtioUHPztfU9dSc2O4uYPZYiWimBiZMCya5wdnZacJA6UBAAAATG2e1Yf8zHcNFVyjgmkbCXhlsdrG831YrLYYhTzw5b0W+/ivXBQVTQ6cQtZzEUAEmt49F1W8uKO00uV1TELCknUbHl6VpREREekuHfr7pX7S5H3xoQWa0G0VAGB68tV5kZ/Wxl7bH3t96X/90xzHcQajaZwriVUq/Bcg+OlWyH9+gGEYs8nOMMxQocGI0gM/lZTCHQFORM9FABCR2LS5mWkKIqO2+qb2xDv7zp4u/tGODVkiGmhtunhJR0mahx+icYUH5fueeq2Jkoqf37khLXT7DQAwxfhpeey1uMC1LbJrAYJnM+VpzmZ3+Pgqql7ddfr6iDlpW3beu8jHSuQy8ajb8tU6ebSKRq6fCqhm0eRCeAAwtSmXPPTow0KdPmPFi7tKKzsq/nJ08U/WJ6Rt3r5n82TvHQDA9DZqhSKvHRZFeOZygjm8DxZBRJS+6v5t65KdL7uPnm7zvZLAv1X/XRh56+GUXIoOogDCA4BpQ1m8fXPl997qajpX3r5+Q5rLU/+ml3fvvUoL1pfYys5WGzT3/WD7w2zFS68creyw21g2bcmdO7Ys0IiIOF3lxwf+cqJNZyGSKbOW3b5Ge+hv14iIqLvipzsqkjZs3bU53dZ49qU3z1R32G1EMam5W7766Ookoo7Snb+u6E7Ke3hW1/4yna2gqOTG1bMW2frvfveLuUREla/99sVye8Fj39yxSjnZ3xQAQND89GHqtTNTr8UFfgoNfAUGqGLEOzjf2W6PL8zHqNS8w2eMEUg9Yf8jIbiUHowSV4y60YkRso5NASDyxWSnJBFRl7bJ27uVn56tNrGaWFmMrfKl/1t6sUucVpC7JEfWfe7QL95rIqLKN/7nxdI2nUNZsCh3QbK9vbJdlJe7JFtGRCTTFCzKXZKhpI7SX/zuRGWHXTMnd0GmzNbR8Jd//+unxqFtdNe+e05HCplGlf3w+gQiy4mTVUREprJDl+wky924ArEBAExZAXac77UzU/+dbE5nHAnZbi//GI+3GB9Lcr6/SV9fta808tpA2bXoIPILf1B6AACDJAXrdn19qUZEA6f+us9EkqTEJBmRTJMkM7ZfunLjnvZDF+xEmvv+ebtQW8lmt0tYdm3svqcamyg294vbNqQRVf79SjtHmhUP7tqSR2Q58aff/eV616fHu9YXCxvRrH/mK1/MZomITMaCQ0erL1WceKyw4ERlNUdZ6+9YgEcWADCFeBYg+Orh1LMzU68lBui5yJPvr4Ihj/y9v6XHWrnIT/0ilwXcWx2MOnLCJEJ4ADCNDDR2dhNRckKWt3c1GemDnRr1WYjI1t12sXvoPYuxWyfrJiLSpA31TixhvdxABsx2IkrLzCUiItnsTA1d1w2YzM6NzM4e+pRi6cMryn51qu3TExVNp7UkSl+/OiGkhwsAMKFGHf3Ac2HPjk391CyKzKzkpBOLRJz3r93z8T8xPr5BEePrHX/81y9y2YngOjad9FRGeAAwbRgr9h7oIqKs5Yv9dzEUoxATkWTx5j88WTg4iyMynDhERKRr7yByKT0YWsAhDDuZpJERWdqbG2hFHhE1deiISBPnvW+k2esLs06VNR0qbeJIs2rFakUIjxYAYBIE0gJh1CbIvqZdocmBk0gs4uyO8a9k1GXG1ghBmHSbE7GtDgQIDwCmNuPF995uH+zYVDdgJ0lq8ZfXjfKQXrNi6ZLSQxfLD3yv60pBEnXfbOuetfG3Ty67b8GFlyp1+//zjzeKkiXatmr93B0/3Th7VloWNTVpK196qT+raOm3bi9MO1PRfub9nd25WdRVWUekyNq4XEMGb1tKWLF+btlfrhNRwvr1uWH6CgAAIsSooYJzMWHCrT9TFCN4JWFZh4+GxW2nPviXU64zMj6/3vsXJ2HZkFQu8pwTFbWJ3CA8AJja7O3XG9qJhGHRVrsMi+aPYsG3fkh//++TJ1qbLraSRJNQMjeFSLZk25e+/Nrb+67qqi81kEyZtShZwxFpVn/r810vvt/QXtdA2SsodcNPvqt66c0z1XUNF4k0mXkPP/lgiZK8hwckK5iVQNe1ksUr7kPFIgCYEvwUIIwaIbgVC6ByUSBkUonFavP2TtFX/3dR4CsZZ+UirzP9xwaRWXRAGDUZprbpPWpyNOAa/v7Ltz/VKdc/880vZk/2zgAAhIjXzJXrTK9jIfuaHvMWpw+T2WK12cf8camEVchlnvODzaz7ygCYTQ7/C4x5i+OBUZMBIBINnDnxqY5o7tKHERsAwFTnvxWyr8YGAeb7I+Sp82SRy6TjCQ/kMul4vsBRh1L2Px2BEB4AwKSJWfWlPasmeycAAELNVxdGXiMEPw0PfOUjp3lZgSeRSKRUyAfMljF8NkYuE4kC7VTbT7bef02h8dQsmHgIDwAAAABCLMAIwU9xgdfhDjzfAoFUKuF43mK1BvUpmVQqlUrGvNFAKgh5jq0W+KomC8IDAAAAgInjFjl4vhQmvM70A0UKcplULGIGzIFGCDFyqUTiMzYYT8MDXzMjKgbwA+EBAAAAQOj5GSXNa0jgp4ggkKx/tGQ9w0oqlbIsa7ZYbX5HQpCwYrlMGnidIl/GXNco8LcmBcIDAAAAgLDwmu/39Zaf5siRln2MZGKxWBmj4DjOarPbHQ7OwQljKosYRiQWsWKxVMKOPzDwJdj+iCIzZSciPLDZHd09fUSUlBgnYcUTsEUAAACACOG/GGH85QbgSSQSyWXSidnWmHP/kRkbTER4UFPX/N+vf9TbZyCi+LjYr2+9N39OZrg3CgAAABA5/EQIgRQyQNQZNeEiOWXDGx60d/a88NKbd629bdXSeUR0quzaCy+9+fxzX0lLSQzrdgEAAAAiiv8IYQxjHUAECjDTH8mxARGFq+qVoPR4eWKC+p71yzIzkjMzku9ZvywxQV16vDysGwUAAACIQIHnHd2Ef9dgLMaWUpGfoKEvPTh5/krV9aatj9ypjJF3dGlXLS3SqJXCWxq1ctXSous3WojIOGB+/Z0jhXOzbl82P+T7AAAAABCB/NQjGvVTEO2iJR1DHB7sevHvOoNxXl72//rJ7//p649kZsy4fK3+wU3Dw6JevlafNyvj8rX6//rvd9aULPjg0OnPTl36l+89EeyGtL36XS++3qfvd515753LH71vjfBWnEb5/W9uuXytfu/fDhBRnFq185mtCfFqInp7//GPjpwjouL5c77z1YdCdOgAAAAAARlbkADRK1oCA0EoKxfVN7bXN7bv/Kcvbnt849ZH7vzrPw7PzslobOn85NgFs8Vqtlg/OXahsaVzdk7GX/9xeOsjd257fOOz33r8ZlNHTV1zSHbgoyPn3t5/3OtbJoulp1dPRCazpaq2MSSbAwAAABgzVByaDqIxlUNZetDe1ROnUQlVidSxyj5df05myveeevT1d458cOg0EamUiu899WhqckKfrj8pQUNESQmaOI2qu1eXT2Ppzsi1TODsxaq9fzvQ3qX1uqTFYqusasibNbOl7ZavZQAAAAAmGLoxnXqiLh5wE8rwYH5+zgeHTr/yxsfz5mYfOVG+allRUoJGImG3PLDuZnMHEeVkpmZmJGtilauWFX105JzVZq+sqheLRfPzc0K4G55yMlP6dMaq2kaTebm2z2Cx2Irnz6m4UhfWjQJMrs5bfZO9CwAAEAKIGSZFyoy4QBaL9kjAq1CGBxq16p47lpVduv6PD4+tKVmwalnRH//ywYXL190WW7po7mP3rz1yovz1d46kJSfcc8cyjVo1ti326ft/+Ms9biv3XCxOExunib3Z1GEyWcouXY9Tq2ZnpyE8gKktwPsaAABMGQgkQmVKZvoDF8rwQKc3KmPkc2fPnDt7JhG99eExhqGntz3gmmUvu3T9wqWatz48lpaSuG7lQiJSxsh1eqOzd6Px2P7E5pIlhdpevedbackJFVfqzpVX32zqiNMo5XLZ+DcHAAAAEDmmeaYWQiVk4UFza9eL//2O2WzNnpkizKm50fyVz29ye5y/dNFcq9X2yhsf588ebGxw+OgFuVz6zNcfycxIDnajrm0P/FtQmHvkZPknxy+aLdaVefMU8gkaZxsAAAAAIIqELDz44NDp4qI5m9YvFdoc19Q117zULEy7SYxXE9EDG1fmz8kkom6t7uCnZR8cOv3tcPYxmhivVshkQkeoGWlJ4dsQAAAAAED0ClnHplV1TfPys73GA/4lJWjm5WdX1TWFak+8SohX52SlCgUOebkZYd0WAAAAAECUCll4YDZbY8ZaoT9GLjObraHaE1+Eak45WamBVEYCAAAAAJiGQjxq8oRJiFf/+l+fHvWtkiWFJUsK/U8DAAAAAIAglKMmAwAAAABAVAtZ6UF6atJnpyo859fUNfv6iPOtz05VpKeiuTAAAAAAwCQLWXhw28K86zdaXnjpTdeZbi99vZU/O/O2hXmh2hMAAAAAABibkIUHD25aFapVAQAAAADApEDbAwAAAAAAGITwAAAAAAAABiE8AAAAAACAQQgPAAAAAABgEMIDAAAAAAAYhPAAAAAAAAAGITwAAAAAAIBBIRv3AAAiUsWLO0orR8zR3PeD7Q+njmllHaU7f11BG7bu2pweot3zStjnrO27t5Q4XxZt2PO14nBuFMJs1JOnfN9TrzUteHLHM4u9vNl+YO9PS3VuMxc8uaOkfPfeq0OnSvm+ne2379qc7n9VMK2cfdnlDAmZtnd3nUzbuaWE2t7d9fp+Kn5+54a0UK4fYJIhPACYBqIyb9307oG2kvDGIRA10jZv37N5KFZMcsmNLd4xmO3rKN35WhNtuH1SdxOmhbMvv76/O2s7EVH6wzt3PDzZ+wMQcggPAKYl4fHqhuL20opuIirasJ1K9151KVsQFijKqrzaRD4CjLMv7957lYiIBrNrIx7zuzy0Gy7BGH6gW77vqdeaiIjI54O97tID7y5xL+gY3ii5rLyo+L7Oiv3dRJS1/Una+1oTESU5H1QHsC2YYB4nzxBnYgUW0w6dZnlnf13RTUSlrz/VsWGPa6EBUh+86ijdKZwzrvclbzPd7jlZB/buvUpETXt37G3/wWZ6xaX0wPPjg4VmxWmlFZXR+qQGpiO0PQCYvio7Enft3rG9iOhq6bupW/fs3rCAdPtfKW13LkB5e3bveH6Dhq6Wvlg+4rND2bIde3ZvWNBd8dOXK4iKS4qIrtaeJSKqOHuVqCivhNre3VVamVT8/O4dz2/QVL62992OwQe9SRu27tm99b6kpr27hrc4LEmTRLr9BypGzCzft7ez+PndO/b8oDiJmva+PPTuVW3azh17nswiatr7ccLzu3dsL6Lu0gOBbgsmlreTZ5CfU86v4md+UJxElLRh64jsF1IfvBqq6rbH9b5EFS8OzdxeRJWv7Tvr7Z6Ttnn79iIhVBj58ML7OomIui/RlsGzusw5EyCSITwAmAaulj61Y/fgP5cc0oLFxUSUlaoh0pQsSSdKzkoa8TlhgbTNSxcQVZa75tSduX8iKt4y9LNXsjiLqOlsOVF5baXw8Y6qs92UtKgwjShtSW4S6Zraqf1iQ/fgFtNLFmmoW9vkuc8pSx8uIvdf08Vb9uzc0PTy7qeGHtENEvYkLSGJBreVlaoR3gloWzChvJ88At+n3Fgg9cErlxNDONl0+w9UUHlt5dDMkq/t2COUNfm65wS4TkFKYhpRWpqGSNeECBWiASoXAUwDIS/R7uhpJ0pKTXafvzhvwWtN7e1tZzuaiLJKFhOVawerfJQOLdPe1tShI6L9v9693zmvg8ijtXTJ1zac3VG6/5UyZ8wy2D61aMOe3eTR5Nq7ALcFE8fXyRMGSH3wqqlDR5SVNvJMaG93b/se1D3H6zoFE3O2A4QQwgMACF5qYhpRZUcXkVvT4eKSotK9l06eHfFEv8mtv5r2Axq6SgF0oFS8ZUNZZalu6KFd29lLOkoqfv5rxUSBPlfOSg1wWxAO3nqd8nnyhB5SH7zKStXQVZ1brJiWpiFqamp3nRnEPcfrOgGiFCoXAYBPlR+XthO1HyirHKr1MWREM4N9pToqWirkwEoWZ1F3U2X30PKphSVJ1H2pqp2o/cDep3bsfbdjsJbR2YttRG3v7hpR38mNUMlkSHpaCgn1Q4RdCkTg24IwcDlP2rXdRGlp6X5OHr+n3Fgg9cErlxNDONk0920upsV5ziptQzerIO453tcJEJ1QegAwDVwtfWqHs3IPLXhyxzOBfW7BInpxx+5uoqQNW59ZTOTSDKDkazvo5d17d+ze61Z5aXHegteaKoWaRSR0/LehaUfpT3dUCJt+OJWINux6UvvUa0KNo6ztu/10GV78zJO1Qz3PUMnm4nevVuzdsZtIk5RE3Z097ZQ4yjGkBr4tCD2hhphwngyeRX5OHqIFKdqf7thNLgsHKrWwJKlif+nrT10qfv4e50ykPgi9DO3eOzgtdM62YdcPaOevhRPDORRM8TM/6Nn568G75eDNyss9h0oWZ+292rR3x+6zT27Ncm7E6zrREBmiE8Pz/GTvA0C4mAbsRFRT3+z5Vv6sTCK6dauL8YaG/kdEI+YPvRQmhFV5fek57crXfEVMxETsYx9YCqOYAQAADBNyI5HGT+4o7HmRf3xw9Fx5da+un4gSE9S5malPb3sg3BsFgEkx1EF41nbEBgAAANEpvKUHf3r1g7JL15OT4uI1sURkMJraOro33bH0cw+sC99GAZxQegAAAACTC6UHIzQ0d8xMm/Gvz25zzvnXX//lXHk1wgMAAAAAgAgU3vBgQcGsWJXCdc5tC/OaWrvCulEAAAAAABib8IYHTzy2wW3Og5tWhXWLAAAAAAAwZqEPD3p1/TdutrV1+B99nIgoJzM1e2aKRq0M+T4AAAAAAMAYhDg8OFB69p0DJ4L6SMmSwu1PbA52Q9pe/a4XXyeinc9sTYhXB/txAAAAAADwFMrw4Ie/3KPt1a9dsTA7MyUlKX7U5bV9hsvXbpy9WNXRpf3f//xkCPcEAAAAAADGIGThwWenLml79UsXzf3SlrsD/9TKpfPSDp764NDp02XXVi6dF6qd+f0r71VcqSOiOLXKWbzw9v7jHx05JyyQk5ny/W9uaWm79du9bxfmZX/nqw8RUW19y2/3vp2WnPD9b24xmSy7Xny9T99PRMXz5wgLAEwBVpvdYrFZbXaHg8OoiNMZwzBisUgqYWUyiVQycT3q4gwEnH4w6SbrDIwWIftGautblDHyMQx59uCmVaXHy8sra0MVHjhjAyLq0/e/9Jf3v//NLZev1TtjAyK62dz5Uem5ezcsT0tOuNnUoe3VJ8SrK6saLBZbYV62a2xARBVX6t7ef/zR+9aEZPcAJovNZu83mjmel8uk6tgYVizyNfwCTAc8z9sdnNVqN/SbRAyjUsolYf6NxBkITjj9YHJN/BkYXUL2XVytuZkyY7hCUa+uP16jcr584Q9vEtGz337c62dnJGpqbngZmmEMtL36m00dQuGAQi4TSgwuX6svWVJYsqRQWObsxaq9fzvQ3qVVyGWFedkfHTlX29C6UCGrqm2UySQLCnNrG1r79P333rn80fvWmMyW3/xx3+mya3esWoRGDhC9TCaLwWiOVSkUculk7wtEBIZhJKxYwoqVMTKT2dqrM8Yq5QqFLEybwxkIrnD6weSa4DMw6oQsPDAOmCXs4Npe+MObNTeaf/dv/ySTDV6HFqvNYBxw+0hNXXP+nEwiykhLamzpDMlu9PTqTRZLX3P/M//yO+fM1vbBbpSE6kMWi8351oLC3CMny8suXU+Ii23v0hbmZefNmvn2/uNE9NGRc84CB5lM0tOrR3gAUcpkshhNloQ4FcuKJ3tfIBIp5FIJK+7TG4koHD+QOAPBD5x+MLnCfQZGI1E4VpqWkkBELe3DfZtuf2Lzs98aUXRQU9f8wktvvn/wFBF99Qv37Nm9Ixx7Imjv0p69WPXUjt2Hjl743b8949pR0sz0GUL9omNnLlsstqWL5npdg8Vi0/YZwreHAOFjs9kNRnOcWomfRvCDZcVxaqXBaLbZ7KFdM85AGBVOP5hc4TsDo1RYKjoPNNkAACAASURBVFplZiQT0av7Dv/8B18W5jjrHen0Ro1aabFYz1fUEFF9Y3u3VpeUoNEbBtSxMePfdGK8WiGTCc2LFfLhEPD3r7xHRELuv9UlbnHWLzpzoSpOrcrLzRBKM4hIqFw0/l0CmFz9RnOsSoGfRhgVy4pjVYp+ozk+ThXA4oHCGTiV2B0Ou83hcHAczwXVspdhSMSIxGIRKxGzYi8nA04/CETUnYFRKizhwdoVCy9err1ac/OX//laZvqM+LhYIlq1rCgpQfPsz/8Yr/n/7N15XFNX+j/wJyEhhB1E9n1RUFBEFPeNFquOVG2xorZWS1uddnSm2lGnY6etndrNfqf+2rFWpta2Skcda7FipQU33FFRkEUW2XcChCWEhOT3x4UQICziDRD8vF/zkntvzj3n5PYOnOee5RpX17bO+r2Xkbv9n5EjLE2rROJ+dCDUiOu3vr9ftcusU+TqbJuUkqUaXCQQ8DdFLGO2Iw/FRB6K6ZTJnGnjrySm1ojrXZ1tmeFDXm4O5qbG6oOLVJMZ+ntJAAZHs0yuUCox3Bb6SGig3yiRNsvkbC3lgTtw2GhpUUilMnlLS/9OVyqpRaloUSiaZXKenp5AwNfT6zx+Abcf9EAX70DdpZXBRUT051eeeXHFU9JmWcL1lJOxV07GXrl1N5OIFodMZWKD8KXz9u/e/OoLiy3MjKtE4sUhU9kq+rW1T/v7eqp2n3/2SS93x/Alc81NjZlo4U8vLXV1smEWLCIiSwtTV2dbVd8Cc2T7xnAmPRN1bFgTitgAdJFUKjMQ4E8jPAQDgb76BK1HhDtweGiWyRsam/rdMutE3tLS0NjUrGkUB24/0EhH70DdxWFr3d+XN+8e7eHUdW2iiqoaUXUdEbk62wr0+UxK9Tcl7/vuZOKd++/99UU7mxGs1ARARdIoJ6KMHA3rYo12dyKiiopyjibU9oNZ36D9eNsus8FkpXG367a67o4LDVl+YlFVXWdqYshHxzr0mUzeIq5rHGFhwkpuuAOHgWaZvKmpWRs5Gxjod3pMi9sPutLdO1CFaY0MNT20jlhri7i72FXXapi8O3KE+cgR5p0OZuUWqbbr6iVEZGaKkV4A7GtpUfC69J8C9ICnx21pUbCVG+5AXdfSotBSy4yImpqa9bhc9TEeuP2gE52+A3UXa/+38XRzKK+sSbxzv+dk+747SURVInHkoZiMrILoM5eZJU2/PxrLVk0AQEWpVOLVP/BQOBzWepVxBw4D2h5o0Sl/3H7QiU7fgbqLtd6DGZN9Y88l7vvu5Mi/rHZxtOkuWXGZKHD8qOra+mu30q7dSiMie1srVyebsopqtmoCAAAAj07e0sLWaO+ei9C4kgwA7sDBwlp4YGczYnHI1JOxV97/vx9GjjCzNO/8BrFRHo6h86epljq9kpj6TdTpxSFTQ+dPY6sOAAAAwBa5TLstM1UpaJyBRrgDBwub8yBD50+bNWXcmXOJGdkFGdmdpzuMsOwQMIwZ5dL1IAAAAAwRAzMIG0O9oTu4AwcLy8ukmJsZP/f0nL6kNDM10uqbkgEAAOBRKJQD0WwamFJAF+EOHCyY0Q8AAAAaDMwUTUwEhe7gDhwsCA8AAAAAAKAVwgMAAAAAAGiF8AAAAAAAAFqxPDUZAHTFhX/vPF9FRHJJnYxvIuQREfks3fGs7yPnLLr2zZe/5hHX7yFyS/rmr0kTPn5xgvqxlCM7z9u8+tpsa41n1N395TzN/sM4k0euLwx1tXdi9vySUysjUhBZOi9ZHTrDSlO620dfvu21f51/nzLNS9ib57xhljPblX1spUS+czGtwxGHVe+EBgxafdgjz4/9LjY2v4mIZAoDj5mzI570MtSQrvjErhhaG7HEtk+51t6JjaWgsPFmrNf38VQWd+jji2L1I5Yzl70V3O1ruICIRrs7dfcRwgOAx9SsP+6YRUR0+5u/3p6wY92E3s/oo/Qzv0iCt707zehRM/JdvqOH6EJSlJJCkxEeDH+i83uONoRsfz3IiIhIVp54NDWfHr1ZLyq5lWXMQj7QxmHmsgi11lhZ3MWiQa0PW5J//CnBNuzTdfZERIra5F8T0yVeAcJHzbaxKP8W+SI8YI/zqndmqoWjKafjBrM2ug7hAQC0SY36xyWPbS9PFhIRieL+9WXdsh0u8X+9PfIP8rTzZQ1ysp0Wvnq+pxGRoujC/u/Pl8vkCnKYs+6V2Q6tOZRf+HJfXJFUlv7ZzrjRS3cs9877/ZvvLhUREdnOeuGlYBce3f72r7dH/kF+69dcr5UfrFBr/yuKLuyPO19aJyfr4Jdem2VPt7/9623/j9f5l5/56Ju6iZ5F19LEzXL+2PBNy72zj+w8mlwnoS93JlrPfvW1SZXHvjyaLOGSXOix5KUXJlgMzvUDrSivLbF29muLNvnWgSuZ/qSGtIP/jktuIJnCIOC58DVj1eJRRXHsvujYMrlMwXOeG7p5rj0R5Z+N2nO2irhERs4LfGtPXyonWfGWdxL8nnl9jd/gfDPQBbUllXoeU+xb97hmfguDmc3Ge9EfHs1vJJIJnSNeD/VTfyDS9eZUFMfuiz5VIudzyXDU7BC980fvSBvp+JbrZiF/fD5EcxcpwKBBeAAAbcZMm/DTicvVk4MtiPIv3BAGb3KmdKL0Qt6ON3aYcKno9Kdfn3R5d4V3+pGo8ie27PDgEUku7/vmgv9rs5hHYNazXtth0t4dkRr1Tbbvlh2vtJ57zOHdFd5ElJ4t27L9A+tOv34elBts27LDiCRXvt4Ze3tWh4FGoizp1G1vPUuKvBO7oi6Ubpu/fIe1yYff0LptC6yJ8k7sL5u25d1pRkR1eXnygb1ooG2jApf8fvztz4pmTPYJmODlbMTcN6LY/yQ5r399jQmR4sHhT+KSx4aqGvnJP8aUPBnxqSePqOHs3uOxAc+HlETvvm69+Z1wZy7JyotrreyDbY++fNvr0z6ORILHl9mMJ513fvvV7ok+c/38/Nwt+cycTVHCngSbzW+HmnGJHsS8/XOa30pVP4CGm5N+PJ7gsuzzDfZE8pIisZ3D6x4mkXto4a6F9j0VDjBIEB4AgIrLrCD68kJe8NMu6QnJLjN3MP3nnuMmmHCJiBymTbbck55HdPueKD1zl2qcsU8BkaYe8vS7yQ7jlnQ815uIvKcFd44NiMjNd7IREZHQzcX0Qnl5h88sfSc4EBFxXVwcRLdLiTqM7rX2dCr/6b9naIrvhFEuLvitpiuSo7f8L5+IiJxXvhMa0GlXlYxrH/L663Mb8tOvppz67lJ6mWDu6mVLRqZeKyiv3P3FqdZEZlbl1BYepF1LqU2+/1VyWwZ++ZSc/MBq8ovOXCIivrW9xpkLD1ElGA7KY784EltJRGQ1e/m2uda3/vvFYeaXmk/wp8/5qNIZjg3d9Z60Mic54WbcqR+KG91nb17tz7+TmZ3XsPO9G62JrExLVL8Ea7venGn5KUYztjKRAM/OwbK7OnWqQ3dVAtA2/CEFgHaW06fafHY7L6TsQp7f/JU9JLQJ3rhpVr8HzWr8xcPl93AGv6dV1oS+L+zwKM/Nvnfl6/9luTy/bYlrfysGA8kv9FO/7nc74hs5+wU7+wUTZUVv+d/VoPUC4rtFvBPa4Yz2oe6Wi/6yNkTt/kxOpj55mCqBjrMOef31ELX9gOde7zYC5AqsPAOXeAYuoYaze746muy/kojvG/zpSvUme3H7ZuebMy2yb3XqVIeeqgSgTVjYFADUCCfPckv+5cAVyaRZLm3Hsu7erlMQERVdvi7y8HYh7wk+ZZcTWttidelZ5d1k5j3Or6jt3LqUdJGXt0s3KfvBxNxSVMbUQVJeLBFae/rOffbZAEpP6646oJuKks7eE8na9morG2TmZmZmYwKsHpy93kBERPKS9Ae17Sf4BI0Rn73Y2larTc8sIfIb71R5PTFfQUREdaJaBZG5kVlZVckAfxfQPQ3JCYn50rY9eVVJg5GZOZmNd7dLSUpovQHLk9VvQA03p0/QGHHCpbZ7UlRLRGbmgspS/LKCIQq9BwDQgfc0v6Nflc9f29797e0oj/psZ1mDXG4x4fmXvInIe/mrk/7zzT/eJR7JyXbaCy6epHEdjzFh64q/+dfOM0REtrPWveTNYj2FQYuCb3z9j3d/8Xv6Beuko1/mSXhcuVzoF77BmlKO7fyJlu541vr8l/vu+b36R+/0f+9LHtvtGqkwpNnY8xN+3v7fBuISKYjsfDa8EGhItOjleQe/OrDpFyIiM88ZG9VuLr8VS2fsj970tpxPRHY+G1y8aGzoxuKje97+nHh6ZOS88pXQALfZYQ4HPvx7ml3w8m1zcWOwoOji8c0X1Q84rAoevNqwxsjZquHgni+y64jPJZnCwPsPyze4ENHsjc9F7/7oi6NcIoWB99Jlan0Fll1vTr8VS/P3H9/0d+LzyHDU7M0r/cymBC+6fnTT2wkBYZgcz4r8Q+/sPaS2bzlz2YJBrI6O4yiVysGuA4C2SBrlRJSRU9D1I2a534qKco4m1PaDiDocb9tlNpisNO523VbX3XGhIcsRe1lFjc1I84c6RXLt6w+zZ727srW11bZ8ELv1giGtH7fNAGQFA09c1zgwBZmatL9IALcfqOj6HajCtEZ0CAYXAYC68gvnJLMWsPmYHwAAAHQIBhcBgDrr+Vs3qe9PePFj9t6YBgAAAEOd1sOD6DOXS8qqsnOLicjD1d7OZkTo/GnaLhQAAAAeEYdDAzAAuZuxlgC4AweNdsODXXsOF5dWBU30WbZoFhFl5Rb9dv7mvYzc7Rt7WjERAAAABh2Xw21RKgagFG0XAToKd+Bg0eIV+evOr02MDd/ftm71M0+UV1aXV1avfuaJ97etMzE2/OvOr7VXLgAAADw6Pb2BaDYNTCmgi3AHDhZtXZGjJ89bjzB/fd0SM1MjIrqfXXg/u5CIzEyNXl+3xHqE+dGT57VUNAAAADw6Hl9v2JQCugh34GDRSnhQUVUTey4xZG5gdwlC5gbGnkusqKrRRukAAADw6Hh6ejw97bacBqAI0F24AweLVuYeFBZX6ulxfTydOx3PyGpdft7H01lPj1tYXDlyBBYkBtAiDoejVCq7e80CQFfs3jC4A3WdQMCXN7ZoNX/1Xdx+0IlO34G6SyvhQUFxuaerA5/fIfOM7IKMva3hwf7dmz1dHQqKyyf4efavCEmT9LOvjuYWlHU6bmpsRBwll8PdvjHc0sK0v98AYJjQ0+PKWxR8Hh6NQF/JWxQsjsTFHajr9PS4Bgb6TU3N2sjcwEC/082G2w860ek7UHdpJTxwc7Y7HX9dJpfzea35Lw6ZupimqhLI5PLsvOL5cyexXjSXy9m+cSUCAwCGPp/X3CzHX0fou+ZmuT6ftT8NuAOHAeZ+YL19ZmCg3/VOw+0HXenuHai7tHIJ7Gws5fKWlLQHE/y8mCOjPZ3UE9xOzpTLW+xsLPtdhNBA8NafV6u6EUrKRZsilnm5O4qqxbv2RBHR9o3hmQ+KIg/FeHs6NUmbcwvKzE2NVQeJaMG8ycsWzSQi5pQacT0R+ft6vrb26Ue+AABDhUDAr6uXGBkKBrsioDOapM0mxkK2csMdODzo83l6XK5UKpO3sDDMg6enJxDwNT6jxe0HGunoHai7tNKBYmVpFhTgczwmobsEx2MSggJ8rCzNtFF6J+lZBcwYpBpx/Qd7Dn9/7DfmePyl25k5heqxARElpWQdP3VxAGoFMDD0+TwuhyPRTrcsDD+SpmYuh8Pu41vcgcODnh7X0FBgaChgGmoPOzybwyE9Llefz2My0dgyw+0HPdDFO1B3aesSRKxa+OcdXx76X9yyRTOEBu2Bu6RJevxUQl19Y8SqhVoquhOm06CqWvx55PFacUPEqoXjxrgz8xZENXWimroacT3Tk8B0RFxJTJ0zbTyGJ8GwYWxkUF3bwOfp8dDDDj2Sy1vq6iUWZkbsZos7cDjR3jIvuP2gL3TuDtRRWoyQ/rXzta9/OPXWB//xG+Pu6eZARFkPipJTc7xHufxr52vaK7cTV2dbpq0vFAiEAoGXm4PQQGBuZkIFZURUVFJJRKfjr5+Ov86kFwj4VdVihAcwbPD5PBMjgxpxg7mpEf5AQnfk8pYacYOJkQGf7SdnuAOhV7j9YHBp7w7UUdq9Cq+sXhR95nJ+UXn0mctE5OJoM3fGhMUhU/tw6qCRSmWimrrBrgUAm4RCARGJaupNjIVCA/3Brg4MOZKm5rp6iYmRAXOrsA53IPQAtx8MLm3fgbpI60FS6Pxp2i7iUTjYWalPUwYYroRCAY+nV9/Q1CiRGgj09fV5PD0uVnd+nCmVSnmLorlZ3iRt5nI4FmZGWn1shjsQ1OH2g8E1wHegzmH5Whw7eb6otEomk/cxvYGBvp3NiGcGr2nu5eZgbmqsPrjI1cnmjfVh6vMlAIYHPp9nYW7cLJNLpTJxXWNLi0KpVA52pWDQcDgcPT2uPp9nYiwcmKl4uANBBbcfDK6BvwN1C5tX5PP9x3Pyin293Wycbe9nF47ycGSOn4y9wgwoUm0QEZOgrl5y6VpyZk7htj+Fs1iTvrO0MN2+MVy1eJG5qfGGNaGIDWAY0+fz8KsQBhHuQBhEuP0A+oLDVvQc9VN8bkHp6meecHKwjj5z+X524ZY/LieixDv39313csuG5UT06d4jWzYsZ96B8Om/j4zycAydP620XPTVwZMB47yG+DAk0EWSRjkRZeQUdP1otLsTEVVUlHM0obYfzDOG9uNtu8wGk5XG3a7b6ro7LjTE3y0AAIBhhWmN6BDW3ntwLyN3/FgPJwfrTscDx49iAoNP9x7p+n40IrK1tvR0s796M42tmgAAAAAAQP+wFh6UVVR7uNh3PV5YUkFEWzYsZzoQSiuqu6aZ5O9dUVXDVk0AAAAAAKB/tD6SgXmxgKrToKxcZDvSQtuFAgAAAABAP7AcHmRkFXTaFtXU2dtaMdsjLE1LykUGAn2N6QEAAAAAYHCxNjX55c27HzGH/bs3s1ITABVMTQYAAIDBpXNTk1lri6BxDwAAAACg61ibmgwAAAAAALoO4QEAAAAAALRCeAAAAAAAAK0QHgAAAAAAQCuEBwAAAAAA0ArhAQAAAAAAtEJ4AAAAAAAArRAeAAAAAABAK4QHAAAAAADQCuEBAAAAAAC0QngAAAAAAACtEB4AAAAAAEArhAcAAAAAANAK4QEAAAAAALRCeAAAAAAAAK142i5AKm1OvHM/r7DsQX5pbkGps4O1s6ONs4O1l7uDo91IbZcOAAAAAAB9p93wIDu3+OjJ88WlVZ5uDv6+Hs/+YdaDgtIHeSUxcdeaTjWvXBY8NXCMVisAAAAAAAB9p8Xw4Ej0ud/O3/T1dvv7X1ZzuZySMlFGdoGLo42/r6ftSIuon+K/iTp9JfHeG+vDtFcHAAAAAADoO45SqdRGvlE/xccn3H7u6Tmzp42PPBRz626mnh7X09Uht7BMKm12c7Z7ZtFMIvp07xE7G8v3/rpWG3UAkDTKiSgjp6DrR6PdnYiooqKcowm1/SCiDsfbdpkNJiuNu1231XV3XGio9fF+AAAAMJCY1ogO0UpbJCX9QXzC7TXLQ1ydbP+49XMLc5PX1y0ZM8qFz+cxI47iEm5/uvfI4pCpO7et2/HhNydOJyxZMEMbNQEAAAAAgL7TSnjwy29XJ03wnhHk9+Z7+xztRv5jywtEdOlGypUbqTOn+Pl6u72yepHtSIuTsVcm+Y9+5g+zon+9FDBulLODtTYqAwAAAAAAfcR+eFBUWpmdWxy2ePaxXy40NTXv+MvzRBR95vLJ2CuLQ6ZG/RTvaDdyyx+Xh86fdi8j978/n/vzK8/8fuEms6hR30sRVYt37YmqEderHzQ3Nd6+MdzSwpT1L8U4furi6fjrC+ZNXrZoJrNLRMy2NoiqxXsPRm9YE6q9bwQAAAAAoI799x4Ul1YZCgUerva37maGPjXN1MSQiE7GXtmyYXno/GlbX1+RkV2QkVVARMtD59zLyC0pq3J2sC4qqXz0omvE9XsPRkuapGx8Dw2WLZq5f/dmVWxwOv66lgpqj39qG7RXBAAAAABAJ+z3HuQXljk72tTVSyqqatyd7XpI6eFqbyDQLyqtcnWyvZeR24+y1LsLJE3Sz746WlIuKiyu8HJ3zMwp/DzyuFQqIyLV834iunYrLfJQDLMdsWphUIAP0xAnInMzo9yCMn9fTyJKSslS/9TczOiN9WGn464zvQdExMQGp+Ovp2XmzZoy7rujv3l7OjVJm3MLyphaZT4oYgpSla7e4+Hv6/na2qdVYcaUiT7pmQU14nqBgL8pYtkIC1NVyq3v72dq0q//GgAAAAAAD4H98OBBfukoD8fi0komAGAOLg6ZysxFjk+4PdrDabSnE3PcxdGmuLRytIfTydgrLNZBPTZgGvEOdlZBAT7qsQERMdtebg5MzwPTHA8cPyrxzv1+FJqe1bo8To24/oM9h5ukzcxu/KXbfj5u6i1+Jvw4fuqiKmi5ejON2ZBKZUeiz60NX/AI3x6AiKisomawqwAAAKCrbEaaD3YVBg374YGFuXFGVsETsyYSUWlFte1ICyIKnT9thKXplRup4Uvn+Xq7MSkbGpsysguCZwakZuZ5ujn0o6wacf3W9/erH/H39fRydzx+6qJUKlN//P/7hZuj3B1/v3BT1WnAhAqJd+57tRWtekjfa3jANOtV8xCu3UpTdWVUVYs/jzxeK26IWLVw3Bj3z746mltQJqqpE9XU1YjrmfRMR8eVxNQ508YzGbo62byxPqywuOLzyOM1tQ0G+vztG8OZPg2tzqaAYexx/r0GAAAA/cZ+eGBqYnTrbqYel+NgZ5WcmmM7eyJzfPok3+mTfNVT3rxzn4gc7a3iL932cOlpGFIfqdr3JeUipnNAva+gura+prbB3NSYiQeCAnyYxKJqMdO49+pXiKLi6mzLtOOFAoFQIPBycxAaCMzNTKigjIiYyRWn46+rZiwIBPyqajGz7ePlIjQQONqPtLO2xHwDAAAAABgs7IcHnm4OsecS07MK5s2YEPVT/MgRZmfOJWY9KFJPM8LSdPok37upOXOn+/P09HLzS6cFju1HWcwDeyJixu0k3rnf3Rh9iVRaXVPXjyKqqsUSqdScjPpxbs+kUpmoX1UCAAAAANAS9sODCb6eXu4Ox2MS3n1zze3krN/O35w2aeySp6arpxHXN6akP8gtKN32p/Aj0edMTYzGjXHvd4mWFqavPL/o88jjSSlZ126lBQX42FlbJql1JjAkTVJm8vG5y3eWLZrJzE+ws7bsbqA/87w/Oe2Bag7Do3Cws+o0SZrBrI4KAAAAADAUaOW1aE/Pn/7p3iMHj8RuennZO58c/O5I7LwZE7zcHQPHj0pJf5CTVxITd00g0N++ceXtlKz4hNsRqxYaGRo8Sole7o7zpk84HX/92MkLXm4Ofj5u8Zduqw8uYlYKemLWxMhDMeojfJ6YNdFAn98pNya6UE/WndPx168kpj41b1LvNXRzMDc1Vs+TmW/Q81nM5IquQQUAAAAAgDaw/96D2ylZzCJFCdeSP/33kXfeXLN04YzMB0X7vjv58ubdn+8/fv12+swgv893vnYjKWPfdydVcwAe0YLgya5ONjXi+qgTZ73cHTdFLBMIWtv9rk4268KfYuYbRKxa2H7KvMkai2ayYrafWTTT3NS4a5o508ZrPN4dSwvT7RvDVaeYmxpvWBMqNBD0kH5q4Ji+5w8AAAAA8Og4SqWSxewu3Uj59sczi0Omhs6fxrwp2dzMmFmtSC5vKSgqd7CzMjYSZucW/xSTkJFdsHJZ8Nzp/ixWAECdpFFORBk5BV0/Gu3uREQVFeUcTajtBxF1ON62y2wwWWnc7bqtrrvjQkOtdOgBAADAYGFaIzqEzbbI5Rv3vv3xzOQJ3sxLDJg3JZ85l7j322h9fb6nq72Hq/2vZ288yC9paGwaO9r1H1tecLQbyWIFAAAAAADgUbAWHtxIyjjw46+zp45f/ewTHA7nZOyVt/682tXJZrSnU0p6bur93Jra+vvZhU4O1oH+o5ztrZ0crNkqGgAAAIYTqbw+tfL37OprxXX3qpsKJXKxUqkY7EppBYfDFfJMLQwc7U3GelgEjbF6QsB7iKHLD+XxuaoaDeSl1nWsDS769N9HRns6LQ6Z+uOJs3EXb7352nOj3B1ZyRmg3zC4CABAt5TWZyQUfJtYcnSs1ZOeltMdTX0thS6GPDMOh/3ZkkOBUqlolNeKJHmF4pQs0aV7lb8F2oXNcHrR1ng0i6WorupjFQ/0jMPhauNSa6Rzg4vYDA9GeTgyY4o2vbxM9WpkgEGE8AAAQIecytx1vfjH2S6vBDmsNOJbDHZ1BkGDrPpa0eHzeV9Ptl+xyGs7K3meytx1IX8/K1kNS7OcX2brUnfn8Q0Pos9cvnk3k8/TWxgcFDDOi5U8AR4RwgMAAJ1QWp9xJPVNexOfBZ7bHs/AQF2DrPp01ofFdWnLx3zyKM+2mataVJfCau2GIQcT30e81D17fMMDgCEI4QEAwNCXW3Pj4N1XQ9zfmOq4erDrMoRcKfwhNuezNeP2uZr3/nqlrpir2iir0ULVhiFDvnm/L3WvdC48GJ4j+QAAAEAnlNZnHLz76tOj30Fs0MlUx9VPj37n4N1XS+szHvZc5qoiNui7RllN/y71sITwAAAAAAbNkdQ3Q9zf8LcJHeyKDEX+NqEh7m8cSX3zYU88kvomYoOH1Sir6celHpYQHgAAAMDgOJW5y97EB/0GPZjquNrexOdU5q6+n3IqcxfmG/RPUV3KQ13q4QrhAQAAAAyC0vqM68U/LvDcNtgVGeoWeG67XvxjH8e9lNZnYJ2iR3Ehfz+GGCE8AAAAgEGQUPDtbJdXsE5Rr4z4FrNdXkko+LYvifuYDHqAa4jwAAAAAAaaVF6fWHI0yGHlYFdENwQ5rEwsOSqVuezaXwAAIABJREFU1/ecjLmqA1WpYasvl3p4wyqKAAAAMNBSK38fa/WktrsOkhLdo2o7H/T2yFnrym455w7EnZgQ/C9/dnNVY8S3GGv1ZGrl7xNsl/SQLLXy94F5L/KzU3ImGbVul5e4707VYlmzApIWWZhKqj9451akFotRo1Qqer3Uwxt6DwAAAGCgZVdf87ScPihFp2cvPlPFYn7nDsStS2cxv254Wk7Prr7Wc5peE7BiVkCSKjYgImu7nM1jBqDYATUwV3LIQu8BAAAADLTiuntBDs8NTFnq3QXlKYt3l91LKimYP8KpY/dCaLjq8X/un7dmR7eeoP+3zTMjrJntqsiPkj4QERGRpc35rb5OarFBdFRc9G32+yXaOZr63ig+0nOa4rp72iq+XYS3iSmRODvT/+v81kf71qYfEm0jInI+9I7XVCEREak97494ZfbfPNqanKrjTBdEeUOWtZEnUdaNuJBj9OHm4OWtV7vhyNarHaatt3VZtBatVQNyJYcu9B4AAADAQKtuKrQUugxuHToOPYqOuhhZzsQAqtiAiJo/2J14jjrGBkQkKpt9IHdAa2spdKluKuw5Ta8J2BApkhKRqYfboVlEF275b41zb23Hq8UGRCS0+BvTq/DslPbYgIiEFq+/4ty+a23kSUTUcKtDbEBERss/mvKh2ll/a+uyaC1aqwbkSg5d6D0AAACAgSaRiw15ZgNTVnq2+9Zs9QOh832diM7drm3vHChPWby77INTuRFrTYiIyOybjwLnqJ9TXvKzqL0j4tyBuHXpBZHlrhFrg785ELcuXb3zQTsMeWYSubjnNL0mYMUxcdYkI0/iTV0UnLNIrTdgltVYYftUhA83By+3HnloFq06dtX9WNu5z07JmWRkamKsll1bL8GsgCTr9t0PNwcvtzYKeJaonEkmv3Lq/KoLzHHeSGsN9WLTwFzJIQvhAQAAADw2VO3+qqxypnMg7gPVh+X1BeQ631//g/jadVvjSG0QERU33escaTSnFBNpu506FKWGbK1v7ygQWvztoymeW69us9Y3ZaYifGTXllKtHc8MQ+qaWbm4dQQRc3rb7rbdca3HmY4CSd3ZC0REWXVyskbrVcswuAgAAAAGmpBn2ijvsqiQdnh75HwUnBPO9FXUnkjqPqWoKZvIaf7MnI+Cv/FmjpTN3soMOtIgu4zNKc69aJTXCnkamtfqek3AmvxV78S5b41zP1UtJiIyCnhWczprS2d6dkrOR8E5k5r8t8a532gYoAo+ooG7kkMS4i8AAAAYaBYGjiJJ3kC+E80/8HzZxdnxzdFRiUv8A+fQCE9rIpH6zOMO5qwNziEqOHNxdnzzz7erIiYYjKXae1pYFLWvRJI8CwPHntNYGDg2ymq0XBFmhgAzk5gu3Pp1UtuEgfJmMRmZdlnn9MPNXkSUlZdKRBGWgm7zZU5nxiNdaJ3NLM7O9B+AVaG66vVSD28IDwAAAGCg2ZuMLRSnOJlqdbh+J07zx/wtKekDUe26A7k5a13nTDCj9Fr1wUVj5/mfnF+ntmwRQ//pCSPImp62LLvXYXBRh/kJ0VFx0WfaRiJpQ6E4xd5kbM9p7E3GFtWlaKkCbbblNSy3NvKcFJwzSXWs4dYxIqq8N89iaofBRQ1Htl5ltjqm16Q10mib0kBE1PDr1/k0y0pb36QHvV7q4U27g4uyc4ujz1yOPnP5dkqWVgsCAAAAHeJhEZQlujTQpY6IWGszlojSs/+cROQf2DbiiIiIvD1Ozh9B5PqvjzxC1c4JDWe6F0ZEbPX/m6XqsP7fNrfGBnMW2QxEUzJLdMnDIqjnNL0mYMWxqx3HCKlWIM1f9U7mFYnquPzKqavbiLbtLslqP5J5RUJkbfph50yJmW9wpLzz6YNjYK7kkMVRKpXayFdUU/f1979k5xarjoywMN308jN2NpY9ngfAJkmjnIgycgq6fjTa3YmIKirKOZpQ2w8i6nC8bZfZYLLSuNt1W113x4WG6NADgMeCVF7/jwv+O2beGMjxRbqrQVa98+Kkd2clCXjGPSRjrurAvDh5GONwuL1e6ofCtEZ0iFZ6D+QtLV8e+LmwpGLNc/P3/PNPX3/6xoYXQ5VK5ad7/1tX36iNEgEAAECHCHjGgXZh14oOD3ZFdMO1osOBdmG9NliZqzpQlRq2+nKphzethAdXb6blF5a9vGrRjMm+QgN9DocT4Of1l1efbWyU/nr2hjZKBAAAAN0yw+nF83lfN8iqB7siQ12DrPp83tcznF7sS+I+JoMe4BpqJTy4m5pja205fqyH+kFba0t/P8+klOzuzwMAAIDHha3x6Mn2K05naRyGDu1OZ3042X6FrfHoviS2NR49y/ll7Vdq2Jrl/HIfL/UwppXwoL5BYmWpYb1YC1PjJqlUGyUCAACAzlnktb24Lu1K4Q+DXZGh60rhD8V1aYu8tvf9lEVe2x1MfLVZqWHLwcT3oS71cKWVeZAWZsb3swsVCiWX22H+ZXFZlYmxIStFZOYUfh55XCqVCQT8TRHLvNwdiejarbTIQzFE5Opk88b6MKFB94vrqmXi4+Xy2tqne0h2/NTF0/HX+54tAAAA9NHyMZ/suxUu5Jv624T2IfnjJaksOjbns1cDoh72ROaqav8dCMOKId98+ZhPBrsWQ4JWeg8m+Y+uEdfHnuswzeDm3fup93MnjhvFbllSqUxUU8dsJ965z27mRCRpkqZl5pmbGn/095ff+vNqxAYAAAAssjUevWbcvp8z3kEfQidXCn/4OeOdNeP29WOsC3NVDfnm2qnaMGTIN+/fpR6WtNJ74O/r6evtdjwmoa5BMm6MOxHlFpT9/Oslexurp+b2/E6M/ki8cz8owEdULc7NL1UdPBl75bfzNxfMm7xs0UxVD4BqtysmwZSJPumZBTXieqZTYoSF6a49UTXieiLa+v5+5nRVHwUR9ZAhAAAA9IWr+aRXA6KOpL5ZVJe8wHMbljptkFWfzvqwuC7t1YCofjdY1a6qtl+UpvMcTHyXj/kEsYGKVsIDeUtLgJ9n6v282HOJsecSmYNjRrlErFpYWlFdVlFdU1tHROZmJtZW5s4Omt5l3je21pZElJtfKqoWV1WLJVKpt6fTg4JSIhoz2vXC1btpmXmSpslElJaZJxDw/Xzces7w6s00ZkMqlR2JPrc2fEGnBOqxARGdjr9eUi7qeWwSAAAA9MzWePTGydGnMnd9fHnObJdXghxWPp5BQoOs+lrR4fN5X0+2X7FxcnQfzuiJ6qpeyN/PUgWHoVnOL2O+QSfshweZOYWRh0+LqsU2Iy38fT2NDA3cXeyMjYQOtlYZWQVffXeSz9PzcLXX09PLvXynRly/PHTOrCnj+leWgYDv6mx3JfFeVbU4Oe0BEY0d7cqEBw42I+ysLWtqGyQSaVW1uKRcZGdt6Wg/sucMmdkFhcUVn0cer6ltMNDnb98YvmtPFBFt3xguFAo+++ooEUWsWsj0V+zaE5WWmZeZU8hMfgAAAIB+W+S1faLdsoSCb3denDTW6klPy+mOpr6WQhdDnhmHo5Xh0INOqVQ0ymtFkrxCcUqW6NK9yt8C7cI2TDzC4pNs1VVNLDmKN6apcDjcQLuwGU4votOgK5bDg8SkjH3f/2JpbrIxYlmnR/UlZVWf7j3yfNiTs6aMyy0oKywuj1i18G5qzv/7z0+GQoPA8f2ck+BgayWVyq4nZeTmlwgFAgtzE+a4gYG+j5fL6fjrmQ+KmN4AHy+XXmcOMGkc7UcyoUWnTwuLK0rKRa5ONsyIKUsL06mBY07HX1dNfgAAAIBHYWs8+lmfXYu93kqt/D27+tqN4iPVTYUSuXi4tms5HK6QZ2ph4GhvMtbXev7yMZ9o44Vcna5qcd294X1VNVK/1B4WQWOsnnjM333WAzbDg6wHRfsPxbg5226MWGZsJFT/qKSs6rN9xxaHTGU6CmLPJ96+mxk00WfcGPf3/vri2x9/a7vlBUe7Xh7ta+Tl5mBuanw7ObNJ2uzj5WLZFh4QkZ+PW/yl28x85b6MLOrVCAtToQBTkwEAALRLwDOeYLtkgu2Swa7IsIKrCn3EWlddS4viwI9nrCzNNm9Y3ik2IKIbSRn2NiNC509jdp9/9ol3//oin8cjIjubEaHzp51NSOpfuUIDfXMzo1pxg1Qqs7O2VP+I6QRISslKSsnqy8ii3ssSCszNjHILyu6m5hCRqFp8JTFVIOCrxyQAAAAAALqLtfDg8o2U8srqlcvmCfT5XT+9n1040qp1da3EO/d3fvbDkehzqk9tRlpcuHq3f+UKhQIfLxeN/QNCg9aPVKOG+leEeoZPzJpIRJGHYl7evHvr+/trxPU+Xi6YeAAAAAAAwwNr4cHVW2lODtZjR7t2l0AVNgSOHzVmlHNBcYXqIwOB/qMU7efjJhDwNfYPMB+xMrKIERTgE7FqoWp3wbzJWLYIAAAAAIYNjlKpZCWjDVv/FTI7cOnCGRo//feBnxsl0i1/XM7s7j0YLa5r3Pr6CmY3+szla7fS/rn9JVZqoo55L7KdtSXedvx4kjTKiSgjp6DrR6PdnYiooqKcowm1/SCiDsfbdpkNJiuNu1231XV3XGiolbWGAQAAYLAwrREdwlpbxFAoSLqXpaenoTvC0tzEZqTFuct3Ssqq7GxGEJG4rpHP59U3SJhZCjl5Jb7e7Dzd7yQ57UEf1ywCAAAAAADWwoMVS+b9cOy3k7FXun4kEPD/sfmFG3cyvvrul3ffXENEkyd437p7Pzu3ePxYjwM//novI7e7bod+Y15KUCOud3WyWRA8md3MAQAAAACGJdYGF/Uq8c79fd+dHDnCfMWSuS6ONlwut6xCdOHq3SuJqYtDpqoWNQJgkc4NLjIQ8rr5BAAAAHSPUklNEh0bXDRw4QETIfwafz2vsEx1xNzMeGaQH2ID0BKdCw8EBnpcLuIDAACAYUKhUEqbWga7Fg9nQOdBBo4fFTh+1N20HJFIrFAqLcyM3V3szUyNBrIOAEOZUsHicmIAAAAwyHTxzdSDsEzKOB/3gS8UQCcoFEo9Qu8BAADAMKFQDNw4HbbgQSXAENKig79EAAAAoDu6+Jcd4QHAEKJUKHXxMQMAAAB0pVAolTr4Zx3hAcDQ0iLXvd8jAAAA0JWO/k1HeAAwtMjlioFcTwwAAAC0QalUyuU6ODEZ4QHAECSTITwAAADQbbr71xzhAcCQ0yJXtLTo6u8UAAAAaGlRtuhm1wHCA4AhStbcghFGAAAAukipJFmzjr0KTR3CA4ChSKmkZl3+zQIAAPDYatbxZ3wIDwCGKEWLslmKCAEAAECXNEtbFDo+QhjhAcDQ1dKilEp1+wkEAADAY0KpJKm0ZRjMHkR4ADCkKVqU0ib5MPhdAwAAMIy1tCilTXJd7zdg8Aa7AgDQC6WSmqUtejwun8/hcDiDXR0AAABop1QqZTIdXqeoK4QHALqhRa5okROPx9XjcbhcBAkAAACDTKFQtsh19d1nPUB4AKBL5HKFXE4cLkePy+FyORwucdCjAAAAMCCUSlIqlUoFKRTKFoVSqRgOQ4m6QngAoHuUCqV8mP5KAgAAgMGl3fCgvkHya/z1wpLKguJyInKyt3a0s3pq3mRjI6FWywUAAAAAgH7QYniQmVP05YET5mbGY7xcpk0aS0S5+aUpGbkJ11NeW7vEy91Be0UDAAAAAEA/aGth00s3Uj7+8kcXJ5vtfwqfOcWvsbGpsbFp5hS/7X8Kd3Gy+fjLHy/dSNFS0QAAAAAA0D9a6T2oFNVGHY+fN2NC+NJ5GVkFn+49ovpoy4blf3nl2aif4qOOx4/2cLKyNNNGBQAAAAAAoB+00ntw/vIdW2vLsMWzm5tlkYdjXBxt9u/evH/3ZhdHm8jDMc3NsrDFs22tLc9fvqON0gEAAAAAoH+0Eh6UlItcnWx5PL3Siuqa2vr1axYzx9evWVxTW19aUc3j6bk62ZaUi7RROgAAAAAA9I9WBhflFZZNWOBJREIDARFlZBcwg4gysgtUB91cbE+cvtTvIkTV4l17omrE9eoHF8ybvGzRzL5ncu1WWuShGCIyNzXevjHc0sK03/UBAAAAABgGtBIe6OlxjQ2FRDRyhFng+FEnY6/ImuVE9Ou5G4HjR40cYUZExoZCPT2W+y5Ox18nor5HCIl37gsE/E0Ry7zcHdmtCQAAAACALtJKeDDa3UlUU8dsjx/rmXjn/qHjcczukqdmMBuimjovt0dtlKs/9We6ApgBS+p9C/6+nq+tfZqIMnMKP488bmFmQkSl5SJTEyNxXQMRffzlf5k0TAKpVNbDWUEBPkn3suysLQ0E+ulZBUx0QUTMiaqzOnVuRKxaGBTgw2SlOle9u0PSJP3sq6O5BWVE5Opk88b6MKaP5fipi0zMgzAGAAAAAAaAVuYeuDrb5uSVEFH0mcsnTicsXThj59a1O7euXbpwxolfE6LPXCaiB/klLo7W2ii9U9M8KSXr+KmLqk9Ly0Wl5SJ9fZ6RUKB+lnpswJz1z3/9IGmSqp8lEPA9XO2JKLegjGnfS6Wyfd//ojoxKSXr2q00SZN078Fo9YFPx05eEFWLmW3VuUQUf+l2Zk6hemzAJPjsq6OSJqkqNmAK+vr7U6pMAAAAAAC0QSu9B17uDjFx1+ITbp9NSHpidsDC4CDm+MLgIDNTo2PRF4yNhGmZ+SFzAh+xoBpx/db396sfCRw/KvNBUY24nnkwz7S8rySmzpk2nkmgegzPfFRSLmJ2vzzws1QqUz8rt6DsbmqOpbmJ+lmZOYWq3REWpkwcwpz15YGfk1KyikoqgwJ83vrzaqY4VSlVbS175lxH+5FMEaKaOlFNXW5BGdNpQERM+uzc4rTMPFX3CNM3cu7ynYeaXAEAAAAA8FC0Eh442o1c8fTc74/9xufzZkz2U/9ogq/Xydgr0Wcur1k+39FuJLvlMmN4mL6C0/HXVY/eBQK+qnVuZ23paN+5XFG1ODe/1NzUmIkihAaCJ2ZNjDwUU1RSyYQHnc5S7ZqbGUmkUj8fN+ZgUsdsmYCBqUCnc4UGAh8vF6bHoKikkoh8vFyYAUVMaCGqFtfUNnSKf7DWEwAAAABolVbCAyKaOH5URVXN/05djD5zeWrgGFtrS2aIzpXE1CqR+Nk/zJrg5/nopfRxxSGpVCaqqWMa+hoJhQJzM6Oa2oZHr5J6j8GmiGXrwp9itlnJuaa2TtIkZaIIAAAAAADWaSs8IKKn5k32GeVy4crdr7//pbq2nogszIz9fNz//pfVLo422ivXwc5K4yKnzLggjYQGAnMzk9yCMmb0jqRJ+vuFm6qsHlZhcUVJuYjpJZBIpL1GHUwpzAgoSwtTps/hhbAnzc2MiAgrrgIAAADAgGE/PEhJz7UwM2aavC6ONs+HPUlEN+9kyFoUUwJ81FMWlVZW19T5eruxWwEvNwdzU2P1wUWqYf09CJk9MS0zr9NZ48a4FxZX9K8auQVlG9/6gtlWH1zU1bgx7q5ONrkFZapxRK5ONoH+oyuqak/HX1cfXMSMnupffQAAAAAAesXyykXylpZv//vrsV8udDoeE3/j5JkrSmWHgz/FJHwTdVre0sJuHSwtTLdvDDc3NWZ2zU2NN6wJ7XVAjpe746aIZap2vL+v51t/Xt2/YTxe7o7zpk9Q5ROxaqFUKktOe9BdeqGB4I31Ya5ONp0qvGzRzAXzJquSLZg3GbEBAAAAAGgVR9mpzd5fCoWyuqbucuK903HXZXL5H18MdXe1NzU2qhXX38vI/fa/Z3h6emGhs/19PS3MTMT1DQ/ySr488LNAnz9/7qRpgWMtLUw4HA4rNQFQkTTKiSgjp6DrR6PdnYiooqKcowm1/SCiDsfbdpkNJiuNu1231eFuBwAAgKGJtfBgx0cHSstFlhamC4ODSsqqLt+4p3ppgJGhwbwZE/T1+bHnbtTVS5iDQgPB1MAxjvYjf/ntqqha7OxgveON51mpCYDKcA0POFyOHpfD5XI4XGqrDgAAAGiXUklKpVKpIIVC2aJQKhXstKKHGtbmHqxYMnfvt9EzJvvOnjpOqaSKyprSCtHaFU/t+/6X0R5OofOnMYt1Jt65v37N4u+P/mZlabpiyTwOh2pq68+cvYHl/AH6gsfj6vE4XC4CAgAAgIHGPD8kLukRh0+kUChb5Eq5XDHY9WIZa3MPxo52XRAcdOlGSmm5qLCk4m5azupnn/R0c1geOudGUnqVSFxRVXv5xr0lC6aPcndc9UxwSnpuYXF5abnoSuK9p+ZNHjvala2aAAxLejyugVCPr89FbAAAADAUcLkcvj7XQKinx2N5Nu/gYnPloqpqcX29ZMdHB/h8HhFViWqJqKKqhsPh/G3Xf4iUXC63SiQmIubfXf8vSiaTC/Tb31kGAF1xOMTX19PTQ1QAAAAw5HA4HH19ToseR9bcwtKY/UHGZnjQ3CwbYWG6+tknRDV1R6LPNcvkRCSXt5iZGq94eo6+Pv/Q/36XyeREJG2WmRgLwxbPsbYy//7Yb8xBAOiKq8fR19fD7AIAAIChTE+PwzXgNTe3KFp0PkRgbWoywBCk61OT9fQ4+gK9fn11AAAAGATN0pYWHY8QhtVIKYDhhIvYAAAAQNfoC/S4Oj4eGOEBwFDE4ZC+PmIDAAAA3aPro4IRHgAMRXwd/80CAADw2GLWFBnsWvQfwgOAIUePx8U6RQAAALpLT4+ju6ud6mq9AYYxPh+xAQAAgG7T3b/mCA8AhhYej9vHdY0AAABgyOJwODzd7EDQyUoDDGN6PMQGAAAAw4GO/k1HeAAwhHC4HC5XJ3+VAAAAQCdcLoejg3/WER4ADCF6OvhLBAAAALqji3/ZER4ADCHoOgAAABhOdPEvO8IDgCGEg/9HAgAADCO6+JddB6sMMHxhzSIAAIDhRBf/siM8ABhCdPB3CAAAAHRLF/+yIzwAAAAAAIBWCA8AAAAAAKAVbwDKKCqtvHnnPhH5+bi5OdsNQIkAAAAAANAPWg8PcvJKPvx/UUqlkohO/X5t259WIEIAAAAAABiatDu46EF+6RffnFAqlSuWzF25LFihUOyJ/Ck7t1irhQIAAAAAQP9oMTy4eff+/+07Vt8g2fLH5cEzA+ZO91+/ZnF9g+T/9h17kF+qvXIBAAAAAKB/tBUeJFxL/urgSUmT9MXn5o/2cGIOThw3asOaUGmz7OMvfkxKydJS0QAAAAAA0D9aCQ8uXL373dFYIno+7Mlpk8aqfxQwzmv9msUtCsXeg9F37mVro3QAAAAAAOgfDjNpmEW3kzO/+u6kQqF88bn50yf7akxzNy3nq4MnSUlvrH/W082hH6WIqsW79kTViOvVD0asWhgU4NO/rIho+8ZwSwtT9Y++PPBzUkpW/7Ltu+OnLp6Ov67tUh5PkkY5EWXkFHT9aLS7ExFVVJRzNKG2H8z7DtuPt+2qvwdR427XbXXdHRcaDsRiYgAAADBgmNaIDmG59+DarbS9B08qFMrnw57sLjYgonE+7qufeUIml3++/3heYRlbpUceijl+6iJbuQEAAAAAPG7YfFR55172N1G/KpXKV19YHDh+VM+Jp00aW1FV88tvV3fvPfLG+uWuTjb9KNHc1Fj1yP/arbTIQzHxl277+bh5uTsyj+SZZK5ONm+sDxMaCCRN0s++Oppb0BqQdHpgn/mg6PtPvpVKZf6+nq+tfVp1PCu3+Ptjv0mlMvXiMnMKP488LpXKiEg9vcZymYPenk4PCkqJaFPEMiJiTnd1snHFSq8AAAAAMDSwFh7cTs7cezBaqaSRI8x7jQ0YTz81/dqttIqq2t17j2zftNLeZsSjVCAowCfxzv2klCxRTd21W2mqNjoR5RaUnY67vmzRzG+iflXFBkT0/bHfLM1NRliYElGNuD7yUAxzPCkl69qtNFXkcO5SErNRI67fezD6jfVhhcUVqtiASf/Pf/3wxvqwu6k5GstldtOzCpiYwchI+H9fHWNOzy0oU68SAIuufbM7ssJ/x5vBzh26CYtP7Iq6Nj5810L7PudUfGJX1KnKDocMLS0Dnnx6zWRL9ur7EJV5iPqXxm3/JKmy00Er//e2B2s9Li+N2/7Jg6A3I5bYarskAAAA1rAWHvzn8GkOh8Plah5R3T0OT0+vWSb/6P/9+Pn7rz1iHeysLZOIikoqly2aqWrcM70KJeUiZlcg4G+KWObl7qg6S1QtZjaYzgTmSX9RSXtzgukcYKYolJSLCosrYs/flEplC+ZNXrZopqpH4m5qTlCAT3fldupMqBHXM7tEpN6hAcCy8qS9MT67/tD3SKBbVsHtLXJZQ3n21bi9//1eZropwvvR89Y2s0VoowMAAPQNa3MPZgT5rV8TamRo8LAnWpgbrwt/anrHBY5YkZlT+Prf9qj6BIgocPwoqVT28Zf/fXnz7jff3acKDJhxSl5uDkTkYGelnolAwA+ZPZGILC1MXZ1tpVJZQXFFbn6puanxnGnjiUhoIHhi1kQiUkUUXctl+Hi5CA0ERMTEDE/Mmig0EAgNBD5eLqx/d4BWVmb880f33G5gN1e+kbV3cHiYt/zWrTR2cwYAAIDBxVrvwYolc4noh2O/qS+FVCUSb/vn/k4p/7ZplZtz+3M8hUKp/tD9UTDNbgc7K+bJvb+v5xcfbGS2mQRMQUz/QI24fuv7+yNWLfTqcekkqVQmqqlTP8Ln6ZmbGdXUamhvdVcuwKCxCdz2VOb2w0diXdaGaBwHpBAl/HD86L3aRjnxzexDli9c4m3Wn4I65rNoTdgil9ZfL41Z5yP/l5RcLicuz8zdd83qYD8TImpIj4mOTCiulRJfaOb3h9CIKdZ8IqKkPZvjaGmoc3JcbE6Dd9jmjZOp9k707qOZJRLiC82Cwmer1a89ExIYec8IjnjKy+xhHno0ZsXtPZySXisnHs9u7PQNKwPteBrGL5XERL59x+297cF2zEd+oWEN5w/eqm2Uk6GtV8QfQ/0HbvTwAAAgAElEQVSMmItQe+vo0fbjS436cyUBAAAGFfurKKqHB3UNjURkYWYy0sqMiETVdZWi2qYmqXp6LpedHozMnMK0zDymEyDqxFmmr0D9ob7KskUzly2ayTTfE+/c7zk8IKLEO/eDAnxE1eLc/FKBgG9rbWluZpJbUHbu8h1mcNHvF24yYUninfs9lKvCDIL6/cLNcWPcJRLplcRUVq4AgEaGE8Ii0j7fsz/Ou/MkBCISxe45cFTqs/HN5/3M5flXo3fv/7bkhfUbxgt6y1VeeS829j4v4CUmsG+49u33R2X+G96c4m0uz088s+ffUYZvPz/XiKgo7sN9KYZzQ3YF+5jJ82/Fnj+bKPKba5l8OHJPqvXKDetnOPBq0+L2fPv9zprw955qbY4nnzzTOGX2tpXOZgZE6dFvf/fAeWnYtinO/Jq0owfOnK0jQyIiarwavTtBHrZh/VwHXmPR/VM/J9+SeM3te5s8PXr7/gfOS5d+zuT8n5i3d9e+t7X3OQm1l+POBs/f8Z6TWV3m4f0xe39K+/dqHyJK/vHbvanWK18Pb/1S36XUEiIEAADQMSyHB8w68SoKhZKIJk0YHbZ4NhGdjr/eaeHR6ZPGKh7hxQtMD4D6kXnTJ6jeXRB5KEb9+X2nZYsYfZlFnZSS9fLm3cy2q5ONo/3IkNkT0zLzTsdfV1+kaNwYdyY86FRuV3Omjb+SmJpbULbxrS8e5usC9JPfirBFn0Tt/nbErnX+huof5CXGFlgueWuhnyURCZxnhEfkfr7n7I3a8TO69iBUxkW9HNe+yzezD3npxSXMxIO8S0fTrMPem+0tJCKB85RlYam7Y6/Xzp1rkPBLUonn7M8X+hgSkcA5aOnzQUQkSYy9TUEvhs91IiKyGrtwY0jZ9rOJyU+F+hERkdnkRduWuhERkfTs2UzZhIWbZzgTEVn5rHypPPufiY1ERFQraiAjZ28nIz6RmZPfytf9urkAtac+2X1Kbd8qOHzXwhEJ5zvm/HJ59j+TTqUH9zqbQuY5ZXOwGxGRwGfJlKsJlwvyycdZci32JgWtU/tSMw9s/7Wlt/84AAAAQ4t2ew8YTJCg2mhRtCdY9OQUFotWLVQavmRubn5pjbheIOC/svoPJ2Mv5+aXSiTSN9aHqUcIC+ZNZroFes52znT/K4n3mIVNN6wJFRoIvNwdN0Us67qwqcZyu+ZvaWH6yvOLmNPNTY29vZyu3sQAbtAmrv2S14Pzd52PvO61cXL74caisloTG2+1QUd+o6zpTnk2UUCXPKymhW57wpqISFp86kDMLSf/kLZhSI1FZbWK8oN/331QPb1tA5Eov4TspjgbdsqrtLxEYRngrpZ4jIPVr/nZ5eRnTUTk7O7W9klxSRl5jFdLaunlbZl4i4iI7GYH+l2O+/CjshmBPn6jfJg4QROjua+GL1JfPNnAjOhBfgl5hHTOOTm3nHoLD6xsrVXbZubGJKotIXIurSohDV+ql7wAAACGGLZ7DzgcUnsdLLOQkeoAs6FQKh69IEsL00/+8WofPx03pv0v9lt/Xt1zYvWJEKq3GaxaFtzpLC93xy8+2NjHcpnhTD2c/tLKhd1/VwA2GPlHPJO5/XDUCYf+3mxCIzMzJh4wW7mmOPmT2MMBPu0P2oVuG94M9lBPb2BG9OARa90LI/+N7/nkpyXdSnlw4uL5EiP/bZu7DqAiIp6haVvdAQAAoEcsvzW58+gi4rTGDMwOs6HWu3Dk53M/HPuN5ToAgCaGE8I2z6VTe88kt0Xohg42ZnVl6e2r71Ly/XJysPboLgsV2+CVE+jarwmVqnwktSUtZh0IiMjezoZK8vIbO59ubccVZee0H6hMLaoUWHtYUxf2znaUnaOWVJSpXmHiCpzHBi15LmzH26FBDUkn7vTxYnSXM8/Z1ZqIR1yi9ucY0vS82t7z0/il+l4dAACAoYHl8IDL5UqamlXjixQKBRFxOZpfhqBU0sVrySkZuezWAQC647wwfI2LOF/VvHYJDHESndgfk1wpJXlDfkJU5B0KmDupL8/Z/RZOdC66eeIek8/0RZ6iE18cTyiolcmlteVpJ744cPgBEQnmzvUyvH9pT0xapZRkDeXJMd/vvdxAwsCQCXQtKupsQYNMIa28F7vnd5HdrEBNUwcEM2Z78W/H7k7Ir5XKZZVph/+TXNk2cTr7p+/3/JZWUiclhbQyLTO7gWf2EDOB23NulJOsMu3wfxLzrX0XeRORtd8oo8qrlxIqpTKpKDnmyImcPuTX/qVqZXJp5b2YPRfF3Qx2AgAAGLpYHlzk4WJ3Iynjh2O/Tw7wJqKS0qquaxMVllQIBHwiunYrvUna7O/b+5NKAGCJ0YyVs2/tiitp3bUM2bjW8IfjkZ980bqw6UsvLvHuddki5tQZSybc3BMdG+IT4sw1mvvqWv7Rn0/sjTwoJRIYOY8PjHAiIiLv0F0b4vYejt0eF9O6sOlMIyLyWxmxOSY6cu9Xh5mFTZc+HzFFQ98Bk8N7L8Ts+enolp+YhU3nz42OvkZERM7TfcwOn98ZGyNTEF9o5r146co+vbG9PeddG+L2Hv5p00/Mwqaz31sZyCxb5PF0aFjp8cO7vjjI5dn5zV4zO3Fvcu/5+a14ccPPxw9/EXmYWdj0Bd/De7U8vAoAAIBtnK4ziR+FqKbu4y9+rOo4GXfRE0FLFszQuHKRhZnJ25ufNzYSslgHABVJo5yIMnIKun402t2JiCoqyjmaUNsPZlBc+/G23a6j5joPouuyra6740JD9lcLAAAAgEHEtEZ0CMttEUtzk39seeHi1eQmabPqYMA4L2bDf6ynTNZ+gYQGghlBfkIDfXbrAAAAAAAA/cNy7wHAkILeAwAAABhcOtd7wPbKRQAAAAAAoLPwqBKGP6ajAAAAAAB6hd4DAAAAAABohfAAAAAAAABaITwAAAAAAIBWCA8AAAAAAKAVwgMAAAAAAGjFU+4x5hApiThEHV6B0Hm7LZWSSUtEpFS2HtWUnqE5ffdlqdIzZbV+2FvdHrksJUeVss/fSEMNuz+33+nby+rDN3qYsrr5Rg9fSv+ueRccLhkYc0fYce299NwD9MbM4LqN05AMAAAAALSJo9xjRAPWJNWQXknETtO8c3rWQpT+1bA/ZbHSNGenbgN5P3SD6ziaP+M5/hMvksCw99Td6PVFJHgtGgAAAGiVDr4WTdneZFMqW/9hfrTuM3uq9lx7elIqiZSknl7ZIX3bPxrObS9LScyZyh7TU9e6dSqrU3pVBm3tWCa9Um23u1aqsuNZ1OWsTsnbWtRq30jZ8RtprqHmq63sMX371e5YVs9Xu9PV60Pd+n4der8flN3eDz1SFGZIf3yv/k/+slP/7tMJAAAAAPDIuMShtv9xOK3/cqjjg9S2j5hHqaoH0G0fkdoDVmrPg6jtH9VzUk7rMbVz1Qoj1bPZ1rSayuKQ5vScTumpQ906lUWdyqIeymr/H7XXXv0SdltK5xpSTzVUped0vHrUsYbt6Ulz+k7fqNPV7vm/FNHDlcVk0fX+UXverqmGGscWdUsilv74nuS9Pyge3H2Y0wAAAACgP/TeeUq/t/H9GgbbtCZ5yLHm/Zt70OncjunZGwevpN5K6baG2p97oFZDLQ700lCKdq95nylFxbJzhzg2rnpOYx7qRLlM0XOCxsaGITW4iM/HagEAAADDSq+tkaGG1/pQW8m0WNQafEzrhWkscjgcIqVS7QG6ktqfBiuVaucy6dUal53TdyqLqO3Besf0qh6E/9/emQfGVdZ7//ecc2bLMtnTpumatmDZFMoiCK0sioCABRFR4OoVBa9gXa7XCyLe1w2VFxQBReSCvlVRFBEUuSrLlUUFCpRFoAshbdKmSZrJZPaZszzvH2fmnOcsM5kkkzY03w+QzJx5zvM855lhcr6/5fkVb0bN9qw4N+9YrMqxhFt74p77VPGKqOoZMp8Ziu1JWD2rvWsscbXJd7XJZ7WnPla59mRfLmPErZ/FFyrOcLKfh8nBjfwPP0W5VOCkf5n8yQAAAAAAoCrEPEgu3HIKyQbFZ44bROGx2J4723Pu9AAIj80WXLA0W+3dN6Oe9pMYi9stzAuyb1MFS7cL5zrYx62zfBHbc3JeUTWrV7LTi8+8V8Q9VzSVsUrHJjvWZNah7Hs0Fe+BRf7OL1K4IXDcuVPuAQAAAAAAVKAkDxx2X3KakokTEyzuxUOWfV2wT1s3hLZ93bIcW6OQYF12nssET0XRtm2N5deeRM+Gqz0JtnzBk+Ca29TGEtaB7DAbR1qCcEXmK95RKs/QuiLX6vm191k912pXfqcmO1a59lTm81N6xuzP0hS8ByXyt14hd63EtqcAAAAAADOBIlqPBYuv2/bsZ/112pWt9h2HSO++ibqONJ85bpq95MaNP3+W//M3pec+3oAq5kaWLdw7N6cnxB0HXxzLUfdAtMq7z/KzuHs9AP6R+t4rKj+WyxtgbSpa+Yrsd8pvbs53yncdHFuXTv3zUDn3oLznoTq4kd9wVeSaP0yrEwAAAAAA4IfiF6Nv25v9ItT94/uLkfrRJeyDf6JQlEZeotz4xON3HSmdebs+uImNvV4xsr+0V07Z3ANyz43sDsToeb/cA1bs0j/3gBMxv+j5qcf3lxur/GqzMtkUPmNVOzffdbDWbdqfh9rnHgjoWzeqD/wgcMa/TasXAAAAAADgQZkwvr9CRLvX0syOuJRCUf7oVXzjzeX23hHPpWP/XVp7Des8hMe2eTwA3vaV4trd0fOlDrxZBJPPPeDOs9xjVPA8VB/fXxrF6wEQ25fzPFTO3PCu3kRzq34dKn4ehCWqTe6BRf6+702zYhoAAAAAAPBS67oHzT1ERJvvqbbugaEWm6DuAeoeTIpsQn3oJ7XoCAAAAAAA2BSrJnNOpSK3Xkq1da3St6UYdu6sxUsHf4i6jyUieuc3eKDeXSW3+xjuV/m42MS/4jJ5xhLmSBUq8vpUgPaca41lnlFmHYSzyDnD0ln2KJVnaI/inKGrvasKsnOG9mr7zc07Fp/MWPa/jjfd+4FwfipKZ3Gfs/xWb5qRRRbqE7+qTUcAAAAAAKBE0Xtg2b8tP0F5+7dt/XXapImtOJPCLUTE3vJ+1rTEtmcfdpH0Hwnpw3+RP7uT9ZziHKtkUGbMaV1229qtsZhwLiNGZSzTzOe6bIeAFSfvWo5yo9huFL8ZMp8ZWu2Zc/Ws9uRtz3zau30v5d6pyY5Vrn3xLKc3QPAkVZqh+/PgaM+879E0MQY2o5QyAAAAAEBtEUu0lizN5LJP+1jZhce2fdr43Qd575+IyLh5KR95pdhV0zJ26k2U2UP9T5AUYOt+QXXtoq295D3wegB8vQelx4eeL39xQP5yXPlyXP5yXLkmLl8Tl868yWwvnXiVcvWw8tlXadkap13ffZl+a+JowJafoPz7c9IpVwoHfbHPmsgD4Lt6nNyrzSu2d3kDJjdWeU9IhbGsf6tbh7IeoZp5D4hIf+WJmvUFAAAAAABseeCNNffNPWAOi37pLDEfoNRFKb6fLX4HMYk/9V3jrtP5c7eREmYLjnLG95NtZK4+98DPBC0dfpF88X1EZDx6rfb1Tu27B9Ebjzmj5x1zm3As1rNWPu9W1rSg+KLY3sYy0Au5CuIKlBmlTHy/Ox+gytyDMtkUzDmWO3NjenkO7vYktnd4HOyfjhlOG733uZr1BQAAAAAAalv3gB21nhYcTUTsfb807r+YUruIGEsOEhE74EwaeoGtOJ2I+Hi/lcdAep4RccMyeldf94ATERVS+h8/z1/8JRFJZ94sHX4RW3ysdOJVRCS94zOUHtXuvVQ+4fOsZy0f62PRBURkPP49Ptorv/f/UqiBiPjwZu2mY8y6B8q670urLzJHMDZuMF74jXzeD1m0i4ikk75AS47Wbn+f9K6r5LXrSQ6a56rXH0vE5XdfKb9zPc8lGRHVt/HsGIu0GFv/qt62jogCn7hXWrnW2PpX9UfnoO5BDeoeCBi7ttaqKwAAAAAAQESSX4y+HXnvF6HuE99fbN96gJl7QJ2HMCVkvs6TA6Tnqfvt7IN/oNYVVEhRPm6PxQ0iIjImiuwn99yESZiHjd9fwUdeIzlIjV3W5dnW7ZalJAcpPcrloKUNiIh1Hqh89D5iDm1ARNKRF8nHXy6uFCOSBW1gnhv40j+lFWuKT+vbqL6N9ALtfo30Aus8QFqxRl6xhnUeQHqB9z3jvSKqdrWZuNqVcw/KrZ4798D+KXo+Kowyic/D3sk9ICJjdLBmfQEAAAAAAGvnIiL/3X4qR7Rz5z48xp8+Vcw9+NHBPN5HxHnDAunDD5EcouEX+d++RXteo2CDdOFfKNQgjFWMh6+Ye0DuuQkv2Ebu1BARsebFJHRQJDGo/eQs9fpVrL6NQg2896/qNS3anWfxxCDrXi2/6xq28hQiMp7doF7dYmzcQETUslj/9WU8MUh6QX/kOvW/10mHnEVy0Hj9r4UrW7Ufv48nBlm0S3rb+4tD6AX9oevyV87X/vJtnhpl4UbW1MWWH88a2nhq1Hj9CdcVkf9q++x0JK7GhLkHVaxeFbkHpZNcORXOgxN8HibaXaoW5FK16wsAAAAAANS87gGRbdAnJh29nkJN/G/fMn5yPH/im8YdR/PnbqPGbnbk5Y7cA65b0fCTzj0Qo+Ftil1YB/meLfTG44yYKR5Yz9rAV8eUj97Pol2kBFnHgSzUSPkUf+NJIqb/7tPq1a3ajccKiQIkH34+a+qmfMp49peMyHj9Mb75YSKilqIa4alR3vskI8a3Pc5HtlKoQep5B4vOJznIh7ca2x6nirkHlq19evkA/rkHfu+UT+5BmV2SZmXdAwAAAAAAMAMoFeP7TVz5AL6x5pxzYqf9iHpOJSL2iX8aPz2WxnppyVoiYstOYYuOL44SaCAitvRE44lrTcszI+LcqJB74BqrNDe394ATo4Z5RMTjOyxzuDtg3hc5SJEmoWM7H8CaASfi47t4PslCjeRaKJfJ3eyj7yla9na25CgiIr3A+54WKxNPPvdAmFz53ANeVe5BhbHs3spmLNgXOfHnwW+GNauaXCTcULOuAAAAAAAAkVK0s3PTTly8tbMN7+bNImOMiPNSrHnpeNEazHnx3Hgv5cYo3EIjLzFd5cRIyxERdR1pDmbb8gtJR54BN8xuGBEv9i/sECTMjRXnxl3eA86Z/M6rWGsPFVK870nW1kNO74H1jMd3MCLe+1f9J++zbmFZzxr53FtZtEs+/AJt093KyVdKa9bz9Kjx5A+tmRu9j1MuQdEuafUFxvN3Sz1r2YEnExGN9ZNjFCJivPdJftSFbN6BRMTHB3nvE3Y+QHG1HavnXG3yXW1yrbbznSqtnnhupbHKtRevghG3fpbeuUozdH8eLDnELDFhvb+T+5iWQ2rrqqLVm4mhkfi+ngIAAAAAakm0/k1mzVSEx1y45RStv14bNgmPhfZ//zZ1HcV6TjV+ez5lY0Tc2PBOT3t7MEac5+KMiGdjtgeAu29Gi83dlmlORBRskM++lc6+1W634+/8xV+yE68if+8B4288SQevYz1rla+OFY8nBvV7LuNbH2KrL2LL1wa+Hise3/IQ3/UCEZEclE76AjvkLOPl++W166Xla4PXxqxzjU2/YT3vcF4i17c+Jg1vZU1dRMSHt+hbH59w9VjpHlvcrahie9EbUM7bUOadKh6b7FilzwNV2H3I8x6V9T7VAGnBylp1BQAAAAAABHngsPuS05RM3NyDiKxb2FJQStGiT5YR2Q51Z0UPAG/skk65nsLNdm8D/+CPfa1oXf7n3cbrf6ZcnFnti54KqwOX94BKTgefW0zj+Q3G76+wrsffe/Dir3RG8hmlzYvyKeMv/4d6H9N7HyMia/Mi/vpf9XvXExHf8jA78kLzoP7QtYxIEjc2veFYIiYL8qC0cw/x7U9Tz9uJiG9/hjGfKyLBH8IES7+5lJwzwbpf5j2yj7tXz2pf8jC43ymaxljl2lOZz4/1ubA/SzXyHsg9R9SmIwAAAAAAQEREzLix3r71L2Ppt+zT5LT+CjZvIk7s3N+yZe8ynxl3HkN7XiFibOnJ7Lx7HWNmY8b3l1bYF18Yi6iqubnOdcyt8h78xbE4s1o6JdDkZiieq5x6pXziep4a1e76pLHt8QnbV1xtq+7BpN6pimOVuaLJjzK1Na8NdV/9s7TssAoNshmtcg8jI8PMD7vcnJBoXcqwth8Ur8rvqfexSLnjiTT2YgJg/6P07VveMiJ+beyNGQEA9iJvvuAiwTbsimgXbhYrxZoXzyXGafM91HUkhVv4tgdYamfRTtz3MP/Fu5kUsIbkiV32WIF6Nv9wY/BZpmbL5R6I0fPi3Fxx7e65kd2BGD0v3NoTt1ox3xh9ezX8oucniO9nS48p7ln0+uNmdkTF9pVXm7lWu0LuQTVzK7sO1rpN+/OwF3IPpIUHVtYGAACwT+GVJYGjqRBMa5kaZmpeAABQEWXC+P4KEe3uCrsv/5xWns2Wn8b/8jnKJexY84F/eG3kxb1y3rKOnX4Lu+dDfMsffHa28eYqlI9rd0fPlzqwz7IPMqel232S5yzuPMs9hmCh55xIPuIDyrrrKNTAxwf1R26oMr6/NIp39yGxvXdPIXfuQXWrR8531nf1qluHCp8HYceimcg9CBx/fk36AQCAmlJOFfAKUsGuNWmfC50AANg3KMLXjrVTDZXNPeC++QBCxPnYNiJibzmHnr2lFKHu3nunFKHOiRirn0dETFaKg1ede2D1ae2qVDGy3z63YqS+31i+6+CIl3GPYjx3d+G5u4WrFvd9KjdDIscqTTkfwD/3wPtO+eYeuN6pqnIP7OVx7HRkO2s8MySnqJgikWjglI9MuxcAAKghXgHgOuKjHFjpG9L6ZrSkglMnQCQAAPYStax7QET8+R9Jh/4LO/FaOugDrJD23F67Y9NZ12riujH4vH1LW23dA7vT6uZW4brs4xXrA1AZi7vfDj9+M3TmA6DuwbQInf0ZCtVNvx8AAKgFbhlg+2kF17Wv96D415CJ342sZKwSdQJEAgBgL1HTugfEaHwH/83Z7OTrab7PljLM85Ny4/zBy9n4jsnWPfDEtbst02Xj4H1i7oUZ+uQe2NOtmHvgmqHYnlzeA9Q9mKb3QF55ZOCMf5tWFwAAUDPE+37rcalkJyciCihyMBgIBhVFUWRZkphk7mhncEPXDU3TCgWtUFBVTTfPNT23pktBFAlOFQEAADNCTesemK8NPss3rLVvwv2syM44ddMuUjl6vpw3oJy3oZwV3L5NnUzuQWkdfHMPPGd58wGqWb2SXxl1DyaCSaGLvjmtHgAAoDY4HAKiIDB/yrJUXxeOhEOKIntPZoxkJsmSFAwodREiIk3Ts7l8OpPTdYNzK0zTCh2FGwEAsDeocd0DMaK9FN/vjp53RsOL5zryAWqae0DkrCowvbHcMffkzdkQrqgU3+8eBXUPpkbospuwYREAYBbgjSDinJuPuaIojfWRurrwpHpUFLmxoa6xoS6TySXTWU3TSl/HVgwS3AgAgBlHqbDbjM1Esebe9iUc9uzJ5APY3oAq5kaeuPaJ4+AdYznqHkwn94DKrIb/FVWde8BLm4pWvqJqcg/IWi/fNa/J58EtAMp5oiZP6KPfDhx37pRPBwCAGuHWBpxz60G0sT7aOK3kqLq6cF1dOJHMJJLpkh4wN8LgUAgAgJmmpnUPJoo1LzdW9VUFxLm5xnLPjewO9kndg0nmA1RebVZh9VxjVTs333Ww1m3an4fa5x4wKXTZTdAGAIBZgE+CgSkPAorc0twYDAYm6qEqoo114VBgLJ4s5SQU3QjmVzoUAgBghqhp3YMJY839xjJt0X4eAO9YleLa3dHzpQ72ft0D0RtQfXx/aRSvB0BsX87zUHm1vas30dyqX4eJPw/lvA2TQF55ZOiibyKmCAAwC3BoAzOUyHwQCQdbW6LlaqJPjWAw0NnREhtLZHMF4XDRBAOFAACYCWpc98Avol2wFpfJPSDh3P2g7kGZK2KuUVD3oCoi0dDZn8E+RQCA2YFbG1jURcJtrdEJz9d1I5XO5AuqLEt14XAkEprwFMZYW2vTaCyRyeYYs9QHFAIAYKaocd0D17kua/HUcg9cY5Hr5hJ1D8Qr24/qHkgLDwwcf37glI+gvgEAYHZQVhtEwqHK2kDT9HQm2zewe2TPmKbp+YKayebSmZyZqNDWEu1oa25va26ONtZFQr7+h7bWKB/l2VxeOAaFAACYEWpd92DSuQdEtnXZP7Lf66lA3YP9sO4BkyjcILV1SQtWyj1HyAcdj1AiAMCsQshFdmiDQECpoA3y+UIqnX15c+/mrdslWcrlCq7qaLlcfs9ofHv/7uamhgXz2g9csbil2T9Cqa01OjQypqqacIwx6ysd6gAAUCOYfxVHAPYLshmtcoORkWHmB5V+mX9+7eOlp/af5dID11PvY5FyxxPp1FSvFQAwoxT/WpaSDbhhFOXBvM7WkF8usmHwRDL12rYdW7ZtH0+mqxyGMfbWg1ceump5c1OD99V8QR0ajpnfQpJkfhdZ30gEBwIAs5Novc//zrMZaV9PAAAAAJjliNrA9B4UHQhN0XpfbcA5L6jq0J745m07qtcG5okvv/b6w48/88aOXd5XQ8FAU7S+5Lcg16ymtCscAAC4gTwAAAAAKiF62cWwIkWWmqL+RsFCQctmC6FgcMH89kBAsY5LEquvi7S1NDVHGwKK4nuupulDI7FNL2/t3b7LGUpERNQUbVBkSZyG7zwBAGDK+H83AQAAAIDINslbYUWcc84Nznm0jDbIF7RMLq9qWiQcWrJwfiqV2bl7hHM+r6N1cfe8xoa6+vpItLG+oT5SKKh7YuNDw7HB4dHRWDxbykzQdWNwaJRzLsvSogXzJMkRNRSNNozGxjk3TBtfqRiClcSGECMAwLSAPAAAAADKIm7fZgXzmGkSg+IAABbCSURBVDfuDfURb3tdN9KZnKZpZuOmaOOKZYuI0eKF8xd2dTQ3NYSCQatxMBCoi4Q721sWLujs6x/s3b5rPJEqKQQ9mcrsGY3P62gNh4LiEA31kfh40jAMc+uQUl6ytYvRTC8JAGA/B/IAAAAAKIflOnCEFRkGjzb6aAMiyuQKmqaLcT7dCzpX9HQrsqwosndbAkmS6iLhukh4wfz27vkdTz79YiyeIKK21qalixa0t7ZommEEuMuB0FAfiY+nJEkMLrL6hgMBADAtIA8AAACAyli34LZCqPdzHWiansnkxCOKLDc1RmRZnnAMxtjSxV2NjfWPPrExGAwuXdTV1tKsKHIuXwiHApLk6KG+PjIWT5ozEfYsgjAAANQAyAMAAADAn1I0kSUMir+CAcWbWGwYRi5fEI/IstTQEK5GG1i0tUTf+Y7V6UwuHCoWVNZ1I5srNNSHRc9DQFGCAUXVdFMgmEVlOGelPIRpXTUAYI4z4/Jg93Dstp890L9zmIgWdXdeetF753W0zPSgAAAAwLRxbwpkuQ5CzmQAE003CqpuPZUkFgoGfLc9rUxrc7QuEk6mstaRbK5QFwnJsuOuPxQKFtRMyYHgyjqAGwEAMHVmfGPT23/+x/6dw0sWzluycF7/zuEf/+yBmR4RAAAAqB2mSDCj/IubF/ne9Guaruu2PFAUORSatDYwdUUgoAQCts+BMZYvuHc4DQUD4pSseU5hRAAAEKm992B0LHHXvY9kc/kF89vPOf347QNDy5cu+M8rLiCir3/3Z9sHhgoF9e77/3dwOBYOBT90zsltLWVr0QMAAAD7CiuyyKouYAUXBfzkgarphmHfnQcURZGnaINTZCkYCKglX4RhGKqmcR4Uo4YCwYBV+cCMKTKdBogvAgBMkxrLg5HR+HW33D02niSiLa8PvPDy60TUWhIAHW1N2weGvvydn8TGEuaR7f1D/3H5+Z3tCDcCAAAwq3Cb4YVaxVxRfNIJdE0XnwYDsiRNUR4wxmRZkiTJMAxreMMwZEFvKIospkN49kRCfBEAYIrUOLjo5/c8PDaefNea1T+67nNHHLpybDzZ1hp9z4lHma+ec8YJ8ztbY2OJIw5defO1nz73vWvGk+m77n20tnMAAAAAaou1f2ix6IHffb+mG+JTXwlRPZLExM1MDU6GsyqyLEli1WSOmskAgBpRY+/B6FhCkthZ7zlOktgnP3KWdbyvf6guEuxsb/naFz9qHTz5hMPv/ePje2LjtZ0DAAAAUCPsgH7Ld2AWI3O1MwzOBI8DY8zbZlLIsiTe8RuG4eqOMUZkl2MoPiUGvwEAYJrUWB6sXNa9ezi24dd/+fiFZ5hHRkbHr/nOnZqmm6aUNW8/7KxTj6uvCxPRHb940DD4W1YsmsJAW3sHbrz9t/m8GgoF1l9yzsqehUT01HOv3v7zPxLR0kXzPnfZeZFwyHtibCxx7ffvIqIrP31Ba/m0h2wu/4M77zvr1OPMngEAAMwpnFuaOg6b8Tyuu3/DMCRZMkrxRZLEdMNQJrOlqQtZksRMBkM3XKFKRbVCjtptjHFsbwoAmCY1Di5ad/oJ0ca6Zza9Zh2RJdZYX0dE4VAwEg498sTz13znzpHRcVXTNr6wpbUlesG6k6czYj6vxuJJ8/HGF7ZM2L61JXrdVy697iuXVtYGN9z66zf6d09nYgAAAPYzium/nOvOOCLzDl28fWeMedtMcizu0CVErsLJum4U1QqiigAANaVm3oPRWOKWO3/Xv2uEiNpbm4ho5+AeYtQ9v339J8659sZf5AvqutOP3z0ce/TJTb/83SNXfGxdR1vTyOj4pV+4YdGCjk9+5KyOtuapDb3xhS3HHLEqNpbo2+G4oTcdBfFEynx6yYdPN5tZ3oPRscSNt/+2q7M1HAq+tq2fiE476ejTTj76hlt/3dc/RETfueVXp5109DlnnPDbBx5/8JGnichyVlj9vGXlon88+yoRve2QFZ/66NmWujB7MPs854wTKrQnIm//oofE6mR6bxEAAIBJY1U8KIUYESdSNc2VWiAxJt69GwYXbf9TQHMmOns3QVI1jZemZ6oJT/UDAACYCjXzHvzgp/f37xpZsnDe4YeuXP/xcwzD+PbNd339hp+9/Fpf9/z2yz+2jnP+6JObLlh3cte81hdf6c3m8us/fu5bD16+ZOG8/l0jU6uHML+zdX5na9+O3bGxxOhYIpvPv2XFInOf6Vyu8MOf3m9pAyL6ze8fs3ZMEunrHzK1ARE98uTzr/ftcjWw7t1NZ8VtGx6w+oknUua9PhFtennbU8+9SkR33PU/ljYw+9zaO1Chvav/G2//7dbeAVEbENGDjzxtNgYAALBPEI30hULB9aokSeKNuWEYum5M2bBvGI4Ka0QkexKdxTnAgQAAqCE18x4M7Bpe3N159WcvNJ/G4slsrkBEN/74no9feIZpBVmycB5j1NneMjgUy2bz8zpaLv/X9xHRV2/YYLodJks4FFi6uOvvG/85OpZ46dU3iOjgA5eaQUHhcPBLnylOxjTnDw7HRscS3jILpsF+4YIO0+SfzuQ+d9l5ZnvreHO0wcxVMNMb/vdvL7zzuLeap5tOiVvuvG/Ty9t2Du4hIssnQETm8Vg8aY3rah8bS/x94yuW08CUCua15POq6PF46LFnDzuoxzehAgAAwF6EZ3P5pmijeIgxCihKQdKsrUgLqhrSA4Ep7V+k6Yaq2XXQJIl5+8nm8iiCBgCYCWomDzh3OFLNfKzGhrpMNmd5BlYu685k89ve2BkKBZqiDVZjaRo7PHTPb8/n1ac3be7bMRgJhVqaG10NzBtxUwb49tDV2bpwQUckHFq1colo9TfJZvPx8XQ8kfri139sHRwcjpkPmqMNK5d1E9GRbz3AHMVC9AlYeNubTg9zDuber2YQ0S133mfWnDaTra3JQB4AAMC+hmUyWe/RUFBJpe2/g6qqq6qmyNIU/sDl86oYXCTLsneb1Ewmix2KAAAzQc2Ci5YsnD8wOPKN7/38B3fet3P3nmhjXWNDXaGgXnzeuw9YvvC4ow6+YN1Jx6xeNRobT2dyhs5HRuOmP/Sm/753+8DQogUdUxt35bLu5mjD8y9tHRyOLV08v7UkD3K5wje+97PLr/r+u9eu/v43Ll+6aF6trpSI4uPJXEEt9+otd9738c9f393V/uPrP/+2Q1bUatBsPj/qFxwFAABgLyDe5OdyhYLnr4AksUg4KB7JZPO6rtMkyRfUfEEVLW7BgOzKPSgU1FzODi5CvgEAoIbUzHtw2cVn/uAn9/X17+7rp/5dI9d+6ZITjjn0jw8/9fzL2z5/2QckiWVzhR07hw/oWfgv55/6/+7+87Xf/8WlF5+5auXi3cOxhV0dl3z4jKmNGwkHm5vqTat/V2erdXzn0OjgcMy0ypsegCn2Hwk1N9V7N0L1TWMwj/ft2G16CbK5fHw8Wbn/tpZoJBTq6x968ZXeY45YZQYvve2QFV2drZtKkUhTmzkAAIDpU9oklHHOzKfmrfh4ItnR3upsySLhYL6gWnsW6bqRSOWaGiNy1Tuc6rqeSuVcux6FQ0HXrqbjiSQRMVsYFJ3w0AkAgOlTM3nQ1hr98ucuUjXt6mvvGB1LcM5PO/no517auunlbV+69r9bWxoHh0aTqeypJx71/veukSXpjrsevPmO3/3Hp87/xpUfm864kUgxKCgUChy6apnr1b7+oU9/6WbzcbngonLk8+p3bvnV2w5ZsWrlkgcfeVoMLrrkw6ebMULlcAUjVaC1JXrskQc9+MjTVhxRKBR499rVZk6zGFwk7nQEAABg72PegZs1z+LxhEsemAnK4VAwnclZR1RVi49nGhrCoeAEf4M456qqpzI5TXA4MMYikZA3sigeTzDGiLFieTQAAKgdNa57cNe9j8biybcevJwxFg4F//OKC45dfdCe2PiW1wdUVY+EQ3969Jn7/ufJY4886BMXnqFp+vduu2dgcCpJySKHrloWCgWs8H2T5Uu6TnrH4ebjtx2y4pIPn57Pq2bK74REwqFT1qy2np5zxgmnnXS09fS0k46uYNFvbYm+/8w15uOli+Zd8bF1oVCgckEGV/8Xvf9dK3sWruxZuP6ScyxJs3TRvH+94D3VTB74srm3X/x3X08HADDbMe+5ixZ55jhsPs0X1LH4uOssSWLBgBIIOExvmq4nU9lkKltQ7cRlEc65qunZXCGRyqiqnZHMGCmKXOcMWCKisfh4vqAKrgzLg2DPFpoBADBlWG3rqVz9rTtGRuPf+9qnfDNoR0bHr7/17tFY4j0nHX3uGSc8s2nzbRv+EAmHvvLvF3s3FAJg+mQz9h9aSxUc2GMX6h4ZGWZ+UOlX0WdvHS89FW8ZfJ96H4uUO55Ip3yPAwD2OtyqeMA5NwzD/KkLBALyASvcXmvOeaGgZbJ5VdPEP7CSxBRFDihKMCAriswY0w1D1w3D4LpuFFRVde5kyhgFAkpdJBwKuv38W7a9oaq6LCBJEmPM/ClEGUEiADAriNY3VNFqFiH/13/9Vw27e+nV3qGReGND3eLuzts2/OG2DX/428Z/HnTA0saGOiKqrwsfcdgB/3j2lVe2bG9vbXr76lUdbc0bX3jtmec3H3TgkmhjfQ1nAgARaaptqGtvaRodS4jagIgymfSskgd51b2ZOgBglmCVMeYlVFUj4g31dWIzxpgsS5IkGZyLvgLOSdcNVdVyeTWTzWeyhXxBVVU9X9AKzkRkk2BAqYuEvGGxQ8N7Eom0JGB+KVkPIA8AmG2Egm4f4CynxvKgZ8mCZ1/Y8txLWx946KnB4VhHW9OeWCKdza0+7ACzQSQcWn3Yyqeff+2p514jolPWHNHZ3vL3ja9s3tZ/0vGH13AmALjkgakQXA0gDwAAZSh3b805txVCMpmKNjYEAo6beMaYosiSJFWujGZuCO7bIBBQ6iOhYFBxfVdkMtkd/bskSRbVgSgSvF9QAIB9zptOHtQ496CzvflznzzvsFU9ByxfeMIxh1792YuIaGRP3Hz1hz+9/5s3/qKjrfkL//bBlqbG3//57w8//twxR6zqnt8+vGestjMBAAAApoMVxG/V5rFMB0WDPWOMSf0Dg763+KGg0tRYF4lMrliNLEv1deGGurBXG3DO+wcGGXNKAffc7JkDAMDUqHHugZevffdnOwaGFi3okGWpr39oycJ5ZmXl3cOxb910VzqTm9/Zuns4Zh0HoIaIuQe+TJh7IHoMkHsAwBzDkX5g5h4U0XW9+J+m63pjY33P0sXletE0PZcvFFRd13VvEJGJJEmc80g4GAkHTWeAt01v345kMi3LsiwrsizJkizJsivECJFFAMxC3nS5BzX2Hni57OIzF3Z19O8a6esf6u5qv/Ti95rH53e2fv6y85Yt7to9HFu+dMGlF5850zMBAAAAJoNzxyIx1FCy/pMkJiUSqb7tA+V6URS5LhJqqA/X14XD4WBAkSXGJMYURQ4GA+FQIBwO1teF21oaG+rDiiL7aoO+7QOJRMocrjgDwYng8RhAGwAAps6Mew8A2IfAewAAmB5WNjJZOxh5PQi6ruuG3tTYuGzZoiqD/s1+OJFUzCquNIM33ugfTyZlSZZl84e5WZEseA4k5zcT5AEAs4g3nfegZmXRAJiFROoqfcITCdyLAwCqgRGZpjQmpB+YAUGl/4iPJ5Kvbt62ZFF3vXMvI18kiUnSxKWU0+nM9v6d+VzB1ALMrQdMTWCJAagCAEANgDwAcxdN06tohQ1AAJjLFIWBaJJnjEkS49xUCKZ/wfQxUC5XeHXztu6u+V1dndMfe3BweOfgbqmYYSBb3oJiXJM7Q1mcMwAATB3IAzB3KeRrsIsoxAMA+zeMmff+jIibj02DvSSZyXucc4mIUylQlxHtGhwaHRubP6+jva11aoPuGY3tHhrJ5wpFTSALOcjOnUyFrANvBgIAAEwFyAMwR9E0Ta3OewAAmNtYDgTGuXX/LTFmmAnCXPI0Z5TPF/r6BnYNDrW3tba2NodDVW1vmsvnY7H4ntFYIa8yiZXcBVaiQTHASMyPNrWKYKeAPgAATBfIAzBHyeUKhq5Xk0YMAJjjlBwI5NqEQJIkw7UDIDPVAWOMGcxQVW3nrqGBnYN1kUhjY0N9fSQSDgeDAUVRGGOcc03TCgU1m8ul09lkMpXJZs1E5aIwMP0EJZEg+g78g4rwHQYAqAWQB2COkhcii3w3HQIAgBLmzXzxl7XJqVmvwNWyuL2ZwRhj3OCMGZyzXD6fzeX4sL0VktCznfEsy3Jxy1KJmTqAST4IW6yJXcB1AACoDZAHYC6i60Yum6+hMICuAGB/xxFiJJrqTYXAhJrKhvmLM4NxxhkXsGutWf06d08u7YlkCYSSz4C5/QaWFBFmCAAANQDyAMxFstmcpmmuegU1B5oBgP0JK8TIa6cvRhlxRmSYIsFgjHFJYobBJbNgAuecxH/MPsV/HOXWzB+S9bsoGjw1Wqy5AQBArYA8AHORbCZX7iXbYV/u1YpAEgCw/1IMMTIfeBVCyTlQUgfcMH9xbpVGcLsPWFn3gSUHygkDu/wZwooAALUF8gDMOXK5fCZbVh4AAEB5fBQCY8SLEUQGY5JhcFMhcEEceCKLJhAIktuR4KqLDG0AAJhBIA/AnCOdzppGvepPgU8AAFCigg9BIuKSGUzE3WkHRPYPIlMh2Pf4Ph4Ef2w1AW0AAJghIA/A3CKbzaVTmQmbmZuC7JUZAQDedIgKgYRiCOTyFxAVf9uRRe7MZBK2HbL2I2IuqeBwGdgbKkAbAABmBMgDMLdIJTO6s9wBAABMHkshWLudMjF32Qw3InJlHLi1QakvlwfBJQdEdwG0AQBgxoE8AHOIZDKdTKZrIg0gMACY8zgUApHoRmBE3CqS4ElI5kKRNfsu3xE5VOan9ywAAKg5kAdgrqCqajKRsuJ9q8G3pjKEAQCgREkX2CJBzFe2fhbdC+Y5VmE1sQvxcYUEAwgDAMBeAPIAzBXi8WQ2m5vszT3EAABgImw3giAYrPt7bikH0dXg6cLtRvCKAWgDAMDeAfIAzAnG44nEeLLSJiCQAQCAqeNwIwjfKKK70tzpiPxSkyeQARAGAIC9CeQB2P9JJtPxeNL3JR+FAJ0AAJgiRZEgaADR8sA5Z+W+Y3wFgFc5AADAXgDyAOznZDLZ+Ni4qqrV+Acqt/G+Cp8DAMCDpQFcvoJqvzCgCgAA+xbIA7A/k83mRveM5XL56RRBgwYAAEwJh07whhU5mjLHWQAAsA+BPAD7LZlM1tQGUzh3RmuiQW8AMMcQU40BAGC2A3kA9k8SidRYLJ7PF7zpyN68ZF98dzWt5ikAAAAAwJsXyAOwHxIfG4/FxjVNq9zMVZK0XIPKR8q9Wn2fAAAAAAB7n829/eLTA3sWmQ+kfTQfAGaEQqGwe/fI7t17VFWd1L14USRMI0UBAAAAAOBNhKUHXI8hD8D+w/h4cnDXcHwsIR50RRNNCKz+AAAAAJgjmKpA1AYILgL7Cel0Znw8OT6eJE4lN4BvXVKf9AOfZjRxjFD1DQAAAAAAZi0ubQB5AN70pNOZRCKVGE/quuG646+mHHI5neCbRTCpUKXJXAQAAAAAwGwB8gC8KdE0PZVKp5LpVCptCgPrJdF1ICYfV44v8iYeIMoIAAAAAHMQyAPwZqJQUNPpTDabS6fS+bwq7jvk6zrwUlkqmHFJE3aCCsoAAAAA2F+BPACzEc4551zTdE3TNFUrFAr5fCGXz+dzBV03vIFDwgPHwQlyDKpOWcatPwAAAADmCP8fn62q6sdeajQAAAAASUVORK5CYII=
iVBORw0KGgoAAAANSUhEUgAABAoAAAIxCAIAAABLq80vAAAAAXNSR0IArs4c6QAACotJREFUeJzt16EBwCAQwMAv+68LpgaTHVpxN0FsnrPfAQAAmFlfBwAAAH9hDwAAgNgDAAAg9gAAAIg9AAAAYg8AAIDYAwAAIPYAAACIPQAAAGIPAACA2AMAACD2AAAAiD0AAABiDwAAgNgDAAAg9gAAAIg9AAAAYg8AAIDYAwAAIPYAAACIPQAAAGIPAACA2AMAACD2AAAAiD0AAABiDwAAgNgDAAAg9gAAAIg9AAAAYg8AAIDYAwAAIPYAAACIPQAAAGIPAACA2AMAACD2AAAAiD0AAABiDwAAgNgDAAAg9gAAAIg9AAAAYg8AAIDYAwAAIPYAAACIPQAAAGIPAACA2AMAACD2AAAAiD0AAABiDwAAgNgDAAAg9gAAAIg9AAAAYg8AAIDYAwAAIPYAAACIPQAAAGIPAACA2AMAACD2AAAAiD0AAABiDwAAgNgDAAAg9gAAAIg9AAAAYg8AAIDYAwAAIPYAAACIPQAAAGIPAACA2AMAACD2AAAAiD0AAABiDwAAgNgDAAAg9gAAAIg9AAAAYg8AAIDYAwAAIPYAAACIPQAAAGIPAACA2AMAACD2AAAAiD0AAABiDwAAgNgDAAAg9gAAAIg9AAAAYg8AAIDYAwAAIPYAAACIPQAAAGIPAACA2AMAACD2AAAAiD0AAABiDwAAgNgDAAAg9gAAAIg9AAAAYg8AAIDYAwAAIPYAAACIPQAAAGIPAACA2AMAACD2AAAAiD0AAABiDwAAgNgDAAAg9gAAAIg9AAAAYg8AAIDYAwAAIPYAAACIPQAAAGIPAACA2AMAACD2AAAAiD0AAABiDwAAgNgDAAAg9gAAAIg9AAAAYg8AAIDYAwAAIPYAAACIPQAAAGIPAACA2AMAACD2AAAAiD0AAABiDwAAgNgDAAAg9gAAAIg9AAAAYg8AAIDYAwAAIPYAAACIPQAAAGIPAACA2AMAACD2AAAAiD0AAABiDwAAgNgDAAAg9gAAAIg9AAAAYg8AAIDYAwAAIPYAAACIPQAAAGIPAACA2AMAACD2AAAAiD0AAABiDwAAgNgDAAAg9gAAAIg9AAAAYg8AAIDYAwAAIPYAAACIPQAAAGIPAACA2AMAACD2AAAAiD0AAABiDwAAgNgDAAAg9gAAAIg9AAAAYg8AAIDYAwAAIPYAAACIPQAAAGIPAACA2AMAACD2AAAAiD0AAABiDwAAgNgDAAAg9gAAAIg9AAAAYg8AAIDYAwAAIPYAAACIPQAAAGIPAACA2AMAACD2AAAAiD0AAABiDwAAgNgDAAAg9gAAAIg9AAAAYg8AAIDYAwAAIPYAAACIPQAAAGIPAACA2AMAACD2AAAAiD0AAABiDwAAgNgDAAAg9gAAAIg9AAAAYg8AAIDYAwAAIPYAAACIPQAAAGIPAACA2AMAACD2AAAAiD0AAABiDwAAgNgDAAAg9gAAAIg9AAAAYg8AAIDYAwAAIPYAAACIPQAAAGIPAACA2AMAACD2AAAAiD0AAABiDwAAgNgDAAAg9gAAAIg9AAAAYg8AAIDYAwAAIPYAAACIPQAAAGIPAACA2AMAACD2AAAAiD0AAABiDwAAgNgDAAAg9gAAAIg9AAAAYg8AAIDYAwAAIPYAAACIPQAAAGIPAACA2AMAACD2AAAAiD0AAABiDwAAgNgDAAAg9gAAAIg9AAAAYg8AAIDYAwAAIPYAAACIPQAAAGIPAACA2AMAACD2AAAAiD0AAABiDwAAgNgDAAAg9gAAAIg9AAAAYg8AAIDYAwAAIPYAAACIPQAAAGIPAACA2AMAACD2AAAAiD0AAABiDwAAgNgDAAAg9gAAAIg9AAAAYg8AAIDYAwAAIPYAAACIPQAAAGIPAACA2AMAACD2AAAAiD0AAABiDwAAgNgDAAAg9gAAAIg9AAAAYg8AAIDYAwAAIPYAAACIPQAAAGIPAACA2AMAACD2AAAAiD0AAABiDwAAgNgDAAAg9gAAAIg9AAAAYg8AAIDYAwAAIPYAAACIPQAAAGIPAACA2AMAACD2AAAAiD0AAABiDwAAgNgDAAAg9gAAAIg9AAAAYg8AAIDYAwAAIPYAAACIPQAAAGIPAACA2AMAACD2AAAAiD0AAABiDwAAgNgDAAAg9gAAAIg9AAAAYg8AAIDYAwAAIPYAAACIPQAAAGIPAACA2AMAACD2AAAAiD0AAABiDwAAgNgDAAAg9gAAAIg9AAAAYg8AAIDYAwAAIPYAAACIPQAAAGIPAACA2AMAACD2AAAAiD0AAABiDwAAgNgDAAAg9gAAAIg9AAAAYg8AAIDYAwAAIPYAAACIPQAAAGIPAACA2AMAACD2AAAAiD0AAABiDwAAgNgDAAAg9gAAAIg9AAAAYg8AAIDYAwAAIPYAAACIPQAAAGIPAACA2AMAACD2AAAAiD0AAABiDwAAgNgDAAAg9gAAAIg9AAAAYg8AAIDYAwAAIPYAAACIPQAAAGIPAACA2AMAACD2AAAAiD0AAABiDwAAgNgDAAAg9gAAAIg9AAAAYg8AAIDYAwAAIPYAAACIPQAAAGIPAACA2AMAACD2AAAAiD0AAABiDwAAgNgDAAAg9gAAAIg9AAAAYg8AAIDYAwAAIPYAAACIPQAAAGIPAACA2AMAACD2AAAAiD0AAABiDwAAgNgDAAAg9gAAAIg9AAAAYg8AAIDYAwAAIPYAAACIPQAAAGIPAACA2AMAACD2AAAAiD0AAABiDwAAgNgDAAAg9gAAAIg9AAAAYg8AAIDYAwAAIPYAAACIPQAAAGIPAACA2AMAACD2AAAAiD0AAABiDwAAgNgDAAAg9gAAAIg9AAAAYg8AAIDYAwAAIPYAAACIPQAAAGIPAACA2AMAACD2AAAAiD0AAABiDwAAgNgDAAAg9gAAAIg9AAAAYg8AAIDYAwAAIPYAAACIPQAAAGIPAACA2AMAACD2AAAAiD0AAABiDwAAgNgDAAAg9gAAAIg9AAAAYg8AAIDYAwAAIPYAAACIPQAAAGIPAACA2AMAACD2AAAAiD0AAABiDwAAgNgDAAAg9gAAAIg9AAAAYg8AAIDYAwAAIPYAAACIPQAAAGIPAACA2AMAACD2AAAAiD0AAABiDwAAgNgDAAAg9gAAAIg9AAAAYg8AAIDYAwAAIPYAAACIPQAAAGIPAACA2AMAACD2AAAAiD0AAABiDwAAgNgDAAAg9gAAAIg9AAAAYg8AAIDYAwAAIPYAAACIPQAAAGIPAACA2AMAACD2AAAAiD0AAABiDwAAgNgDAAAg9gAAAIg9AAAAYg8AAIDYAwAAIPYAAACIPQAAAGIPAACA2AMAACD2AAAAiD0AAABiDwAAgNgDAAAg9gAAAIg9AAAAYg8AAIDYAwAAIPYAAACIPQAAAGIPAACA2AMAACD2AAAAiD0AAABiDwAAgNgDAAAg9gAAAIg9AAAAYg8AAIDYAwAAIPYAAACIPQAAAGIPAACA2AMAACD2AAAAiD0AAABiDwAAgNgDAAAg9gAAAIg9AAAAYg8AAIDYAwAAIPYAAACIPQAAAGIPAACA2AMAACD2AAAAiD0AAABiDwAAgNgDAAAg9gAAAIg9AAAAYg8AAIDYAwAAIPYAAADIBRGSB0hWyr2oAAAAAElFTkSuQmCC
]]></system-out>
  </testcase>
</testsuite>