<?xml version="1.0" encoding="UTF-8"?>
<testsuite xmlns:xsi="http://www.w3.org/2001/XMLSchema-instance" xsi:noNamespaceSchemaLocation="https://maven.apache.org/surefire/maven-surefire-plugin/xsd/surefire-test-report.xsd" version="3.0.2" name="TestSuite" time="26.921" tests="2" errors="0" skipped="0" failures="0">
  <properties>
    <property name="java.specification.version" value="21"/>
    <property name="sun.cpu.isalist" value="amd64"/>
    <property name="sun.jnu.encoding" value="Cp1252"/>
    <property name="java.class.path" value="D:\existing prj\seleniumtest\target\test-classes;D:\existing prj\seleniumtest\target\classes;C:\Users\user\.m2\repository\commons-lang\commons-lang\2.6\commons-lang-2.6.jar;C:\Users\user\.m2\repository\org\projectlombok\lombok\1.18.30\lombok-1.18.30.jar;C:\Users\user\.m2\repository\org\seleniumhq\selenium\selenium-java\4.18.1\selenium-java-4.18.1.jar;C:\Users\user\.m2\repository\org\seleniumhq\selenium\selenium-api\4.18.1\selenium-api-4.18.1.jar;C:\Users\user\.m2\repository\org\seleniumhq\selenium\selenium-chrome-driver\4.18.1\selenium-chrome-driver-4.18.1.jar;C:\Users\user\.m2\repository\com\google\auto\service\auto-service-annotations\1.1.1\auto-service-annotations-1.1.1.jar;C:\Users\user\.m2\repository\org\seleniumhq\selenium\selenium-chromium-driver\4.18.1\selenium-chromium-driver-4.18.1.jar;C:\Users\user\.m2\repository\org\seleniumhq\selenium\selenium-json\4.18.1\selenium-json-4.18.1.jar;C:\Users\user\.m2\repository\org\seleniumhq\selenium\selenium-manager\4.18.1\selenium-manager-4.18.1.jar;C:\Users\user\.m2\repository\org\seleniumhq\selenium\selenium-devtools-v120\4.18.1\selenium-devtools-v120-4.18.1.jar;C:\Users\user\.m2\repository\org\seleniumhq\selenium\selenium-devtools-v121\4.18.1\selenium-devtools-v121-4.18.1.jar;C:\Users\user\.m2\repository\org\seleniumhq\selenium\selenium-devtools-v122\4.18.1\selenium-devtools-v122-4.18.1.jar;C:\Users\user\.m2\repository\org\seleniumhq\selenium\selenium-devtools-v85\4.18.1\selenium-devtools-v85-4.18.1.jar;C:\Users\user\.m2\repository\org\seleniumhq\selenium\selenium-edge-driver\4.18.1\selenium-edge-driver-4.18.1.jar;C:\Users\user\.m2\repository\org\seleniumhq\selenium\selenium-firefox-driver\4.18.1\selenium-firefox-driver-4.18.1.jar;C:\Users\user\.m2\repository\org\seleniumhq\selenium\selenium-http\4.18.1\selenium-http-4.18.1.jar;C:\Users\user\.m2\repository\dev\failsafe\failsafe\3.3.2\failsafe-3.3.2.jar;C:\Users\user\.m2\repository\org\seleniumhq\selenium\selenium-ie-driver\4.18.1\selenium-ie-driver-4.18.1.jar;C:\Users\user\.m2\repository\org\seleniumhq\selenium\selenium-remote-driver\4.18.1\selenium-remote-driver-4.18.1.jar;C:\Users\user\.m2\repository\com\google\guava\guava\33.0.0-jre\guava-33.0.0-jre.jar;C:\Users\user\.m2\repository\com\google\guava\failureaccess\1.0.2\failureaccess-1.0.2.jar;C:\Users\user\.m2\repository\com\google\guava\listenablefuture\9999.0-empty-to-avoid-conflict-with-guava\listenablefuture-9999.0-empty-to-avoid-conflict-with-guava.jar;C:\Users\user\.m2\repository\com\google\code\findbugs\jsr305\3.0.2\jsr305-3.0.2.jar;C:\Users\user\.m2\repository\org\checkerframework\checker-qual\3.41.0\checker-qual-3.41.0.jar;C:\Users\user\.m2\repository\com\google\errorprone\error_prone_annotations\2.23.0\error_prone_annotations-2.23.0.jar;C:\Users\user\.m2\repository\com\google\j2objc\j2objc-annotations\2.8\j2objc-annotations-2.8.jar;C:\Users\user\.m2\repository\io\opentelemetry\semconv\opentelemetry-semconv\1.23.1-alpha\opentelemetry-semconv-1.23.1-alpha.jar;C:\Users\user\.m2\repository\io\opentelemetry\opentelemetry-api\1.35.0\opentelemetry-api-1.35.0.jar;C:\Users\user\.m2\repository\io\opentelemetry\opentelemetry-context\1.35.0\opentelemetry-context-1.35.0.jar;C:\Users\user\.m2\repository\io\opentelemetry\opentelemetry-exporter-logging\1.35.0\opentelemetry-exporter-logging-1.35.0.jar;C:\Users\user\.m2\repository\io\opentelemetry\opentelemetry-sdk-common\1.35.0\opentelemetry-sdk-common-1.35.0.jar;C:\Users\user\.m2\repository\io\opentelemetry\opentelemetry-sdk-extension-autoconfigure-spi\1.35.0\opentelemetry-sdk-extension-autoconfigure-spi-1.35.0.jar;C:\Users\user\.m2\repository\io\opentelemetry\opentelemetry-sdk-extension-autoconfigure\1.35.0\opentelemetry-sdk-extension-autoconfigure-1.35.0.jar;C:\Users\user\.m2\repository\io\opentelemetry\opentelemetry-api-events\1.35.0-alpha\opentelemetry-api-events-1.35.0-alpha.jar;C:\Users\user\.m2\repository\io\opentelemetry\opentelemetry-sdk-trace\1.35.0\opentelemetry-sdk-trace-1.35.0.jar;C:\Users\user\.m2\repository\io\opentelemetry\opentelemetry-extension-incubator\1.35.0-alpha\opentelemetry-extension-incubator-1.35.0-alpha.jar;C:\Users\user\.m2\repository\io\opentelemetry\opentelemetry-sdk\1.35.0\opentelemetry-sdk-1.35.0.jar;C:\Users\user\.m2\repository\io\opentelemetry\opentelemetry-sdk-metrics\1.35.0\opentelemetry-sdk-metrics-1.35.0.jar;C:\Users\user\.m2\repository\io\opentelemetry\opentelemetry-sdk-logs\1.35.0\opentelemetry-sdk-logs-1.35.0.jar;C:\Users\user\.m2\repository\net\bytebuddy\byte-buddy\1.14.12\byte-buddy-1.14.12.jar;C:\Users\user\.m2\repository\org\seleniumhq\selenium\selenium-os\4.18.1\selenium-os-4.18.1.jar;C:\Users\user\.m2\repository\org\apache\commons\commons-exec\1.3\commons-exec-1.3.jar;C:\Users\user\.m2\repository\org\seleniumhq\selenium\selenium-safari-driver\4.18.1\selenium-safari-driver-4.18.1.jar;C:\Users\user\.m2\repository\org\seleniumhq\selenium\selenium-support\4.18.1\selenium-support-4.18.1.jar;C:\Users\user\.m2\repository\org\testng\testng\7.9.0\testng-7.9.0.jar;C:\Users\user\.m2\repository\org\slf4j\slf4j-api\1.7.36\slf4j-api-1.7.36.jar;C:\Users\user\.m2\repository\com\beust\jcommander\1.82\jcommander-1.82.jar;C:\Users\user\.m2\repository\org\webjars\jquery\3.7.1\jquery-3.7.1.jar;C:\Users\user\.m2\repository\org\apache\poi\poi\5.4.0\poi-5.4.0.jar;C:\Users\user\.m2\repository\commons-codec\commons-codec\1.17.1\commons-codec-1.17.1.jar;C:\Users\user\.m2\repository\org\apache\commons\commons-collections4\4.4\commons-collections4-4.4.jar;C:\Users\user\.m2\repository\org\apache\commons\commons-math3\3.6.1\commons-math3-3.6.1.jar;C:\Users\user\.m2\repository\commons-io\commons-io\2.18.0\commons-io-2.18.0.jar;C:\Users\user\.m2\repository\com\zaxxer\SparseBitSet\1.3\SparseBitSet-1.3.jar;C:\Users\user\.m2\repository\org\apache\logging\log4j\log4j-api\2.24.3\log4j-api-2.24.3.jar;C:\Users\user\.m2\repository\org\apache\poi\poi-ooxml\5.4.0\poi-ooxml-5.4.0.jar;C:\Users\user\.m2\repository\org\apache\poi\poi-ooxml-lite\5.4.0\poi-ooxml-lite-5.4.0.jar;C:\Users\user\.m2\repository\org\apache\xmlbeans\xmlbeans\5.3.0\xmlbeans-5.3.0.jar;C:\Users\user\.m2\repository\org\apache\commons\commons-compress\1.27.1\commons-compress-1.27.1.jar;C:\Users\user\.m2\repository\org\apache\commons\commons-lang3\3.16.0\commons-lang3-3.16.0.jar;C:\Users\user\.m2\repository\com\github\virtuald\curvesapi\1.08\curvesapi-1.08.jar;C:\Users\user\.m2\repository\com\aventstack\extentreports\5.0.9\extentreports-5.0.9.jar;C:\Users\user\.m2\repository\io\reactivex\rxjava3\rxjava\3.0.4\rxjava-3.0.4.jar;C:\Users\user\.m2\repository\org\reactivestreams\reactive-streams\1.0.3\reactive-streams-1.0.3.jar;C:\Users\user\.m2\repository\org\freemarker\freemarker\2.3.30\freemarker-2.3.30.jar;C:\Users\user\.m2\repository\com\google\code\gson\gson\2.8.6\gson-2.8.6.jar;"/>
    <property name="java.vm.vendor" value="Oracle Corporation"/>
    <property name="sun.arch.data.model" value="64"/>
    <property name="user.variant" value=""/>
    <property name="java.vendor.url" value="https://java.oracle.com/"/>
    <property name="user.timezone" value="Asia/Calcutta"/>
    <property name="os.name" value="Windows 10"/>
    <property name="java.vm.specification.version" value="21"/>
    <property name="sun.java.launcher" value="SUN_STANDARD"/>
    <property name="user.country" value="IN"/>
    <property name="sun.boot.library.path" value="C:\Program Files\Java\jdk-21\bin"/>
    <property name="sun.java.command" value="C:\Users\user\AppData\Local\Temp\surefire16238894743614725246\surefirebooter-20250326212318696_3.jar C:\Users\user\AppData\Local\Temp\surefire16238894743614725246 2025-03-26T21-23-18_405-jvmRun1 surefire-20250326212318696_1tmp surefire_0-20250326212318696_2tmp"/>
    <property name="jdk.debug" value="release"/>
    <property name="surefire.test.class.path" value="D:\existing prj\seleniumtest\target\test-classes;D:\existing prj\seleniumtest\target\classes;C:\Users\user\.m2\repository\commons-lang\commons-lang\2.6\commons-lang-2.6.jar;C:\Users\user\.m2\repository\org\projectlombok\lombok\1.18.30\lombok-1.18.30.jar;C:\Users\user\.m2\repository\org\seleniumhq\selenium\selenium-java\4.18.1\selenium-java-4.18.1.jar;C:\Users\user\.m2\repository\org\seleniumhq\selenium\selenium-api\4.18.1\selenium-api-4.18.1.jar;C:\Users\user\.m2\repository\org\seleniumhq\selenium\selenium-chrome-driver\4.18.1\selenium-chrome-driver-4.18.1.jar;C:\Users\user\.m2\repository\com\google\auto\service\auto-service-annotations\1.1.1\auto-service-annotations-1.1.1.jar;C:\Users\user\.m2\repository\org\seleniumhq\selenium\selenium-chromium-driver\4.18.1\selenium-chromium-driver-4.18.1.jar;C:\Users\user\.m2\repository\org\seleniumhq\selenium\selenium-json\4.18.1\selenium-json-4.18.1.jar;C:\Users\user\.m2\repository\org\seleniumhq\selenium\selenium-manager\4.18.1\selenium-manager-4.18.1.jar;C:\Users\user\.m2\repository\org\seleniumhq\selenium\selenium-devtools-v120\4.18.1\selenium-devtools-v120-4.18.1.jar;C:\Users\user\.m2\repository\org\seleniumhq\selenium\selenium-devtools-v121\4.18.1\selenium-devtools-v121-4.18.1.jar;C:\Users\user\.m2\repository\org\seleniumhq\selenium\selenium-devtools-v122\4.18.1\selenium-devtools-v122-4.18.1.jar;C:\Users\user\.m2\repository\org\seleniumhq\selenium\selenium-devtools-v85\4.18.1\selenium-devtools-v85-4.18.1.jar;C:\Users\user\.m2\repository\org\seleniumhq\selenium\selenium-edge-driver\4.18.1\selenium-edge-driver-4.18.1.jar;C:\Users\user\.m2\repository\org\seleniumhq\selenium\selenium-firefox-driver\4.18.1\selenium-firefox-driver-4.18.1.jar;C:\Users\user\.m2\repository\org\seleniumhq\selenium\selenium-http\4.18.1\selenium-http-4.18.1.jar;C:\Users\user\.m2\repository\dev\failsafe\failsafe\3.3.2\failsafe-3.3.2.jar;C:\Users\user\.m2\repository\org\seleniumhq\selenium\selenium-ie-driver\4.18.1\selenium-ie-driver-4.18.1.jar;C:\Users\user\.m2\repository\org\seleniumhq\selenium\selenium-remote-driver\4.18.1\selenium-remote-driver-4.18.1.jar;C:\Users\user\.m2\repository\com\google\guava\guava\33.0.0-jre\guava-33.0.0-jre.jar;C:\Users\user\.m2\repository\com\google\guava\failureaccess\1.0.2\failureaccess-1.0.2.jar;C:\Users\user\.m2\repository\com\google\guava\listenablefuture\9999.0-empty-to-avoid-conflict-with-guava\listenablefuture-9999.0-empty-to-avoid-conflict-with-guava.jar;C:\Users\user\.m2\repository\com\google\code\findbugs\jsr305\3.0.2\jsr305-3.0.2.jar;C:\Users\user\.m2\repository\org\checkerframework\checker-qual\3.41.0\checker-qual-3.41.0.jar;C:\Users\user\.m2\repository\com\google\errorprone\error_prone_annotations\2.23.0\error_prone_annotations-2.23.0.jar;C:\Users\user\.m2\repository\com\google\j2objc\j2objc-annotations\2.8\j2objc-annotations-2.8.jar;C:\Users\user\.m2\repository\io\opentelemetry\semconv\opentelemetry-semconv\1.23.1-alpha\opentelemetry-semconv-1.23.1-alpha.jar;C:\Users\user\.m2\repository\io\opentelemetry\opentelemetry-api\1.35.0\opentelemetry-api-1.35.0.jar;C:\Users\user\.m2\repository\io\opentelemetry\opentelemetry-context\1.35.0\opentelemetry-context-1.35.0.jar;C:\Users\user\.m2\repository\io\opentelemetry\opentelemetry-exporter-logging\1.35.0\opentelemetry-exporter-logging-1.35.0.jar;C:\Users\user\.m2\repository\io\opentelemetry\opentelemetry-sdk-common\1.35.0\opentelemetry-sdk-common-1.35.0.jar;C:\Users\user\.m2\repository\io\opentelemetry\opentelemetry-sdk-extension-autoconfigure-spi\1.35.0\opentelemetry-sdk-extension-autoconfigure-spi-1.35.0.jar;C:\Users\user\.m2\repository\io\opentelemetry\opentelemetry-sdk-extension-autoconfigure\1.35.0\opentelemetry-sdk-extension-autoconfigure-1.35.0.jar;C:\Users\user\.m2\repository\io\opentelemetry\opentelemetry-api-events\1.35.0-alpha\opentelemetry-api-events-1.35.0-alpha.jar;C:\Users\user\.m2\repository\io\opentelemetry\opentelemetry-sdk-trace\1.35.0\opentelemetry-sdk-trace-1.35.0.jar;C:\Users\user\.m2\repository\io\opentelemetry\opentelemetry-extension-incubator\1.35.0-alpha\opentelemetry-extension-incubator-1.35.0-alpha.jar;C:\Users\user\.m2\repository\io\opentelemetry\opentelemetry-sdk\1.35.0\opentelemetry-sdk-1.35.0.jar;C:\Users\user\.m2\repository\io\opentelemetry\opentelemetry-sdk-metrics\1.35.0\opentelemetry-sdk-metrics-1.35.0.jar;C:\Users\user\.m2\repository\io\opentelemetry\opentelemetry-sdk-logs\1.35.0\opentelemetry-sdk-logs-1.35.0.jar;C:\Users\user\.m2\repository\net\bytebuddy\byte-buddy\1.14.12\byte-buddy-1.14.12.jar;C:\Users\user\.m2\repository\org\seleniumhq\selenium\selenium-os\4.18.1\selenium-os-4.18.1.jar;C:\Users\user\.m2\repository\org\apache\commons\commons-exec\1.3\commons-exec-1.3.jar;C:\Users\user\.m2\repository\org\seleniumhq\selenium\selenium-safari-driver\4.18.1\selenium-safari-driver-4.18.1.jar;C:\Users\user\.m2\repository\org\seleniumhq\selenium\selenium-support\4.18.1\selenium-support-4.18.1.jar;C:\Users\user\.m2\repository\org\testng\testng\7.9.0\testng-7.9.0.jar;C:\Users\user\.m2\repository\org\slf4j\slf4j-api\1.7.36\slf4j-api-1.7.36.jar;C:\Users\user\.m2\repository\com\beust\jcommander\1.82\jcommander-1.82.jar;C:\Users\user\.m2\repository\org\webjars\jquery\3.7.1\jquery-3.7.1.jar;C:\Users\user\.m2\repository\org\apache\poi\poi\5.4.0\poi-5.4.0.jar;C:\Users\user\.m2\repository\commons-codec\commons-codec\1.17.1\commons-codec-1.17.1.jar;C:\Users\user\.m2\repository\org\apache\commons\commons-collections4\4.4\commons-collections4-4.4.jar;C:\Users\user\.m2\repository\org\apache\commons\commons-math3\3.6.1\commons-math3-3.6.1.jar;C:\Users\user\.m2\repository\commons-io\commons-io\2.18.0\commons-io-2.18.0.jar;C:\Users\user\.m2\repository\com\zaxxer\SparseBitSet\1.3\SparseBitSet-1.3.jar;C:\Users\user\.m2\repository\org\apache\logging\log4j\log4j-api\2.24.3\log4j-api-2.24.3.jar;C:\Users\user\.m2\repository\org\apache\poi\poi-ooxml\5.4.0\poi-ooxml-5.4.0.jar;C:\Users\user\.m2\repository\org\apache\poi\poi-ooxml-lite\5.4.0\poi-ooxml-lite-5.4.0.jar;C:\Users\user\.m2\repository\org\apache\xmlbeans\xmlbeans\5.3.0\xmlbeans-5.3.0.jar;C:\Users\user\.m2\repository\org\apache\commons\commons-compress\1.27.1\commons-compress-1.27.1.jar;C:\Users\user\.m2\repository\org\apache\commons\commons-lang3\3.16.0\commons-lang3-3.16.0.jar;C:\Users\user\.m2\repository\com\github\virtuald\curvesapi\1.08\curvesapi-1.08.jar;C:\Users\user\.m2\repository\com\aventstack\extentreports\5.0.9\extentreports-5.0.9.jar;C:\Users\user\.m2\repository\io\reactivex\rxjava3\rxjava\3.0.4\rxjava-3.0.4.jar;C:\Users\user\.m2\repository\org\reactivestreams\reactive-streams\1.0.3\reactive-streams-1.0.3.jar;C:\Users\user\.m2\repository\org\freemarker\freemarker\2.3.30\freemarker-2.3.30.jar;C:\Users\user\.m2\repository\com\google\code\gson\gson\2.8.6\gson-2.8.6.jar;"/>
    <property name="sun.cpu.endian" value="little"/>
    <property name="user.home" value="C:\Users\user"/>
    <property name="user.language" value="en"/>
    <property name="java.specification.vendor" value="Oracle Corporation"/>
    <property name="java.version.date" value="2024-01-16"/>
    <property name="java.home" value="C:\Program Files\Java\jdk-21"/>
    <property name="file.separator" value="\"/>
    <property name="basedir" value="D:\existing prj\seleniumtest"/>
    <property name="style.color" value="always"/>
    <property name="java.vm.compressedOopsMode" value="Zero based"/>
    <property name="line.separator" value="&#10;"/>
    <property name="java.vm.specification.vendor" value="Oracle Corporation"/>
    <property name="java.specification.name" value="Java Platform API Specification"/>
    <property name="surefire.real.class.path" value="C:\Users\user\AppData\Local\Temp\surefire16238894743614725246\surefirebooter-20250326212318696_3.jar"/>
    <property name="user.script" value=""/>
    <property name="sun.management.compiler" value="HotSpot 64-Bit Tiered Compilers"/>
    <property name="java.runtime.version" value="21.0.2+13-LTS-58"/>
    <property name="user.name" value="user"/>
    <property name="stdout.encoding" value="Cp1252"/>
    <property name="path.separator" value=";"/>
    <property name="os.version" value="10.0"/>
    <property name="java.runtime.name" value="Java(TM) SE Runtime Environment"/>
    <property name="file.encoding" value="UTF-8"/>
    <property name="java.vm.name" value="Java HotSpot(TM) 64-Bit Server VM"/>
    <property name="localRepository" value="C:\Users\user\.m2\repository"/>
    <property name="java.vendor.url.bug" value="https://bugreport.java.com/bugreport/"/>
    <property name="java.io.tmpdir" value="C:\Users\user\AppData\Local\Temp\"/>
    <property name="java.version" value="21.0.2"/>
    <property name="user.dir" value="D:\existing prj\seleniumtest"/>
    <property name="os.arch" value="amd64"/>
    <property name="java.vm.specification.name" value="Java Virtual Machine Specification"/>
    <property name="sun.os.patch.level" value=""/>
    <property name="native.encoding" value="Cp1252"/>
    <property name="java.library.path" value="C:\Program Files\Java\jdk-21\bin;C:\WINDOWS\Sun\Java\bin;C:\WINDOWS\system32;C:\WINDOWS;C:/Program Files/Java/jdk-21/bin/server;C:/Program Files/Java/jdk-21/bin;C:\Python312\Scripts\;C:\Python312\;C:\Program Files\Common Files\Oracle\Java\javapath;C:\WINDOWS\system32;C:\WINDOWS;C:\WINDOWS\System32\Wbem;C:\WINDOWS\System32\WindowsPowerShell\v1.0\;C:\WINDOWS\System32\OpenSSH\;C:\Program Files\Java\jdk-21\bin;C:\Program Files\Maven\bin;C:\ProgramData\chocolatey\bin;C:\Program Files\nodejs\;C:\Program Files\MySQL\MySQL Server 8.0\bin;C:\Program Files\Git\cmd;C:\Program Files\Git\bin;C:\Program Files\MySQL\MySQL Shell 8.0\bin\;C:\Users\user\AppData\Local\Microsoft\WindowsApps;C:\Users\user\AppData\Local\Programs\Microsoft VS Code\bin;C:\Users\user\AppData\Roaming\npm;C:\WINDOWS\system32;;."/>
    <property name="java.vm.info" value="mixed mode, sharing"/>
    <property name="stderr.encoding" value="Cp1252"/>
    <property name="java.vendor" value="Oracle Corporation"/>
    <property name="java.vm.version" value="21.0.2+13-LTS-58"/>
    <property name="sun.io.unicode.encoding" value="UnicodeLittle"/>
    <property name="java.class.version" value="65.0"/>
  </properties>
  <testcase name="loginWithValidUsernameAndPassword" classname="com.orangehrm.test.LoginTest" time="6.055">
    <system-out><![CDATA[iVBORw0KGgoAAAANSUhEUgAABAoAAAIxCAIAAABLq80vAAAAAXNSR0IArs4c6QAAIABJREFUeJzs3X18VPWd9//POWcS7owhIQlJKKgYuQnGJGqN8Q5sUASqpa3YSy/XbQXa3e7W3W2qVZerV9d1V6qmv9Xd7rWWm7asW3fF3WWxSGlJK2obUWsSkYCIWEJNYhIIIUJIZs45vz9mMpncz/13Zs7r+dgHO3Pm7jOx8z3nfb43R7NtW4D44n91AJKCpmmqS4i9nd+Vui2qiwAQP70PHx3/Ca54VQKHIgkASF6jtmCplhlWfldc6fLqv6iuA0Ci0FUXgJRl2zbZAEDqsQeoLiR6lj0si7+huggAiYLeA0RZSu0yAWBs/uYuFfoTbrpfDEN+9Q+q6wCgHvEA0UEqAOBY3gYw6UPCZ74pmiG1NarrAKAYg4sQkRTsZAeAsKRCY3jjX8jS+1UXASCu3jt6fNgW4gHCl/Q7QgCItqQPCUu+ITc9oLoIAHHizQbDEgKDixCOOOz8knv/CiCBxWEUUHIPN1r85yK2/PIJ1XUAiK3AVPDe0ePz58723iYeIGSxOHAnDACIm7EanKgfzSdxSFj8DbFt2fOk6joAxJA/DwxDPEAIongQTx4AkGhGtktRObK3bTspE8KS+8S2pPb7qusAEG/EAwQrwgN68gCApBPYcEVyiJ+s3Qg3/qVYpvz6KdV1AIgr4gEmFsmRvZJUQBQBUpiqg+zIr3KQlN0IVdVieWTvD1TXASDKRi5Y5B9uRDzABMI+1E66UAEgKUSlfVDVFZCUCeGmb4vpltd+qLoOAHFCPMCY4hYMCAMA4izy2clhh4SkTAi3rBePW17/keo6AMQD8QCjC+OQPaSXEAkAJKBhTdOEx/HhjThKyoTw2b8RT5+89VPVdQCIOeIBoiOYw/3oRgICBoBRRfHIO/ij/1A7E5IyIazaIJ5z0vBfqusAEFvEA4wiuv0A3r2gX8TVAUBceVs57+WQx2/EQjroT8qEcPs/iLtXDuxSXQeAGNJVF4CEE91soGmaYRi6rpMNACQpb/Ol67phGMF0IwTfiiZlL+idz8glS1QXASCGiAcYIqS92jhP9p4V86aC6FUHAIr5W7bxW8sUTwj/+4dywadVFwEgVogHGBSV/Zn3IYIBgBTmDQnBNIbBSL6E4Josd/1Q8otV1wEgJogH8Il8T+YfmEs2AJDyArsRxmkVg3y35EsI02bIXc9I1mzVdQCIPuIBJPg904R7Qf8ZNQBwAv/ZECcmhOwL5M5nZMp01XUAiDKO5BCs8TsNvLfpNADgNP52b6wTKMFPVk6+hFB4qdz5L0LLD6QW4gEiumRB4HbGFAFwoGG9ppF3IySZudfI//oX1UUAiCbigdNFKxuwbikAxxrWAEaSEJIyRSxaLqu+p7oIAFFDPECYhu3DyAYAnGxYGxjJUX5SJoQr75SbH1RdBIDoIB44WtinskZuJB4AcLKRbWCQjWfquOHrct1XVRcBIAqIB84VxWwAABgp7CY0WZvZW9ZL+e2qiwAQKeIBxhTkjs17rYN4FQUACWrUSyk77iTLF78vlyxRXQSAiBAPHCq8ndNYez7iAQCMdQGEaLW3SeNLP5CCRaqLABA+4gFGF8wejssdAIBf4AUQhj0UrcyQHCZnyJd+IOflqq4DQJiIBxhFKg+NBYDYi0pCSOJmNmeufOmfVBcBIEzEAycKY5cz7CVJvNMCgLhwejt5UaWsflp1EQDCQTzAcBOe4iIqAMCoQm0tU7kDQURKV8myh1UXASBkxAPHie7OJrl3XQAQbZxAGeL6P5HKr6guAkBoiAcYIqSuA6fv9gBgNOO0jY7rQBCRlX8jC5epLgJACIgHzhLqbobTYAAQhnHOpDixIV39FEudAkmEeIBBIe20nLiHA4BxjdUwjt9gpn4HQvpUWf20TMlUXQeAoBAPHCTCHcxYJ8OSfr8FADEQ0hCj1Jd3idz+lOoiAASFeACf8K7a48SdHACMjTMpY5r/GfnsI6qLADAx4gGCMupOjr0dAIwUxrkVpzSnV39ZrlmruggAEyAeYHThjaAFAASKVpuZOm3viu/IgqWqiwAwHuIBJLxpc/QhAMAw4zeMEU5QTh1f/P8kt0h1EQDGRDzAKOg6AIBooUUdbkqmfPH7onEEAiQofpxOEfZ+iK4DAAheJB0IDvKpMvni91UXAWB0xAMAAGIryA4EZ4WHsi/I4m+oLgLAKIgHCHb/NPKUmLP2ZAAQHBrJYN10vxQvV10EgOGIBxgP+zYAiK7oDvVMel94UnIvVl0EgCGIB44Qi50Kp8cAYJhxGkaaytFNzpDPP6m6CABDEA8QFMIAAIQh1DbTiW3snCtk1fdUFwFgEPEAQzhxzwQA0RPqJZNpdUVErrxTKr+iuggAPsQDpxtnzxTqTg4A4EfzGJqVfyMXXa26CABCPHCEmE48AAAEiZZzAqselymZqosAQDxAEJh4AABho+UM1owLmYQAJALiAcLHPg8ARqJtDN+iFbKEa6UBihEPAABQKfg44YjgsfR+mXej6iIARyMeIGRBXmUZAJwm+OaRlnM8n9sg5+WoLgJwLuIBBrHWHgAoR/MrmQXyucdUFwE4F/EAAIDYYoGHkC1cJouZhACoQTxAsNirAUCQaDCj4Kb7peh61UUATkQ8cLRILnzGzg8AEFu3/b1MylBdBOA4xAMAAJCQsi+Q2/5OdRGA4xAPAABAoipdJVd/WXURgLMQDwAAQAL77CNSWKK6CMBBiAcAACCx3fq3qisAHIR4AAAAEtvsy+WW9aqLAJyCeAAAABLedV+VhTerLgJwBOIBooBFTgGAljDmbvt7mZKpuggg9REPEAXsFAGAljDmMvLks4+oLgJIfcQDR9M0LSrvY1lWVN4HAJIXLWE8lH5errxTdRFAiiMeYAJjRYjA7ewUASCwJYzWyReMYuXfSPaFqosAUhnxAMEaZ29nmmZ8awGAhENLGCdpk2Xld1UXAaQy4gFGF+qpL4/HE7NaACDRjd8G+ltUehWiY/5n5Np1qosAUhbxAIMi2W9x2gyAk0WxDSRCBGX5/5H8haqLAFIT8QAhG7br8t61LMvtdqsrCgCUcbvd3okHHNnH1Yr/q7oCIDURDxA1/h0kADjHOCdHxkkLgQ8RKsI09xq54c9UFwGkIOIBwjeyG6G/v5+VvwE4h23b/f39o/apIh5u/rYUXqq6CCDVEA9SX+Q7quAn1VmW1dfXR0IA4AS2bff19U3Ya8q85Nha/n9UVwCkGuIBwjHWqTJN07wJgVFGAFLbyLaOo381LqqUG/5UdRFASiEeOF2QQ2NDYlnWuXPnmKkMIFW53e7e3t5RpyPHtK+ABDK6mx9iFSMgiogHGGLCfU/wO8L+/v7e3l6uhwAglXg8nt7e3pHzDULCUX703fLXqisAUgfxAEEZuTMba/c2cqDR2bNnvZ0JlmUxLQFAcrFt27s20blz586ePesdUDTyzEgwTeL4Txj/aZhA0Q1Sea/qIoAU4VJdAOJB07TYHZf733ysT7Ft2+Px+LsRAp8z7PnjFEmuABCh4MdSjrXqaPD9qxzlK3DLw/LeHjnZrLoOIOnRe4DxjLqHC2MHGeS+VtO0cU6wDRPK9wDgOEE2GiMfmrC9Cr7rYKxPDOV7ROGFTmGky7KHVRcBpAJ6DzD8rP9YnQAjt4/sNwjmxsjbwzoH/LvA8XsM2FMCiMSEYyZDzQYRxgZEwaIVUvZFafhP1XUAyY3eA8RPqP0GdBQAiK6xOhOC7EOI+ol/Jh5E37KHZHKG6iKA5EY8cIqo7NUiP3827HaQg4tGDhJgJwpgfEG2GxM2ROOPsQy164C2K+Yy8uTmB1UXASQ3BhdhFOFNZQ5+ZFHgwKFxBheNP76IvSyA8IRxLj+SzoQgPw5Rc9UfSdNuOfKK6jqAZEXvAWTCvVSQHQijviTwRhiTkukxABC58PoQJrw9ciOzDhLFzd9WXQGQxIgHGF14C3FM2JkezOCi8RcfHF/wNQNIJeG1DKM+YZxzGWH0IQQfM4J/H0yssEQW/7nqIoBkxeAi+Iw/oGjUdYdGfUkwSxWNHEo0ck0k/+2QhjmxBwUwjpAOwUOdrEzXQWK56QF5d6ec+FB1HUDyoffAQWKxx5pwHznh7cAtwc9LZu8LYHzBtxtj9SEMe8Kot0c+P6RRSUE+ijDd9IDqCoCkRO8BxjTO9RAm7EwI8nYk/QbsTQGEbfwRR2PdDWmg0fizraJVLcZz6Uq5dKW8u1N1HUCSofcAg8KbbzDWxiCnHATfbxB8bQAQKJhuhJEPhToJIZLyInwHjGnp/aorAJIPvQfOEuqKpWFcUDnIvoIw1jNlDwogusJY4TTU/gS6DhTLmStV35Ta76uuA0gm9B5giAkX0whjvxhG1wH9BgBiYfy2JaRJCOH1J4S6YBGi4Ma/lNwi1UUAyYR44DjR3RWFd7Zs1B1wMBMHgxG9LwcgCUTYPoz16MiNYZwribzJpU2Ljqpq1RUAyYTBRRhu5Aii8YcYRTiaaJypyaGuajrqOwBAoAmbiJA6UUM9MxJqMYiOS1fKwmVycLfqOoDkQO+BE8V67zj+znKsU3QhrWpKjwGAkcJuLsbvQxi2ZaxHQ80GwXydUF+CMVV9U3UFQNKg9wBhCqlLIZh+g5BWNR3nhQAQjFAvRBDS0X8wjRINV1zlL5TrviavPaO6DiAJ0HvgUJF3IISxs4zWfIPxKweAQMG3JEH2IYzfpRBe+4l4+MxfyXm5qosAkgC9BxjThJMQgulDCHW+QTCdBuxWAURLhH0IsZtgQEMXfelT5TN/KTv+WnUdQKKj98C5orXHCrKXYOSWkCYbhFEqAAQKvm0Jpg8hmG6EsVpa2jRlrvoj+VS56iKAREfvAcYz6nXQwuhViLzfgL0pgJgaJyqEvTHsbECLF0M3/oX865dVFwEkNHoPHC3svdRYlxMaf0tI/QbBfQMACFOQUxFG3R7MRrJBgpr/GVm0QnURQEIjHjhdFBNCkLEhcPs4nz7WKCPyA4BghN2GjPWE8beP3DjqO0fwhRA9N96nugIgoTG4CEEJcpTRhIOIxl/MNKT1TNnRAoiKMFZyC2N7kE0WLVs85BfL1V+R13+kug4gQdF7gIh2WmF0yofdaRBMkQAwqvDalnGeEPl4pLCfhihY8g1Jm6y6CCBB0XuAEIzaXTD+9rE6BMbpTxjn00OsFwBCFupSpxM+RNuViM7LkcXfkD1PqK4DSET0HkBC2nuFsf8LqbsgyDIAIFpCmpMwzqMhbY/kmYiOxX8umbNUFwEkIuIBfKKSEMKY7TfW0xhcBCAqxmlVQmqUxn/CWA8FX2SQz0TUaJos/jPVRQCJiMFFGDTWGKGQnjnhqKEwhhUNeyEAxFTkUwVCaq9o3JS56m5581lpbVJdB5BY6D1AmII85TbhE+gcAKBcqM1ReAONIn8you8GOhCA4YgHGCLUvVrkIWHYM8kMAGIqkqYmmOeTDZJMya1yYYXqIoDEwuAiDBf8ECP/8yccKcSAIgDJK0bLktK+JYobvi6/36e6CCCB0HuAUYRx5j6kHnl6BgAkuCiONUKim3ejzPuM6iKABEI8wJjC2NuF101PYACgVoTDjcL7uNDLRMxc/yeqKwASCPEA4wlvBxb2no/pBwBiLVrtTCQvDONViK2LrpZFy1UXASQK5h5gAsFMLRjnheG9dtT3AQDlImmRaM0S2nV/Igd2qS4CSAj0HiAoEe4R6QcAkNQib8doAxPd7HK57DbVRQAJgXiAYEV+iM+oIQDJIortFS1e0rj2a6orABIC8QChieJOjrQAIHHEqEWicUsms0qk9POqiwDUIx4gZDE6mh91viDJAUB0xa2doflKSteuU10BoB5TkxGmUK+eFuFnxeeDACAqaLWSVeGlUrpKGrerrgNQiXiA8IW9qBGcov6Fr/5bc8D9zBXfWrMqX2FBIiKtL23+v7/q9t/N+cydf7+iQGlFSCkEg6R3zVriARyOwUWIFEOAAICWMHXMukxKblVdBKAS8QBRw64RgAPR9KWga9aorgBQicFFiLJoXQ0NiJGCFWt+uEJ1EUgJpIKUNftyWbhMDu5WXQegBvEAsUJOQPg8J/f/eu//vNnSeqrPbYmIpE2bVlB0yc1V115VOGnk008f2vuTnzUeavO4RWTSpIKLF6787A2z3/pJwByDwWkPY809GLo9c8W31qzK695f+8sXXmlu7RURmZp/0e333HpdHs2moxEJnOKae4kHcCz2c4i5wL0pUQETOnvkF9/b9G6rZ8hG95kzzY0Nmxobtl36mW/fU5YTMC6y+aXNjwYc7ktfX2tTw6ZDBwtyIqvDav3lD7ZtOzZYx9m2D7c++czRe//sngWRvTOSDZHAiS6qlKIb5MgrqusAFGDuAeKKKxtgAodefPiHw7NBoO53f/XojxvOBjz/+4HZwM/qa23vi6AOz7vbhmQD/9u+9tLezgjeFwmOBgqDKr+iugJADeIBEgL7Y4iIWIc2/dv7Zy3/fdeCVXf/4Mlv/uDhxSVTBp91tumVzfXeQ/++1155/2zAG0ydd+3fbPjmD//u8zflRVjKmebjY2SUlg/rR8sjSCJchBFBmV8lc65QXQSgAIOLkKDYT6eCEf8Nxz8AO/tmwxu9g3fTym+uvn6miMiMK++7s/nrWz50+x7x7H/lrdOXX5cp7797JPANsm9efXVhmkja3DvWXfne370VeM0F/0cPL0Dz/Y9tRGGTKu75o7Wlmd37/+tvf/xhQCIwz57TtOnBfH8ASe7qL0vz71QXAcQbvQcAEsWhQy2BdxfMWzh4Z9ElJYHN1fHWQyLS3d1pBWycNGNO9sDt7EsWZEtEij59V2mmiGSWXH3dkGkM3a0fR/bOAJLFZZ+TvEtUFwHEG/EAQIJobx5y2J05Z07g3RkFQw73u1vbRHr7AkcWSca0wMP4tMiat5wLZk8d4yG3NcYDAFJPxR+rrgCIN+IBgKSVed6Q0/o9Z5g0DCDKKu6R8yJcBw1IMsQDAAkib87MwLvdza2Bd0+0ngy8m1mQLzIlryAjYFvfiWb/c84cP0RWABAVV92jugIgrogHABLFggWFgXcPHTg4eOfA+/sDh/QUzSkREbmoZF7g+gond27d+4FHxNP+62df/yD2BQNwhIo/GmWlBSB1sXIRgLjp3vlEzc5RH8kpe+ShqoKryip+1rJvYPEid/0vai6ccd91eXLyrf/3nH/ZIhFxVdxY4Z0YUHLLFXPq9zUPJAf38bc2fPutWH8NAM4ybYZcdbe88a+q6wDihN4DAAlDX3jX6oumDjZLnkP//a9fr675+t/t3R+w4OnURYvv8l+3OPu66rsCXzJgSuaQcUcAEImrmaAMByEeAEggU0u/8NjXSgrG7tfMuWrFY/eWBa4pNLX8C0/ev/i62dO8SxWlTZk256rFj3x3xeWT4lEwAEfImycLb1ZdBBAnDC4CkFimFt38yN+V7fvFa7+ob2k91eddRTRt2rSCoktuvmVxRd4orVZa3pV//JdXDj251zLyaQAQvk//bzn4C9VFAPGg2batugYACNO+Hz/104/Ov7hoTsmCuQvmFhZk+LsMPvzpd//r1z3+J2av/s5Xbs5UVSaAlPDPK6TlXdVFAJHqffioiLx39PjIh+bPnU3vAYAkZ3nOnjy5/42T+99oEJGcq1dUf35hjt7XvPe113oCnjZr7uVkAwARuvJO2fHXqosAYo54ACCJlZTPSTvQ7F/UqPP1lx56/aURz3JdXnU1lzUCEKkr75JfPi693arrAGKLqckAktjU8hV/XDL+HGTXxZ9d/aelzFMGEDHdkCv+l+oigJij9wBAUptW8eU/X3Bs385fNO3/6HR3j8fXk6C7pk6bNqe0ZOXiKxZk09ABiJIr75TXnlFdBBBb7DUBJL3MCyruWlehugoADpAzVxYuk4O7VdcBxBCDiwAAAIJ2xZdUVwDEFvEAAAAgaAuWSu7FqosAYoh4AAAAEIrL71BdARBDxAMAAIBQXL5adQVADBEPAAAAQjEtR8q+oLoIIFaIBwAAACEqv111BUCsEA8AAABCdPF1MnOB6iKAmCAeAAAAhK78i6orAGKCeAAAABA6ph8gRREPAAAAQnderpTcqroIIPqIBwAAAGEp/bzqCoDoIx4AAACEZcFSmf4p1UUAUUY8AAAACFfpKtUVAFFGPAAAAAgX8QAph3gAAAAQrrx5cmGF6iKAaCIeAAAAROCyz6muAIgm4gEAAEAELrtNdQVANBEPAAAAIjD5fC6AgFTiUl0AkGRM0+rrd7s9psdjWpZlWbbqioDEouuarusul5HmMialpxkG56HgACW3yv4XVRcBRAfxAAhW77n+3nP9brdHdSFAQrMs27JMj8c8J9IjvWlprimT06dMTlddFxBLxbfI1Cw526W6DiAKOKkDTKz3XH/nydOne86SDYBQud2e0z1nO0+e7j3Xr7oWIJYu/azqCoDoIB4A4zFN61T3mdM9Z03TUl0LkMRM0zrdc/ZU9xl+SkhZl65UXQEQHcQDYEz9/Z6Tp3r6+t2qCwFSRF+/++Spnv5+euGQiuZeI1lzVBcBRAHxABhdX5+7q/sTZh4D0WVZdlf3J319pG6kokUrVFcARAHxABhFf7/n1OkzqqsAUtap02foQ0AKWrRcdQVAFBAPgOFM0+ruIRsAsdXdwzwEpJzZ5ZJbpLoIIFLEA2C4nk96GVMExJpl2T2f9KquAoi24ltUVwBEingADNF7rp+5yEB89PW7We0UqYZ4gORHPACGOHP2nOoSAAfhF4dUM+syybtEdRFARIgHwKDec/0MhgbiyTQtOhCQahYuU10BEBHiATCIwxQg/vjdIdUsvFl1BUBEiAeAj2labjcrLQLx5nZ76LVDSvlUmcy4UHURQPiIB4APM5IBVfj1IdUsuEl1BUD4iAeAj9tjqi4BcCh+fUg1C5aqrgAIH/EA8PFwgAIowq8PqeaiSsnIU10EECbiAeBjWYx+BtTg14cUNL9KdQVAmIgHgA9XSgZU4deHFDT/M6orAMJEPAAAAIi2eVVipKkuAggH8QAAACDaDJfMowMBSYl4AAAAEAPzblRdARAO4gEAAEAMzFuiugIgHMQDAACAGMgslE+Vqi4CCBnxAAAAIDaKFquuAAgZ8QAAACA2LiEeIPkQDwAAAGLjgk/L1GzVRQChIR4AsdC+55nN619oGr65adf6Dc/v6VBTkyLte57ZvH7D5q0j/hhDdNTVTPic4Zq2hvwSAIi7outVVwCEhngAIJY6PmjsKpxXJIdfrYt2LCq+58E19xRH+U0BIMqIB0g2xAMAMdS4t6kra/ry4kLpOt7orG4TABARkYuJB0gyLtUFAI7VvueZF1/u8t2Zd1vAifCOuprNTb5Hiiofvd33QMfe55/qmL3kRNPLXSJFlY8WH1u/Q1bfJtt2tIzyJk271g9sF8lYsuaOpbkiIo0vbN4mlaulbtsR70OFqx9cLi9s9t0N+DiRpq0b6g57b2YV/8XXKnNH+xode59/6tDsMR5tajwiWZUX5xZ3zttR19jUvnRxXsArB7/mvMriYW+4esHxbXU9/uJLm55/ynt3sJKmrRvqxPuVm3aN96cAAIUyC6SgWFoZComkQTwAlGjf88yLL8+ofPRrxeI7lH9+T+4dS3N9B81Seeuji/O8T1v/TPfgwfeRpkbfQyJNx0Ratr1a/BcPLs/1Hvfv2NVYvLzU94Y9S9asGYwEm3flPrjct/72kbo9lbc+enue97O2bdicNXi3rmZvTvXiPF82GEgLjS9sfmrDqdX+dwiQu/iOR8damaPp2GHJWFKcJ5JXWlS37dAHHYvzfF9kyNds2rqhrktkMGB0NW3rqHz0wWLvQy9v3vxy0eDdp17IDMgwfmP8KQBAubnXEQ+QRBhcBCjR2dIlWbk5vnvFyx99cODs/t6mrqzie3xn2fOWfqE4q6tp1+BupXDICXjJWPIFX3IoXVycJS2NTSIijU0tUnTp0oHD7dLiQpGejo4Rb5J7cWmWiP/jci8uzZKujk4R6dj77mEpXD1wFF56e+U8admztz2kL9nY1CJZs0tzB2oI+CJDv2bxPbcVDn1pxpLF3o8uLi0SGaykuLRI5ET3aMOURv9TAIB6F1+jugIgBMQDQIni0iLpqntx/TPDJuw2NR6RrAUXD55Hz724NEs6OgaOy7OmDz2OzsgdbUxP6e1r/Gf912/YHDDKaNib5OXOEJmROeI92hsP9UjRBQFn34tLi3zJIVgddXuOyLzrB/o9iq9YkiWHm7zH7O0dJ4Z9zelZY3yvwtyMEd96VKP/KQBAvbnEAyQTBhcBceY7ii29fU3h3uefqmt6akOTDB3031X34vq6Ia/JGu2NxjM48SBjyZo7lnbsWr+jJ+RKj9St3zC0jqIQXt3RdLxLpGvH5vU7ArZ2HWuU4lLpbOka+uzckREFAFKFa7JcVCkf1gXxVEA94gEQC3m5M0bZ2tHRI5Lhv+sftd+x9/mn6ryD/kVEsipvrR4ygihU7XtebRkyyTi8JYOGTFMOuYbGQz3D36GjrmZzU2OTlBbnFGYNLaqjuyNw7gEApJi5xAMkDQYXATFRmJsxcoh8S8ewETs+uYvvWO0bupNTmDVsDE8YF//qbOmSecWDx+WNTS3jPn+kvNwZw4b4t+95ZnNN8HMPOj5oHFqDDAyUOvxqXYfk5c6QrkMfDL5/x6muUd4FAFLFRZWqKwCCRTwAYiJ38aXzupqeCrhwcsfe57cd8c+4bdq6IeBo2ztMv7jYNxf5SJ3/ocYX6g5nFS8P7SR+TmFWwGXImnZtOyIiPS2h9CGU3l4ZWH/H3pdf7ho2K3o8jXubuqSwdHjZeaULMrwXQChdXJzV1bTV9zWbtu4INcAAQFBsWyzLNk3b47Hcbqu/3+rvM/vOmX3nzHO9nnO9nt6zw//Pu937nP4+s7/fcrstj8cyTduybNsOq44LK8Q1KerfDoi8AtTKAAAgAElEQVQFBhcBMVJ8z4M5e555MWD4fmHAwqDF9zwoWzcMzjHIqrzVt05/bmX1GqnZPPDQ2BccGFve0q9Vtmyo881qkMLVa4r3bG7q6GgXCX7MkrdC//SDwlFXNR3jugdNjUdk9H6S4tlZdU2NTe1LFw/5mvMqi7PqWGkIQKRsW2zLtmzbtsT7bxiH895XBLxw+Dtomqbpog/+q2laEO97YYUceSXUYoD408JNwUCq+bjjlOoSAOeamTtddQlIVpZl25Zt+fKAguMaTRNN13RN03XRdE3Xx8gKL/+j7Hki3sUBI/Q+fFRE3jt6fORD8+fOpvcAAAAkH++QIcu0Lcu2LMUnOm1bbNO2BjoZdF3TdU03NH1Yr8KFV6mqEAgJ8QAAACQH27JNy/YGg4Qd/eBLLB7RNPGGBEPXNF2TC64SI01Mt+oCgQkwNRkAACQ02xbTY/X3m319prvfMj2Jmw0C2baYHtvdb/X1mf39pmna9sJbVBcFTIzeAwAAkKBM07ZM27RsW/UIokh4c4IptnbTd42Ccv3oK8bRV8S2VNcFjI54AAAAEotti2lalmmbZhKngpHsKVmeT39ZPv1l44OX9fd/ZRz5lXaaZZ2RcIgHQCy073nmxZdHXOhr3m1r7gn7MsQqNL6weduJMFZWDU7TrvU7epasuWNp8O/etGv9DhlridXRn//q9GGLrm7dUHfYdztj6KcH/lcbcyFXADHlnVfgvcKA6lpiyLx4iXnxErPtS8b7e/TDv9Q/ZmVnJBDiARAzRZWP3h6QBpp2rd+xeaskWUJILMXLHw3+r9dRV7OjRbICl8ts2rqh7vDAf5eOvc8/tfl5GUgIjS+8+LIU/8WDlbneXLRhl5AQgDjyXrzM9NjJMbEgGqz8RVb+Iq3kC8ahnxuHduktDaorAoSpyUAcFS9fXSSHmzhFFA8de59fv7lpeP9N07HDUrh6ILPlLl6yJKvn5b1N4r9w9fW+fobS2yvnSUsj/62AuLAs2+22+vtMj1vFZQtUs6fP9ly9rv8L/+Suetgq5KQE1KP3AIivE90dIrm+zgT/kNPAUS5DBiYFjEcaZXvH3uefqsvwD4MZerd9zzMvNi64tXpxnm+Y0JGR79m0dcO7hZUZL9e1+GsYfGZW8ZIZY3yLjrqazcdLxxoXNOZXC3woY0llhn/r1g11clul7BgY9lNU+ejt4h8FNFjw4OAi77erLD1U5/ubBFxeumPv80/V9cy7bU1p0+ZtJwIKG975kJfr/4K5ldUPVgZ8wYH/TABiybZsj8N6DMZin1/oqVhrzrvZaNrhOrBD6zwSxIuAmCAeAHHT3nFCZEZm7uCw+zUDw1o2b9u8K3fgqPflGZWPfq1YfE97fk/uHUtzx9hePDur7niH70i2vfFQj4gM3O1s6ZLc3LyBXDEwmH74GKeel+syVj+4xhswGl/YvO2I75kde59/qk4ka7SvMuxgOtCYX82XDXzH+h11NZubRPwJQQ7veHfJmjX35Ho/t279hozBu74/wvCP6qqra7ltzaMD77Z178XeLJS7+I5HF4uITHT6v6nxiGRV5ox8oHFvU1dWMcPAgNjxTj42PSk+xyBUdtYcz7V/bl28xHh3u/Hudu3sSdUVwYkYXATEScfel1/uknnFxSLS2NQiRZf6j3dLiwtFejo6fMf0WbkDB6zFyx990HtYPMb23Mxc6WlsahcR6figsSsjK6unpUNkYCBNabFI0+9e7spYsmZgGL13jNOrdR0DhWVVXuF7yDvA5jbfM3MXL1kyajYY19hfrX3Pqy1SVOk75s6tvGew90BExP+q3OLZWSJZlUsC7g58qWEC3m1pkXQd+mDUZ42lY++7hyWjtDhv6Mbn12/YvC1goBGAqDNN291vuvstssGorPxL3UvXuz/7hLlwhepa4ET0HgAxc6Ru/Ya6gPsZ/nPqpbcHnq33PSoiIsWlRXXb6l5cf2jYekHjbu/oFMmTjlNdRZeulrptTU1SXNzY1CJFlaUiHR09Ihm5Aa8pLS7ctuN4Y0el7/g7d+D4uONUlxQuHTxlnpc7QyRwcE4Qxv5qnS1dMu/6wXfPzc0Q6fHfHQw/uZm5IpI75Kh9VIMvCUPTrqfqerIqbx3WKTHQ89C0dcPmmg7f0CwA0WJZtumxPR6W/J+YWXSjecHVrtlXGY3Ps7QR4ol4AMTMsJWLAgUOwV9zx9KOXet3+A6US29fU7j3+afqmp7a0BT4JmNuLy7ctuNYoxRLU8u84uWlcmzbq90d0t5xIuBYPGt6YRD1eoNE4JbC3IxQ48GYX23kaP7c6VkB8SCumnat39GSVTnO0X/x8sp3n6r7XeNiFi8CosbjYTRRiNKmeK68x/rU5UbDv7vqnxPHz9BAfBAPgPjzDbMZDA9Dx8T4h857R+HX7M0ZNqR+yPbc6VlyvKOjXU5kFOaKyPSsruONTdLYlVHqPxjvOtUyfKLtkP4E3+fmZgzb0tIR6uH72F/N2ycQqOPUiCtDxMXE2QBAlNFpEAkr/1Lrlkft/BKj/qd6637V5SD1MfcAiL/OloFJCF6NTaNfNTN38R2ri6Sro3O87bkXl2b1NO79XaPMLvXPRnj1eFfW7FLf2KGMgdH/AR83an9C7vSsIat5tneE2nUw3lfLKcwasq5rR8jZIxrGygZNu9ZveH5PwF+ppaMnyF4XAOMzPZa73yIbRMhT9iX3LX9rXna76kKQ+ogHQPzlFGYFTA5u2rXtiIhv9m3T1g2ba/a2+57onStcXDz2dhHJK12Q0XWkpcu7JpIUlxZJV1dP1oKLfWfri69YktXz8uZdjQEfN/q829zKpUVyeIfvmd651NH7anlLry+UI3Vbm3xfYWtd3ONBR13NWP0G3r/Sfw2pnNnJQIRsW9xuq58pyFFiFVzWf8sj7s88aJ/PuQvEEIOLgPjLW/q1ypYNdb5ZBFK4ek3xns1NHR3tIsX3PChbN7y4fmBKc1blrfcUy9jbxd8/4D9nX5ibIUckYEGevKVfW5P7wuZtGzZvkyEzpEcqvX2N+J+ZVbykqOnlUTsQxrzuwThfLU+Klz8qu9bv2Lx+h/e6B4UvxzchNO5t6hKRusE/owxeMCFv6ddulWdeHKh8vL8SgGBYpu3xWKZJMIgq12TP1V+1sy9yvflj/VhdEC8AQqZxIRLA6+OOU6pLAJxrZu501SUgmkyP5WEWcizp7Ydcb2wx3nlBdSFIPr0PHxWR944eH/nQ/LmzGVwEAACizOO23G4GFMWWlbfAfdP/8Vz3DXFNVl0LUg2DiwAAQHTYtu1xs0JRnNiTMtw3/JU9Lde1b6N2apQzwUB46D0AAABRYFk2KxTFn+eKu903PmDlL1JdCFIH8QAAAETKMm23m4nIapgLV7pvfMC6oFJ1IUgRxAMAABAR07TdbssiG6hjXXS9e8m3zKIbVReCVEA8AAAA4TNN28NE5ARgzSr3LK42F9yiuhAkPeIBAAAIE9kgoVgziz03/JW5cIXqQpDciAcAACAcvjFFZINEYuVc4r7+L82FK1UXgiRGPAAAACHz9hvYZIPEY+cUea77hjn/ZtWFIFkRDwAAQGgYU5TgrNx5nmu/YV68RHUhSErEA8BH1zXVJQAOxa8vuVgW2SAJWPmLPNd83Zr9adWFIPkQDwAfXefnAKjBry+JkA2SiDX7Ss81f2rlLVRdCJIMLTLg43IZqksAHIpfX7KwbfF4uPZZMjEvXuKp/Kp93kzVhSCZEA8AnzQOUABF+PUlC4/bMj1kgyRjLvqc5+p1ortUF4KkQTwAfCalp6kuAXAofn1JweO2PB5LdRUIh+eqez1XrVFdBZIGURLwMQw9Lc3ldntUFwI4S1qayzA4V5XoTI9NNgieaXnOWf09/ac/cZ896zn7ifuM23L3mX39Zr/HMi3bcumGS3OlGWnpRnqanjbVNWWaa9p56dPOTzt/WtrUWJTkqbhX62k1DuyIxZsjxRAPgEFTJqcTD4A4mzI5XXUJmIBl2R6PZTOqaFxdfaeae44fOnX4w9PHPj7bfrLvVL/Z57FMUyzTNEVsU0zLtmzLtjXRRNNE03VNF13TNF0Ml24YunFdQeWfl3w1FuXZ03I9n/6Kduq4/lF9LN4fqYR4AAyaMjn9zNlzpskZMiBODEMnHiQ42xaWKhrJtM0z7rM97p5jp5v3nzzw9on9zd3N/aZb02TYX0oTsW3RvLdEbBHN9t0QS3zP1kRsmeRKX5S9IHY1W4Wlniu/nNZ1TDt7MnafghRAPACGmDZ18umes6qrAJxi2tTJqkvABFiqaJiuvlOHut5779T7h0+9/0H3hyfPdVtiiS2aJuLNBrYvCYiI2ANpwR8bAraIiKaJPZAQFmbNK5mxKKbFm4tu1U4eTXv1qZh+CpId8QAYYsrk9L4+d1+/W3UhQOqblJ5G10GCM03bZMrBgI/Ptv/s2M9fb3urs7fzE88Z27YGs0Dglf1GvW2Lt2NhMA/YIt7bmogthm4smXX9jEnZsf4W5pX36J1HjIM7Y/1BSF6azVhCYCjTtE6e6qEnHYgpXdeyp2cwKTmR2Zbd77Ysug5Sjn7s9fSfr9dOHFVdCNToffioiLx39PjIh+bPnc3CpsAoDEPPzJimugogxWVmTCMbJDiPxyYbpCTrgqs95XeprgKJi6YZGEV6umv6+SQEIFamnz8tPZ3RrQmNlUxTm+fyu8xFn1NdBRIU8QAY3aRJaVmZ5+m6FsRzAQRL17WszPMmTeI6aAnNtm0Pa7ilNtdkT9kddtYc1XUgEREPgDGlp7uyp2dwPVcgWialp2VPz6DfIPExrMgJrAsqPZetVl0FEhHxABiPYejTM6ednzGVQdJAJAxDPz9j6vRM5hskAVYrcg6zdLU59wbVVSDh0EwDE5syOT0n+/zzM6ampXHWEwhNWprr/IypOdnns4ZpsjBNLpDsFPZ5eWbJF0Q3VBeCxMKxDhCsKZPTp0xON02rr9/t9pgej2lZXEkUGE7XNV3XXS4jzWVMSk+juyC5mB7L9NCsOYi56Dbzw9eMd15QXQgSCPEACI1h6FOnTFJdBQBEn22LhykHzuMp+bx+9BXtk3bVhSBRcFIHAACId1gRM5IdyLqg0lx0q+oqkECIBwAAQGzbZliRY5nFt7HIKfyIBwAAQEyPzWQqx7IKSsyFn1VdBRIF8QAAAKezbdtkWJGzmcUr7ewLVVeBhEA8AADA6eg6gJW30Jx/i+oqkBCIBwAAOJptC10HEBFzwS12Rr7qKqAe8QAAAEczTS7hAhERq+Ayc97NqquAesQDAAAcja4D+JnzbhLXZNVVQDHiAQAAzmWaNtc6gJ910bXmJVWqq4BixAMAAJzLNC3VJSCxmEU3qi4BihEPAABwKMui6wDDWRcvsQouU10FVCIeAADgUJZp26QDDGVPzbbm3qC6CqhEPAAAwKGYlIxRmXOvl7QpqquAMsQDAACcyDS5FBpGZ83+tHnhNaqrgDLEAwAAnIhZBxiHRTxwMOIBAACOY9tC1wHGYV1QaU/OVF0F1CAeAADgOJbFyCKMx8pbYF1QoboKqEE8AADAcRhZhAlZs69SXQLUIB4AAOA4dB1gQtbsT4trkuoqoADxAAAAZ7FYswhBsApKrFnlqquAAsQDIHz7ttSsq962b4y7AJCYyAYIklVYproEKEA8AADAWYgHCJI1i3jgRC7VBQCpad+Wmk0HREQkp+yRh6oKRERatj/23M5OEZGcqjsfW1Ho2yJzSqR5f2fmys9m7vxZc0lVWWttQ+fgc0Taah96oqFTBl/Y+tKm79TKyqrMnbXNIpJTVVXRWLuzU0TmrK1ZXTH6ZwGAsKQpQmIVXGafl6d90q66EMQVvQdADNRv23RASu6u3nh/WU5nw9MvtYjIvi3P7eycs7ameuPdczprn3u6fuDJnd1zvlK9sWbtqukiIvvbZjxWU712kXTW/mafiEjL9h81FNxdvdG38aXtbd6Xde+TazfW3LkyRzpra5tvqd54f1mONG/a0jDeZwFwPMuybdIBgmNn5Fv5i1RXgXgjHgCxsv/Zmqdbqx6rqX5sRaFIw74DIosuqRCR8ktKRFpbW3zPy7moIn/wVTn5eSIyJz9TpLu1TUQKVz1UfV9B7UPVA90RPpkVlxeKFBbMFJE5FeUi+TMKfA+N/VkAHM+m6wChsGcSDxyHwUVADJRfu/LnzTs7Zf+zNeuelZK7q+8rONEqIgdq11XX+p7T1i6SN/KlBQXDBgI1PF1du18yV95fXfH2pu/UjnzFCG2jfhbjiwAIEw8QKmvmQtUlIN6IB0D45uRnyoFRHylc9VD1KpHWlzZ9p7Z7/7Pb9tVcUiDSuahq472B07yCOKlf//5+kZK7167Kl9Ygy8qfMdpnAYCIiGWprgBJxcpbIK508fSrLgTxw+AiIHwFBZkizdtf8h7lDw7paX1p07rqTdvbpGDFipU5IjnZc6SsYpHIgff3iUj9tnXVNcHOByjIzvGNDmrYVtsd3GvC/SwAqc6ybGYeICR29kXWjCLVVSCu6D0AIlC++pHWTd+pfW6ddxRPTtkj95aJSMGKtWvbajY9UbNTRCRz5f1VBSIF997Z+thzm6prNonkVN15X5CXmsmvWrWoYVPtc+tqJScnUzq7m1ulYqIXVYT3WQBSnU3XAUJn5xTJx02qq0D8aJxFAADAIdxuy+MmIiA0rteeTnvlH1RXgajpffioiLx39PjIh+bPnc3gIgAAHIRlixAGO+si1SUgrogHAAA4BSMGEAY7+wLVJSCuiAcAADiDLYwoRhjs6bPtSeeprgLxQzwAAMARWLUI4bGnZNnnc/EcByEeAADgCGQDhI144CjEAwAAHIG+A4TNzpipugTED9c9ACbADhWIOk3TVJfgSDRmCNt5uaorQPwQD4DRjUwF5AQgQv5U4P81kRPiiTYMYbOn5aguAfFDPACGC4wB/ttkAyBytm3784D3hveXRUiID9oxhM2ekq26BMQP8QAYIjAPeG8H/gsgQt4koGmaNyr4QwIJIQ5oxRA2e2qW6hIQP8QDYJA/CQTeGJYTAITNnw2GBQN/WlBdYKqjDUPYJp2vugLED/EAkJGdBl5/aG0/eqzl4/aT3T1nPB5TdY1AcnO5jPMzpuXnZl84O39WQa6u6/6Q4O9PYKBRTHGKA2GzJxMPHIR4AAzypgLLstraT7xZf7Cv3z2/6IKShUVZ0zPSXPxYgIi4PZ6uUz1/aGnfV39w0oEjV5bOn5mb7Q0Juq4TDOKCfIBwpU1VXQHihyMeYMiYIsuyDhw6Wve7AzdcXbZowVzVpQGpI83lysvJysvJuvyy+QcOHX2p9vWryhcumn+RruuWZfkTAqOMYodwgLDZaVNUl4D4IR7A6UZmg3cOHr3jtqoZ2ZmqSwNS1qIFc/PzZuzc81uxpXj+hYZhkBDigXyAsLnSVVeA+OGqyYD440Fb+4m63x1YufQasgEQazOyM1cuveaNhoNt7SctywpcBgBAwjHSVFeA+CEewNGGLV36Zv3BG64uIxsA8TEjO/OGq8vefuc9y7K8CYGlhIFERYeegxAPAPGvU9TX72a+ARBPixbM7XN7PmrtGLaOMIDEYluqK0D8EA/gdP5TlUePtcwvukB1OYDjLCi64PfH20Z2IABIIBarezsI8QDONexaBx+3n/xUYZ7qogDH+VRhXnvnqZG9B4SEqGO+N8Kmec6pLgHxQzwAxHsg0t1zJmt6hupCAMfJmp5x+pMzjCwCEhrxwEmIB3A6/xGJx2Ny7TMg/tJcLo/HHNabp7qoVEX3AcLVd0Z1BYgf4gEcjWEMQOJgZFGsMbgIYdP6P1FdAuKHeAAAUI88EA/EA4Stt1t1BYgf4gEAAI5AOkDYtHOnVJeA+CEeAAASAh0IsaYxugjh0s6cUF0C4od4AACAI5AOEDbtbKfqEhA/xAMgUayrrlFdAoCURjxA2D7pUF0B4od4AACAIzC4CGHTetpUl4D4IR4AwWvZ/ljNui0Noz7W+tKmdY/VtgbxDk/Xx6Q4ABgf6QBh004TDxyEi0ABQav/zc6Zc0oOvL9PyirCfIvCVQ9VR7kqAAiOrmmaJswAR6i03lN69x9UV4H4IR4AwdpX31xSXl0hNdtfaqlYUejbWr9t3bPNIpkli7z3W7Y/9lxzaVlrbUOnSE7Vnavantt0QETmrK1ZXeF99Jbq+wpqH3riZMGi5v0HRERK7q6+r1zhNwPgDJpomsYKUQiVdqpZ+rlqsoMwuAgIUsO+A3MqyqViRZk0HvQNImqrfejZ5pK7qzfWrJjz8eAlY/Y3yn011RvvntNZ+9z2/Ds31ty5Mqd5+0stQ9+wuTX/zo011WsXyf6fTzgqCQCigPFFCIPWdUx1CYgr4gEQnPr39y+6pEJE8hdWyIf7vIMwW0925pStLheRwlW3zPE/N6d0YYGIFGTnyJxVKwpFCgtmjnzHzIrLC0WkonzOyMcAIBY0nXyAkGknP1RdAuKKwUVAUPbVN8uB5nXVtd67OW+3rFpR2NraLZI98skFBYUjN46QWZAf9TIBYDw63QcInX7iqOoSEFfEAyAIbbXbD2SuvH/tqnzf3Yee+M2+FasrCjKlUXVtABA0jUEDCJ124gPVJSCuaCeAibW+/WFnzkUV/pP9+TMKpHlfvUj5JSWdDdvqRaRl+8+b1RYJABPSvasXAUHTTv5e73hfdRWIK+IBMLF9jd2+6QQ+ZRW++cRl9909Z/+zNeuqn2suLctRWSMABEVnz49Q6O0HxexXXQXiigXO4Fz2AMuyTNPc+OyL31i7WmE966prNtZwVQQ40T9u2nbP6psNw3C5XIZh6N5T3BrnuWPC47bcbkt1FUgaaXu/7/rNP6muAtHU+/BREXnv6PGRD82fO5veAwAAnIXFixAS7eMDqktAvBEPAABwEF2nVwbB0no+1tveVV0F4o14ACQKRhYBiANNE50OBARHb2nUPulQXQXijXgAAICzEA8QJL2lQXUJUIB4AACAsxAPECTigTMRDwAACYER8XGjGxoJARPSW/frf3hbdRVQgHgAAIDjEA8wIf34m1zxwJmIB4CPy2W4PR7VVQCO4/Z4XC6DroM40w3+4JiAfvwN1SVADeIBHM1/RKJp2vkZ07pO9aiuCHCcrlM9GedN9f4MA3+SqutKcbrO+CKMR28/qDcTDxyKeACn8x+R5Odm/6GlXXU5gOP8oaU9b8b0wGBANogDljfF+PRjr2u9p1RXATWIB4B4j0gunJ1/6Mgx1YUAjnPo/WMXfGqmNkB1OQ7C+CKMQ//9b1WXAGWIB3CuYWcrZxXkTkpPO3DoqOq6AAc5cOhoerqrYOYMLYD3IaJCrBmsX4Qx6MffMj78jeoqoAzxAE7nPQTRNE3X9StL57/yesOJk92qiwIc4cTJ7ldebyhbdLE+wP97VF2aUxh0IGA0xtFXxHNOdRVQhngAiP+c5czc7KvKF+7c81sSAhBrJ0527/zlb64omTczN9sbDBhfFH86S0ZhBO1sl350r+oqoBLxAI4WeKrS24GwaP5Fi+Zd+PyOWkYZAbFz4NDR53fULiias3DeBaN2HXDQGh+6rjEDAcPoH/xab92vugqo5FJdAJAQAhNC8fwLs7POf/ud9xqbjiwouuBThXlZ0zPSXPxYgIi4PZ6uUz1/aGk/9P6x9HTXTTdc4e038GcDug6UMAzd9Jiqq0ACMY78SnUJUIwjHjidpmm2bXsPSnRdtyzLMIyCmTOWV139UWvH74+3HTz8+9OfnPGw+wQi43IZGedNzZsx/YrLLimYOUMP4E3m/nhASIgnw9B0Q7NMW3UhSAj6h68ZR36tugooRjwARkkIuq6LyKcK8wrzc+wBIuL9F0AY/If+XoGpgGyglkE8wADj8B5x96quAooRD4BB/oTgTQv+f4dlA0ICEJJha5UGxgNmJCcCw9BN3bYsWjan01sajcO/UF0F1CMeAOI/avH3IQR2KdB1AETLsA6EwLv0GyikaWIYGvEAxnu7tZ421VVAPeIBMMgfCbw3/FvIBkC0DFueiIugJQjDpZkmCcHR9I8PGu/tVl0FEgLxABgiMBgEzkkgHgBRMWoeIBsop2kaHQgOZxzcqZ38UHUVSAjEA2C4wDwwbKyR6tKA5DYyBhAMEgcdCE6mt75jHNypugokCuIBMDr/UYs/FXAcA0QLv6YEpGma4dKsfuKBExlNL2pdx1RXgURBPAAmwHEMAIcwDN00bBY5dRr99781DryougokEF11AQAAICFomrgMTog4juvd7don7aqrQAIhHgAAAB/DpRsuEoKDGAd2GO9uV10FEgvxAAAADHIZOmMqHUL7pMO1/z/F8qguBImFeAAAAAbphma4ODxwBKPxef3oq6qrQMLh9w8AAIZwuTSdSQipTj/2uqtxm+oqkIiIBwAAYAhN01wGRwgpzd3ravgP7VSz6jqQiPjxAwCA4QyX5mKIUepy1T9nHPgf1VUgQfHLBwAAo2CIUarSj73uqn9OdRVIXMQDAAAwCk3XXC5WMUo1Wm+X6+1/0058oLoQJC7iAQAAGJ3BKkYpx3hrq3Fwp+oqkND4zQMAgDG5XLrBEKNUYTS96Hprq+oqkOiIBwAAYEyaJq40XddJCElPb2l0vfkTrbdLdSFIdMQDAAAwHl3XXGlMQkhu2plO15tb9I/eVl0IkoBLdQFAEtu3pWbTgYD7OWWPPFRVoLCgIVq2P/bcTkmokgAkK8PQbJfudluqC0GYXPs2GwdeVF0FkgO9B0CE5qytqd5YU73x7jnS2fD0Sy2q6wGAmHCl6VwJIUm53viR641NqqtA0qD3AIiS8mtX/rx5Z+PB1hWFBW21Dz3R0CkiIjlVdz62onBIV8NgJ0PD09W1+wOe1vrSpu/Uysr7167Kb9n+2HM7OzMHb0vZIw9VyUubvlPbLeKNJasrRKR+27pnm0sWzdl/oHUZLlwAACAASURBVFkWVW28V3zvmTOnRN0fA0BKcqXpttimx1ZdCEJgvPs/rn0/FMtUXQiSBqcBgKhr2f6jhoK7qzfWVK9dJJ21L21vE6nftumAlNxdvfH+spyBToZ9W2r3y5y1NdWPVGV6n1Zw+UU50r3v7RaR9uZOEelubhXv7ZzSheILD9Uba+5cmdO86bHa1oGP3C+XbKyp3nhv2b4ttfslc+X91Ru/kt3aqfbvACDVaBoLGSUZ44OXXa8/o/V8rLoQJBN6D4Aoqf/Nzk7JqVpYIIWrHqqWttqHqhuGHZ/vf7bm6burH6upCtjWvKl629qatRtXeO8urMhp2NnWLm0nvIf+++sbRN7fL5krL5d9P+qWnLKKfBEpXHXLnJ3PNmyrr7pPRERKystERKRh3wGRRVeuyh94qzh9eQBO4Z2mbNuWZdGHkOj042+5fvv/9PZDqgtBkqH3AIhQ86bqmnXVNeuebZZFVY+tKBRpeLq6Zt0TH1bcX/1IVabvWeXXrswRb0JYV13zdL2ISMWKspzBd9i2T0SksGCmyIH3t7/9YafMWVmVKR+f2F7fLJJZkN/e3CkycwbzjAGo5U0ILHWa4PS2A67f/rN+/E3VhSD50HsARGhgDoBf/fv7RUruXrsqX1oHtxaueqh6lUjrS5u+U9u9/9lt+8pXV+RXPVZT5VtiqLN505aGinvLKsrnbDrQva+xWxZduarg/Z21DTs7RRZdUiF5rTmy/+MTrSITJIRgngMAETAMTUT3uOlDSFB6x3uu3/yT8cHLqgtBUqL3AIi2guwckdbWFpGGbb5pxNL60qZ11Zu2t0nBihUrc0RysudIy/bHatY9Vtsqhau+UpYjkpOfJyJSfkmJdHd2Sk5+npRf4p1eXFJeJlJYUZopnR/uaxORlu0/b5acstXlwz67rGKR+J7TdnAfcw8AxIxhaK40XaMPIfFoJz5wvfaPxnu7VReCZEXvARBt+VWrFjVsqn1uXa3k5GRKZ3dzq6xasXZtW82mJ2p2iohkrry/qkBk1UNVzdW136luEO9yRisKRbyH+LX7D2RWXF4oInNyZH9n5pwCEZGCFWsfkU3f8b7JGNdYqLj3ztbHntv5RM3OnDklOUJAABA79CEkIL3jsOu1fzQOvqS6ECQxzbb5SQMAgDCZpk1CSBD6xwddr/2j8d7PVReChNb78FERee/o8ZEPzZ87m94DAAAQEfoQEoT+0duu3/yzceRXqgtB0iMeAACAiBiGponu9liWSUJQQ//wtbTf/rN+7HXVhSAVEA8AAECkdENL03SPWCYJIe6Mgztddc/obe+qLgQpgngAAACiQNe1tHRdc9sej6W6Fgdx/e5Z1+s/1Lr/oLoQpA7iAQAAiA5N09LSNU0Tj8di6ZNY086ddr2x2bVvk7h7VdeClEI8AAAA0eRK0zVNPB6bycqxo7cfcr2xxXjnBdWFIAURDwAAQJQZLl3TbI+HqQgxYRz+pevNH+vH6lQXgtREPAAAANGnG1qabmgey+NmKkL0ePpcb/3E9dZPtNOtqktByiIeAACAmNA0SUvTdQYaRYne8o7r7WcZUIRYIx4AAIAYMly6ptumhxWNIuJq+A+j/qd6637VhSD1EQ8AAEBs6bqmp2uaLibdCKHT2941Gv7dVf/vYpOvEA/EAwAAEA8ul67TjRASd6+rcZvR+Lz+cZPqUuAgxANgTP1uT1+fu9/tMU3LZgVvIDKaphmGnp7mmjQpLT2NvY9DebsRdEMzWdRoIsaRXxv7/9M4+JLqQuA4NNDAKNxuzydnzlm2PXlS+vkZU12Grmma6qKA5Gbbtse0+vs9PZ/06pp23rTJaYQEpzIMTdcN3bQYazQqve2A8e5/G+9u186eVF0LnIimGRiut7ev58y5jPOmTJmcrroWIHVompbmMtJcxrSpk3rP9Xd1n8mYNnnKlEmq64IamiYul27otse0TY9ND62X1nXMaHrRdeBFrfN91bXAuYgHwBC9vX1nevuyp5/nchmqawFS1pTJ6Wku49TpMyJCQnAyTdfSdM0wbNO0TY/l5IygnW41Du40mn6mt76juhY4HfEAGOR2e3rOnCMbAHHgchnTz5928tQnLpfBKCOH03VN1zXD0ExH9iRop5qNQ7uN936uf1SvuhZAiAfAEJ+cOZdx3hSyARAfLpeRcd6UT86cy5p+nupaoN5ASLAt0zZNR8xJ0D9uMg7/Uj/8C/3jg6prAQYRDwCffrfHsm3mGwDxNGVy+tnevn63h7WM4OULCS4xTcubE1RXFBPGkV/rH/zaeP9X2ukW1bUAw9EcAz59fe7Jk8gGQLxNnpTe1+cmHiCQd+KyuMQ0bcu0Tcu2U6IzQTvXbez/b/3oXuODV0RS4RshJdEcAz79bs/5GVNVVwE4Tnq663TPWdVVIEEZhmYYmssWy7RMy7bMpJyYoGmiG5qha/ruDdrv/kN1OcAEiAeAj2laLkNXXQXgOC5DN02uoYvxaJoYLt0QsS3btGwrSXKCNxXoumbomqZrIiIHf6G6KGBixAPAx7Ztrn0GxJ+maUlwoIfEoOmaS9dExLbFGxIsK+EmMXunT3iDwZC9SusBOdulsDAgSMQDAACQZDTNN+5IRCzLti2xLNuybdtSEDY1TTRd0zVN1zVNF10f40zT79+Id2VAWIgHAAAgiem6JroY4utVsH05QWzbtiyJRVzQNE3XRdM0TRdd0zQ9uL7n3++LeiVALBAPAABAitA00QxNl8GjddsW27YD/hXx3vA+5vtn+Jt4/5/mva1pmiaaJprvRrgDUYkHSBLEAwAAkLK8B/TemyrraD0gZ06oLAAIGuu0AAAAxNiHr6uuAAgW8QAAACDGPqxTXQEQLAYXAUFo273h+7UnAzZk3/itB5fnKaxIRNp3bXjynfJvfXuZ4joAABM6+lvVFQDBIh4AQcqu+uaDy/K9t+u3PLBld7n/LgAAYzv2pvR9oroIIFjEAyAMs2bNOPlRm0i+tO/a8OSvvf0KA/mhYcsDPz0kIiIL7nz83nIZvmXWrg1Pfrzs8S+Xi9RveeA5uevxe8tEGrY8sHvWt769LG+wpyLg5bvbs0+cPDmj6lvfXpbne7fsBcUq/wQAgGAd/Y3qCoAQEA+A0LXV15/ILs8Xadjy5K/z7nz8wXKR+h8/8NzP65d9Wbb8tL3qm48vy5f2XRu27GovX/7RsC0Plpdn/6S9XSSvrb19RnZea7uU5bW3tmdf9tk8qd/y/Vq58VuPL8+r//EDz31v9yzv2KETUv7Nx5fli7Tt3vDTQwvuevzesvbd33vykOq/BABgYh8QD5BMiAdAkE7Wfv+B2oE7C+56fFm+SP69j5f5tsyamS0fD3lB3vIHHxQR+WjElry8E7vr25Yta/sob9ky2V3fvry8/h0p/+M8aatvlwXLlueJSPktVbu/X1/ftmyZ9yXegUxtH52cUXVvmYjkLVu2oHZ3XL46ACBsfZ9wxQMkF+IBEKTAuQd+7bu/92StfyXrYhEpv/eb7Ru8QcI7Fmi0LeXFz9W3SX1D+6xbZonUfyR5H53IK88XafhocAJ0ft7gnOMZs2Z5P6+1XWRWPL4uACAqPnhVdQVAaIgHQPjad22plapvPb4sz7uOkLf3IH/Zg48v860s9OO8x79cPnJLedmC3a317R/n5eXnycz29l31h4rL7xWR/FnZ/t6GtvaRUSCvIE/eif8XBQCE68hrqisAQsN1D4CoqP+Zd4Jy2+4ND2ypH9iaPXPWKFtEJH+WvLO7XmbNEikvy6t/p31B2f/f3t0HRX0feBz/kPhY05ADFMiEzcQxU3IKAXsdZnQa52CcSzEzoZ2JZ1rnLmc1f2Qm3uS8JGdvL9fm9s5LDedUb3JXNNTc0UDwmmAbkASXhFhISKIQHpRUinWxLCsPFZ+1KvfH7rLL8iAPC999eL+mfyw/dn98djtrfp/f9/v9/TLlGTFoe+/QWUkNlfb++MzMgPGKjMzUPvu7jZLOvvceSw8AIOS1f2Q6ATA5jB4AU7fkW3+R+kHxqy/YpdQnv5va9t7Zs0l/senP//3VF14o9kwlWiKN3CIlZWbK3pCeucRdFfqU6VnD4J6J9OoLH7ivXDTyngaZm77b8MKbL7zwplL/PCeOkQQACGWuL9V/2nQIYHJiBgcHTWcAQoKr51zi4ntMpwCiEd8+RKxfF6jSZjoEMMyVH3RI+rKjc+SvvrY0hclFAAAAM6a9xnQCYNKoBwAAADPg2kW1c9kihB/qAQAAwAw4+aHpBMBUUA8AAABmwG8+MJ0AmArqAQAAwAygHiA8UQ8AAACC7dQnuthrOgQwFdQDAACAYPvSbjoBMEXUAwAAgGCjHiBsUQ8Aj5gY7hIIGDA4OBgTE2M6BRBU3cfV0246BDBF1APA484777hx85bpFEDUuXHz1p138h8jRJa2w6YTAFPHv8iAx7y5c65fv2E6BRB1rl+/MW/uHNMpgKBqqzKdAJg66gHgMX/+3KvXrptOAUSdq9euz58/13QKIHj6TunMF6ZDAFNHPQA85s2dc0dMzJWrNARg9ly5ev2OmBhGDxBRTrxvOgEwLdQDwOeuRQsuXLxy48ZN00GAqHDjxs0LF6/ctWiB6SBAUJ14z3QCYFqoB4DP3Llzvrpowbnzl2gIwEy7cePmufOXvrpowVyGDhBJ+h06/bnpEMC0UA+AYRYunL9o4fz+cxeZZQTMnCtXr/efu7ho4fyFC+ebzgIE1YlK0wmA6eKcDRBo4cL5c+bcefHS1ctXri2YP2/evDlz7ryD67ID0zQ4OHjj5q3r129cvXb9jpiYP4ldxLgBIlAr9QBhj3+agVHMnTvnT+656/ofb1y79sfzFy7fvHmLO6YB0xQTE3PnnXfMmzvnq3ctZC0yIlPfKTmYWYSwxz/QwJjmzZ3DQQwAYKJaD5lOAAQBaw8AAACCobXCdAIgCKgHAAAA09Z9Qr9vMh0CCALqAQAAwLS1lJtOAAQH9QAAAGDaWt41nQAIDuoBAADA9PyuXr0dpkMAwUE9AAAAmJ7mX5lOAAQN9QAAAGB6mn9pOgEQNNQDAACAaWgp1+VzpkMAQUM9AAAAmIamg6YTAMFEPQAAAJiqiz06Xmk6BBBM1AMAAICp+qLMdAIgyKgHAAAAU0U9QMShHgAAAExJ5zF1NZsOAQQZ9QAAAGBKGt82nQAIPuoBAADA5N26qcZ3TIcAgo96AAAAMHmNb+vaBdMhgOCjHgAAAExe4y9MJwBmBPUAAABgkrqPq6POdAhgRlAPAAAAJqnh/0wnAGYK9QAAAGAyBgd1jHqAiEU9AAAAmIyGA7pyznQIYKZQDwAAACbjWKnpBMAMoh4AAABMWGeDfvep6RDADKIeAAAATNjRt0wnAGYW9QAAAGBirgzoaInpEMDMoh4AAABMzNESDd4yHQKYWdQDAACAifm82HQCYMZRDwAAACag9ZB6O0yHAGYc9QAAAGACPn/TdAJgNlAPAAAAbuf3TTpZYzoEMBuoBwAAALfzGUMHiBZzTAcAwtalfnXU6UyDXG3qd+hSr65f1uCg6VjArIuJ0byvaFGC4ixKTNV9mVq6SoviTMcCgudyPzOLED2oB8DkHStV00G1HzGdAwgNg4O6dknXLqn/tO97seybSn9cK9cbzgYExSdvmE4AzB7qATAZH72mutd1scd0DiDktR9R+xG9/4pWfV+PPGM6DTA9nxaZTgDMHuoBMDHN76rqFfWfNp0DCCsXe/T+v+vzYq19UWmPmU4DTMmnRZwVQlShHgATcHC7Pvu56RBA2Oo/rbeeUUetHt9hOgoweZ/+r+kEwKziykXAuM6dUcG36QZAEHz2cxV8W+fOmM4BTEZrhbpPmA4BzCrqATC2sydV+KQcR03nACKF46gKn9TZk6ZzABNW/z+mEwCzjXoAjOHcGRVtYrEBEGT9p1W0iTEEhIeOOnXUmQ4BzDbqATCG0mfpBsCM6D+t0mdNhwAm4JP9phMABlAPgNEc3M6cImAGOY7q4HbTIYBx/b5JxytNhwAMoB4AIzS/y1pkYMZ99nM1v2s6BDA2hg4QragHwAhVr5hOAEQHvmsIWT3tavg/0yEAM6gHwHAfvcaSA2CW9J/WR6+ZDgGM5uOfmU4AGEM9AIare910AiCa8I1DCPrDGW6FhmhGPQD8HCvVxR7TIYBocrFHx0pNhwCG+5jWiqhGPQD8NB00nQCIPnzvEFLOdzOohShHPQC8LvWr/YjpEED0aT+iS/2mQwBedftMJwAMox4AXtwaEzCFbx9CxIWzqqUeINpRDwCvMw2mE0CS9LcO2Rz6TjB2tapENoesJcHYF2YS3z6EiNq9GrxlOgRg2BzTAYCQ4WoznQDBVrdBnJUOC3z7EArOu1RbYDoEYB71APDqd5hOgNt6WlarFrgft8ua7fvN3zq0WNJ5VVQod4Ou1sm2QatKlLsq8PGFVVosSeqwqZBDgdDAtw+hoLZAg4OmQwDmMbkI8LrUazoBxuffDSQtk61FqyRJm1o8R/y6W9m54+1jgbcbSFq61fNyGMe3D8ad+71q95oOAYQE6gHgdf2y6QQY13c2aIF0tU5Wi6wWdZyX7tY3fiz9WEvvlqRjFlkt6hp/L+dVYZHVpquS7lbSLGXHbfDtg3G//qnpBECooB4ACBMpyyTp+AbPj4UVkvRVi1ZZJOlqnd722z6Wqy2qk1SgrvMzHhhAuOg7pU/2mw4BhArqAeA17yumE2BcFzigj1x8+2DWkf82nQAIIdQDwGtRgukEGNe5s5L0p96rlG7KlaQLDtU55F5U8B2/7QgvfPtgkPO4Pi82HQIIIVy5CPCKs6j/tOkQ8Frp0Eq/H49Z9HaJ/tSqBatkG7rKzXl99oIkdeRq6d2el1xlkCEMxVlMJ0AUO/Ka6QRAaGH0APBKTDWdAOMrkM29pNitXdYVntsaFK5Qj3ejbdy1BwhNfPtgyulP1fRL0yGA0MLoAeB1X6bpBJAk/WScE8kFso28U4H3gqfu+xis8rtHsv9t0QJukVa4IniJMW18+2BKDUMHQCBGDwCvpVwDP0wV6IIkaalVNodyV0lSV7XpVJgMvn0wou2wfsO/FUAg6gHgtShOy75pOgSm5Cf+k46knhJuhxxOln1Ti+JMh0BUqvlP0wmAUMTkIsBP+uNqP2I6BKZg1ElHCBPpj5tOgKh0rFSdx0yHAEIRoweAn5Xrdddi0yGAaHLXYq1cbzoEohJDB8AYqAfAcKu+bzoBEE34xsGIj/5Lfb8zHQIIUdQDYLhHnlHc/aZDANEh7n498ozpEIg+l/v14W7TIYDQRT0ARlj7oukEQHTguwYjPtit65dMhwBCF/UAGCHtMX3je6ZDAJHuG99T2mOmQyD6dB/Xx4WmQwAhjXoAjObxHbJ83XQIIHJZvq7Hd5gOgaj0wU9MJwBCHfUAGMP6PSxCAGZE3P1av8d0CESltsNqPWQ6BBDqqAfAGO65TxsLaQhAkMXdr42Fuuc+0zkQlap3mU4AhAHqATC2JQ9qUzGzjICgsXxdm4q15EHTORCVPi5UV7PpEEAYoB4A47rnPj39DiuVgSD4xvf09DuMG8CMK+cYOgAmiHoATMDjO/SXrzHRCJiiuPv1l6+xFhkm2f9DVwZMhwDCwxzTAYAwkfaY0h7TR6+p7nVd7DGdBggTdy3Wqu9z7zMY1nlMn+w3HQIIG9QDYDIeeUaPPKNjpWo6qPYjptMAIWzZN5X+uFauN50DkOz5phMA4YR6AEzeyvVauV6X+tVRpzMNcrWp36FLvbp+WYODpsMBsy4mRvO+okUJirMoMVX3ZWrpKi2KMx0LkCQdK+VsDjAp1ANgqhbFeWYcAQBC0x+v6PCrpkMAYYalyQAAIEIdflXnu02HAMIM9QAAAESizgbV7jUdAgg/1AMAABCJDv/YdAIgLFEPAABAxPm0SL+tNR0CCEvUAwAAEFku9anqFdMhgHBFPQAAAJHl/Ve4RzIwZdQDAAAQQb6s1tES0yGAMEY9AAAAEeT9HaYTAOGNegAAACLF4Z1yfWk6BBDeqAcAACAinPlCH+4xHQIIe3NMBwAAAAiG9/7NdAIgbHxtacpYv2L0AAAAhL/aAp362HQIIBJQDwAAQJjr/a0qGToAgoN6AAAAwtyhf9XgLdMhgAhBPQAAAOGs/n/15WHTIYDIQT0AAABh6w+dqvwX0yGAiEI9AAAAYevQv+iPV02HACIK9QAAAISnT4t0vNJ0CCDScN8DIPo0bVVpWeDGNbVaO+YlkKelKlsuqzZmz8jOw52rQHtK9Gy1EiVVy/qUZ3u8Vc89bTgbEOL6HTr0sukQQASiHgBRiaPPkFMt61O+klZk0S7x/xEwnoofMa0ImAnUAwDDVWWrpl2SlCfbbsl95FqmNS2qaff0iiKL2iRJa6yqsWm9Q+nSsHGJZZ4z4p69PaVdwwtJkUXa7x1S6NSu1VrhPjLu1K7V6pMkpXqfMOwUu99rq7KlDaqxSfJl8AS2af0GldoU0IWGjZwMvUH53tF4G6tlfcr3h/zfgqtAb7qP5v1GAIaO9UfmHNpzap43WJmU5xvAWWvVnhK5nva8ZQABPv6Z2qpMhwAiE/UAgJ+qbNWskK3a89i61XusXCbXftmyPdvbvMfQRRbfa5u2qrRFzzqUKDVt1Z5sPVuttdXSaJOL0vNUWia5j60PqS/P1w0W79dz2Z7HRftvMyuppsTzFwO1q7RFNof8z8T7J3QfxxfleWpGj1W2pz3vbleBnnt69I2pkqtTSpGq1SbFt3veQlOJVrwxfASgWtbVkrch+Ocssnj33Kldq6VlkpS+26/euK2gGwCjO/sbVfzQdAggYrE0GYhKfTZZLb7/FVVLkqpV06713nPna99QfJmqOj0/pnvP9Lf4P8fq3WOn7GVa84bniDZ9t1LbVVU9ZoD0PKlMTZL72Np9Er1pp/ryvH0gRd+1qs0m17hvJH7DmMfQ/iH7SuSS0nfL5h2CULZSR3vV2upRpvQMbUzPU8shSXK1Kz5PKpHL/ZlI6Smqsine6h0ByNb6PNXsHJGzWm1SztO+9ziSq0B7bFrz/LjvHIhi5T/U4KDpEEDEYvQAiEqjrj1wtUvL/I62U7R45CtPqs/vOYnL/LZLiX6LmxOXjXtkn+07E+9q93QPV4viNwzbw9QFhGyXS54t7oNvN3dDWGtVzVOy2nxzosbamLhCfS0aGi5wrZZL0iFpgxIlV7sW+2VOXCG1BOYK+JBHvkdPN5ixleJAuPtwj377a9MhgEjG6AEAQzxn4qvVljdiXs3McBXIatEem9Y7ZHP4jR5ky+aQrVbx7dpjkXXrmBsTv6X4MjVJrnYlpig9T03VcrVoxbeCFrLKptT9dANgdKc/0+GdE3gegKmjHgDwGjrL7tGpnpFPelDxfs9xtfttd48GjPzVGNLz1FeiqjLf8tyhc/MT3MN4AkIuU6J7FtN+2RxjtJEUPeeQbb9v1tMoG1O0YplcBZ5Kk7hCPe1qalF6itwfYI9fZteIoYORH3Lge+xUj5T44DTeOBDRyv/ZdAIg8lEPAAzJ1pplKt3q+anqr70rhv2laIX/c2y+7Tl5qvlrz4Fv01a1LdPa8e91kK3UdtWUeVc1SOnPK77MuxCiU2/alGpVoveQuqlT7hGAtom9G3uBL6R7P5Lv8L0q27cf98pjN/cVhNLH2OjuMDU2xa+Q+1i/z6aeDb75SH0272qNapWWjbZ+IFtrlnmzdepN2/Dfpug5B0MHwOgqfqiu0Vo3gKBi7QEAP+4LDVnd1yPyu8RnwHNcFlnL5L6waVuJbzmytmqP+7V+8/XTN2jPU7KOtrf0PLXJ71x+ip6r1a7Vcq/XHbqwqXuZb+lq1UjxVq0Zf1WD1+IWzxuJt+q5bLkXW7esltXm2fkam2rKpOxh293JA548tHHomkue2UTu9c1D6weyZdsv62rVSOPcac7zAdo8H2BNid/v/K/xCsBP6yHVFZoOAUSFmEHW/gOYumpZbb4mMFlNW9WUNwM3VB5+gwIA4e5ij/7zUV0cZb4jgMm68oOO8Z/A5CIAk9KpXRbf1U6rbONdWvS2mvxmFgHAWH5lpRsAs4bJRQAmJUXftWqPd/7MqBdInQj35TtT93OCH8Bt1O5V6yHTIYAowuQiAAAQqhxHVfBt0yGAiMLkIgAAELZ++Y+mEwBRh3oAAABC0sF/UPdx0yGAqEM9AAAAoedoiT5703QIIBpRDwAAQIjpPqGD202HAKIU9QAAAISYg9t166bpEECUoh4AAIBQ8qt/Uucx0yGA6EU9AAAAIePoW6p/w3QIIKpRDwAAQGjoalHZi6ZDANGOegAAAELA4C2VvajBW6ZzANFujukAAEJew4EtRQ7P4+U5ezdlzNpfri/M36dhf3Foi7Ni30v2gWHPTsh4eXtOsqRu+/adjb1DP0qSPM8fPX9X2Y7i8l7349h1z2/OSxr1V0rbuG1r5ohX+38+gS/XyJwJOU/uyL13sh8FEPnKXlRXs+kQAKgHAMblrNj3kj12c/62LMl9dL5l28nN+U9kmQ4m/z4gSY27t9l3VzzkPfKOTdCp+m55j9S76r8YGGMvjbu32Z05T+51v7Dbvn1nfr3nCL6rbEdxeWLO3u0Z3mfm71ZgQ3A6x2odkpScu3lvrveHhgNbipRHNwBGqntdR98yHQKAmFwEYFzd9t12rXveVwayNj25LsFRVtFlNtdoMp7Iie394oTT82NscuJA/bGhnGcdvZa05aO8rL7Q3rw8x3c6Pylnx0ZLr7223vMqpWUOHfdnPJET29zQGLAHR/dAQtKSCSRs3F3kSNsYGs0KCCkdtar4kekQADwYPQAwJuexU70JD2Ql+W+7N+vh2PIvTjhz73UU5pfJolaHZxqP3xwbz/yZbvv2naeSl6u5dUD+E5Pck38kJVjS5HA+7JlsU1+Yv69VCtIUpqxMy77Ke92gdQAABKVJREFUE87ce5MlNZxsXv7gZjlGTFxorG9V2sbhfyvzwbQie32DsjKXWBJU3tAob0NIzt28N3APXU6XkjNvPyDgrPi8OSHj5ZFzk4Aod7FXbz9vOgQAH+oBgDE5ugeUGJ88fGNycqzs/e4e0Nsq77yjxt1FA+ue35aX5J5CU1uf6z5NPtCsnL35Geq2b99p392QsTWzq+xnjXJP5mk4sKVICZJ7FtM+V8bL+TnJ6irbUby9YonnjH6rfcs2+7AEow0CSI0H7AMJOQ/50mY+mFb0uXt+UX2DIy3zCTXYA1/U3edUbFbAO9QSS4LqnV3KvDfvbzLqd3oCjLFm4KyjV81F+VuKNO66gsYD9oG0jTmBfwrAO3+vc2dMhwDgQz0AMA3LH/ROlcnYmu85xe50Dkix3mfErsvNkKQkb83oPlHfG5u18l5Jyly9rtJRL8/agLRH3UfP9+Y9aimvPOF0H2cvH7k02au38aVtflN9lufsHXZonpG13F7vlJIa61tjLblSw+TfYFLOjvwc7xqM4i32EauTu/ucQ0uWu+3bdxbvTh51+fLJZlk2M3QABKj8V31ZbToEgGGoBwDGZEmK1Rd9Tsn/nLfTOaCEByySY9hzfVf4SUiIDdyRP2d/r2KTkwK2DjsH7+YIfOUIQ0uTGw5sKRrw9JDh+fc1NEonmxMeeCJptB0mxSer0eGUhuU56+hVcvKwQQD3CmNnxb6Xig7UZ/qtH/D2B/fjvOWN+/wmI/netHNAy/+MVQfAMEff0q9/ajoEEL2+7Oj0//FrS1PcD6gHAMaUvPKBBLv/9X88p/kTHn4oOeDwvaG2vNfiuaJRwwH/o/wRO41L0Clnd8AR+RJLgvRo4Hn3+gkGzXziZee+l3YeSB5+SaXklQ8k7Dy5W46Eh1cHBvbIyFpuDzygHzrT33BgS2Wc/9VRk5PHbT6SpNGWKbs/tIksXwaihuOo3mHJAWDS15amDDWEoW7AlYsAjCspZ2uOynceGDpMry8sLu+1jHFpzgFnt6Susspxz/snPZSV4L2mUEOt95YC92Y9HNtcaXd6/kr+lh1253h7CZScm7suwbGvcPhlhZIeykpwNLd65zKNJmtTTlqrffvQtZi67duLHAk5q7Pcqxd6G1/y7bOrrNLhN59Kcnehbd7Pp+HAvtH/1llH73gZgKhz+Q/6xd+ZDgHA0wr8uwGjBwBuIzl3897kA1u2eWf8L8/Zmz/aNYUyV6+rLC7fmV+u2HUbMxKKTjm7x9qle71v8Ra7tDxjXYJ77YGSczdv7s73riWwbM7PGeN8/9i7fdRSXmTfXrFkx0rfxqyHY8u/CLj4UoCMrflLynYUb/GsW471LLD2/5V3bXTC0O0RfG/8ib3yfT5pGz2vdVbse6n7z7xXaupzSpZJvBcg0v3i79R3ynQIABrZDSTFDA4OGgoDAF1lO4odI+YUAYhkFT9S3eumQwDR68oPOsZ/ApOLAMyyxt3b9pW5xxYaast7Yy1c7BOIHvVv0A2AEMfoAYDZ5qzY95J9wP048DqhACLYyQ/1xl+ZDgFEu9uOHlAPAADAzOvtUMF3dLnfdA4g2t22Hvw/kctR6iSsz5YAAAAASUVORK5CYII=
iVBORw0KGgoAAAANSUhEUgAABAoAAAIxCAIAAABLq80vAAAAAXNSR0IArs4c6QAAIABJREFUeJzs3X18VOWd///POTOT+xBCMoFEEwQiN1EIiArxBlDQKqi1VrRaF9ui7W53t9st7W+tS2/X3dLvlu3X7na3Wtltqd224m5bFPWnYKG2jXgHEY2ACAIaIAkkIeRmMnPO9f1jJsnkZpKZycxcmZnX89GHnTlz5sxnQnKd8z7XdZ1jKKUESCx+6wAkC8MwdJcQZ1v/Xl75me4iACRO14OHR17BmahKkO6IBACSUXDblZpR4ZZ/FNsrr/1Sdx0AxgviAeKCMAAg9aRsVLj1/4jPK3v/R3cdAMYFU3cBSCmql+5CACC+Uq2tu/37Mvcm3UUAGBeIB4iNVNtTAkAYUqrpu/PfZfZ1uosAoB/xAGOVUntHAIhc6nScfvIxqbxadxEAEurA4eODlhAPEL0U2R0CQIwkfatoGHL3j6XiUt11AEgQfzYYlBCM5G7IoEnif234RQUwRgmeTJzEc5c7TstPPikn6nXXASAu+i5sOigVzJpe7n9APEBk4voLw28jAC3idCifxAmh5Zj81yflzFHddQCIvVHve8DgIkQgtofvaogYbhwAwje0OYpJi5TELVthhdz9qOQW6a4DgAbEA4QlJjs5wgCAJBKrxipZW7wpc+TuR8WZqbsOAInG4CKMboy/JPyOAUgZYxkvlJRjjQ68KD/7lO4iAMSSf3DR0AsW9U0/4K7JGMVYDu5jctZtjFsAgGBjPEb3N0rRbUQplXwJYda1svoHsuULuusAkDjEA4wkuqPzRL4LACISqqmJ6MC9byORHu4nZUKovlW62uTpr+muA0CCEA8QUhTH6xG9hTwAYPwY1CKFeRAfRU4YS/+DNovvla5W2bFRdx0AEoGpyRhepMfuYc69Y2oygKQQaWMVRZsZbWmaXPM3UvMZ3UUASAR6DzCMeHQC+E+VmSaJFECS8bdyo7Z1kXYLJN9Ao1XflM4zUvcb3XUAiC+O1TBYbLOBYRimaZqmaRhGku0IAUDE344FN2Ujr5ziYyxX/0Aql+guAkB8EQ8wQKx2bP6zYuHsSgEgiYTTskU0fjL5EsInfiilVbqLABBHxAP0i2h/Fmpl/3KCAYAU1tcdOvJZkjC3lmQJIatA7vyh5JforgNAvBAPEBCTPRmdBgDSRF9bN+rpkhRUPEPu/DfdRQCIF+IBJCbZwL+D9O8vY1oaAIxffWdDxpgQki9IXLBY7vyh7iIAxAVHcohNNvA/oNMAQLrpa/fSLiHMvVlu/LruIgDEHvEA4Rp21xXcq86YIgBpKLjXNNRAo5RNCFfeJ1d9VncRAGKMeJDuxrLTCl7IdUsBpK1BDWB6JYQb1svcm3UXASCWiAdpLVbZgGFFANLcoDZwLAkh+dzxr1Jxqe4iAMQM8QCjCHMnRzwAkM6GtoFplBAMU+74gRSU6q4DQGwQD9JXOHupNNq9AUCsRdeEJmUbO/F8Wf0D3UUAiA3iASIzdL/lv56ppnIAYLzw3wNh0MI0SggXLJLbv6+7CAAxQDxASOHs5/xLiAcAEOoGCEl5rB+d+R+X5V/SXQSAsSIepKkozl2NsIR4AAAj3AAhisyQrKHimi/KgtW6iwAwJsQDDCPqaQkAgFi1kMnazH58o0y9XHcRAKJHPEhHUexyBr0lWXdaAJAoozabqdyQ3v59yS/RXQSAKBEP0s7YhxURFQBgWJG2lik7xKiwXD7ONGUgWREPMCbJuusCgPiIeauYrM1s5dVy80O6iwAQDeJBeolt10Gy7rQAIJ5GaCfTa4jRojVS8xndRQCIGPEAI2EcEQBEIaKEkMpWfVMuXKq7CACRIR6gX0Q7rfTawwFA3KR4c3rbRpl4nu4iAESAeICQwhxWlOI7NgAIW5jtZKTNZnI3s/klcttG3UUAiADxII3EYweT3DstAIi16M6kpHhbOv0KuekfdBcBIFxO3QVgvAh/19X3OMX3Z3GjRPlsn8fqaetu++DciRMdJ051NDV2N7V62rp9HiXKaThzXNmTs923Vt40rWCq7noBREYpNeq95MNZJ6UsvlcaD8grj+uuA8DoiAcYHof+cdLS3Xq47f0DZ959p+XAsbPHz3rP2WIbSkQMwxAlhqGUMkREXKYzx5mtu14AY5J2MWAEt/yTnDogR1/VXQeAURAPIGPsOiBIhMlS1ptNbz/3/vYDLYfaetpElCGGaRimOGxRhkieK6/b8vhsn2lItiN7yXlXFOcU6a4aQAT6wsCwqWDkqDCWV5PGx/5ZfnSzdLfrrgPASJh7gGFwxB9ztlLPHNnxr3sfeeXU62d72kwxTDENw1RKeW2rLGfKLdNXVeSX+3f+SklF/vmXT1noMBy6CwcwVqFa1HRsaYuny63/R3cRAEZBPEgXUe+H6DqIiXfOHPjt4adaPW2mYRiGfzCR+Gxfjiv3M3Pu+ZsFnz/W/sFbp+u9ts8Qw2f7bp6+siCzQHfVACI2cvOY1hOU/S5eJcu+oLsIACNhcBEQd+095557f/vprjNm36gDMQozCxe4qz8ydfmH5z787mvfb+4+7TQdosSnfNXueZdOma+7agAxE2poUIoMGYrUii/LiXo5sF13HQCGRzxAuBfkHro8LU50xcLRs8fqT+83RESJLWpiZsEC97zl5cuKsyY9c/SFF4/v6vB2OAxH36v3X7zGZbp0Vw0gSiPPQBj7ZlPBrRvkP26Ssyd11wFgGMQDjCSKznEMYinrUOuRM54WQwyfsqomzbp5+o1ziy9q7Gz+4Zs/3t9y0Gf7RPr3+R+dvrJ8AncYBVJWSh3lRy2/RG79rmy+V3cdAIZBPEgLcb0hGmlhZJZtvdd62FKWaZgfm37zRytvLMgs2NO479/f/HFLd4shhgTmIoil7MsnX3pN+RJD0v7QAUhOI/QbhJkK0ig8zLxGVnxZtn9Pdx0ABiMeICyEgahZyjrZ2Tgps3DNnLuurVhiK/ut5nce3fefLd2thphiqMDVigzlzi6+cdqKwqyJuksGEDOjHu6nUR4YatkX5MM35Z3nddcBYACuXJTuwpx4EObbMVSP1TMxc+JfVn92yflXikj96f0/efvxxs7m3jOMopRYys515n58xi3zii/SXS+AMQmnVaTl7PfR78iEKbqLADAA8QAhjbADY98WvkxH5j1z7lg4udppOk52nPrPtx8/3H7UMAylRImyla3Ersg//945d6+YusxhcqMDIEXQToYlzy23/JPuIgAMwOAiIL6ynFlTJ5SLiMfn+d7r/3qo9bBpmJZYhmHkOHNnF85cOLl6bvFF5+VN4SZoQEqK04WMUsfsFbLsC7LzB7rrABBAPMDoQk084NxY+JRSvz387KH2YxcUVk6bMPXCgmnT8svPzy8tyJyguzQAMUYMiNiKL8sHe+TQS7rrACAiYnCElw7CHyYU5j2S/Q/6nmZlZcWh6pSilDrXcy5DWRk9Xar7nPJ2iojhzDIycyQz38jME5OsDiS97u5u/4O+eOB/MOhp8IOhT0eIFqmcOk6/Lz+8UXo6dNcBpL6uBw+LyIHDx4e+NGt6Ob0HGCDMrEgfwrBUzznV2SLebiO7QDLzDWemGP1zewzbl3v2hO9Irefoq6r5iPK0KzGMjBzJdxtF0xwlsxylF5nFM4zMPK1fAsCYhN9vEF0PQyr3SxRdILc8JE/+re46ABAP0gCH7/GlbPvsCe+B7XbDW6qzRSyvZOQY2RNM94XOqZeZ7lmGK0tExDCNzHyHe6aRXWi3NdhN79on37HPNamOZuPUAd/B35n5kx2lVc6LVznPWyAObpkMpJSIDutTOQOMbP7H5djr8srjuusA0h2Di1LfyP/Ew44mGvZxqJFFSqns7Ow4FJ4MvF3e+mc8r/63OntSlN2/XIk4HIYzwyyZlbFojaPiMqNv7JCyxfYpX4/qarVOvePdt9V39DVDWWKYYphGRq7r4lUZV37WcOXo+k4AotbV1RX+sKIRBhSl6fgifwv5bzfIqf266wBS2aiDi4gHqW+M8WDUiQdpGw+Up91Tu8n72i9FRAI7bCViimGI8j+2xbZFTFfV9RlXrDUnlgcPNwrw9fga6jy7/s1uOiTKFqXEtszJF2av/KZZPEO4lhGQVIgHMfD+bnlste4igFQ2ajxwfPOb39RRGFKKy5V2g2FU5xnPjn/2vrlVDH8eUEZ2gaP0Yue0xc4ZVznKLjYnlBhZ+YbhUJ52u+mgfWq/OWmqOaF08IZMh1lwnmvWCiMz1245Jp4OMR12xxnrgz1m0QXmhFJJ+UMBIIX4fL5QMYB4EK6J54vplMN/0l0HkLJ8V/+NiJxuOTv0peLCAuYepLso+o6YlywiqqfD88dHve88H7jckG2ZxdMyLl/jnHqZkTNJDIeIUr4e5Tlrtxy3jvzJ994frA/qundszL75IXPSBUM3aGTlZ1x6lznxPM+fNtnNhw3DtE8f9fzxMeN6t6NomoZvCCBa6TtzIIaW/bUcfUXe3aW7DiBNcddkIELK8r79tLf+ud5sYJuTZ2ev+gfXnBuMvBIxnWIYYpiGK8vMK3GWL8y44v6sld9wzr3Jbn6v65lvKW/38Js1Xc4ZSzKv/nMjr0iUEsOwP3zTu/dJsa0Efz8A0G/Vt8SZqbsIIE0RD4DI2C3HvW8/J/6jfKWMrNzMZX9tlswUc/h5AoYzyzG5Kuv6BzNqPm0d2e17f3fITTtczhlLMq/6C/F5RAwRw7vnSavpYLiF2fbIr/osa4y9PbZt+3y+KDZi27Y1hk+3LGssb48tJarL1+2zfeG/xWt7uy1PPItCUoruV3qc/CHEXfF0uelbuosA0hSDi4BI2D7fod/bp/YHpgSYpnPuLY7Si0d9n+HIyKy5zzBM38EdrhlXjnATNGfVDY4DL1iH/ySmU9l2zx8fyb71e33rd3V3v/zybtu2PR7PkiVX5+bknD59+k+1tVuferqlteXPPnnPLTffZJqB2N/V1f3BBx+8+da+119/4/Dhwx0dHbk5OXPnzbuiZvG8efMmFRYOOwTigw8/3Lu3LicnOzc3d97cuVlZWSdPnnr9jddrX3754MF3u7s9UyaXVM+fX7N40cUXXZSZOfzpPaVUe3v7u4cO7d1b98aePW1nzyrbdjgcylZFRZMmFBQUFEzMz8/r7OhoO3v2I9dff/lll/aV7X97U1PzgQMHXn399b11dZ6ubsNh5Oflz541a+Ell1RVzSkqKnI4BuSxF4/9/mzPWRHx2daq6ddnO4efLt/h7XzuyPZMh+ucr7M0Z8rS8iuPtB197dSec76OHEdmlpndY3s7fJ0d3g6n6SzILDg/r6xy4jR3TrGjd5p4c9fpf9r9LxdMqFh78T15GaPfp+Jcz7lv1n63OKfwL6s/mx/G+kgZg0YZMegoYpfeLYdr5c3f6q4DSDvEgxQX/nmmUJcwGuNmU4zqbvce/oMo238NIjN/srNyqeEK78JNhula9Cnzw7rR1nJmXnF/59FXRSnDdPreq7VajjqKZvhfPXfu3Pf/7/89dOhQTk7OjhdeaGho+Pcf/Wjbtm1dXd05OTndnm7/8YdS6vgHH/x269bt23dkZWWVlZZWVJTbtn3kyPubN2/+9a9/vWzZsj//3OcqZ0wfWsCRI+9/8Ut/m5mRuXTpkm98/euvv7HnJz/9aX19fX5+vtPpbGk5c/Dggd+/9NKvfvWrO++849P33pubmzt0I+8fPfqTn/zkhe3bS0vLrrjiigXV1Tk52SdPnXr55Zf//+df8Hq9ixYtvuCCCk+3x+fzKTWg38Pn8728e/cvfvmrV3bvrpg69bJLL62qqnI4HEeOHHnzzTc3/+xnNYsX333XXTU1NS5Xfwv2RmPdrg//YBrmeXllN1ywItSP11b2b957+qy3XSl107QblpRfebT9+P8e2tpj9ShRV5QumueeWyD5JzpOvdt6ePvxnZZtTS+44JbpN9aULXKZThHp9Hae6mo80Xly6flXzC+ZN/K/pq3sZ9/ffqD1oMOcfc7bQTwAOSEyq74lh/8k55p01wGkF+IBwpK2eWAQu/UD++Q7geuTKmUWT3eUzAz/7YbpdJYvHHU1s7jSLKywTx8Rw1S25Xvvj33xwOlw5OXlWZY1aVKhy+X62eM/37btGbe7xOlytZ454zQd/sOOjs7On/z0p/v27bvrE3defvnlRZOKTNNQIqdOnXriiS1btmx5+umnT548+dijj2RlZQ369IIJExyGadt2bm7evn1vfWfDd1esuPbuT3zCXeJ2mI7GpsbnX3jh2WefO3369COPPJqTnX3vmjWDTuS3trY9uH793j17Fl6y8KsP/N3s2bP7VlixfPm06dMfefTRM6eb1//9V6dMnmxZltPl6us6sG37N1uf+uEPf3jq1Mmrr17y13/1l7NmzvLHAMuymk+f/vnP//uRRx997/Dhf/j2txYvWtT3odnObKfpEDFynTmOEAO9RMRlOnMzcjp8HbbY2Y5sQyTHmZ3pzPRYPS6Ha2HJ/Gsqlvi7IBo7m/730NZdH/zhUOvhXx78nyk5k2dOqhSR1u6zHstj2da2w8/Pc19sDr1YbZAP2hteOPY7p+nssro7vZ2j/tMjbdHVMLzcSbLqm/Krv9RdB5BeiAcYCalgEOvEPuXt9t/jTCllll5kZAxz7nyMDIfLmDBFTh8REcPhsD54Qy38hOHIEBHTNLOzskTUhAkTduzY8fwLL3zj619fvHiR0+E8euxY4cQC/xZ6PB7TdKz70pcuu/TS4GP3Cfn5n/3s/afPnHnuuedefvnlbc88+/HbPjbo03Nzc5WIw2Hu3bv3tVdf/drXvnZFTU1mZob/YGWOml09r9ryWU9v22bb9tNPb7v2mmsuuKD/ckxKqUcfffS1V18rmDhx9erb58yZEzxqKC8v79Zbbtm7Z++LL7741a8++PPHfzYoWtS9ue8//uPfGxtPTZ8+40t/+8WZF17Yd5DkcDgml5T82Z/d8+a+fX/605+++uDfb3tqa05O4P5xpTlun7IcYua5cszQx1WmYeY4cpQoEcl2+UdGGaYYhiEOw1S973OajrK8KTdMXb6vub65q7mpq/mNproZhdMchqPF02LZlmmYrzXt2d98oMo9J9Rn+WzrhWO/O911xhTD4/N0+ogHQOTm3izv/VFe+2/ddQBphKnJQATs0+8b0nsIaZrmpKlx+iAju6A3mxmqvUl6r3dk23ZPT4/T6Tx+/PhD//SP//Dtb33s1o+WTpnidhdfuvCSGTMCnQy5uXlr7rnn8ssuG3TwLSLFRUVXX3Vlbm6uy+X67danenp6Bq3gs6wMl0vEOH78+A033LB0ydVZWZnBV2ovLJz4qU/dW1RUZBjywYcf7q2rC46Rp0+f/t/f/MblclXOmD5v7rzgbOBXVFQ8d+7cjMzM115/7ZVXXwt+qaOj85e//OWJEyeVUh/5yEeCs0GfSYWFK5Yvz8zMPH78+OM//+++j/YqyylO0zC9yhoh1ZqGmenMECWmYXbbXhHJMF0Ow6GU2EomuiYM+FllF+Vl5IiIZdtnPWct2/L3Hoj4c4TavP9XHt/gH2Cf99ve39v0phJbRDxW9zlvR8iyAIxg1TeksFx3EUAaIR4gemnYt2C3N/Z9Z0MpI2tivD6p76jaMJS3W3W19j4znC6XiNHW2vaR6z9Ss3jxsO/OzMyoqCgfemju30J5efnEggLTMFpbW7q6Bl9oNS8vT4nYtj1p0qRrli0bGjBEZMb06TNmTLcsu7u768SJk5bVf/XVI++/779xbFFRcWFh4dD3OhxmcXFxVlaWaTp+t3Nn8G/RgQP79+zdKyKZmVmrbrxx2MEVDoejsnKGu7jY5XL9+te/7ugIHHO7zAwxRIlkOjJHGJRhGIYtyjBMS9nFmYUikuFwOQyHiDKN/ujnZyvbVkqJOExHfka+f3by6e4zSkSJGGIeOnt4T9Ob/r6IQTyW548Nuz88d0LEUIZ0WZ42z1lbjXR1KaQM7g8TY65sWfkN3UUAaYR4AETC9kr/saBSXWfi9Dmq+2z/sartUz2BcSmGYTgcDqWUYZp33nnHsAFgVPl5+RmZGWKIUspnDb5AZ062fzaCqqgonzy5ZNgtuFyu6nnVtm3Zturo6AiOB01Nzb11moY5/HF6RkaGaZqmaTQ1Ndq9R06WZe3ff+DkiRNKqQsvvLC8/PxQ9RcVFU0qKjJN8+SpUydOnvQvzHPl2MpWojJN1+DD/IGchkuJUqJynTkiYilLiRhiOAxHjxrw0zje/mF7zzkRlefKm1tU5TAdSqkPzzU4DIc/hFi29cLRF9u6h7nx5LGzH7zUUJvpyMxxZiulfLavvecc8QCI0pzrZdEa3UUA6YJ4gAhwDkxc2X2HnkqJ3fyeDHfmeKyUrToGBg/Vd/xtmKaplJ2fn3/+eSEPoEd27tw5/5giwzCGzuLt6uryf1BJyeS8vPxht2AYxuQpk/2/DpZt20G/GEVFkwITK8UINQegq6vL8vlEjKzMrL4uAq/Xe+T9971er23bVVVznM6QM6Nyc3L8l0vy+XytrYF+lQzTqUQpJQ5jlClVLtPh/13OMF0iYilbDNX7vfp/Gme6zmw/vrPF0+q1vbdMu2FW0YUi0mP1HD/3YZ4r99rypbmuXEOMg62H3mx+e+jZ4meOPN/Y1bzkvCtmFV6olFJKdXq7LOIBELWV35C4jecEEIypyemLY/0omPmT+4/TDcM6uV95PYZr8MV/xkj1nFMtx6VvuL/pNLIm9H6o+M9h5+dPyMyK+JaiZ8+2v7F3zyOPPNrQcEKUOEwz+Nqgfh2dnX2H7Cr04Wxba2tmRoYScTocwTGgvLwiIyPD5/O2tbWdO3cuP39wwLAsq7GxsdvT7fN5Z8+ZYwbFgw8//FAMw+lw7Nq5688bTni9vry8vOzsrMysLMvydXV1d3R0dHV1iq32HzwoSlmW1dPjDfxkxPB/o31n6h9+4z+yHVk+5W33djocmblmpkd5e2yPy3BOcOUdOXvUEEMM8f+ElSglIoYosS3LZymr2+c5cObdx/f/6mDroVxX7ufn3ndtxRL/z6TL19XS01qQMeHSydUeq+v5Y7875+3404nd1e6LCjIL+r7j+21Ht3+w8/zcsmvKr37x2O+V2EqMLqvLVtwDO8VxxaE4crjkxq/Jz+/TXQeQ+ogHGKu0ihmOsrnWyf2Gf0iPEiMzX3U0GxOjPIsfin2u2SycKn2fUlDaN8nB4XBMnz7tTMv8ySUljjBGFimlWtvaPvjgg6PHju1/Z/++t/bZlj15csmiRYu6u7srysuNIdflzM7Kqq6uFpGpFeXmcBMP/CZPnjyvep4oqZha4Qg60z9lcsltt922Z88b+RMmtLS2lpaWDnpjZ2enrey5c+fZlu/aa67pf8Ewit3uBfPnG6ZpGkZnV1dWVqbP8nV7uju7Ok3DFMPIzMjIcLl6vN5LLrlEKds0zOLiIv+7J2ROmD1pptN0OAyHx+7xKp/DcOa68kwxPOJVYrsMh4ic83WU551vieWzffkZuSKS68qdUXBBcdYkJbLrw5fqmva1elpbPa2FmRPXVv3Z5VMuPS+//yt4LG9lwbSirEmFmYUfnb7q/fbjTsPZ5es+093aFw+UUn9oeHl24cxL3NXTJkydMXHarPaZhmFMzCxIoz8VIB7mXC+X3yOvPK67DiDFGWl1bJeGRvj3HWHyXN/jQQ+GfaqU6ru4JACks87ezrfg/4Z6Gvxg0OOhT8N8KfX1dMoPlkvrh7rrAJJY14OHReTA4eNDX5o1vZy5BwAAIHlk5MgNf6+7CCDFEQ8AAEDyuPgmWXC77iKAVEY8AAAASeUjD0p23G47A6Q94gEAAEgqecVyw4O6iwBSFvEAAAA9uDpI9BZ+QmZfp7sIIDURDwAAQBL6yFd1VwCkJuIBAABIQu5Kuf4B3UUAKYh4AABAXDB2KO6WfF7KF+guAkg1xAMAAJC0rvs73RUAqYZ4AAAAktb0K2Txp3QXAaQU4gEAAEhm1/2d5JfoLgJIHcQDAACQzDJz5br/T3cRQOogHgAAgCR3yR0y8xrdRQApgngAAACS34qv6K4ASBHEAwAAkPzKLpYln9ddBJAKiAcAAOhhGIbuElLLii/LxPN1FwEkPeIBAABICaZTVnxZdxFA0iMeAAAQF3QOaDD/NuYoA2NEPAAAAClk+TrdFQDJjXgAAABSyHnz5Iq1uosAkhjxAAAApJZrvyQ5k3QXASQr4gEAAEgtWfmy/G91FwEkK+IBAABIOYvulfPn6y4CSErEAwAAkIqupQMBiAbxAAAApKKZ18jFN+kuAkg+xAOMFRf2BgA/2sNx59ov6q4ASD7Eg/QVxW6MPR8AIJmUzJQrP6u7CCDJEA8AAEDquuYLkl2guwggmRAPAACII/pdNcuaIMu+oLsIIJkQDzCSkfdq7PMAYCjaxnHnyvvFfaHuIoCkQTwAAACpbtlf6a4ASBrEAwxj6KkvToYBAJJY9cdk2mLdRQDJgXiAaJAWACAifc0m7ac2S+lAAMJCPEDAWPZYSqmY1gIAyWdQSxhRozpoZSJEXFQukaobdBcBJAHiQYpLzD6GeAAAkbaEZAANlv6l7gqAJEA8QAzYtq27BADQjJYwCZxXLQvv1F0EMN4RDxCZYXvA2SkCQGJaQvocxmrJ53VXAIx3xAPEgGVZuksAAM38LSGzCMa7omlS8xndRQDjGvEgrY1lvzXovT6fLxYVAUBSog1MJks+L6ZDdxHA+EU8wCjCvBgfHQgA0tmgNjBUg0lnwriQXyJX/4XuIoDxi3iA4UW6D7Nt2+v1xq0cABi/vF7vyBMPSAXjztV/Lhm5uosAxiniAfqFuQMLNbJ21B0kAKSe4JMjMYkBZIlEyJogV/+57iKAcYp4kPoStqcxDKOnp4d7IABIH0qpnp6eUK+O0PwGv0Qe0OOqz0lOoe4igPGIeIDoDd2l2bbt8XhICADSgVLK4/HYtp2wqxURJGLfnv6eAAAgAElEQVTJlSVXfVZ3EcB4RDzA6EadnRy83J8QGGUEILUNbetGbSE5uB93rvys5BbpLgIYd4gHCCnMbvGhy23b7urqYqYygFTl9Xq7urr82YCLFCUxh4sOBGAo4kG6G2OfeKizYv55CF1dXVwLHEAq8fl8XV1dPT09Y0kFUZx8Qbxceb/kFesuAhhfiAcIS/id40MHGnV0dHR3d/uva8S0BADJRSnlvzZRd3d3Z2dnqAFFUacF8oBmplOuuE93EcD44tRdAJKVYRj+Y/2+B6FW8J9v6+tGCF550BtDhQdCBYCYCPMgPtRlhcIPA0NXIAaMX1feL394VDrP6K4DGC/oPcBIItqfDd0vDrunHOFyfiPscQeJ5EsASF+jNh1Dl4efDZhznCIcLrlyre4igHGE3oO0EOoE/7CvjtobENGDYTc76HFw/0DfXnbkHgN2xgDGaNQT/JFmgzBjA3c8GI9q7pOXfiTd7brrAMYFeg8QX+H3Gwy7hL4CADEUqmEJvw8h6s+N4WqIvYxsqaEDAQggHmAUsT1/NujxqHvo4OWkBQCRim5w0VjGF4XfdRDFd4n6vRjdFZ8RZ4buIoBxgcFFGMbIg5HCf/uwY41GHcs06vgi9pEAxijMY/cws0EUn0VTNu5kT5Saz8hLP9JdB6AfvQfpYuT9UBSvRnqqLPiE3NCTc8Oe2KPHAEAMjdCkjNyHMOjxsFsO9QDJZPGndVcAjAvEAwwvnNNdY7xU0QjzDYb93DBF+40BJKWxNA7DvjRoSRQDjQZtbdjHI68Z6auIjYJSWfRnuosA9GNwEcIywuigUGuOcKmiQYOLho4jCt4RRjrMiZ0ogJGFP9on/GwQzvYjXQcaLP607P6Z7iIAzeg9SCPxODU1cndBqL6CMfYbRFEngPQUUTdCqCUjPA5ef4SFdB0kDXelVH9MdxGAZvQeIKQR5hAP+zjUwkG3NQh1x4PghSN3GrCnBDB2YfYhRDfQaORsQCM2ri2+V+p+rbsIQCd6D9JLDE9QRTTKdoQpB6HO59FpACC2Rm5Shi6PdBLCWAob4xYQS+WXyMxrdBcB6ETvAUYS6Q2VR3489O7IQychxPV6pmO5WisAjeJ3AB3O5IGx9CeMveuA8KDBojVy8He6iwC0IR5ggGHvQhDREKNRJyKPGgkG7QtjeEzPXhbACO1ApFEhiv6EkWc/Y7yYtVzOr5YP6nTXAejB4KK0E9tdUdSjiYZuJ/ypyYw4AjCCSBuNkYcbjfB01Mcc/Sexy7nCKdIXvQcYLKIOhKhHE4UaShRp1wG7XgCRinQWVnRjjcKJCqO2YDRx2lxyh7z4fWn9UHcdgAb0HiAsEe0dR95Zhn9JU7oOAEQt0qZj2FeHXRLqaaTZAOPdZfforgDQg96DdDTyfc3CWSHSLoVhZxeMsd+A3S2AsYhfH0KYrRNdB+Pd5ffIjo1i+3TXASQavQcYXjid4JHuLMfYbxDV9wCQ7hLchxBd+4nxKLtALvuk7iIADeg9SFPh9A+E865wLkwUUb8Bd0MDkGBjvNDQ2CcYRFoVEueyT8run+ouAkg0eg8QUjjX+Au/l2DoknCuUzS2bwAAg4XTjRB+H0J02YBhRUljymyZfZ3uIoBEIx6kr6iHxoZ5Om3U/eio44tGnZo8glG/GoBkF/PGIdQ6oRZGsYRD/+Rz2d26KwASjcFFaS2KKcihFoYaNRRqHNHY5yWPWvYYtwAg5UU6O3mE5THMBjRf48us5TJ5tpzar7sOIHHoPcDowt/JhXnWjeuZAkiYSBuTkfsQou5b4Lg/iV36Cd0VAAlF70G6C3OOcph9CKNOPg61fqhXQxUTzmoAEKbouhHiEQNo38ajS++S578r3i7ddQAJQu8Bwt0bRbQXHPm03AgfQV8BgLgaezdC8KvhLOx7KZzawvgGSDhXtiy8U3cRQOLQe4AIhN9dMMLySHsM2F8CSKSoLysUaSdDFOtAm4V3yss/0V0EkCD0HkAi2i1F110QZo9BmDUAQGyF0xCNsEKknQzDrhZhyUis0ouk8mrdRQAJQjxAQEwSwqh71lG3HEqYtQFAKNG1MOHEhiheQvK5hPFFSBcMLkI0RpjQPMKYougmIg99IwDE29hP+Y/9nAvGl3m3yHMPydmTuusA4o7eA/SLaBcV276CSMoEgLgIv1EaewMYvHKEZUKfS1brrgBIBOIBBoh0RzXGTvmhazKmCEC8jaXBCWcwUuwqxTizgHiAtMDgIgwW5p0QgtcfdaTQCPc9CGfjAKDRWK7+HPO3QKeiC2T2dbL/Bd11APFF7wGGEcWZ+0h7CcZQHQAkQqT9n1FsfAzVQZMFH9ddARB3xAOEFN2ZsIg66NlBAhhXYj7WKNS7oqoO48BFK6WgVHcRQHwRDzCS6PZhke4vmXgAIPHG2OxEHQxo3JLefDoQkOKYe4BRhDO1YIQ3RvfeQVsAgHFiLO0SbVqKmH+b7Po33UUAcUTvAcIyxj0iJ8wAJLWxt2O0ganDXckdlJHaiAcI19j3bQwcApBEYthk0eilmurbdFcAxBHxABGI4ZE9UQHA+BTbpolWLjVV3yqZebqLAOKFeICIxXxvx9RkAAkWqtmJYctDO5bKTIdU36q7CCBemJqMKEU9ZTnSjwCApEPzlfrm3SqvPK67CCAuiAcYk0hvsYz0sufJz/78WNDzgpVfXnvrFI0FiYiceGbTN15s63tafO1d/7SSq5gjZggG6eKCy2XyLDl1QHcdQOwxuAhjxVggAGA0UTqa91HdFQBxQTxAzJATAKQhmr70Ne8W3RUAccHgIsTe2G+IBsRP6cq1j67UXQSSGUkAAYUVUrlEDv1edx1AjBEPEEcJmL6M1OQ7s+93u377asOJVo/XFhFx5eaWVl54/fIrLy/LHLr62f27fvp03f6TPq+IZGaWzpiz6qYl5a/9NGiOQf+0h1BzDwYuL1j55bW3lrTt2/HCk78/dqJLRCRnyrTb19x8VQnNZpoiFWAYc28mHiD1sJ9D3NGZgIh0Hnr+u4+9dcI3YKG3o+NY3d7H6vZuufjav1szvzhoXOSxZzY9FHS4Lx7Pifq9j+1/p7R4bHXYJ1744ZYtR/vr6Dx5ZPP3Hjn8mb9cM3tsW0ZSIRVgJHNvkt8+ILaluw4glph7gMTh/gYY3f6nHnx0cDYI1vbWiw/9ZG9n0Pr/EpwN+tieE42eMdThe2vLgGzQt9k/PLOreQzbxThHA4XIZOTKxTfpLgKIMeIB9GN/jAB7/2M/f7fT7nvunH3rPT/83pd++ODSudn9a3XW/37THv+hv+cPv3+3M2gDOTOv/NaGLz36jx+7rmSMpXQcOx4iozQc2TNcHkGSovHBWF28SncFQIwRDzAejXBDU7JECut8dc8rXf1PXQuu/9JVJS4R16SFf33XNFf/K759v3/trIjIu28dCt7ApOtvX1TqFMmctvq+hRVjLSfz8j9b++j3vvS9T00rGLDc6ugK+R5oF1HrQQOCGKi6QXIm6i4CiCXmHiDpsYMfv4b8y4x8PHZg/4ngp7Nnzulf+aIL55pH3ujrWDh+Yr9hLGpra7aD3pBZVFHU+46imbMnvX7szDAfPbgAI/ArNHh55WWfnD/RECmYu/iq4iPb+kcUtZ1sNAxupAagz0Wr5NWf6y4CiBl6DwCME43HTgU/LagYcP6/qHRS8NO2EydFujzBI4skPzd4NrJrbM1b8dTynBAvee0QLwBITxdxsWSkFOIBgKRVkDfg6kTtHUwaBqBB5dVSQJciUgfxAMA4UVIxOfhp27EBQ41OnzgT/LSgdIpIdklpftAyz+n+0UQdx/eTFQAkTNWNuisAYoZ4AGC8mD27LPjp/rff6X/y9rv7gof0VFbMFRGZNndm8ASqM9s273rPJ+Jr/N3jL78X/4IBIOAi4gFSB1OTASRM27Z/3rht2FeK53/7q8tLL5+/6OmG3b3XBfLueX7jBUVfuKpEzrz2H7844u1f27nomkX+iQFzb1hYsWf3sd7k4D3+2oa/ey3eXwMABrtgkRSWS8tx3XUAMUDvAYBxw5xz9+ppOf3Nkm//r3/2+XUbP/+Pu/YFXUs056Kld/fdt3jSVevuDn5Lr+yCAeOOACDe5nxEdwVAbBAPAIwjOdW3fedzc0tD92sWX77yO5+ZH3xNoZwFt33vK0uvKs/1X6rIlZ1bcfnSb39z5SWZiSgYAAKqiAdIEQwuAjC+5FRe/+1/nL/7+T88v6fhRKvHfxVRV25uaeWF19+wdFHJMK2Wq+TSe7946b0DljUkrGAAEP/4oonnSeuHuusAxspQSumuAQCitPsnD//3hxNmVFbMnT199vSy0vy+LoMj//3N//1de9+Kk1Z//dPXF4TaDADEwrZvSO1/6S4CGEXXg4dF5MDhYabKzJpeTu8BgCRn+zrPnNn3ypl9r+wVkeLFK9d9bE6x6Tm26w9/aA9a7bzpl5ANAMTb7OuIB0gBxAMASWzuggrX28f6LmrU/PIzX335mSFrOS9Zvrh4yFIAiLEZV0lesZzjritIbkxNBpDEchasvHfuyHOQnTNuWv0X1cxTBpAQs6/TXQEwVvQeAEhquYs+9Vezj+7e9nz9vg/PtrX7Aj0JpjMnN7eieu6qpQtnT6KhA5Aos1fIa7/QXQQwJuw1ASS9gqmL7r5/ke4qAEBk1nJxZYm3W3cdQPQYXAQAABAjhimzlusuAhgT4gEAAEDsEA+Q5IgHAAAAsTPzWt0VAGNCPAAAAIid3EkyrUZ3EUD0iAcAAAAxNfMa3RUA0SMeAAAAxNTMZborAKJHPAAAAIipybOleJruIoAoEQ8AAABi7UI6EJCsiAcAAACxVrlUdwVAlIgHAAAAsXbhEnG4dBcBRIN4AAAAEGumUyqX6C4CiAbxAAAAIA4qr9ZdARAN4gEAAEAczCAeICkRDwAAAOKg5EKZNFV3EUDEiAcAAADxMeMq3RUAESMeAAAAxMeMK3VXAESMeAAAABAf04kHSD7EAwAAgPjIKZTyBbqLACLj1F0AkGQsy/b0eL0+y+ezbNu2baW7ImB8MU3DNE2n0+FyOjIzXA4H56GQ3qZdIcf36C4CiADxAAhXV3dPV3eP1+vTXQgwrtm2sm3L57O6Rdqly+VyZmdlZGdl6K4L0GR6jfz+h7qLACJAPABG19Xd09HZbVm27kKA5OP1+rxeX0dnd25OFiEB6WhajRimKPYgSBr0+QIjsSy7ta3jbHsn2QAYC8uyz7Z3trZ18KeEtONwybTFuosAIkA8AELq6fGdaW339Hh1FwKkCE+P90xre08PI/SQZogHSCrEA2B4Ho+3pe0cM4+B2LJt1dJ2zuMhdSOdXLBIdwVABIgHwDB6enytZzt0VwGkrNazHfQhII1csEgcLt1FAOEiHgCDWZbd1k42AOKrrZ15CEgbhilTL9ddBBAu4gEwWPu5LsYUAfFm26r9XJfuKoBEueAy3RUA4SIeAAN0dfcwFxlIDE+Pt6u7R3cVQELQe4DkQTwABujo7NZdApBG+ItDuqi4VHcFQLiIB0C/ru4eBkMDiWRZNh0ISAuuLCm/RHcRQFiIB0A/DlOAxOPvDuliKh0ISA7EAyDAsmyvlystAonm9frotUNaKF+ouwIgLMQDIIAZyYAu/PUhLVQQD5AciAdAgNdn6S4BSFP89SEt5JdI8TTdRQCjc+ouABgvfBygAJrw14f4UUqUUkH/FVFKKf9Lyr/CIIbh/68ReGwYhiGGIUbggf+VqJx/iTQfGeM3AuKNeAAE2DajnwE9+OtDrPhjgG0rZYtSylaiIr/NZXB48C8YtIJhGqY/J5himkYEgaF8gez9n0jrARKMeAAEcKdkQBf++jAWyla2LXYgFaihvQHx+ERL+mODYYhhGqZpmIZhmmKYobPC+QviXhwwZsQDAACQZJQS21aB/1ma46VSoqz+MkyHYZqB/w3uVThvrjizxMfdADGuEQ8AAEByUErZlli2si2ViG6CqNi9UcEwDNNhOEzDdEh/UDi/Wt7frblEYERcuQgAAIxrSonlUz09tqfb7umxLF9ChhCNmVLK8tk9PZan2+7psS2fUkrk/GrddQGjIB4AAIBxyraU12v3eKwkSgVD9eWEHo/lnXeHPXWx7oqAkTC4CAAAjC9KiW3ZlqUs3fMKYsu2lT1xuu/O/3Ic+p3j0IvmoReNzjO6iwIGIx4AAIDxQill+ZRlqVS+npUz05p9gzX7BvODNxwHX3AcfN44w80QMI4QDwAAgH62rSxL2akdDAayz7/EPv8Sa+7HzAPPOfY/Zzbu110RIMQDAACgmT8YWJaK4hZmKcB2z7TdM605Nzne2eZ4Z5vZdFB3RUh3TE0G4qFx+yOb1j9ZP3hx/bPrNzyxvUlPTZo0bn9k0/oNmzYP+WEM0FS7cdR1BqvfHPFbAIwvSimf1/b22D6vnZ7ZoI8qmu676q+9H33Yd8VfqILzdZeDtEbvAYB4anqvrqVsZmXDwZdqm6pq3LHcdNWaB6piuT0AieXz2ZYvjYYShcMumWWXfMWacY3jrV873/q1eLmBGjSg9wBAHNXtqm8pnHhjVZm0HK9Lr24TACFZlurxWN4em2wwLLv8Uu+N/9hz0/esymt014J0RO8BoEvj9kee2tkSeDLzlrVr+k6FN9Vu3FQfeKWy5qHbAy807Xri4abyZafrd7aIVNY8VHV0/VZZfYts2dowzEbqn13fu1wkf9naO1a4RUTqnty0RWpWS+2WQ/6XylY/cKM8uSnwNOjjROo3b6gNjIEtrPqbzw1/7r9p1xMP7y8P8Wp93SEprJnhrmqeubW2rr5xxdKSoHf2f82ZNVWDNrh69vEtte19xVfXP/Gw/2l/JfWbN9SK/yvXPzvSjwLAuKGU8vmU5bOT8wYGCWXNWWlPXWzXPeGse8I4877ucpBGiAeAFo3bH3lqZ1HNQ5+rksCh/BPb3XescAcOmqXm5oeWlvhXW/9IW//B96H6usBLIvVHRRq2vFT1Nw/c6PYf9299tq7qxurABtuXrV3bHwk2Pet+4MbAvToP1W6vufmh20v8n7Vlw6bC/qe1G3cVr1taEsgGvWmh7slND29oXd23hSDupXc8tDTEt6w/elDyl1WViJRUV9Zu2f9e09KSwBcZ8DXrN2+obRHpDxgt9Vuaah56oMr/0s5Nm3ZW9j99+MmCoAzTJ8SPAsC4YfmUz0ePQQRUziRfzZ/b513i3Psrx1u/1l0O0gWDiwAtmhtapNBdHHhWdeNDD/Se3d9V31JYtSZwlr1kxW1VhS31z/ZPwC0bcAJe8pfdFkgO1UurCqWhrl5EpK6+QSovXtF7uF1dVSbS3tQ0ZCPuGdWFIn0f555RXSgtTc0i0rTrrYNStrr3KLz69pqZ0rB9V2NEX7KuvkEKy6vdvTUEfZGBX7NqzS1lA9+av2yp/6OrqitF+iupqq4UOd023DCl4X8UAMYDZStvj93TY5ENomBXXN6z8p+8131NFc3QXQvSAvEA0KKqulJaap9a/0jtwCPd+rpDUjh7Rv95dPeM6kJpauo9Li+cOPA4Ot893Jie6tvX9p31X79hU9Aoo0EbKXEXiRQVDNlGY93+dqmcGnT2vaq6MpAcwtVUu/2QzLy6t9+jauGyQjlY7z9mb2w6PehrTiwM8b3K3PlDvvWwhv9RANDOslSP1/b5bN2FJDNnpu+yT/fc8A/WnJW6S0HqY3ARkGCBo9jq29eW7Xri4dr6hzfUy8BB/y21T62vHfCewuE2NJL+iQf5y9besaLp2fVb2yOu9FDt+g0D66iM4N1N9cdbRFq2blq/NWhpy9E6qaqW5oaWgWu7h0YUAElPKbF8to+ZBjFiT13sdc9SxZWO1zYbXa26y0HKIh4A8VDiLhpmaVNTu0h+39O+UftNu554uNY/6F9EpLDm5nUDRhBFqnH7Sw0DJhlHd8mgAdOUI66hbn/74C001W7cVF9XL9VVxWWFA4tqamsKnnsAIPnZtvJfulR3ISlF5RR6r/6iXTjN+dpPzIY63eUgNTG4CIiLMnf+0CHyDU2DRuwEuJfesTowdKe4rHDQGJ4obv7V3NAiM6v6j8vr6htGXH+oEnfRoCH+jdsf2bQx/LkHTe/VDaxBegdKHXyptklK3EXSsv+9/u03tbYMsxUAycqylLeHbBAv1sUf9V73NQYaIU6IB0BcuJdePLOl/uGgGyc37Xpiy6G+Gbf1mzcEHW37h+lXVQXmIh+q7Xup7snag4VVN0Z2Er+4LHAU7v+oZ7ccEpH2hkj6EKpvrwmuv2nXzp0tg2ZFj6RuV32LlFUPLrukena+/wYI1UurClvqNwe+Zv3mrZEGGADjl89ne5mFHGf2eZd4V6z3Xf4Z3YUgBTG4CIiTqjUPFG9/5Kmg4ftlQRcGrVrzgGze0D/HoLDm5sB1+t0169bKxk29L4W+4UBoJSs+V9OwoTYwq0HKVq+t2r6pvqmpUST8MUv+CvumH5QNe1XTEPc9qK87JMP3k1SVF9bW19U3rlg64GvOrKkqrOVKQ0DSU0p8PtvnZRZyIqj8Kd7lf6/y3M6Xf2x0ntFdDlKHoZguBIiIyKkmpnkB2kx2T9RdAsZK2crrUxZXKEo4R90WV+2PjDNHdBeC5ND14GEROXD4+NCXZk0vp/cAAADEgG0rn9e2LM45amBVr5asCc4//Yd54k3dtSAVMPcAAACMiW0rL9lAK2vWR7zLvmxXLNJdCFIB8QAAAETPtpS3x7bJBrrZ067yLltnT79adyFIesQDAAAQJctSXq/NRYrGCfv8S71X/601Y5nuQpDciAcAACAalqV8ZINxxj5vvm/JF0kIGAumJgPx0Lj9kad2DrnR18xb1q6J+jbEOtQ9uWnL6SiurBqe+mfXb21ftvaOFeFvvf7Z9Vsl1CVWh1//pYmDLrq6eUPtwcDj/IGfHvyvFvJCrgD8bLLBeGWXzvNd9deG7TOP/EF3LUhKxAMgbiprHro9KA3UP7t+66bNkmQJYXypuvGh8H96TbUbtzZIYfDlMus3b6g92Pvv0rTriYc3PSG9CaHuyad2StXfPFDj9ueiDc8KCQEIwT8XmWwwbtnnLfBe+Vcun8c8/qruWpB8GFwEJErVjasr5WA9N/9KhKZdT6zfVD+4/6b+6EEpW92b2dxLly0rbN+5q176blx9daCfofr2mpnSUMe/FTAc/zVMyQbjnF1xue+Kz9tTLtJdCJIPvQdAYp1uaxJxBzoTGnqXBo9yGTAwKWg80jDLm3Y98XBtft8wmIFPG7c/8lTd7JvXLS0JDBM6NHSb9Zs3vFVWk7+ztqGvhv41C6uWFYX4Fk21Gzcdrw41LijkVwt+KX9ZTX7f0s0bauWWGtnaO+ynsuah26VvFFB/wf2Di/zfrqZ6f23gZxJ0e+mmXU88XNs+85a11fWbtpwOKmxw50OJu+8LumvWPVAT9AV7/5kADKQU9zdIGtaMpdLT4frdd43WYW6ABYRCPAASprHptEhRgbt/2P3a3mEtm7Zsetbde9S7s6jmoc9VSWC1J7a771jhDrG8qryw9nhT4Ei2sW5/u4j0Pm1uaBG3u6Q3V/QOph88xql9Z23+6gfW+gNG3ZObthwKrNm064mHa0UKh/sqgw6mg4X8aoFsEDjWb6rduKlepC8hyMGtby1bu3aN2/+5tes35Pc/DfwQBn9US21twy1rH+rd2uZdM/xZyL30joeWioiMdvq/vu6QFNYUD32hbld9S2EVw8CAQZQSn1eRDZKINWel0d3qfPG7hqdddy1IGgwuAhKkadfOnS0ys6pKROrqG6Ty4r7j3eqqMpH2pqbAMX2hu/eAterGhx7wHxaHWO4ucEt7XX2jiEjTe3Ut+YWF7Q1NIr0DaaqrROpf39mSv2xt7zB6/xinl2qbegsrrFkYeMk/wOaWwJrupcuWDZsNRhT6qzVuf6lBKmsCx9zumjX9vQciIn3vcleVF4oU1iwLetr7pQYJ2tqKSmnZ/96wa4XStOutg5JfXVUycOET6zds2hI00AhAH5/P9vls3VUgMr4Fd/sW3a+7CiQTeg+AuDlUu35DbdDz/L5z6tW3B5+tD7wqIiJV1ZW1W2qfWr9/0PWCRlze1CxSIk2tLZUXr5baLfX1UlVVV98glTXVIk1N7SL57qD3VFeVbdl6vK6pJnD87e49Pm5qbZGyFf2nzEvcRSLBg3PCEPqrNTe0yMyr+7fudueL9J/N6g8/7gK3iLgHHLUPq/8tUah/9uHa9sKamwd1SvT2PNRv3rBpY1NgaBaAQDbwkg2Skm/x/UZHo/P1x3UXguRAPADiZtCVi4IFD8Ffe8eKpmfXbw0cKFffvrZs1xMP19Y/vKE+eCMhl1eVbdl6tE6qpL5hZtWN1XJ0y0ttTdLYdDroWLxwYlkY9fqDRPCSMnd+pPEg5FcbOprfPbFQNHV21z+7fmtDYc0IR/9VN9a89XDt63VLuXgRIL23OGBMUbhsZXttb6evy2N5PJany+q2bMtre322z1a2rZTDMB2mw2E4nKbTYTqzHBmZZmaWMyvHmZ3pyIx9Qc5M3+VrjbMnHO/uiP3GkXKIB0DiBYbZ9IeHgWNi+obO+0fhb9xVPGhI/YDl7omFcrypqVFO55e5RWRiYcvxunqpa8mv7jsYb2ltGDzRdkB/QuBz3fmDljQ0RXr4Hvqr+fsEgjW1DrkzREKMng0ADGDbyuezlSIejKTde+5k58mj7ccbOk40d51u8bR1+Do9Pk+P3dNteWxle+0en+2zbKXEdhimaTgcpsNpOh2GI8PMyHRkZDkyLyu55K6Zq+NRniqc6rvs00bbB2bjgXhsH6mEeAAk3uBhNnX1DYNO2/u5l96xumlTYOxQqOXuGdWF9XW7XhcpX+MWkQK31Ne9dLylsLw6MHYoPzD63x30cYVVw/QnuCcWSn1dvVT3XiupKdKug5G+WnFZoeysr5eqwJmb1NAAACAASURBVKtNEWePWAiVDYbco62hqV0Ky8PpdQFSnuVTNtORh2Mr+1j78VcbX69tfPXdlvc8Vo+IspUS6c9ShohSYvgfiajA/0tgBdW3khimcV3FtXGs9oIrrEvvNZ//pvh64vcpSAFMTQYSr7isMGhycP2zWw6JBGbf1m/esGnjrsbAiv65wlVVoZeLSEn17PyWQw0t/msiSVV1pbS0tBfOnhE40K1auKywfeemZ+uCPm74ebfumhWVcnBrYE3/XOrYfbWSFVeXyaHazfWBr7C5NuHxoKl2Y6h+A/9P6X8HVM7sZEBEfF6mIw/Q6et87+yRFz/Y9S97//VTOz53/84v/Ojt/6prfKvL12Upy1K26u1nMURESd8T5c8CSoLTg2H0rmnI7Ikz5xfPjWvxvvmf8C28N64fgRRA7wGQeCUrPlfTsKE2MItAylavrdq+qb6pqVGkas0DsnnDU+t7pzQX1ty8pkpCL5e+/oHetCBl7nw5JEEX5ClZ8bm17ic3bdmwaYsMmCE9VPXta6VvzcKqZZX1O4ftQAh534MRvlqJVN34kDy7fuum9Vv99z0o25nYhFC3q75FRGr7f4zSf8OEkhWfu1keeaq38pF+SkD6sCxFNujT4mmtPfnKG011h9reO9l5ymf7+s/+G9LfvWIE/l8FPRYVSAJi9GYD1fvYEKXENMwrSxeVZMe93fFdusZoftfx3s54fxCSl8FQQsDvVFOr7hKA9DXZPVF3CRhMKfH2WNzloI+lrC5ft9f2Kon9z8QQI9eZk+HIiPmWh3K8u8P13NeM9pMJ+CyMQ10PHhaRA4eHuVnerOnl9B4AAIDh+XzcHXkAh+HIc+XqriIGrAuXG6fqXb//vu5CME4x9wAAAAxmWcpiWFHqshbcbc28TncVGKeIBwAAYAClxPLZjD5OYSq3yKq+Q+UU6S4E4xHxAAAADGAxrCgNWBcut+bfobsKjEfEAwAA0M+2lc9HNkgLvnmr7fMX6q4C4w7xAAAA9LN8iqsapgk16QJr7m26q8C4QzwAAAAB3Ogg3fjm3mbNWam7CowvxAMAACAiIkq4WlHacWZaF98qmXm668A4QjwAAAAiIj6LGcnpyLpwha/qZt1VYBwhHgAAAFFKyAZpy6q6WeW6dVeB8YJ4AASYpqG7BCBN8dc3HliWbRMP0pU9dbFVtUp3FRgviAdAgGny5wDowV+fdkqJxcVM05s1Z6XKm6y7CowLtMhAgNPp0F0CkKb469POsmzbJh6kNfv8S63ZH9FdBcYF4gEQ4OIABdCEvz69mHUAP2vWDSqrQHcV0I94AARkZrh0lwCkKf769LKZdQAR/wwEe+Z1uquAfsQDIMDhMF0up+4qgLTjcjkdDnZGOtF1gD4W8QDEAyBYdlaG7hKAtMPfnV6WpYgH6GPNvM6qvEZ3FdCMeAD0y87K4CwmkEgOh0k80IthRRjEJh6kPY6EgAFyc7J0lwCkEf7i9FK2sixbdxUYX6wZ16jiSt1VQCfiATBAdlYGsySBxMjMcNF1oJdlK0XnAQZSBedZ05fqrgI6EQ+AwfLzsrmHKxBvpmnk52XrriLdMesAw7KmL9FdAnQiHgCDORxmQX6u7iqAFFeQn8tUH71sSzHxAMOyp19lX3CF7iqgDU0zMIyMDOfECSQEIF4mTsjNyOA6wppZ3CYZIRkW8SCNEQ+A4WVmugoL8hhlBMSWaRqFBXmZmczw0Y+uA4zAnlojTq4ckKaIB0BIGRnOSRPzmakMxEpmhmvSxHz6DcYDy1I2vQcIzT5vgVVxue4qoAfxABiJw2FOLMidkJ/DIGlgLBwOc0J+zsQC5huMF2QDjMomHqQrTuEAo8vOysjOyujq7unq7vF6fbrLAZKJy+X0/wXpLgQDMLIIo7LLL9NdAvQgHgDh8h/iWJbt6fF6fZbPZ9m2zRk4YBDTNEzTdDodLqcjM8NFd8E4ZNuMLMLo7PMX2ufNNz/cq7sQJBrxAIiMw2HmZGfqrgIAokc2QFgM0y5bQDxIQ5zUAQAgvRAPECa7rFp3CdCAeAAAQBpRSmxLdxFIEnZZtcqaoLsKJBrxAACANKJspRS9BwiLKpyqplysuwokGvEAAIA0wsgiRMSefJHuEpBoxAMAANKITdcBImFPnqO7BCQa8QAAgDSibN0VIKko4kH6IR4AAJAuuOMBImW7Z6riC3VXgYQiHgAAkC4YWITIGXbxDN01IKGIBwAApAtF1wEipyZN110CEop4AABAumBeMqJgF03TXQISingAAEC6YF4yoqAKp+ouAQlFPAAAIF1wQzREQU2cKs5M3VUgcYgHAACkBWWTDhANledWBefprgKJQzwAACAtkA0QNZVfqrsEJA7xAACAtEA8QNRU/hTdJSBxiAcAAKQFhhYhaiqvRHcJSBziAQAAaYF0gKipvGLdJSBxiAcAAKQFJeQDREnlFOkuAYlDPAAAID2QDhC17Im6K0DiEA8AAEgLDC5C1FRWge4SkDjEAyB6u/9z4/3rtuwO8RQAxhXSAaKmMvN1l4DEIR4AAJAe6D5A1DLzdFeAxHHqLgBITbv/c+Njb4uISPH8b391eamISMNvvvOLbc0iIsXL7/rOyrLAEqmYK8f2NResuqlg29PH5i6ff2LH3ub+dURO7vjqP+9tlv43nnjmsa/vkFXLC7btOCYixcuXL6rbsa1ZRCru27h60fCfBQBAtJxZuitA4tB7AMTBni2PvS1z71n346/ML27e+4NnGkRk93/+YltzxX0b1/34normHb/4wZ7elZvbKj697scb77t1oojIvpNF39m47r6LpHnHH3eLiDT85r/2lt6z7seBhc/85qT/bW275cofb7xrVbE079hx7IZ1P/7K/GI59th/7h3pswCkMToPEDXlIh6kEXoPgHjZ9/jGH9yz7jsbl4uIyN7db4tcdOEiEVlw4dzHj5040SALRESkeNqioJtRFk8pEZGKKQXydtuJkyJTym796jo5ueOr6wIdCL0KFl1SJiKlk0WaKxYtEJGiUpHmkJ9FBwIAIFqmQ3cFSBziARAHC65c9dyxbc2y7/GN9z8uc+9Z94XS0ydE5O0d96/bEVjnZKPIMDehLC0ddBy/9wfrduyTglVfWbfojce+vmPoO4Y4OexnEQ8AANEyiAdphHgARK9iSoG8PewrZbd+dd2tIieeeezrO9r2Pb5l98YLS0WaL1r+48/MD1qtYfTP2PPuPpG599x36xQ5EWZZU4qG+ywAAIDRMfcAiF5paYHIsd884z/K7x/Sc+KZx+5f99hvTkrpypWrikWKJ1XI/EUXibz97m4R2bPl/nUbw50PUDqpWOTEiQaRvVt2tIX3nmg/CwCAYSlLdwVIHHoPgDFYsPrbJx77+o5f3O8fxVM8/9ufmS8ipSvvu+/kxsf+eeM2EZGCVV9ZXipS+pm7TnznF4+t2/iYSPHyu76wILyPmLL81ov2PrbjF/fvkOLiAmluO3ZCFo32pkXRfRYAAMOyiQdpxFBcyAAAgDTQ3eVjn4/oGN1ns/6FAaspouvBwyJy4PDxoS/Nml7O4CIAAACMxtetuwIkDvEAAID0YBi6K0DS8pzTXQESh3gAAEBaIBwgaoanXXcJSBziAQAAaYHOA0TN6A7z0nlIBcQDAADSA/EAUetq1V0BEod4AABAWjDIB4iW0XladwlIHOIBAABpgcFFiJpxrll3CUgc4gEAAGnBIB8gWsa5Rt0lIHGIBwAApAXSAaJmtJ/UXQIS5/+1d6/BUZ13nsf/z3NOS2ABwkKApMEiZiHYUWRLOBll2YpfDJOpLKTWTKrsiSvUVg2BVE2q4nmh9U6RZf0iRS2TOJqdcWaYjCWTSZYEByoOji2NEyw7ASMQF10QMjchUCMkIYSQkIRu3X32RUtCSALdWv306fP9lAt3q1vNT3ad1vn1cznUAwAAPIF6gBlTXc2mIyB6qAcAAHiC0kwvwkyo7luq84bpFIge23QAIHYNDAb6+wcHBgPBYMhxHNNxAHdTSlmWTvDZiYm+BB+/fcxQSvFuhulSHQ0S6DedAtHDGzQwgcHBQHdPX8hx5iUmLFr4mG3xmRswW47jBIKhgYFAV3evVmpB0jwfJSHqlBYJmQ4Bt1F3GkxHQFTx1gyM1dvb39XTt3DB/PnzEkxnAeKHUspnWz7bSnossbdv4E5nz8KkefPnJ5rO5S1aqaAweoDp0bevmo6AqKIeAA/o7e3v6e1PWbzAti3TWYC4NX9egs+2Ou72iAgNIZqUZiAU06ba601HQFSxNBm4b3Aw0NXTt3hREt0AmGu2bS1elNTV0zc4GDCdxUNoB5g+R7ddMZ0BUUU9AO7r7ulbuGA+3QCIDtu2Fi6Y393TZzqIhyitNBUB06FvXVJtl02nQFRRD4AhA4OBkOOw3gCIpvnzEkKOM8AAQhQpfvNjOtTN86YjINp4kwCG9PcPzkukGwDRNi8xob9/0HQKD9Hsw4bp0NQD76EeAEMGBgMJCSzWB6ItIcFm9CCamFyEadE3a01HQLRRD4AhwWDItjgigGizLR0MshV/9CituJALpkjdaVAt50ynQLRxMgQMcRyHX5lA9HEd3yhTSjT7L2BqdFO16rtrOgWijXoAAIC3ML8IU6Sbqk1HgAHUAwAAvIV6gClxQrqp0nQIGEA9AADAWzRXP8AU6MYz+kaV6RQwgHoAAIDnaIt6gEno66dMR4AZ1AMAADyH0QNMSvtPmo4AM6gHAAB4jmUxvwiPom9UWtQDr6IeAFPXdGh3wfa9E0/EbC4p2r67tHkKr/AGC70AxADmF+ERdMNxCfSZTgEzuEYsMGWVx4qXZ2bXXi6XnLwZvkTG5h35EU4FADNiacXVqvEQjnXtuOkMMIZ6AExVeaU/Ozc/TwoOlTTlbcwY+mrlwe37/CLJ2Vnh+02Hdu/3P5vTXFrVJpK64eXNLfuLakUkc1vBi3nhR7+a/0p66Y7X29Oz/DW1IiLZW/JfyTX4kwHwIm0pbalQkGvSYSxd/4m+dsx0ChjD5CJgiqrKazPzciVvY45Unx+aRNRSumOfP3tLfmHBxsybnSNPramWVwryC7dktpXuP5T2cmHBy5tS/YdKmh58QX9z2suFBfnbsqTmg0lnJQFA5FnML8JErPojpiPAJOoBMDWVl2uy1uSJSNrTeXK1vEVERJrb21JzXswVkYzNX80ceW7qs0+ni0h6Sqpkbt6YIZKRvnz8KybnrcsQkbzczPGPAUAUWFopCgIepDpvWPV/NJ0CJjG5CJiS8kq/1Pq355eG76ZWNG3emNHc3CmSMv7J6ekZ4784TnJ6WsRjAsA0KK0sSwcCIdNBEEOsKx+rtjrTKWAS9QCYgpbSQ7XJm17dtjlt6O6O14+Vb3wxLz1Zqk1nA4BZ0JYSVihjFF33sekIMIzJRcDkmiuutqU+mTfyYX/aknTxl1eK5K7Jbqs6WCkiTYc+8JsNCQAzYFmKFQgYYV06bFEPPI96AEyuvLpzaDnBkJy8ofXEOa9syazZV7A9f7//2ZxUkxkBYIaoBxhhXTpsOgLMU47DjmaAiMjNWx3Lly42nQLwIo4+sxxHBgaC7HAK3XAi4dd/o/o6p/BcuFjv9+pF5GL99fEPrV31BKMHAAB4nVIMIEBExLr4Ad0A1AMAACCWpbWmIXiabjxjXfyd6RSICdQDAAC8TimxbOqBp1nni1XXTdMpEBOoBwAAQCxLa6YYeZVuOGF9Wmw6BWIF9QAAALACwdOsT99TPbdMp0CsoB4AAAAREdvSNAQPsi5/aH/6nukUiCHUAwAAICIiSiybEwOPCfRb5w5Jf7fpHIghvAsAAIAhlqVsGoKX2DXvWOdLTKdAbOEtABiiFFcJBAxwHEcpJrTEEMtW/B/xCNV+zap5x3QKxBzqATDEsnQgGDKdAvCcQDBkWfwyiiFaK5tNTr3BPntQN54xnQIxh3dkYEiCzx4YCJhOAXjOwEAgwWebToEHWDZrlOOfdbnUqjpgOgViEfUAGJKY6OvrHzCdAvCcvv6BxESf6RR4gFJi2ZoZRnFM9dy2qg+oe7dNB0Esoh4AQxJ8tlaqt4+GAERPb9+AVorRgxhkWYpdjOKYVflL69Jh0ykQozjygfsWJM3r6u4NBIKmgwCeEAgEu7p7FyTNMx0EE7OZYhSnrMulduV+0ykQu6gHwH0+n70waV7H3R4aAjDXAoFgx92ehUnzfAwdxCqmGMUl1XnDqviF6moxHQSxi3oAPGD+/MSk+YntHd3MMgLmTm/fQHtHd9L8xPnzE01nwaNwGYT4Y5/+uXXlD6ZTIKbxmQ0w1vz5ibZtdff03evtn5eYkJBg25ZmF3BglhzHCQRDAwOBvv4BrdTjyUmMG7iC7dOOI4EA+z7HA7vqbfvMz0ynQKzjrRmYgM9nP754wcBgoL9/8G7XvWAwxBXTgFlSSlmWTvDZCxfMZy2yu1i2CjkqFORt0N30tTLr9M8kwNg4JsEbNPBQCT6bkxgA0FrZth4M8UGJi6k7Dfapn+rWi6aDwAWYUAgAACZhWcr2McfStQL99sm3rMulpnPAHagHAABgcratbR+nDa5knyi0z+wznQKuwXEOAACmxLY1Gxm5jl35S7u80HQKuAkHOQAAmBKlxPYprpXmItb5Evv4v6n+LtNB4CbUAwAAMFVKKdvH1ZTdwbryR/v4v6qO66aDwGWoBwAAYBq0VrZPa01DiGnaf9Iu26Nbak0HgftQDwAAwPRorXw0hBimb1T6jv2zvn7KdBC4EvUAAABMm7YYQ4hRuvms/cmP9dVPTAeBW3HJJwAAMBOWpUR0YDAUCnG5tFihb1TZn7xhXfmD6SBwMeoBAACYIctSSvQgDSE26MbTvk9+rOuPmg4Cd6MeAACAmdOW8ik9OBgKBWkIJumrn/iO/Yv2l5sOAtejHgAAgFkJr1QOSChIQzDEuvg7u+xfdfNZ00EQD6gHAABgtsINQZQTDIRMZ/Ecq/qg7/hPVPtV00EQJ6gHAAAgApRWPp9SSgKDNIRocRy7/E37RKG61246CuIH9QAAAESGUuLz6XBDcJhnNMdUV4td/pZ98i3TQRBvqAcAACCSbFsrpdjwdE7pGxX2yb3W+RLTQRCHqAcAACDCLEsppQOBUDBAQ4g869y79ul/103VpoMgPlEPAABA5GmtfD5Lq1AgwESjiFH37thnfmad/rnq7TCdBXGLegAAAOaEUmL7tNIqEOCqCBGgG07YFfuYUIS5Rj0AAABzyLKUVjqgnAB7ns5YoN+u/KVd8Ut1+4rpKIh/1ANg5sr3FhTVjrqfmvP9HRvSDQZ6QNOh3fuLJaYiAfAopZUvQenwMALrladJ+0/aVb+yzv3GdBB4BfUAmKXMbQUv5olI5cHt+6reKHl698YM05EAIBZZttKWDgScIKsRpkbda7eqD9jVB1T7NdNZ4CHUAyBCcv/Lpg/8xdXnmzdmpLeU7ni9qk1ERFI3vBwuDPeHGu4PMlS9kV9aM+ppzSVFr5XKple3bU5rOrR7f3Fb8v3bkvP9HRukpOi10k6RMbXEn52VWVPrl6wNhVtl6DVTM7PN/ccAgAkppXw+pbUKBkJBViM8knW+xKr5tVX3sekg8BxtOgAQf5oO/bQqfUt+YUH+tixpKy051CJSebCoVrK35Be+mpPaVvVGSZOIlO8trZHMbQX539+QHH5a+ronU6WzvKJJpNXfJiKd/mYJ30599mkZKg/5hQUvb0r1F+0ubR7+K2tkTWFBfuHWnPK9pTWSvOnV/MK/TmluM/vfAQAmZlkqIdHyJWitlekssUhfP+37j/+V8P7/oBvACEYPgAipPFbcJqkbnk6XjM078qWldEd+1Zjz85p9BW9syd9dsGHU1/xF+Qe3FWwr3Bi++3RealVxS6u03A6f+tdUVolcrpHkTeuk/KedkpqTlyYiGZu/mlm8r+pg5YZXREQkOzdHRESqymtFsr6wOW34paL0wwPAtNm2tiwJDyOwICFMt160Pv2tVfue6mw0nQXeRT0AZslflF9QFL6ZtWH3xozhKUPJm17Nz6soeq1UZGTqUZvU7CvYvk+yt+S/kit5G3MO1Va1Db1CeLJQRvpykdrLh9I62yRz04bO4urbhyr9Ipnpaa3lbSJZS1hnDCBuhHc+1ZYTDDrBoON4uCSo2/XW+WLrfLG+dcl0Fngd9QCYpeE1ACMqL9eIZG/ZtjlNmu9/NWPzjvzNIs0lRa+VdtbsO1ie+2Je2obdBRuGthhq8xftrcrbmpOXm1lU21le3SlZX9icfrm4tKq4TSRrTZ4sa06Vmpu3m0UmaQhTeQ4AxAytldbKspxg0Al5byRB37qkL35gXfhAt14wnQUQ1h4AcyA9JVWkublJpOrg0DJiaS4p2p5fdKhF0jdu3JQqkpqSKU2Hdhds313aLBmb/zonVSQ1bZmISO6abOlsa5PUtGWSuya8vDg7N0ckI+/ZZGm7Wt4iIk2HPvBLas6LuWP+7py8LBl6Tsv5ctYeAHAPrZXPpxMStc/nlTUJurHC99EPEn79N74j/0g3QOxg9ACItLQNm7Oqikr3by+V1NRkaev0N8vmjdu2tRQUvV5QLCKSvOnVDekim3ds8OeXvpZfJeHtjIZ2RM3JyyqtqU3OW5chIpmpUtOWnJkuIpK+cdv3pei18Is85BoLeVtfbt69v/j1guLUzOxUoSAAcBellO1Tli2hYCg848h0ojkQ6LfqPrbqPtJ1H6l77abTAGMph52HAQBATAoFnWAofmYcaa10+xWreKduOGE6C7yr93v1InKx/vr4h9aueoLRAwAAELu0pbSlHPt+T3Djx5pKKW0pSyttKXX2gNANENuoBwAAIKYpJZatLFGO44SC4paeMKoViFLDqykaqw3HAiZDPQAAAO6glLJssUQ5joRCztA/MbY+QVsqvBeT1vdLwX3UA8Q86gEAAHAZpcSylGUpEXFCTigkIccJhRwnZGBQQSlR4T6glNaiHrHt0o0aCfRFNRwwfdQDAADgYkorS4slSkQcR5yhniCO44QcmYtLrSmttBKllNKitVJqolGCCTVWRjwMEHHUAwAAECeUEqXU6MsmhAvDqD9FhpcthP81frQhfK4fPuVXSkQppYZeeeTPGbpOPYALUA+AScT+6jfAdWZxegVMT/iEPnzTdBaRxgrTCYDJUQ+AiY1vBfQEYJZGWsHI0URPgId0tUrbVdMhgMlRD4CxRteAkdt0A2D2HMcZ6QPhG+Eji5IAT/CfMZ0AmBLqAfCA0X1geFqqQz0AImV4PrcKV4WRkkBDQPy7Tj2AO1APgPtGmsDoG2N6AoAZG+kGY4rBSFswHRCYSw2nTScApoR6AMj4QYOwxubW+oamm63tnV09gUDQdEbA3WzbWrQwKW1pymeeSPuT9KX6wf0gww2BiUaIW4N9cp11yXAH6gFwX7gVhEKhltbbpyrP9w8Mrl29Mvvp1Y8vXuizOViAWRkMBO50dDU2tZZXnk+srfvCs2uXL00JlwStNcUAcc7P0AFcgzMe4IE5RaFQqPZC/fEztc9/KSfrqVWmowHxw2fby1IfX5b6+Lpn1tZeqC8pPfGnuU9nrX1Sax0KhUYaArOMEJ8aTppOAEwV9QBeN74bnD1f/9J/27AkJdl0NCBuZT21Km3ZkuIPy8SRz639jGVZNATEuWunTCcApkqbDgDEhHA9aGm9ffxM7aY/X083AObakpTkTX++/mTV+ZbW9lAoNHobACDeOCFGD+Ai1AN42pitS09Vnn/+Szl0AyA6lqQkP/+lnIqzF0OhULghsJUw4tO1cgkOmg4BTBX1AJCRfYr6BwZZbwBEU9ZTq/oHAzeab43ZRxiIK9fKTScApoF6AK8b+aiyvqFp7eqVpuMAnvPU6pXXrreMH0AA4sfVE6YTANNAPYB3jbnWwc3W9hUZy0yHAjxnRcay1raO8aMHlATEieAg9QDuQj0AJHwi0tnV8/jihaaDAJ7z+OKFd7t7mFmEuHX1uDgh0yGAaaAewOtGzkgCgSDXPgOiz2fbgUBwzGie6VBA5NQfN50AmB7qATyNaQxA7GBmEeLT1TLTCYDpoR4AAMyjDyA+3bsj1ytNhwCmh3oAAAAwN+qPmU4ATBv1AAAQExhAQBy6Qj2A+1APAAAA5saVT0wnAKaNegDEhO35BaYjAAAiqvWytDeYDgFMG/UAAABgDlw5ajoBMBPUAwAAgDlQRz2AK1EPAAAAIi0UkLojpkMAM0E9AAAAiLTLRyQ4aDoEMBO26QCAG7SU7ni9qk2SN726bbOMup1W9UZ+aY1I9pb8V3KlfG9BUa1I1obCrTnNJUWvlXZKas73d2xIb3nYt9y/bfonBABEVN0fTScAZojRA2ByzRVX20REOssrmkbflsrLNSIiUlNZJVJVXisiIrWXy6WpvLpTRKTtanmLPPRbHvh2AEAcufwH0wmAGaIeAJNLX/dkqohIct66jNG3JXdNtoiIZOfmiOTkZYmISNaaPMnIezZZRCT1ybw0eei3PPDtAIB4cfOCtF01HQKYIcVVKuFZzrBQKBQMBgv3vffdbS+aCrM9v6CwgClG8KgfFx387y/+hWVZtm1blqW1VsNMRwNm5OhP5Hf/x3QIYGK936sXkYv118c/tHbVE4weAAAARNqlj00nAGaOegAAABA5Pe1y9bjpEMDMUQ8AAAAi59JHphMAs0I9AAAAiJyLpaYTALNCPQAAAIgQJ0Q9gNtRD4CYwLZFABAPLpbKYJ/pEMCsUA8AAAAi5MKHphMAs0U9AAAAiJALh00nAGaLegAAiAlcBA2ud+UT6W4zHQKYLeoBAABAJDB0gLhAPQCG2LY1GAiYTgF4zmAgYNsWQweIB+d/bzoBEAHUA3jayBmJUmrRwqQ7HV2mEwGec6eja+GCx8KH4ehD0nQuYJqulUvHDdMhgAigHsDrRs5I0pamNDa1mo4DeE5jTomfMwAADAlJREFUU+uyJYtHFwO6AVzp09+ZTgBEBvUAkPAZyWeeSLtQ12A6COA5Fy43rFyxXA0zHQeYqfPUA8QJ6gG8a8ynlX+SvjQxwVd7od50LsBDai/UJyTY6cuXqFHCD1EV4CbXyuXOddMhgMigHsDrwqcgSimt9ReeXXvkRNXt9k7ToQBPuN3eeeREVU7Wf9LDRo5H09GAaar9D9MJgIihHgAy8pnl8qUpf5r7dPGHZTQEYK7dbu8sPnzsuezPLl+aEi4GzC+Ci31KPUD8oB7A00Z/VBkeQMha+2TWZz9z4LelzDIC5k7thfoDvy19anXm059dOeHQASUBblJ3VDqbTYcAIsY2HQCICaMbwufWfibl8UUVZy9Wf1r31OqVKzKWPb54oc/mYAFmZTAQuNPR1djUeuFyQ0KC/ZXnnwuPG4x0A4YO4Fa1JaYTAJHEGQ+8TinlOE74pERrHQqFLMtKX77kv2740o3mW9eut5y/dO1ud08gEDSdFHA327YWLnhs2ZLFzz2zJn35Ej1KuJmP1ANKAlymtth0AiCSqAfABA1Bay0iKzKWZaSlOsNEJPwngBkYOfUPG90K6AZwsU8/kHsdpkMAkUQ9AO4baQjhtjDy55huQEkApmXMXqWj6wErkuF65xg6QLyhHgAyctYyMoYwekiBoQMgUsYMIIy+y7gBXGmgR869bzoEEGHUA+C+kUoQvjHyFboBECljtifiImhwt5r3JcTKNMQb6gHwgNHFYPSaBOoBEBET9gG6Adyq5j3TCYDIox4AY43uA2PmGpmOBrjb+BpAMYCL3fFL3RHTIYDIox4AExs5axlpBZzHAJHC0YR4cPa3phMAc4J6AEyC8xgAwATOvms6ATAntOkAAAAAbnPtpNy8aDoEMCeoBwAAANN09pDpBMBcoR4AAABMRygo1dQDxC3qAQAAwHRUH5L+btMhgLlCPQAAAJiO6ndMJwDmEPUAAABgym7VSd1R0yGAOUQ9AAAAmLIqhg4Q56gHAAAAU1b1a9MJgLlFPQAAAJia2hLpbDYdAphb1AMAAICpqWToAPGPegAAADAFt6/JhcOmQwBzzjYdAAAAwA0qD5pOAETM2lVPPOwhRg8AAACmoIJ6AE+gHgAAAEzm7G/lbovpEEA0UA8AAAAmU/Er0wmAKKEeAAAAPFJzLVdKhndQDwAAAB7pDEMH8BDqAQAAwMMN9lIP4CnUAwAAgIc7vV8Ge02HAKKHegAAAPBwp982nQCIKuoBAADAQ1wslZsXTIcAoop6AAAA8BCnfmk6ARBt1AMAAICJtFyQC4dNhwCijXoAAAAwkdO/MJ0AMMA2HQBwrZ52qS+Txkq5eUHa/dLTJgP3xHFMxwKiTilJeEySUiUlU5Y/JStyZdV6SUoxHQuYnd5OOUk9gBdRD4DpqzggZ9/lCprAEMeR/h7p75H2hvvHxeovyzMvyLqXDGcDZuzkPgkFTIcADFAOH3YCU3dkj5S9Jd23TOcAXGLBUln/LXn+O6ZzANP3o/8sHTdMhwAir/d79Y9+AqMHwNTUvC+HfyDtDaZzAK7SfUt+//dyer985e8k+2um0wBTVnGAbgDPoh4AU/DuDjnFDFRgptob5Fffkfpj8sJu01GAqTn5/0wnAIxh5yLgkToa5c2/pBsAEXDqF/LmX0pHo+kcwGQulkpjtekQgDHUA+DhWi/L3pfFf8Z0DiBe+M/I3pel9bLpHMAjlf/cdALAJOoB8BAdjbJvK4sNgAhrb5B9WxlDQOy6XiGXPjYdAjCJegA8xIHv0g2AOdHeIAe+azoE8BAnfmY6AWAY9QCYyLs7mFMEzCH/GXl3h+kQwDi36qT6N6ZDAIZRD4Bxat5nLTIw5079QmreNx0CeNCJn5pOAJhHPQDGOfwD0wkAb+BYQ0zpbJZy9jMFqAfAGEf2sOQAiJL2Bjmyx3QIYBhDB4AI9QAYp+wt0wkAL+GIQ4zo7ZDje02HAGIC9QAYpeKAdN8yHQLwku5bUnHAdAhApGyvBAZMhwBiAvUAGOXsu6YTAN7DcQfjBnrlOANZwBDqATCsp13qjpoOAXhP3VHpaTcdAt52vEj6ukyHAGIF9QAYVl9mOgHgVRx9MCg4KMcYOgDuox4AwxorTSeAiIj8rV92+eXrkXip9W/LLr/sfDsSr4W5xNEHg44Vyj3Gr4D7bNMBgJhx84LpBIi0sm8In0q7AkcfTAkFpKzIdAggtlAPgGHtftMJMKlvy86dMi98u052/tn9R/7WL0tF5K6UlMjGb0hfmez6hqx/WzauH3u7a70sFRGR+l2y901DPwgexNEHU44VSneb6RBAbGFyETCsh98QMW50NxCR1bLrnKwXEZGt54bO+GWR/NnGR73GvOFuICKrXhn6dhjH0QcjgoPyCZ8RAGNRD4BhA/dMJ8Ajff0bMk+kr0x2ZsrOTKm/K7JIvvhDkR/KqkUiIhWZsjNTmh79KnelJFN27pI+EVkkaVHKjklw9MGIY29Kz23TIYCYQz0A4BJPrBYR+fQbQ3f3loiILMyU9ZkiIn1l8s6orz9M3zkpE5E3penunAcGEMsG+xg6ACZEPQCGJTxmOgEeqYsT+vjF0Yfo++Tf5N4d0yGAWEQ9AIYlpZpOgEfqaBUR+dzwLqVbN4qIdPmlzC/hRQVfH/V1uAtHH6Ks764c/YnpEECMYuciYFhKprQ3mA6BYev8sm7U3YpMeedt+dxOmbdedo3scnNXTv1PEZH6jbJq0dC39DHI4EIpmaYTwGOO/kQGekyHAGIUowfAsOVPmU6AR3tTdoWXFIfVyc7PD13WYO/n5dbwF3c9cu0BYhNHH6Kpq1WO/qvpEEDsYvQAGLYi13QCiIjIPz3ig+Q3Zdf4pYTDG56Gr2OwftQ1kkdfFm3MJdL2fj5yiTFrHH2IpiN7JBQ0HQKIXYweAMNWsQe+S70pXSIismqn7PLLxvUiIk0fmU6F6eDoQ9TcvirH95oOAcQ06gEwLClFVn/ZdAjMyD+NnnQkcuttLofsJqu/LEkppkPAM47sMZ0AiHVMLgJGeeYFqTtqOgRmYMJJR3CJZ14wnQCecaNazvzKdAgg1jF6AIyy7iVZsNR0CMBLFiyVdS+ZDgHP+OO/mE4AuAD1AHjQ+m+ZTgB4CUccoqbuiHz6gekQgAtQD4AHPf8dSVlpOgTgDSkr5fnvmA4Bz/jjP5tOALgD9QAY5yt/ZzoB4A0ca4ia6t/I1ROmQwDuQD0Axsn+mnzxm6ZDAPHui9+U7K+ZDgHP+ANDB8BUUQ+AibywWzKfMx0CiF+Zz8kLu02HgGccK5Rbl02HAFyDegA8xEs/ZhECMCdSVspLPzYdAp7Rd1f+8IbpEICbUA+Ah1i8QrbspSEAEZayUrbslcUrTOeAZ3z8hvR2mg4BuAn1AHi4ZWtk635mGQERk/mcbN0vy9aYzgHPaL0kx7hmIjA91APgkRavkG//hpXKQAR88Zvy7d8wboCo+ugfTScA3Id6AEzBC7vlr/Yw0QiYoZSV8ld7WIuMaLv0sZx733QIwH1s0wEAl8j+mmR/TY7skbK3pPuW6TSASyxYKuu/xbXPYMZH/9d0AsCVlOM4pjMAblNxQM6+K3VHTecAYtjqL8szL8i6l0zngFeV/0ze+9+mQwCxqPd79Y9+AvUAmKmedqkvk8ZKuXlB2v3S0yYD94QDCh6klCQ8JkmpkpIpy5+SFbmyar0kpZiOBQ/r65J/+LLcazedA4hFk9YDJhcBM5WUMjTjCAAQUz76B7oBMGMsTQYAAHHkxlkpe8t0CMDFqAcAACCOlBaYTgC4G/UAAADEi6p35NLHpkMA7kY9AAAAcSEUkA9/ZDoE4HrUAwAAEBc+/JF0NJoOAbge9QAAALhf8zk5ssd0CCAeUA8AAID7HX7ddAIgTlAPAACAy1UcYEUyEClcFg0AALhZf7cc/qHpEID7XKy/Pvru2lVPhG8wegAAANzs8A+lq9V0CMB9RvrAmNvUAwAA4Fr1ZXLi302HANwq3ApGdwPqAQAAcLPDPzCdAHC3Md2AegAAAFzryB65Xmk6BBBvqAcAAMCFbtXJ7//edAggDlEPAACAC/1+t+kEQHyiHgAAALc587acP2w6BBCf/j/poS+ZA1sTuQAAAABJRU5ErkJggg==
iVBORw0KGgoAAAANSUhEUgAABAoAAAIxCAIAAABLq80vAAAAAXNSR0IArs4c6QAACotJREFUeJzt16EBwCAQwMAv+68LpgaTHVpxN0FsnrPfAQAAmFlfBwAAAH9hDwAAgNgDAAAg9gAAAIg9AAAAYg8AAIDYAwAAIPYAAACIPQAAAGIPAACA2AMAACD2AAAAiD0AAABiDwAAgNgDAAAg9gAAAIg9AAAAYg8AAIDYAwAAIPYAAACIPQAAAGIPAACA2AMAACD2AAAAiD0AAABiDwAAgNgDAAAg9gAAAIg9AAAAYg8AAIDYAwAAIPYAAACIPQAAAGIPAACA2AMAACD2AAAAiD0AAABiDwAAgNgDAAAg9gAAAIg9AAAAYg8AAIDYAwAAIPYAAACIPQAAAGIPAACA2AMAACD2AAAAiD0AAABiDwAAgNgDAAAg9gAAAIg9AAAAYg8AAIDYAwAAIPYAAACIPQAAAGIPAACA2AMAACD2AAAAiD0AAABiDwAAgNgDAAAg9gAAAIg9AAAAYg8AAIDYAwAAIPYAAACIPQAAAGIPAACA2AMAACD2AAAAiD0AAABiDwAAgNgDAAAg9gAAAIg9AAAAYg8AAIDYAwAAIPYAAACIPQAAAGIPAACA2AMAACD2AAAAiD0AAABiDwAAgNgDAAAg9gAAAIg9AAAAYg8AAIDYAwAAIPYAAACIPQAAAGIPAACA2AMAACD2AAAAiD0AAABiDwAAgNgDAAAg9gAAAIg9AAAAYg8AAIDYAwAAIPYAAACIPQAAAGIPAACA2AMAACD2AAAAiD0AAABiDwAAgNgDAAAg9gAAAIg9AAAAYg8AAIDYAwAAIPYAAACIPQAAAGIPAACA2AMAACD2AAAAiD0AAABiDwAAgNgDAAAg9gAAAIg9AAAAYg8AAIDYAwAAIPYAAACIPQAAAGIPAACA2AMAACD2AAAAiD0AAABiDwAAgNgDAAAg9gAAAIg9AAAAYg8AAIDYAwAAIPYAAACIPQAAAGIPAACA2AMAACD2AAAAiD0AAABiDwAAgNgDAAAg9gAAAIg9AAAAYg8AAIDYAwAAIPYAAACIPQAAAGIPAACA2AMAACD2AAAAiD0AAABiDwAAgNgDAAAg9gAAAIg9AAAAYg8AAIDYAwAAIPYAAACIPQAAAGIPAACA2AMAACD2AAAAiD0AAABiDwAAgNgDAAAg9gAAAIg9AAAAYg8AAIDYAwAAIPYAAACIPQAAAGIPAACA2AMAACD2AAAAiD0AAABiDwAAgNgDAAAg9gAAAIg9AAAAYg8AAIDYAwAAIPYAAACIPQAAAGIPAACA2AMAACD2AAAAiD0AAABiDwAAgNgDAAAg9gAAAIg9AAAAYg8AAIDYAwAAIPYAAACIPQAAAGIPAACA2AMAACD2AAAAiD0AAABiDwAAgNgDAAAg9gAAAIg9AAAAYg8AAIDYAwAAIPYAAACIPQAAAGIPAACA2AMAACD2AAAAiD0AAABiDwAAgNgDAAAg9gAAAIg9AAAAYg8AAIDYAwAAIPYAAACIPQAAAGIPAACA2AMAACD2AAAAiD0AAABiDwAAgNgDAAAg9gAAAIg9AAAAYg8AAIDYAwAAIPYAAACIPQAAAGIPAACA2AMAACD2AAAAiD0AAABiDwAAgNgDAAAg9gAAAIg9AAAAYg8AAIDYAwAAIPYAAACIPQAAAGIPAACA2AMAACD2AAAAiD0AAABiDwAAgNgDAAAg9gAAAIg9AAAAYg8AAIDYAwAAIPYAAACIPQAAAGIPAACA2AMAACD2AAAAiD0AAABiDwAAgNgDAAAg9gAAAIg9AAAAYg8AAIDYAwAAIPYAAACIPQAAAGIPAACA2AMAACD2AAAAiD0AAABiDwAAgNgDAAAg9gAAAIg9AAAAYg8AAIDYAwAAIPYAAACIPQAAAGIPAACA2AMAACD2AAAAiD0AAABiDwAAgNgDAAAg9gAAAIg9AAAAYg8AAIDYAwAAIPYAAACIPQAAAGIPAACA2AMAACD2AAAAiD0AAABiDwAAgNgDAAAg9gAAAIg9AAAAYg8AAIDYAwAAIPYAAACIPQAAAGIPAACA2AMAACD2AAAAiD0AAABiDwAAgNgDAAAg9gAAAIg9AAAAYg8AAIDYAwAAIPYAAACIPQAAAGIPAACA2AMAACD2AAAAiD0AAABiDwAAgNgDAAAg9gAAAIg9AAAAYg8AAIDYAwAAIPYAAACIPQAAAGIPAACA2AMAACD2AAAAiD0AAABiDwAAgNgDAAAg9gAAAIg9AAAAYg8AAIDYAwAAIPYAAACIPQAAAGIPAACA2AMAACD2AAAAiD0AAABiDwAAgNgDAAAg9gAAAIg9AAAAYg8AAIDYAwAAIPYAAACIPQAAAGIPAACA2AMAACD2AAAAiD0AAABiDwAAgNgDAAAg9gAAAIg9AAAAYg8AAIDYAwAAIPYAAACIPQAAAGIPAACA2AMAACD2AAAAiD0AAABiDwAAgNgDAAAg9gAAAIg9AAAAYg8AAIDYAwAAIPYAAACIPQAAAGIPAACA2AMAACD2AAAAiD0AAABiDwAAgNgDAAAg9gAAAIg9AAAAYg8AAIDYAwAAIPYAAACIPQAAAGIPAACA2AMAACD2AAAAiD0AAABiDwAAgNgDAAAg9gAAAIg9AAAAYg8AAIDYAwAAIPYAAACIPQAAAGIPAACA2AMAACD2AAAAiD0AAABiDwAAgNgDAAAg9gAAAIg9AAAAYg8AAIDYAwAAIPYAAACIPQAAAGIPAACA2AMAACD2AAAAiD0AAABiDwAAgNgDAAAg9gAAAIg9AAAAYg8AAIDYAwAAIPYAAACIPQAAAGIPAACA2AMAACD2AAAAiD0AAABiDwAAgNgDAAAg9gAAAIg9AAAAYg8AAIDYAwAAIPYAAACIPQAAAGIPAACA2AMAACD2AAAAiD0AAABiDwAAgNgDAAAg9gAAAIg9AAAAYg8AAIDYAwAAIPYAAACIPQAAAGIPAACA2AMAACD2AAAAiD0AAABiDwAAgNgDAAAg9gAAAIg9AAAAYg8AAIDYAwAAIPYAAACIPQAAAGIPAACA2AMAACD2AAAAiD0AAABiDwAAgNgDAAAg9gAAAIg9AAAAYg8AAIDYAwAAIPYAAACIPQAAAGIPAACA2AMAACD2AAAAiD0AAABiDwAAgNgDAAAg9gAAAIg9AAAAYg8AAIDYAwAAIPYAAACIPQAAAGIPAACA2AMAACD2AAAAiD0AAABiDwAAgNgDAAAg9gAAAIg9AAAAYg8AAIDYAwAAIPYAAACIPQAAAGIPAACA2AMAACD2AAAAiD0AAABiDwAAgNgDAAAg9gAAAIg9AAAAYg8AAIDYAwAAIPYAAACIPQAAAGIPAACA2AMAACD2AAAAiD0AAABiDwAAgNgDAAAg9gAAAIg9AAAAYg8AAIDYAwAAIPYAAACIPQAAAGIPAACA2AMAACD2AAAAiD0AAABiDwAAgNgDAAAg9gAAAIg9AAAAYg8AAIDYAwAAIPYAAACIPQAAAGIPAACA2AMAACD2AAAAiD0AAABiDwAAgNgDAAAg9gAAAIg9AAAAYg8AAIDYAwAAIPYAAACIPQAAAGIPAACA2AMAACD2AAAAiD0AAABiDwAAgNgDAAAg9gAAAIg9AAAAYg8AAIDYAwAAIPYAAADIBRGSB0hWyr2oAAAAAElFTkSuQmCC
]]></system-out>
    <system-err><![CDATA[SLF4J: Failed to load class "org.slf4j.impl.StaticLoggerBinder".
SLF4J: Defaulting to no-operation (NOP) logger implementation
SLF4J: See http://www.slf4j.org/codes.html#StaticLoggerBinder for further details.
Mar 26, 2025 9:23:24 PM org.openqa.selenium.devtools.CdpVersionFinder findNearestMatch
WARNING: Unable to find CDP implementation matching 134
Mar 26, 2025 9:23:24 PM org.openqa.selenium.chromium.ChromiumDriver lambda$new$5
WARNING: Unable to find version of CDP to use for 134.0.6998.167. You may need to include a dependency on a specific version of the CDP using something similar to `org.seleniumhq.selenium:selenium-devtools-v86:4.18.1` where the version ("v86") matches the version of the chromium-based browser you're using and the version number of the artifact is the same as Selenium's.
]]></system-err>
  </testcase>
  <testcase name="logout" classname="com.orangehrm.test.HomePageTest" time="4.498">
    <system-out><![CDATA[iVBORw0KGgoAAAANSUhEUgAABAoAAAIxCAIAAABLq80vAAAAAXNSR0IArs4c6QAACotJREFUeJzt16EBwCAQwMAv+68LpgaTHVpxN0FsnrPfAQAAmFlfBwAAAH9hDwAAgNgDAAAg9gAAAIg9AAAAYg8AAIDYAwAAIPYAAACIPQAAAGIPAACA2AMAACD2AAAAiD0AAABiDwAAgNgDAAAg9gAAAIg9AAAAYg8AAIDYAwAAIPYAAACIPQAAAGIPAACA2AMAACD2AAAAiD0AAABiDwAAgNgDAAAg9gAAAIg9AAAAYg8AAIDYAwAAIPYAAACIPQAAAGIPAACA2AMAACD2AAAAiD0AAABiDwAAgNgDAAAg9gAAAIg9AAAAYg8AAIDYAwAAIPYAAACIPQAAAGIPAACA2AMAACD2AAAAiD0AAABiDwAAgNgDAAAg9gAAAIg9AAAAYg8AAIDYAwAAIPYAAACIPQAAAGIPAACA2AMAACD2AAAAiD0AAABiDwAAgNgDAAAg9gAAAIg9AAAAYg8AAIDYAwAAIPYAAACIPQAAAGIPAACA2AMAACD2AAAAiD0AAABiDwAAgNgDAAAg9gAAAIg9AAAAYg8AAIDYAwAAIPYAAACIPQAAAGIPAACA2AMAACD2AAAAiD0AAABiDwAAgNgDAAAg9gAAAIg9AAAAYg8AAIDYAwAAIPYAAACIPQAAAGIPAACA2AMAACD2AAAAiD0AAABiDwAAgNgDAAAg9gAAAIg9AAAAYg8AAIDYAwAAIPYAAACIPQAAAGIPAACA2AMAACD2AAAAiD0AAABiDwAAgNgDAAAg9gAAAIg9AAAAYg8AAIDYAwAAIPYAAACIPQAAAGIPAACA2AMAACD2AAAAiD0AAABiDwAAgNgDAAAg9gAAAIg9AAAAYg8AAIDYAwAAIPYAAACIPQAAAGIPAACA2AMAACD2AAAAiD0AAABiDwAAgNgDAAAg9gAAAIg9AAAAYg8AAIDYAwAAIPYAAACIPQAAAGIPAACA2AMAACD2AAAAiD0AAABiDwAAgNgDAAAg9gAAAIg9AAAAYg8AAIDYAwAAIPYAAACIPQAAAGIPAACA2AMAACD2AAAAiD0AAABiDwAAgNgDAAAg9gAAAIg9AAAAYg8AAIDYAwAAIPYAAACIPQAAAGIPAACA2AMAACD2AAAAiD0AAABiDwAAgNgDAAAg9gAAAIg9AAAAYg8AAIDYAwAAIPYAAACIPQAAAGIPAACA2AMAACD2AAAAiD0AAABiDwAAgNgDAAAg9gAAAIg9AAAAYg8AAIDYAwAAIPYAAACIPQAAAGIPAACA2AMAACD2AAAAiD0AAABiDwAAgNgDAAAg9gAAAIg9AAAAYg8AAIDYAwAAIPYAAACIPQAAAGIPAACA2AMAACD2AAAAiD0AAABiDwAAgNgDAAAg9gAAAIg9AAAAYg8AAIDYAwAAIPYAAACIPQAAAGIPAACA2AMAACD2AAAAiD0AAABiDwAAgNgDAAAg9gAAAIg9AAAAYg8AAIDYAwAAIPYAAACIPQAAAGIPAACA2AMAACD2AAAAiD0AAABiDwAAgNgDAAAg9gAAAIg9AAAAYg8AAIDYAwAAIPYAAACIPQAAAGIPAACA2AMAACD2AAAAiD0AAABiDwAAgNgDAAAg9gAAAIg9AAAAYg8AAIDYAwAAIPYAAACIPQAAAGIPAACA2AMAACD2AAAAiD0AAABiDwAAgNgDAAAg9gAAAIg9AAAAYg8AAIDYAwAAIPYAAACIPQAAAGIPAACA2AMAACD2AAAAiD0AAABiDwAAgNgDAAAg9gAAAIg9AAAAYg8AAIDYAwAAIPYAAACIPQAAAGIPAACA2AMAACD2AAAAiD0AAABiDwAAgNgDAAAg9gAAAIg9AAAAYg8AAIDYAwAAIPYAAACIPQAAAGIPAACA2AMAACD2AAAAiD0AAABiDwAAgNgDAAAg9gAAAIg9AAAAYg8AAIDYAwAAIPYAAACIPQAAAGIPAACA2AMAACD2AAAAiD0AAABiDwAAgNgDAAAg9gAAAIg9AAAAYg8AAIDYAwAAIPYAAACIPQAAAGIPAACA2AMAACD2AAAAiD0AAABiDwAAgNgDAAAg9gAAAIg9AAAAYg8AAIDYAwAAIPYAAACIPQAAAGIPAACA2AMAACD2AAAAiD0AAABiDwAAgNgDAAAg9gAAAIg9AAAAYg8AAIDYAwAAIPYAAACIPQAAAGIPAACA2AMAACD2AAAAiD0AAABiDwAAgNgDAAAg9gAAAIg9AAAAYg8AAIDYAwAAIPYAAACIPQAAAGIPAACA2AMAACD2AAAAiD0AAABiDwAAgNgDAAAg9gAAAIg9AAAAYg8AAIDYAwAAIPYAAACIPQAAAGIPAACA2AMAACD2AAAAiD0AAABiDwAAgNgDAAAg9gAAAIg9AAAAYg8AAIDYAwAAIPYAAACIPQAAAGIPAACA2AMAACD2AAAAiD0AAABiDwAAgNgDAAAg9gAAAIg9AAAAYg8AAIDYAwAAIPYAAACIPQAAAGIPAACA2AMAACD2AAAAiD0AAABiDwAAgNgDAAAg9gAAAIg9AAAAYg8AAIDYAwAAIPYAAACIPQAAAGIPAACA2AMAACD2AAAAiD0AAABiDwAAgNgDAAAg9gAAAIg9AAAAYg8AAIDYAwAAIPYAAACIPQAAAGIPAACA2AMAACD2AAAAiD0AAABiDwAAgNgDAAAg9gAAAIg9AAAAYg8AAIDYAwAAIPYAAACIPQAAAGIPAACA2AMAACD2AAAAiD0AAABiDwAAgNgDAAAg9gAAAIg9AAAAYg8AAIDYAwAAIPYAAACIPQAAAGIPAACA2AMAACD2AAAAiD0AAABiDwAAgNgDAAAg9gAAAIg9AAAAYg8AAIDYAwAAIPYAAACIPQAAAGIPAACA2AMAACD2AAAAiD0AAABiDwAAgNgDAAAg9gAAAIg9AAAAYg8AAIDYAwAAIPYAAACIPQAAAGIPAACA2AMAACD2AAAAiD0AAABiDwAAgNgDAAAg9gAAAIg9AAAAYg8AAIDYAwAAIPYAAACIPQAAAGIPAACA2AMAACD2AAAAiD0AAABiDwAAgNgDAAAg9gAAAIg9AAAAYg8AAIDYAwAAIPYAAACIPQAAAGIPAACA2AMAACD2AAAAiD0AAABiDwAAgNgDAAAg9gAAAIg9AAAAYg8AAIDYAwAAIPYAAACIPQAAAGIPAACA2AMAACD2AAAAiD0AAABiDwAAgNgDAAAg9gAAAIg9AAAAYg8AAIDYAwAAIPYAAACIPQAAAGIPAACA2AMAACD2AAAAiD0AAABiDwAAgNgDAAAg9gAAAIg9AAAAYg8AAIDYAwAAIPYAAACIPQAAAGIPAACA2AMAACD2AAAAiD0AAABiDwAAgNgDAAAg9gAAAIg9AAAAYg8AAIDYAwAAIPYAAACIPQAAAGIPAACA2AMAACD2AAAAiD0AAABiDwAAgNgDAAAg9gAAAIg9AAAAYg8AAIDYAwAAIPYAAACIPQAAAGIPAACA2AMAACD2AAAAiD0AAABiDwAAgNgDAAAg9gAAAIg9AAAAYg8AAIDYAwAAIPYAAACIPQAAAGIPAACA2AMAACD2AAAAiD0AAABiDwAAgNgDAAAg9gAAAIg9AAAAYg8AAIDYAwAAIPYAAADIBRGSB0hWyr2oAAAAAElFTkSuQmCC
iVBORw0KGgoAAAANSUhEUgAABAoAAAIxCAIAAABLq80vAAAAAXNSR0IArs4c6QAAIABJREFUeJzsfXmgHUWV9znVffe3r3nJyx6yECAJm7IvggsKKKCCGzqK6CfghjrihuOCDuo4MKMso4OIOsKoLAqyCQRChjUkQEK2l/29vOTt9921u+t8f/Ryq7d7u29eyEtyj7Hp17eru0796pyu+tWpKiQiqElNJpsQB60A2SGeGYCxHTS8jYY3wZ43+J7XIT9q3YXoSgeA5n+IQP8dzesVjuYfjIGPWej3mudEgMKx4huMO8WXBS8Q38t+uohZE391a+LxIE99PXTx091fC4+3VFKdAMXXBsDRlrUKYmaFICiOoo4WpkGV8S4BsdQC4lgO0+A4emLqxNEH05BohsbRXgJhJIxVipkLXjPD4hgMTTP3frYpFkQAHKuzzTBSsWb6+digtll6dBU+NpwufqkmxDZdiQUdA2nkh2Ml2wyoengfGw7HCfGxVWBaE3+Rbt1Z/gasdQ9qcjDJ0Gbe+zLf+X+wbQXfu85yN2Y/wdfRoMeHU0/i7V5tHY8AzSCbw56YJp0tO77NuwrNIFfuQjbpnK/yKRLfZlCo71Tp1mAfj7DdrbA4+utSGVPvtwTAsfLnU89cVZ9MV3YDNunc3a1yrw3bnPWoyeE1qnSLcR7MNt3NoHC2GRxHT9sMq3tA2wyLY+lxYXB02KYTgcq6TKCPdT4yaAmHsk1X7g60j/V/bdXdrcC2GVJ3z5oZ2seGspqamFLrHtTkEJXcEN/0KN/0CN/0COXHRKdVxtF4fMzLuhj36IQhzlT+zb7Qnxnvt1Tx2RBzU1nCOdl9HDkplwVbdsI3zcPr4vegfcTRhWlYHL1KQMxZGF38JHxzwVBDzFzgog3bba7u8++No3heFtOKOLoU289N82A4ijqGGDkJZ5tV4hhOlyAlUEVzdr/42HDVsxrbnODR6QnxsdXYZjkfK57vm4+tSRipdQ9qcogL3/IUX/8AvfEApXdbFxF93Q2GYfXQ9Q33cK/BPh7lmnfVu9p9ZGcru9f9HDwQRHevT0igD6dLx31r0lXG0fG4ECL2AEI16YKyelWzreEDe4KUQKimgAtTnzpTwTaDB4GE08Xn/n1lZ8s27xxJJ4lthsXRE9OwPjZgM/3N8bE2YFw6uh5vnFc7ohXONsP6WI+vxr7a5gH1sTVxSq17UJPDQviWp/irf+Sv/hG4CsLnkzHbJ8c6sgCuShf7AMJEfA6rc20+qXw/pdUztfu9y7EPn+qgn89KTK3X5zAs51oWl33RvYqmg1Mr588hmzXoyz6G1cUvVYhGraNJ5Psqn5r55gRr+f/oUVRhgiigiqZqWAY9gC6+iayY9cA4hrPNffSx+8c231Qfa2HqrW/1uthuDz/3IMxoWCirFBWoRpeaBJRa96Amh5HwNX/gq+7k21favqjo/fnEwBXfORRRSUK7WiNZGTbIqzkbyOG6MxfS1frcH+rj4d2Edeu4HwbTy2kU7EbjvFqm1v6ufcTRpWN1n0whlW8TNlgzyK2VvdKHCnEJiWNVJTBBTK0/jqGbQV66hLfNCQmMCWSblctMLOh99TO+t1c3GuawTYeOFfzMfpt74Ejl8cRwaHopx4A4AAPi4WzzYPCx1Yxw1sTVPVjfs2PBnOnilVr3oCaHlNDgRu2F27Tnb3M4GkDvT0VwV+49WdnrxglrAro+/0E//BM26OxbGKGbgD6fGd9P4MSw5iFLoAKm1eIoXNgPrHlYXex6VdmUL8dMV8Y0QDMuvC7BcRTPQzHTwqvCs+bupkw5taqvyWKPPBSa+8U2q9fFkdYmE+Zj9zNrHkQXP6nex1Kyidd1QF07pVooVkfROpBkYBIAgFZkahGULCtmoDgu5Uchnw7nY6vRxa8OVI1jOducOCEgAq4R10AtglqkYh6Uwv5845sqYvdgfc8O/UTsIdS6BzU59IS0527hL9xCw1vNK+aIAXi7G3S7Gz/2C8s66WpY84lqBoVq0pX9ZIpXJ4Y1D6uLn4gtsn0KBPJt+uxLU6D6Jl2wT2YFNMXHuXSsljWfiEaAW+w67kMg0H5mzSe2GVQWxzBzDyaUNQ+riyhV4yiWgPP54WzzAPhY8TyUj/XRsfogJXu5JVt4y0xqmUENU4hFAigJQJxlh1h2iGUHWX7EpldYHG3KBLbN/T2HZMKFa1TIQD5DheyBeP1EitU9sPoGulg9hFr3oCaHpmhr79VW/Bv0veLhxrya+CzQYCUCCIuovjnBMLoEiYUN43ad3jXs5zBsUFO5t1RSfSIYPn8xs0K1fQ8qdzmC6OKrevigO7EEwsgBC4ap0LSthKaZez/bFAsiAI7V2WYY2c8BIfs4ShlOF79UE2KbrsSCjoE08sORAJDXd1LnQq19HkQSIXU2RS1K4/1SejfLDuxD0J2fTJCPrQLT/SdakbJjlBkNcOskldrcg5ocvsJ7ntCe+Snf9jS6XS2inVI2xPvj6XLrvtux6ecT06QTJUAzvYx7tbnacE0656t8isS3GRSq1VG6NdjHI2x3K4DuHk2BiY9vFs8DNukm6JPpym7AJl21oyjBmrMeNTm8RpVuMc4nfhTFC9MQQRFethlW96qYWnfu/d8SBkeHbToRqKxLINusbu5B0BIOZZuu3L2JPpYnWmjKkeqURSDHArzJ3//oMGtFaayPje1i+VF/3YPqEkR3z5oZ2seGspqJFU2hzAhlxw7Q6/dJat2DmhzWwrc+rT75A9q+0rFakS7M7e2DtU1ck5UruN0wnxlB9uGz8abExVY9clIuC7bshG+ah9fF70H7iKML07A4epWAmLMwuvhJeHbWUEPMXOCinaAgigrijaN4XhbTiji6FNvPTfPgzVnzPHR4T1DbrBLHcLoEKYFQtik+qJxibx79EcI2y6GpdR7Ju5dQqs3tf4YKyqAmjbBEWkplpWSRRQkZAka5klAz9VqmiWdaJa01Jrvzg4W0PLKdjWyfSNss52PF833zsQdIqJilsUFQiwc6I+Gk1j2oyeEuvOcJ7Ynv810v6o7Gve8BotP1IFitOaf7sxwSulbPK//xKNe8q97V7iM7W9m97ufggSC6e31CAnVOXDruW5OuMo6Ox4UQsQcQqkkXlNWrmm0NH9gTpARCNQVcmPrUGTfqAa2yXGbDoum0zapx9MbUuOpIekBtE2efgHNOwO6joWMONnZBshGkYIHvB5doCmRHaaSP+ntox2vU8wJtfqEspnqysjjq5+FHtChWx6ct1bqXOB4+VlS3a/Ht0a4ciyGCa1VuFO8nwoSanV7smyHlG2KScBsBoDy8RRrehsVsyCC9crZ5QH3s/haisYGDaxhB7x44Jh7ook8/qHUPanLoi7b2Xu3Rb9DozlLj3uHY0OmqKjZVEcM3a8C7yxFIfFL5NomqZ2r3e5cjWLvM+/6An89KTG3ZLkfQ5lY5XPZF9yqaDk6tnD+H6nKIFWJfdfFLFaJR62ja+r6qYrO7PI77Fqzl/6NHUYUJogCPLoeXvhV0d+conC5uwdkn4AkXs2POg/q2oGkOLaH0AL3yoPbcn6Hnhf3oYy1MzXNKNGqzTuLt88TMjBbVDbx+R1xYdsboR4I53I0AiICISHqzj5ieLSLqzm1fIKUbIpKYaSm9WxrazPJjVflYUUJZpVG6Hj520nUJnEKZEUoPHuhcBJVa96AmNQEA0J77pfrYt4ArupNCV1CEezqBQLN4uyd3EuP28FMwoQJT69WcDeRw3Zmrvmku3h+qge7dhHXruE8BSwGas46sB7vROK+WqbW/ax9xdOlY3SdTSOXbhK2Epj+m+xywFBDHqkqgCqZW/8Num/44hm4GeekS3jYnJDAmkG0C4uKz2ZmfwfmnBC30Q11o/Qrt8VvptX+Yf1fVnPXxsY4fKdmqzTmZN88Uk67LSeuT8wBtzTlEJOKIAICaqpLGkTFZkiUmceL6LYTM6B8AAMDC7MZFCU1UQBrfIw1uZrmRyexjqxnh3G9CuTEa3XugcxFIat2DmtTEEOWhr6jP38aEfgGzN+Pcns/XFwqOySvRBDUBXZ//UI3yoFJNEzN8E9CnKe/bPJ0Y1jxkCfimmrCm/H5gzcPqYteryqZ8OWa6MqZln16tLsFxFM9Djf4JrxLGGKtuypRTq/qaXHWgWmXbhPY50vnX4ZLzAmfoMBK+6kHt3h/Sni2+d4RD08M2Kd6gzTuDt8ywsEsX1VdwynCsjfTOAwKS5TCQcy2TyfT39w8PDatKMZVINDc3N9Q11NXXRaNRQqN7IGaxuTCwlPoaIrJ1iWX2ynvXs0La2zYDind9rvpbWc42D7gcLD2EWvegJjUxhPauU/72Rb79/8RZA+4ZBEaL3/xkOgKNPF0Uc8zV3L/TScu72oBNunLNWdvViWHNw+riJ2KLbJ8CgXybsJ7N2f3epAv2yayApvg4l47VsuYT0Qhwi13HfQgE2s+s+cQ2g8riGGbuQeg5JA5Mq9KFnfwRdskPDs15BRMlmqL98Zv86bsqNmGrsE2KJLS5p/H2+dZD9hS0F+ILNCYDICEA6R8jBAKu8T39e3bs2Nm/Z8/2HdvT6TQQTZ3S0dbaTJymdXd1d3e3tHWgJIHRodAH1QkAJFJPyK7viDGrTkpju+S961HNT7xtVhqZ9C64sDX5TZeDIsqoYvdAuv766w9ExmpSkzdbMNUOKPENDxldYvfuB+L32kzlCEHybNaQVzfDvykgfqsDS9n45ircrtO7lmvWiOdlmjXlPodl31JJ9bDBWuFGUfaxy2GvLpWV8S4B3+7KPo6iuH4J1FR14uiDaUg0qwi6E0sgjIQJURMzF7xmhsUxGJpm7v1ss+q5B2Fs00vYxd9j7/6asfNuTfyESezocyHVRK8/4VGcYbuOdjT59BP41KOs67sL/LnUYmIM9DkFwACRAQBgZjyzetXq51Y+t+GNDbt39+fzBU4Ui0UjslTM54YH9zK1MD42kslkiCgWj0uSjICAhAiAnJDtjLY35PrrJZNoiNUjcMwOOr6VB2Dfg4NEMBoHrk3yLZbZ+V8CgMFhj+nUbc2NtdGDmhx2Urz/c3zVXaWRAdPrODyPLWpIaNb4Nh2E2KQJatLZn16xmV7GvdpcbcgGuuNVHpfLNoNC9QVKtwb7eITtbgXQ3aN5N5FMbQAc35yptOL3OjiaoUdRgjVnPWpyeI0q3WKcT/woihemIYIivGwzrO5VMbXu3Pu9Rbr8l3jshYGzVRPgL96n/epzE+hjtbZ52oJziBkxPwNF7dnk0SU70b9mBEgwMjz0/PPPr1+3XikUC8WiyjkgasQjsThoWlTCjtaWjpamTCadJx5PJGfOmbvoyKOSqToEBOCAnAj1r9lJmdfaosYYApIm735NGusLrksQ3QN2myv42FBW8+YJ8YGdk3m104qjB7JXqprU5JAV6agPqOsfwuwgWJQ8EpARtWkJ2ecVGF5bHFOwOSbRryMAEQlH0wECEWHpaDnGUhPB4eNKbyHhs2ENcphHsl8ha4oa2Xkb4bFl3uUW4f5So8KuC4FdUy/dKzZnCSwInLqgW2tRd7LnLpguXuUMQCA2nPx08dMdStWEgNxzDwLg6IOm2aITMCUnsG5dKpUAmsqBL46u+qw3Rswi8Rk5Md4ifsEFXfwwJbuOAT//FWoymiUVzDZLWttxDGubfjgGsU1fXfzK2a5jRaukUrFWtM1a36AKYcdfCADqr/6f7WqZ+lzWx/JYvTZtCTFZT5xTtZdi89BkpKwThjAyOPjC889t2bw5FovkMhkirb29TePaeDanapTJ5gvIGhs4oZTLF8cL+aGhkb0Dg/l8ccnSZfX1DYDIUOZkhNiuShxxamFDQpYAgFBSG6djbhiVXAXbDOBjwdLRrLdOqwzlYydj3wAAEBtaaahSh2oSCzvQGahJTd5UkeacIS++yBweMBY1RTScLJYErGXgEHQ2pXREI4V5NIZ3zXOwktuP5qn5bPNoDT04hzBKR7QWrRZTmBMlbC8yf0AzY1jKo5lL459wbqWwC5TUE4/ie8D2dFvO3LkzL4hrcJtHdKtuPcrIrvkiRwZAuEVAxamVoCaUCkFIAfZbwAdNPxxRxNFFgbtxFPUqlYC92pRKwI6pvdQ9cLSj6bjdjiN64Ig+OAI64LGh6cDUkVIsQX80UdDdho0Xjiji6LBNW70X3uQuZPG0VDyWe/DyI0Ft04Wjwzb9cATwxhGdirmy7mWV1domu/h7tb5BdcKOv1D+wPf8bNP+pSljmwCI1HUkNXQBGCCtodailARABIbAAFDv3KvFwvZtWzZvXN/a3JTPZjjH1tbWRCIuyzLnWlFRVM4VTRsYGOzr74/FExEmxaOxZDyxt79/wxvr89kcQwlRYozpmSnKyVexzeTJkJItvLG7Stss52O9bLM6HzvJBKNJTDYc6FxUL7XuQU0OO5GOvBDj9RwMto+IOBlUJ4G+yBuRcUbGEYiAzCT6P4McLR3JPFqXAErsiHAw2EPrnx/jIop1g+1+MTRQfB058ydeACIgQ3frvKSs/h8iX12Eo0134xKIapfXxfNP992lG1y6kFfGbHgY6oCIJtlx9NDF/Q7bK0oZF3GhMDjaUtmeKvzhhaNXCZRwBFHNkvZldHGVgDk0EQrHcCVQThfv7Fm2SS4F7Tj62qav7q6hmCrQ9LBlO452XcrWZJtt2pU1jbM8mh5+KYBtunRhJ3+Enf5Jf+VrUkHYWf+Ep37Y08cKTraCbVK8UetcZMGzJY97ElMRGcMIomT+Y5qq9vbu2rp1S0SWC/kcECkqHxwY27Rx247tu9NjuWJRYQw5qqqmEBIhl2UJiHLZ7LYtW1c8/czKZ1fmsnnOAYAhMv2xe5PTtuX1VjgBgNYwlcca3BXXy8d62GY5qyzpbhtEsflYCGaVk0kw1XSgs1C91IKLanLYiTTrNG3+O2nNPSRQZqVoIoFQM06EgVEUI0bcRKSxW5q+ETMaq0GUHmBdNo/iWGv5fQ/0sBuDMhGCu4WwTSQj3BsAEclJYOoPIvNh9mAqUXd7WJWY3dJNpi7CUdSx/ApOLjLaOPOLvxcybegl6G7+SAIGLljEV5GYCeEXO46WjsY5mciCfSqKF5r+g+92HNEr8t7EETxwJCdQbhzF/6DPJQFNm44o1k8UdfGODBaGfciJo5F9V0F44Wig6cLRXSWFmmzWT7GE3Yy4C1MqWajNNtHHNoVqTSKO4IOjgCYKNdmmqYipJ5p2TL0KAsBum7oudhwr2aar8EQcsX0Ou+QHUJN9E/nSH6gbVuqrnfr6WJdViv6HT1lEsXr9viKntal5wAAQJdIIOKGkgCxrmZ09G1587gVNKUQkkOWIovBsdlwjyhFKkiQDqqBRRGuqS8UjkYH02J6hMS2naMUColbklOO4ZyTd1d29aMF8iETIyCIjhLX1C7vyr0clBkQUSfH6KayQDuZjwamjK5mXjxXqqtvHVrbNSSZSBFONlBk90PmoRmrdg5ocjiLNPUddczcCcHE1FW74KqvbAFa3wWQsSpGPvjHBWGL1w8ask/3lrvjmsvH33vHNHuJgX4LGN9t1rBiz7ool1VtHVPLrjqIup4vf3AP9UJp7sI/R6q5U5l9B42LLxawHxxFsMeu6eh5x6iF18UpVwhECzz0QSwBEfQ0kjSyDyQn6zaPwKgG7jmHRrHx/yTY90PTR3ehH2R5Iglvw08WOpoWjx9wDly4UUner1Cwc9YyXR1PwS27bZO+5rraG6QSIFGHv/bp62xUQ3NMagkDEowmtbY75G24uRngsisAAkRgxQhWQMVQyuZ6N67VitqE+lekdyWmQySuZIkE8omnEVU3RVMZYHCQaH2PxRCwalWQZ6yIRziIycmSDGXUkU9y1vXfBggWSEfKDSICAmhTp0eILmb4ID2l1HWxkGyqFifCxKBhWKB9bxjYnnWCyodY9qElNDhqR5pzJ2hfR3jdQ4DIByQzmB5P5E2g3ALFZ5ccZC9ykkVRPoDN54KRcRN5IpGRLP9poFyNvTpbRjNMkx9HNaHqxucJDTR0dvSOP1SQ8mGadm/QebbArIFDNDlrZfotr9MOYCWuqKLDsrnEGO6crKEYuHf3ZKYE13wccBTTLccYOHQVMQeDa/dEUH1fKjhNH5whASBzBrbugnqPgHZqWEtl1FLh2EVMvNEVlzGKoiKPDNgU23ShjC1NwHa0HOcB0jWYEsU1w2SY6gPHCEYRidtZMp1W6MBX9TwU0S4rhkW/bx73PcOOT0t++pV12G3Uu2pfnHALClp3HjjqHXnvcVq08fazLNql1NiVa9GQq5z1185EhgkSIBISg6qH4UUYt9cn8eDwaSyggDw5nBjOqihEqKFHQ4hLVJeQ6OdrW0NDd1TpzZntdfSJeF4/GY03JVEyW8kXtkSefX/HK2i1b3lDVkzEaseo+ECDglvr583JrZEQApFg9pdrZ6E4fHxvSNq1vpWNstoKPdQ5ZTmqRohhLUiF7oPMRWmrdg5ocllLXyWaerO5ZB6gPGwAz45v16U9c7yFYzJzRQyjRa34MB+eIaOPnrA862Loc5Pzsl4+ndJMxTrrch6kV+VohHlpcCQdMbtt6nJ3R0X93Mo6+IyFlVpPw5JAq6V5iakX2nXxYW5futkd7nJoMludIiOdKL56fw+A4epWA/YkCpmVGUYQSsLPRZXF0MMeemDpxtNfVatH0xrHMyIm9BOzgCbZpzxE4bNONpgtHsjdrvG0tiO6mGdlBCGSVzlWbxBfbesHmwGQQHN0rpJVpUQm6sDOv9L0tgOCe9fI9V4OSle/6hHLlA1DXvi9POwSEnfNp9bXHHHXGgzV3YcqbZ1gJdhaB4jIDRCSOEiAAaQDIEJCrMRkURSmouZGxzPBIJsoibQ2RJPD2ulh3W/3M6d3Turu6p01t75wSTzXE44lEKokxiTFOqprJFEiO7Ojfs2nHrvHxfEuqTm+HM0JERkCEcq8izYhyvX7wZAsb2ekeDTPEwzaD+li3bYLDNoP42Eko8RTUugc1qcnBItKMk9QXfq27Huvja4lIqJVIdoGxQEcMpT2W2BXfLEYDg8BWCq0Lz6aJmR0hGNnGGIqcq298sxiz7mLrS091HI1claieSvHNIvfsG9/s/RZnCdh1nKC5B35NOpEEFnG0eHTXrAOfmHURIW80feceVJpDIuoO1uhWoLkH4i92khkcGnmg6Wb4BB1964ytOWtlwBdHj5osPNiNo3edcZS0YJse8c2h5x4431LKos02BeK0jFUKtgnkYZte0NmKw9A9+NwDLIej/S04+wScf6pPcVcWTPfLd36M4vXapbfI//MZ+a6Pq5+8ByLJqh94CAhbcAqbewJtfhHK+VgnjlxOUEOXlWBXpMVYDcj4wiChxEACVDlp8WhkakfHnuEMA6iPyXPmzFgyf1adOtrdGGmvi7W0tzR0tEQbm+RUvRRtZHJCA4aEKmkIGInSkQvnHn3kvI39r4yNjbR2tprrDpG+sBAn6o11zKDdRsYSLRBJoJqHqnysaN9OH+v0tB62aT3O1zYnn2AsRbD3QOcitNS6BzU5TAW7T6R4A+RGDUpNGAw1xwoEBsPG77qdoMmOgK1pW9v3wB3fXMaVl5hXN9taIcLbh20tq4tXObtYvQA4VliT265eZRzLxuvbMCUnsG5dKpWAEKde2/egtu+B3i47/mL/91USJSvd+VEoZrVP30ttc9VLb5Hv+oT8P59VP/JrwMN6x2V24kXqphd867OXj6X6dorW6QnymjoU75SAISAy1P+PgEBIRIVcDjivr68bTue7uzqSkcjCBbOWLp5He7bXYb4uhjGZGAFqEQljgIyjpnElwiOMkHGSSKuP0Oyp7Q2p+MjomPlwQEBgoA8cDyW78mO9cYkBAEUSPFrH1FxFXWwXPXQv1dtDcd8DQZgEkdgk30TZLbWFTWtymAprnilNOcbaVAZLi5CLCzL7rq1uprCvrW6tLw5eLHaJ+AGwreJc2/egVAY21a1H1fY9EBQot14+eqPpuL2274GfbQpomjh6DlwEtU0Xjg7b9MMRDti+B6zqWQekyf/zGRzcql56C7XNBQCac4p24Y+w5xnp/uuqfOahImzZeWKlFVH1tc36TgADmCHVvI4MQUIExoihBCAxkIu5oixLUlRu62jr6upoa6zDYg7UYiSWIDmuYCJdjIznoZDTtBxJmoq8CKRyTWWKhhogcZmUhrjcUp8kTUFkesNdz6jRHwEc1phVSyheX9v3IJRgNH6gsxBaaqMHNTl8BduOoK1Pm0wEAQAicQKGYDF8tvlVZEQM6KmtcXq/eEor0EYghizm1Z6VEuNylfS176PoScbW0Evf1556RKdO2OXbWNdq/qMLuMDOAtiZy/JRzrbIFzdTawsI8YwK9eFcbYxOudUkRCapciypGMTtHbHtP/cAnEytJ9vqyx9XiIslP343oO5kT2AfOTHOK8498IhZ9xnd8tHFhaZtBZugOIYrgXK6+M0nsa3g5FFn7Oh4so/eult2HmbugaME3PeTHUfP+umru89omDD3AMqg6aF7ANskAAScdQLUtfkrXE6k+/4Ze1Zo772R5pxiXeRLLsK9G9mK26h9Hj/5iuqefChIfRvMOZ56XnDi6G+bPKVPSiYAHMGY2QZniIwhMiQC5AyRS0VNyRWLCjBFU4eGB1sikYjUIMcbsgVt1aubivkiSpHm5lR3Z/v0qbnW9lQsHlEhMZhV8oUiMCkS4fWykleLkgRRWWIoEfBSJ17/kiEfZcku0APoiUdSonfy8rGi8mXHBJy6C99Kh48VbW3yjxg4RI4e6ByEllr3oCaHr7DWuVAK/TXEzS56BEKatzrpSKNFVQr7rW7fA3qlSbsPAABaTmdv+SY7406p+WPafY8AAr9zFhcyVOW+B2+9Tz4T+A0XcrvWNprXyFVt34MSprV9D2zzScxH2otTvAldBVHb92BS73uAc0+AqoQ980u2+s/8tM/xJRc5ftLO+SoMbpUe+zH3HygIAAAgAElEQVQ0T+eL3lnd8w8BYfNO5D0veuDoskrjSqzBOk9LKWG8gQEiAgFDItAA0kq+b+/eQlEbG8+mR8Y6Z3ZPmdYVr2/8++NPbe3ZRiRlxgvE1c6W1DFzp5x4TPf0jvb+/vy6rbvW7+7ncnTG1M5Fs6YODI8pqlaXqjPM1BoAIKMejUfqgXJGlqNJx/dF0MSz2+xtlQH3PYhc+XCk/sncT244+PY9sKTWPahJTQ4iweZZ4jItSDYO0aIUwc2ImI5JIO9LT4XS8iIVWT07G+2mIYeW8wffTny59NYbpVcfUTeXXWE91L4HUNpK1YMBdd/v8PW1fQ9q+x5YIww2JI0sg8Cge7PmHiXgx5oHQ7Py/SXbrO174J4XRAhs2lH+L/MV9sYj0uM/4YvfrZ39Jc9i1y65Ce+4TPrTF+mfptHUo6t4xSEgOH0xCXObPMTuYymaMi9hLlLHGGOMlVrtgEQcGRJhLl8YHkkXFC4zNn/enOOXHD171vRVr7yyds2ahua2zq4ZA0PDG3q2Dm0bHhkcbm9NzeietXXrprWr3hgCtXvuEdObpqQiqWJBZUxqbW01s4Lm//TeLOaiDVDoN3Iqx8Po4lef0XtekMc8PdObVLbNiRT58vujR7V6/TKo/c8FhZdCPAqZNPm7MA6pdQ9qcvgK1neVmAo7q2dSGVYjAErdBCoxphbVY+dZbSyIfgsGXS9fzJ9xpIfvpqXfh8WAPcAu38bq7lf/82qkm6XrL4DVz8GCtyMs5z+6kE68jZ31fkwC8FF69fv8L/9FQABvZ5ffyGbOBAaQ30YvfYWm3s5mNwKA9N0RKb+c33Ahb7mEve/7rLsTGEB2A//HB/gL2wBukr57Aax+Hhaci7CcP1Rg75tPv1mqbtZ1f7/81dthy4XaPctr+x544ejVbXSGeZdKoLbvQW3fA7HbfMD2PeiY61S1kuDOVdL/XkPdy7SLfuZ7kxRRP/wr+Zbz5d99Qr3iXmrqDvuWQ0Cwcy5atin6H2/bRIjErLsKctIk9BlD5IgIKAEDlBjxxnhSYrKq5ZsbGxYtmL/oyIU7tmx59onHM2PjY1l1YGy8e/r0I+bO7NnQMziWUViyuXvm9HnZbbvTfXt6R/OF7HhO7qhvaW2eMq1YX1/PGCME4yUE1myZgpyAgpk7KYLePpbgtJvj75lKG6PsiFbgg3zFI7D0MlYPkHtN+d2V6saj5I99XV44C2UAPs5XXl+4fyW9/3fJxUVtcKrUXadfzN+3Eo78Uvz9F7MUQHErHzKHt5ZeF3/3mayxDgBgeKVy27XKgFXAl8X+5Sp87ZT83cL5Py6OXv5peUodANDwSvW2a5WB+ZFP/jAyvwuY9YTLYv9yFetdCd0n4ehfszfeYD1R27aVjmxF9xTd9Fa+LST87OCbml+bmlyTw1dY3RS9rciJAIgTEBDnpPMRRKT/SWD90/2fcYNOZ5BJapQumUcuRGJaVHfpApk0oTdDL8oDkAVsvsp5PzTi3CZ69AL1RxfwuTexd5wPG69Qr2/S/vJbWPBNdhIRAfvo7ayzn/95ifKdJu0fa6ChU7tjpvL35ZBfrn2nSbnhAg0I33cza1uv3d6kfPt0bSOxd97JmnUVGnFuIz18gfrDC7RVD9D4TDj+dEONZe/H5Bp67KmS7mYJlNPFoWwg3S3yyCrx0imA19EOBFkC5tFA0I6piKMXmkJeyJm5wLr4lYDrieCpSyl79hIQlAJLTVFzZ0rPorPXZCGrPvqERNMDR/JQ0Q9NURsLTQFHctumN5ouHF22KfwLXpNLNdOGaZma6XHBgSMIlbakUWAcBXdlw9QfTWzs8r/DQ3Bom/z7TwGT+Smfxu0v4Q4vQpU03Poc7n6Dn/45yI1Iv70c8gflJrL7Kk1T/G3To34S03etJgBQMa4PPzFGwAiRSB9KAB4BLcnlpJxQCwpX1aaWBmDQ39/f0do5ddrMltaOWXPmnnzyWz74vneee8qS9lRqbDhdLBanHzUrOaVVjSfzSGme7xsZijU0dE2dJknMCPQhYIDWkAUgkBwvuUEmk59tAgB0Yfrm3NcuUXrr2Wnn09OXZP/1Di4dJZ98LsFrfOMDyi9OyX715PxzA+zYy2T9kYlZuOMnua9eUtxcYEsvk+HY6PkXs/wjxR+fkv3lI6D3BwBg1avqM9flvnJK9sc/0+STpLMrVdczL5Kbe5Ufn5L98TVqzyAMgPSB70RmDio3n5L9yieUkaPlSy7Tb8Qp9dpD1+aFvgEA0JPX5B96yWk0mZeUX1wjdEuCiT2G+aCQQ2H0gIDGlOxYMZtWskWuAIDM5GnJ1uZo/YHOWk0mt8TqBLq0NJXAiimyImCQQWnqAJjnaGMfXTGUpakJE7DvgX4orQxjZu3Vt/OXEQDwxHfg+KPaX/4XAOjVb9HSj7L5V+PKJpzeSKuu4K9tR0R6/mPac9b4iLVEzPdYN9DTF1IvIr5Kf76LFnwPz5iF9wIA0Jp38Jd1JX+rbfmyPPsqCZZzADz2dNjxE21YjG9Ge2E62U1wEq0uLUu32ljR2r4HtX0PfL+tflZTIb459NwD51tKWTy09j1INvoUtLew5TdDbgQApD9+FgAg0aR81dVDUPLybz5U0mZoK3v+Ln7650K96BAQTDai14iQH44O09JnJXMgBiAR6Nsmy8CpOL56+ZPzZs9IyDiYHi2qXI5EZ0xtm1a3rJgvbO/t7+zq7GzEVCSvzeoY39W8p3drbqwYaWw4/8J3HTs0HJEjzXV18Qi99MZGSSpiROYSIjAJrWA/MGu5OLplrfnn8rEAAH388UcBAApFyK3nT/Uh3E6jH8dYG0IXm3m+/O4ro1EjFp/pyXOvan95FBDU0XT0iFYG75BagT/9XW0QAH6j9X6I1QMC0OJZ0slXR99VpzPb1HImwB/8v5sA27bRCSfJH/4JbnhSe+wGDSA6fRYkIPL5FXrfC/bMAtgKALT5tuIKj84tPXlNseN3sRNmGX+rW9W7w/cNDk45uLsHu7IDz+x57en+V9eP7RgpjqeVnN49iLHoXaf983Gtte5BTcoJxuo5B2RiJLGPmJSO1WGwNxp8Yigd6xdVv+/BeyAJtOU/BEZTf90ojBnnLBqDpvOl64dLyQfmEwFER2F4my06k6z/6pcbgRUgZ1HkN9P491jTe4j051vzKAAef4Su+QCeTPTst6SuUfrbT8vFbdf2Pajte0Bi6zrAfBKy61hRF/Fd7hKw4Sic1/Y9KLPvgRTxf5mH8CUXQ9N048Xbnsf+N7zuQgDgi94JHfONXC84O9RbDhGRIiTOjxJFHGkyLiHyIrGojpTMFZRlk3AiZEZHj5MWY9jZ0rp40cLR1asUqB8cGCjkcx1trZlCpr6t4+iFszWucVXLjaUL6bSiqTGSMmMjHc2NsbpYItmlqBRLRBmoDLEukYzIEc4YAXEESd9VQf/qIGdqoZQ7TfHVBQCgQAPiN8d4CgARXC4dOwteuSH/+wf4+XckT4tS6UYiQiEFgOj5gIhAPvl8Kb5Vue16ZfPRsW9/h4mlZ5N6IyLohetyfe+JvPVMadnV8umXqf/9YQCA3X/N/lQcJbgMAMh/JoF297VKyx2RuXUA49rD1xbX+iJcTqiMGU9SOYi7Bz3jfR9ZfkPPeJ91ZW791N7MQI4X3zJl0dKWeQc0dzU5GASZybBZnD6z8chWt4FKHAkK7HaJQ/VgWw3eDkyu0IpZF0YP7PHNPgwlvuMDGF3P14qjB07OmIoFGLpHu+nT4vxcxO8Bb4RGsNOGJYoZAQFGgccggYZecBXWAe34K+ICMLNrNC6Gvko7PsoWXcuazsXs89oq28iJI2ZdjNcHi2IqxzR7sODCnBDrKXam2c7RCg+y4u7FuFixrVrKhf/cAzfTXBZHB0PvrGylYgBnGl0XvQT8+WYRWd+YdddR1zHs3APRCDyi1UvwgEtRsSb7jAN4jgJ5r9rkNffAu9tAlm06TUoc0XKPArnmk9gKznvugR084bJtgKTcKFAFHC3/4siO1QF1oukeCXGP6QWwTU0J1UOg2Sdps0/Sz9ny/5Q8uwekAQAd+S5+1HuCP/kQFE0pzT2oPC+IQC1CNKoDE+f5IiYBkSFDRM4AABlnyICzSMf02evXbljz/EuLli05YvqMuMRUZPliURscqItJiWikwElikE2PS4hLjj9ejoIEmqrwZKqOpAiRUszmo8iOmDNXZkwDVBkjJE7E9OpMBAAxLVuqt1xBP9sE0C1c8OfiSMM4cAA+yPHk2MJZAL22pQBLxMWjfPB8efH18srvqomPS1PrII2AAGoBoACjfXjm11k9wB6xfAdBBdbxaYTb8N0nsRhwADj9S1H2lPK/1yptV8W/cBlbAEpfn7zkuNgp8wsrNrBTfhhpubnwQEXk+pRbrodPfpztvqPwZF/Fu72Fa1UmPHBysM49WD+648qVP9f7BgzxtM6jPzP/PQiY48WWWP3Xj75M8phOUpOaOIWDGehpxFByM9LXnHtAJM49sM1DcASO+kc5k0hvWwHKQeYetJzO3vWIdOJ8Wv0t3uO6XxB6/mFqeDt7xyUAAHA0vuu37CQi+ibtzOOS+9msGQSAJ94pXfJRAKJsHuJL8IxjCIjgm7QT8IT7cCoRzcCLPoryGnpqq0l22HTRNr8K0y9g846hHbdzp+4gxjeX40ocKvjpbv1cusE7YtsnWp3EuNjSqRCUTWLCSnMPxFeUMm7lrWK0ulvZUirbU4U/Asw9cMasO6LVK8Q3e8Wsm0MToXAMVwLldPHOnhmvDeRS0I6jr2366g7C5WrR9LBlO452XcrW5MpzD6g8mh5+KYBt6hezh+WsgDdFKDvqxLGsbWIhracDgDotoz/EWrpI3zqZIYNIrHXG9KHRYSU/HgXsam6JAI6Pp/uHhgeGhkdHhov5nMQkKZ4ayCrRlq4iJPoHx0aGxjLZcc5VIIWrBVUtdra1trQ1RyRzT2adP0IC4IgckVLqeGm4qpgTs23zsfod1oCBqb2p138oKzfA0p8kb/ghjm0lW20UK+aLxQf+xONvj35tRfLK8yE7rl9VH/iDlj868rUVidOBOyN8Hikuf4mmX564cUV8ibEEq5SYJZ19U+LGFcmvXYbDf1UfAO33P1W2ALvgv5M3roi/Yz5AwHW0Viq/urLwt5VhQS/pdhB2Dw7W0YM7Nj/y6nAPABzXOv/T89/9eN+qX216SOEaAHxkzjlHN88+0BmsycEhBvVBJWLeY29Vi4RkwqQBKDGhpWRQim8WY0ltLGaAfQ9w6Yi81HzJ2Bp66mPa8kcASpkERy6IoOca/nCcnXWzfNLtAAAjy/njsxC38Xuvhvf+gH1sNTNWLvotIOLqr/LF97Ezl0fO3sC/8xb+l6vhfT+QrhiRGEB2A/39Y3y4NEPBluknf0sn3oQta/hdT7t4SjdTa+PDzAKv7Xtgsty1fQ/EcRI3juLRNXQBNjRdOnpUAjuOIeceHCb7HtBoH9ZXuS0aMAZcxa3POa8rOePXw1xGdgtzD1z+x72uVCEN9V36eZ02PmQNjiFKgBIhAaooaTLVT+lsaGmaOqVLyWZ3bdk6e8GcoqINjRVSrDiaHk8kEnXJWG/f8Gu9A1v7069v2bF4RstJxy6dPXdmXX0jA+AaaWoxWZca57IKiIwxJGZYBxmDtwzq1XTJm6h5wS/ZNXnmmvzTRjVXb3uHalxH5SenKAAIwO//RP5+437dKvCeD+fu0TdfA7r7w7m7gQBx7c/y3/2Z068O/qF4wx9stilMcaInr8k96Sj0a3IPO66sVG65RLFfKnz7D/uIbWVRi/v9FRMtB2X3IKsWXhvZEpeiH5p99gdmnfG/256+b8cKvW8wM9V50YxThYG7mtSknHBO+rRja3yU9L2RHcP8Ai9I9kmEIN4GRtPBpFCMz7EV4xtg34ObtR//h+2JQjAMAfA7ZmrG5au16682fwQk4s9fQS8IrWtdBu/RfnWPi7jYqv1+iWa9Zege7b/c91ytfvtqm3oAAHfS8L/i4P3aoLXwdOUo59q+B1a9EYMHnEefuQe1fQ+Coln5/pJt1vY98Nz3APZshu4q9yWgrsVQGBdnIdt+nX5cdY89ZIT6N4fa94CND/I2/RI28hzoDWG0dRAZMBVBSiZmLFpcX5fSisU9/X3ds6dGo1EO8tj4+NBwOpVMxOrq9wzs3TuwNz1eSMWb46n6+obmVCKJmsaLmqYVVEVReFxDmYAxQCREQDBCMAiAkHi9lgNmOo7C+Ju570EY25ysUusevDkyXExPTbReccR5S1vmXfvirc/ueV0lDQA64803nfi5BY3TD3QGa3LQCJo7v6CwMoxAMJprFul3k8GxgZ3oERr4IHCTBmNn3ES+jKbvevk+4cHl11Z3xzc7+Wknmys8tKSlIU6useVGnDZG9/0UPJhmW3yzkwmzKSBQzQ5a2X4LOpPW9j0og6b4uFJ2nDgGnHtQ2/fAgakDTNdoRhDbnPz7HtCu1/DY9zq1DSY093T1/z0MmUGP31pnUX1ndY89ZIR2vB5m3wOAzF7rrmaJ6zPlUIcUiUACIAQuI6NItHnm7FR9qrdn0+7dO9PZ8Wg0Wl+f7B8eGBxJx2MskYy3JuQTjpipSfGFRy48ZuG8zuYmSSa1qIDEVSWjKGqBRYAxBAmBEBCBEVqtdgKAJtQAmJ47Vkz77nsQyjZtq2n5zAXy8LHOIcvJL1TMH+gshJaDsnuQkGJfXvz++Q3d17546/L+NfrFpBy77pgPvaV90YHOXU0OJuEATJ8VCqSvYmSxcMYyCrbWpNgiQ3OgocRwoJtnFT/o4gohYlPAzgJ6i5uMcdLlPkytyNfaVoYRY6PNMRHzcXZGR/8dAQjOPRdHnlJXQbmREM+VXkpvcXFIlXQvMbUi+04+rK3PKjHuYrTpCD4jIZ4rvXh+DoPj6FUC9icKmJYZRRFKwM5Gl8XRwRx7jm45cbTX1WrR9MaxzMiJvQTs4JUqry3A2Tj68I4u3XW9yN6s8ba1ILqbZmQHIZBVOldtEl9s6wVbsd0BcHSvkFamRaVncfMLvjcEEGqfB+21RUG8hW96nnxt06N+4lg/FscpmgLAGMOW3O50w1S9UWyuqs2Mjh1DSKXi8pTEWLqJa7F4UpIgVZ+EiDQyngeuxmPRRCQ6f+bUgkqRXHpw5/bhHVvqGhuapk5NNcQ1TVOIFVEGlJj1TKOqcABE5M2Z3TFzvAyVLOTTui7BbDOoj3XbJjhsM4iPnYTCNVAKBzoToeWg7B60xOqbY3VP7F79ynDPed1vnVM/9ZT2Rcta5jVF6wKkrklNSmKxE2SMJJToPhvDVloOB0sJzUVYQFgvX2BEnNHqDsbdeo7h6DybJlY2hbXVbe0FgXP1jW+2rZdvJ2ftBeFmK0Wqhwjhj0tV4353fLPIPfvGN3u/xVkCdh1r+x7U9j3wa9b6WY2QzHsOSci5B863OF2D9VaLOD0o9z2grS/A+ADUVTP9AMf6pD98Gnd7rPtIc09XL/0lyPEqHnuISHoAel4Mt++BWmBjfVrbEXqCKYX+NEzVUxjzk82nEAKnCEWl1JTpBCwWr0PKRZKynEpkR1RtLN84NN7a0ohQqItG2ptTTXXxWDwRSaZYRCYgFbCAMQViiEwMzBb6udCZ223lm+WGmVYAv30PKvlY21ygsl9MT9u0Hudrm5NPqJA50FmoRg6e7kExQ2oRE416PBwSP5PFTsMm2vY6117CpldY+xG06DxsmHqgM1qTg0mIgJCQG0FEZDYlyNzVDMRPKJkfc5EY5EZTuTIbVP2+ByQM1PpEOfuwrU4m0o99KeNkHfHNYIw9VIgNre17UNv3gAKPhHiMbgX+/FeoyYFs0wtNO45hbdMPx0m+7wEBX/0gO+Vj/q/0FVz7EA708DOucf6gFdkzt+CWlXTEWVU89tAQvupBccjMA2gvHwvD26Ftnp5gCitu4hpIMoAxCcFKrXcUOIvE6pt5MS8lYpAfj0YxEotmVa6oUOBMjiU6OtoT0Uhre+fI6HhHx8xkU7PCqFhIqxqpEOUo2yZtIiChXlMY1zqoYNkEyw4G1MV20eP+Ur31m90UyMdO7r4BAEC+1j3YL0J858vapif5jpdAzWPjNDb7FDZtGWubC4lm7FpMiLD7Nb7hMe31v2prH5SOfLd05HvwsA9zrElw0WcdCDMQwBhbRbSRq4J/sxggg9VAT7bVyTdbjCaG3PfAwdC41la3bnEylBaFC6VGgNkVAXvQiA+j7x/l7MtQWj/X9j1w1DMnjuJlPcKNoBzfLNLyvjHr3mj6xTfX9j3wiHW2Fdxhtu8BAr34J6iqewDFHETi2pmfd14vpNkzt2AhM/lbcftP+PN/FherCjgvSBrcyqePULwZACWEGSNv7Gg7ClGfHSDWFpSBEQGPReSmellGYBiXJVmWCsTGC/ldQ8PxulhnW3NrY32yoS7S2gYNDRSRVS1fULWcqqqRiCpHZdIji7j5VP2A04fWSWb9YoUxlhnA0rhZMNusdu5BOB87OUUrUiF7oDNRjUzu7gFX1ed+pa74JRXSIMcx0Ujp3drGxzHeIC39gLzsUmnxBdLiC0At8L0bec9y9cU7lcd/pK39W+Ssr7BZxl4tRDQ0NMQ1raW1lXPes3lzsVg8+phj9F/HRkd37to1nh5PJhMdHZ3tHe3iwgCjIyOKoiRTqUQisXv37r7eXk3jU7qmdHd329YPAFAUpXfXruGREVVRI9FINBqVJYmIWlpa2trbDW0437Vr1/DQUD5fSCTi02fMaGpqMjIJ1JPeDUBTk60JKWY9tqApvblBlWuz6jp7c4N5taiTmxrxKItMTbam5DgA7M2P9oz3LW2eG/Pa0WbV0Kb2eGN3sn0/IHTQizkAAExvZyNxDoyBvgcCOslRBCBuNfa9GA4uzkCwM5FmMx0oIOPiymjpBjs7a/zhz1Z6MZolrsrO1NoCQjyjQn04VxujU241CfETUll3MYjbO2Lbf+4BOJlaT7bVlz+uEBdLfvxuQN3JnsA+cmIBXGHugUfMuvst5XRxoWlbXSoojuFKoJwu3iNFZF/ByaPO2NHxZB+9dQcqtdGqRdN9P9lx9KyfvrrbeWS7bZoQ+2vkoXsA2zTfQj0v0IZncP6p/mr7SKoFCmn5DtfKRfq2aKnW0A88VISvX0GbXyBPHMv7GSXH9m7Spp+gJ+umdC9XicXAGN8u9YgZaBwZoCQnUhDHfFqVOSRj0YgsjeSVTbuGEFhzXTw2pT2aTMTjSSmGADmtkB/L8jzWk1QncZmYavbPrcwh48Wp6qjFtuB4P6r5cqNhZWyzjFWS3R49faz7C3gwCGXHDnQWqpTJ3D0gbd1DyvKbQM1jokk+4eM4ZTEg0p712rb/U5//bxrsib7v3wElkGOs6yjWdRQ2dRcf/AbvXV3829djH7oTm2cAgKqqt/7ylh3bt33/hhtWvfzyv/7ox/F4/L6/PoCI27dv/9Vtt7+6Zk06nc7l80uWLPnyV66dM3eulYN77rln1Usvf/TyjzHGbrvl1ldWrVI1ddGiI6/49KfPOOtMSZL02xRF+fOf/nTvX+6dOrUrkUhuWL9+ZHR04cKF2Wz2Xe9610WXXKz3JR595JE77/gNY6yzs3NgYKCjs+OTn/rUgoULAUDl/OrnbyaiG4+/8qimWVYGdmYHvvrSbcPF9B9O/8aNr929enjz/IbumanONcM9o0rmrClLP7fwwsZIasWe13669p7bT/rSwsYZjkJMK7nPrPz5Zxde8PG5b3+zgDu4BK2AIrQFAgNaMxAEag7N1RxMagPMsQPbaIBFyYrxzUZcUoB9D9yZtMWs+7DIXmyl+VYrzw5C1nqBm+Y1cuW9go1XtLqbqbXxYaYmtX0PTBxr+x6AiKYLR3eVdA9X2ErYzYi7MK3te+A/L8jCkT95qxS+e0Dzz+Y9z6J75SKU+LGX0ozjwz7wkBH+2G1g/0TYA/adVin6H2n3et6xkGL1ABBBNmfw9c0dJwAy/U7UY62BELneTZCYDFzNjmc2btg6lC3KcoLL8UyhsKlvBAEzijRtmpJqSCXr6hRNHc3jONVJqQ7CqEykISESGYMHpFef2YNrIvq0PCJUcnJ6j/PL4utjwamjK5mXjxXqqtvHVrbNSSaaQpmDdavByds94NueKz74DVDz2Dwzet732ayTjR/mnSWffCXf9rzy9E3qy3+Qj/uIlURafEGsY2Hxj1fQyI7ifV+KffweAGSMrVu79qUXX7znj3f/4/HHjj322Hwhj4i7du7895/92wcvu+w7//JdxtiKZ5654fs/+OLnv3DjT38yf8EC/YG7du587NFH4/G4JEtXf/7zbW2t699Y/89f+9rnr7765zff9LZzztE78d+87hsrVjxz83/+57JlywBgbGzsc5/57MjIyC233ZpMJgEgl839/ne/++mNN978i/88/YwzIpEIEX3vu9+99P0fuPFnPz3n3HMjTNowupMDV7lqKwTiG8Z27M2PxlhkVMlsHNv1/xZccNnssxWu3b7xb99bfdfakW13nfb1/vzw9sye32x+9AfL/onZhzVuWX//tkz/joxt8/GaWCIu04Lc7rTF27jproy/S60gl4jLizhZPXBzJyV3Z1Hd7oHaYOvll1mxx6aMcPRjQMvcD2Cys1Db98BLdxtTay/n2r4HtX0PJve+B3pGX3+cVj+IS87zf7FXXuo7tfffHCrJ4SB81YP8tccguKc1xMQxN8z612kzTtATd2F+OL11uHGOIx0HhgAIJCFgUS2O53t6967btL2IiUi8TiWey2lDY/3b+tMzp7c3tzQ0t7Uk6upTbdPkhjYNokDESEXgQEzMSvPo1ila1rrAxnZCYdR31NRXF7/6jM5R3ENu3wPKjBzoLFQvk3UjQ9LUl+6CYgYAIudcV+obGIJs5ltiH7ydhrc50rH2+fKJnwBAvmsV37lKvzRJpkEAACAASURBVCjLMgBsWL/+5l/84kc3/uvPb7oJAJKp1Je/cu2JbzmRMQYAp5x66gc/dNnGDRse+tuD1tNSqToA2Lt377/+5CdLli6Z1t199jlv+9QVnyoWi4898qh+z7p16+79y1+OPfbYpUuNfW4bGhre8a53Pvd//2c9auXKlTf9/OdnnnXW2845JxKJ6MTzlZ/9bKFQuOPXvy4UCgAgIdP/2dQxr0SYnJRiACAzGQAiTDqt4+j6SOK5gXUa8V3ZgaKmPtz7wlP9q8XkGTX/q01/16OPJgqZQ0zQXEtCn3VgrQhh7n4A+g721j89BRnp0EoDVkKd0zEfYieL7NwJmkdbkLGLirESoXkE+9G6BW1HZ+6sbNkfZv5u6G47ExIJ2S29waEuOnPmZnNB0N15l5tcQ6fuKJRA6XLpFrQfHdpYF0xdEJwpXGiWMC3ly5G5ijiCvRjQB01bSZUwNUq5Mpro0MEbR9w3HD3qMAglYE/hRXy7su6otmLNdKMpKlPSpQKODtu0dLfbja2CuzF1+Q3jAX5oumxTKGVbjlxoOnEUxVkzHdlFO6bCj1gZTZtt8r/+EDTFQ/OahBJN4ffeYGJaQjOUbUp9azFdWjhobnZ7VMk4GuBEqAESSLIUAU0bG83sHcoMjRcHR8d79w6NjOWzqpzD5EBG3bilb1PP9r2DI8nmrmhDhypFuSyBxEBCJEmvJHr/NKJk54xvs2oGyw7Jo71O23T62FC2KTodu2Ot4GPtXmayChWzB29k0eTtHtDILr7rFQDAxmnS3NO9b4ok5VOvcl9ms0/GZDMAaBseM65ITNO0Sz90WWdnacpyc3Pz1GnTxISzZ80mosHB0thoNBoFgHPOPUe87ZTTTgOA3t5eTdMAYOeOnQDQ2dlpjh0CAEydNg0RN27cqBNNjz78cD6ff5v9OR0dHUfMn79167a+3l69J6D/E++RGZNQQkCGmJBjABBlxoDP3vxIXlPe2n6khKwvNyQzaW9+5LYNf+NmV7qgKXduflTlGgAM5Ec0c8iwJqJw0tcrMhhBAuJEOh/BiQiIiDgQGf90qoJMot9+dF8CIRLZfEXpApk0oTdDbxcCz/tF9tB2dGRGPBXuJEs1vRyE/xKJipHzFW7dzfvL6eJQNpjuVLrBVMB6tTtjLt0FbcyjgaAdUy9dxKOIozNzoXD0KgHXE8FTl1L27CUgKFUJR/IpNFdNFrLqo09IND1wJA8V/dAUtbHQFHAkb9t0o+nC0WWsXrZWUfdSzbRhGtAqhSIRcASh0pY0Coyj4K5smJZHU3/3nh7+v9/wv7smgUT9n2/wPT0uHN226V0/jQvFcWnHK8hVHaQYg/mDqxwvIgSNYHQ8q2E0q0UG0oXxnMI1iThqnBfyhUwmPTY6nC9kO6a0nXrKSSedfFJ7R7u+DqSOOS916ZEhIuKCvS/HzNFB5Cob3YFK1qrJFMI2g/pYt216XKjoYyeLEI15bRF48MgkDS6idB+N7wUANvUYkKJ+t2G80eNisgWSLZAd4r2r9c6p3uaed8QRZd6oquq6dWuJSB9M0EWOyADQNdW2WGp7WzsAcK7pf6ZSKX36gXjP2OgoEem9i2w2u379ev3kpRdfjEajjDFFUfP5nMRYZnw8k8nooweKpq4f28mJrACh3uygwlX9L71joA8mvDK06d/W/Wl2/ZTvLr0cALZn9ixpnjNcTD/Vv/r1kS1HN88BgFdHtty64YFLZ5/1XxsfHCqOFzQlKcegJnaxBU9aMY8CoWaOIZhshbiMgkB5ECAz+QwiZJ4r3kCJwjtI9z2waEbflYsqxTd7v8VZAnYda/se1PY98CMK/axGSFbb9yD4vgfii/nKu6BrATv9kz5FX5MKwp/4NT3z+9LwUwUf68JRsEo2uBl2dajTj9MTN6K2qP/ZN6acIr4uX1S279ydjM2Wo/XjaiSncA2QE6CmMdQkpjXE40uOnHvOWadO62pViABBZqAQIXD7+rwAgAv7nmlg3LJiaWSbPNbr8LHgts0APlZMfAjve0BjA6AWD3Qu9kkma/egmAWu+nUAKggy3QHTWK9xAREAZHMmsSWjIyNPPPHE2tfXKkqRa3xsbAwR9eAfXfR+hXjFqtuSZBTdsmOXTeue9uqrr42NjTU0NACApmnLn1qOiGeedSYA5HK5fD4HAKtXvbJ923ZJYpwT1zQAWLJs6XEnnNDc0qI/SiF1xZ7XetJ9EjKNNI34cCGd14waJqEEAD9c8/t/W/unjJp7/6wzPzrnnI54EwD0ZQfPnXpcV6L1J6/f/cv1D/zirZ/XiN+5+VEJpSvmn/dfGx/MqLmslq91D9xCQkS45eXImo4MYGyAYNvXtuSSyFyMEuwf3DKrxKAtbts298Dp41xzD0pZdkc5uyK8xYa2nYyBcu/yKKPSsaRjbd+D2r4HFqa+bxG/4AHmk5Bdx7BzDxwlYMNROK/te1B23wNR+J++hXVteOyF/jmoibfwF+9T7/6W7VKZ+hzAx+LOV1isjncs0B/RDMVFu1esn/JWzmQgUrg2PDo+NJru2bk7NndatG0KJVOF4QwnVSJiwOtj0blTW+fO6KpLRLRiHiMRRctrwAiJkUb6Fw8RgEtcmd+3sgFUyxmzsV42vJVDMNsM4GNNKdXbybnvQdXRS5QZOajDinSZpN0DS6wmfggpZqiYBQDQ1DJ33X/vff/2s58dd/zxV3/+mhkzZiDi08uXP/z3v+uUvy6cuDXuVcoSgR53pI8zJJPJO++66zvf+vbVn7vqQx/+UCqVeuqppzZs2PCLW2859rjjAECSJMYkALj6C5+fOXNmmSwlpNgn573ryKbSPTsyex/fvWpczQGAwlUEvHrRe/9r40M7MnuJeFusEQBGi5mBwujUZNuls858bmDdvTtWfHbBBVmtsHLv61896oNT4i0xKTKu5NJKTr+/JjYx2Amydj+wWD206E6DJBSck3lWGg0whhlEttXNN1txyLV9D+xZ8GHBzeBUl47CyjC1fQ9smPowlP6rD4nMnKuu1vY9OPz2PXC8TPvNZyWAWg8hlPAX79N+9TmhDgI4nIQwpaWSbZpHNce2PQ+RuNastxCwEZSj+57paZg/mpgyMDS2fWd/UeGrX11byKZjkYSUaoR4mhcKqBaiseic7q5jFsxtrosXsulkrInFYiqRBhIniCDnQBxlIFaf2T17ZF0CzRwTSdkBeagHDSK8Wtus4GNdtlmdj51oCd7vsNlNbozSB3dYkS6TtHuAsTqQIqApfOcqUHIQSQRPS+N7KDMIABivN64QAQAXWvmapv34Rz+KRqNf+OIXu6d36xcVRQUAJgwy6By/vXcAqqbq3QNrskFTU9P8+fNVTR0cHNzdt/u000778rXXxuPGBvJ1dXXNzU0AsH3btjLdA424OzKUhL4JJ05AcSl684lXvecf37h9w4OndBx1UvuRO7N7OVF7rHFasu3K+e95uv/Vf1/356yaX9ZyxEUzToswqS3WmFay40oueBkePuJg+ACJzH0PzKEF0fRtLJ0+DmCNBnAy2jhe4wYWMVTb98D+Camse23fAx/GXSgBOxvtfks5XWr7HlCpjVYtmu77yY6jZ/301d3OI9tt04TYX6N92/fArYv2m8+y8YFalFFA0Z74Fb/72xV9bJkRLfLCFAAxN4I9z7I5wI0eAiSQFqfXbxza9WxfYnvvHkXT0mNjj23tmT1jSiavsEhcAqmhqWled9eyI2cfMbUlHuGJuMxkGVhsbLQAdfGxdLa1MQGgAmJ3/yvT1CEQfBHL7JUGNkEh7f5W1vY9EKWUr9wYje7Vz/d792U/y2TtHtRPwboOGt1FhbT6yj3ysg9C0MAY0jY/BWoeALB1ju6luWtWbiaTGRwYmDdvXjKVFC6Okxn6p4s+o0BRbAFk+kUmlaYo/OF3v1/18su//s0d+jKmDolEImed/bZVL6+6/777Tj3tNHEGsx7g1NDYiIgcOCfumECskqaRxok4UVYrAIDCtSObZl67+AM3rfvLD1/9/S1v/cK2zB4AaIqmAOCMzmMWNc54uPeFuBS97aQvRZgEAF2Jlj354ZHieLACPLykNKfAg+O0lvFAIWgcSzyGSYRaCfRzKm3BbI9vts09cHm82r4HHkyqk6Oq7XtgKzw3juJ/0OdSbd+D2r4HXvOCnGYh5ID/6VvQt55d8gPw2nmzJoZoivbHb/Knf+c9L8gPR7NmWgCg2/+YY0FSdhA3P42zFK1tnpX+iMj4ZQ399/eNPj0SUZXC7t29e/t2RiIsEks2tyaPnD/31LccN6utjmUHsZiLx6NMjhUgirKczmmbtuyKz585vbClK7s7qW+eYNZnKd0vDW5ihbTxDQztY8GhozvZIbbvAWVGxHEDtxEfXDJZuwcNU1nnIm10FwCoy3+O9Z3SwncESUhju7W1xnKirNvYh0VTNUeMUCqVamhs7Ovr27F9R0tLi74A0b1//jMRiZOMs9kcABSLtu5BPuek4fv6+jZv3nzHr//7mCXHRKPRSCTS2tY2bdo0a9+09170vk0bN953773nvv3tbzvnHOv6q2vWPPboo1/40pcAQONcI66SJj5Z48YVlWsZNa93GADgiiPOG8iP/nL9A1944RdnT1kWZZHmaL2+/unl897xzy/dvqxl5lvaFukP6Yg3KVzryx0Ko10TLpwTMkAOyGzWLLDyxhQD21U7NWS3fCzVtbJzD2r7Hji0LaOLN6NsFllt34MgunilKuEIfjj6oFnb9wBNsjQQmhaOB8O+B2JxWpjyZ+/iG5+Vzr8u7H4Ih4nwVQ9q9/6Q9mwBvxFRHzTJ46ycbWJ2mG16BvJpbdpSMAmjaU2pz74lef7Q2FNbMn/LxHcNZuVY3ZRp02bPmbnsmKNmdE9pTMXUbGt+YIfGECPJ0SxvnjZ7ZOuOqUOvL9q2obMhCaU6BAAkDW+Vh7eCktP/DjG/y0MXv/qMzlHcg3jfA6KxgTLzDYxifDNztM8ySbsHwCTp6Pdpm54ErlJ+VHn0e1jXxrqPK5+IMoPF+79MQ1uMJyw4V3fkqqo4WvmSJF119VW3/OKXX/nyl8+/4IJCoTA4MHDRJZf0bO556G8PLli48L3vex8AZMbH9RWHxLfkcnkAKOQLxqRVgI989KNr1qz595//3LoHEVtbWy+65OIvfPGLkiS1tLR86/rvAMC1X/zSMUuOectbT4rFoqtWrUqPjV3zhS8iosI1ibE4Rh0DHRppESbXRxJZrVDQlPpIIqcW9G7AlQve82T/6leGNu3KDDRFUwlzdOXiGafdvO4vl84+y5qIPCPVUR9JjCo2LWqii7kOszn3AC2KxzzXtzkw3XCJMbT4NsHvAYDFTZpNuhLbYs09KB1BZHNFSrb0oy2RfsHFMhq3+MQ3O/lpx3XxoQDOrlGFuQfCuT2+WdDFrYBANTtoZfstrtEPYyasGNttfT/theLgdAXFXJ26MuyUGBdbwtGHmfbFUUCzHGfs0FHAFFxzD7zQFB9Xyo4TR+/45sA4etRhQT1HwTs0LSWy6yhw7SKmXmiKypjFUBFHG5o2Nt0oY8/4ZgemDjBdoxlBbBNctuk/h0S0zdJ7nTXTaZUuTEX/UwFNUbFSFkTbhL092q8/hYvfxs68EsNvq3yoCq1foT1+K732jxIB7vFlsFcrsZ0czDb1xDqOqIxLPSsgO8SnLaFUm/Xo7pbGD7c0fvi4WZv6BntGiomZ88ejTfV1SZIjaYom6tobtAIMbpcH984DNfrG2nlaHhY6ZiQiK4xJIzuk4W1CLXf5H18fG9I2K809APD0seWGut58oWKWxgaDrFN0cHUSkCZHz8tD1ELx79/RVt9j/Bmrkxa8PXLGl7Chy+PmYkbbulJ5+Hoa69MvyMd9JPLO7+rdg76+PlVVu7q6HGsQ7d2zZ+WzK7O57IKFC5cuXYqIw8PDAwMD3dO6E8kEAOzp36MoxWQq1dzcbKXK5XIDAwPRaNTaReH+++574h9PnH7G6ccsWZKIx/P5wksvvfjLX/xi185d1//Lv3zw0g9ai6Xu3LHzjTfWDQ0OxePxY5YcM2v27JK6pEnGBumlyqMvva/Pl1W5JjOJE1lbpylck5AxRE5kbe9lY7sB9FkN1n4k+4jJoSf91zUwBABgumdiAATM/Fxi6cToDojTZB0rmDo//E7CxLpukSZh4PAfCfB4R5nmoJnQ2ebxZ3fs567maZnPYcXsBlRdGGn2aBJV0r2SiD0GT138jkLmgjtRnxKwdVeC4VgO0+A4Buly+GEaEs3QONpLIIyUqZmVcAxYM8PiGAxNM/d+tikWRAAcq7PNgEU8+wQ84WJ2zHlQ3xY0zaEllB6gVx7Unvsz9LxQ0TYBnBCZUql+lsWRks28c7E2ZWHg6Gs/ZQAQUFWkdB+O9kr5kYpWCWZb/s3zsWHq55skmkLZKhcpOuCtMenWnQCwvmeH+6cFc6ZP7u4BAI31Fu/+NO9fZ/zNJNZ1tLTwnaxjITZ0QTQJXKN8mgY3a2/8ne9aRel+/UZsmR37wG363IP9LS+9+OLXvvLVf77u62e/7W1WN0DTtH88/vg1V1196WWX/X/27j0uqjr/H/j7nJlhGG7DTa4CclFAxQve7xGFpWVqaWllN821Wt390rb5/a3tVvv9Wlvubn4rK11bu9lGqWmaUngLLyiJiBdUEAG5iuCAMDBz5szvjxmGYW7MwAzMwOv5KJw5cy6fM+cyn/f53F559Y8SiQ1Nq6E31f63j26AR11I0HnsSmI0gxqoiTF6nKdbSk0d8+uyQeYyAaxeftJ8lk6fFdl0C7fXTrdaGzPoBpsyMdliNsimXEfHrNb9eHT62bCY9bF6301k77rKmpvO3pneihXHseufT03iuvWTaZRcmzLo+lkBS5u1NTtr4ky2fY+6mkX72rpwyzgbZNu1af1xNHlt2rrvVl6bth7HjtVZOo5M9EQmZjwzOImCYhhpKHlI+2f7BJWSWmTq21Xqmmvq8vPqa6fVxae7d481UaOsZ/dYlVewOjhBNSi2q05czN5/GK6NvXNTcKeKbb7V1X3JIht/X0yemTbfY/skbFAp1PJGdbOsJ+vo2wihy/DAWSsXERER4xPmtvD/FN+9yNcVEa8iXsVXnOUrzhIrZCRSEnkQr6K2JrWimTrq5DBsxDi3Of/TO7EBEe34bodYLB6bnKw/nppAIEi95x5PT08PTw+B0XgL4Dw0YzmynX+xtR/pj37A641+0H4jM8jOqrW3OYb0Kk6arvur10OJftsDw3tcx+0P4x5YruHdOXXW7Yup75kw7kGXbQ+IGIx70PW12S/GPdDtloXjSNdO8ddOWcrGWbkv5nbQxFJWBJmG2VkzWdueZs31nwNYdY81/eCgfX4+dhIflaz2kBLD2vLIQE3EkFCsdvchd29y81QzjOn9Nfwe1aRsZbhWtbJVrWpTdrWNjm/f0Vnzvs36W6ImlZI4pdpiv/lERGo12yJjruexV3PMr6uPIwTLnDo80JQDiOb8L3f0PdW1XzpOE55TN98iMtHWlgmMFaW+yug16ne05uZmkyUwCoWC47iRI0fqD6QATqe9WyL9cQ8YXS8xmhIDbR3ijoiATNSkbP+U0bU90O/lRq/tgX7dSjKus94pbbq/nXqHUBPGPcC4B2bqrJs+mmafz2HcA+O6zp2+uIE+7oH+tWnmOOqfw6aOI5k5jiavzc55JvMtSbq4Ng0PjMPusfpXa+cDY7SPekNkm2gXJPFVTXmM8fJz95SyAoFBD4dW44mXqTV9wYvc1UIxCURqgYgYVntxqFXE8wzPEc8Rr2Q4BSNSkkhAEk8iTxPrs1MGvetAy8pKsL1NTWrNfzzxKjWvIl5FZF3hmJp4qa/C2081ZKzg+NfUfNvMXM4bITh7eEBEbPgYt8WfqC7s4fIz+LJTZuZiGK9BwmkvCJOXENurOzXrrlkHs7JyT+fOvq+jbyW5XP7mG28kDh+eNtuqDpegr+g90OnUXz7PayIE6jxespmndMbP6gyez3X+4Wt/etg5HSZKnQ0T2jFD56ez2jem9wXjHug/cdessvNxNPv8GOMeWH0cbfsGMO6BK417YOHa7ChHtfo4dnFt2niPNd1fvskz0/p7bKf7kv4CVtxjO91pO91jeZPHsX1fuClLRIMi3NxE2pqsBhlpM20PTGJUSlIpqdWGCvHGQVsXf22vqKa28W/HUhbuM73LzOMQs3MLhCKJr7/Cw0s5bYkgc5O5GZ02QnDqtgfG+JtX+Cs/8XXF6vrrpJST0I2RhjOBcYK4FDZkBAn65jn9rp07v/zii6HDho0bN14ica+qqjp54mRCYsKqF14wORICOI+a/5aabm+g/1bb6kA7+oFxPx/617Z+1SPLbQ8M73iWmnkZP08xeFJldTNEW2+1Zua36cfDuqdBXe6LqZ9Mm9oeGCTduhm1r21pgdA53NLfVg+Po9E+du8ns3POpetsgW1P+PRnsu44dsrS2fhbaeM3YGFfLB/Hztem+eNo1dG0/7XZrYoxlo+jPluuyk5fdE/vM2Znt/U46u+j6a10eZ+x+to02nCXO6SKmcSMSpP4SG3OKDpBptmE7t1jrb1TWL42nZG88bb67E9skdlaRhq9HCS4dtNk03iVuq2J5LeJ54gVkNibcffpq8BAQ6VSXbly5Vj2sRvlZUTk5e09Y8aMUaNHo0Wy86te69MpNjAZHmjfMrrpncrsO1/V7cMQka4KkvFtzVLnd2Z+ZqzMyhg/0elad35gbM8CmsnKm/15sO7nvz017a9tzWBZu5TdsvI2BBgGP4FW7pBt30C3s/KWKqp1fUytyMbZvi/WH0f911ZmfI021fHUvPtZGUu71f0zWT8it+loOuTa7P6+GCzbianj2K1rs+M49uAea3m3OpURmpmVu/e37kGDhUL9ig/dvTaN9tHk12n9X9P72L2jab2enDPOR6Xi5DU3hPvf73LO3owQXLtpsmmsgJH4ksS3r9PRQSAQJCYmJiYm9nVCwGb64x6Qblxjhhi1mmG0bQ80mTNdZVHGZHfwnX48Oo3+2L6djtftE0xWlDZXOV1vgpow7gHGPTA6mvqr60iO4XE0OJoY9wDjHnT/2rSq7YH5q1JzCA2zgGavzU5H08w91sZrkzH3NVg6jvr73vn+Yzks0U9O53us2itAIBAaZg5NHBf9fTFzNDttzJCZs7yLvybWaPyxdmc636JMTLbur7lEuGbYwAoEai//vk6FzVwwPACwH15NLKNWq4nVdH+jHdmU2ivTkprv9Iupe2akq+PL6P5qfraM6gTrftB1PwqaiqqGP/td1os1fqs2uBtb1faAtDmzjtfaf5mO1XWuF9u+v+170UXvPSZ7eunYitHNvat913vCpzfqsFX1m41Gjzbxkmk/0qZ67zHZ00unkEO/GaJ1x9HUN9B5jXrHtOv6zcZtDyweR2tbkugfx87nanePpunjqL8vFluSdD54HSevYU1lvWvT9NE0vh4tV4ax/kxuv4w6HwTrWgSZaEOiNtpWR511q46jXla10zE1ycK+my/j0AtUbGxDon9Mjdbfcd5a6FnL5D22y+NozbXZeX7brs3O+86bPo6drk21Wq1m2PZfGePwyVTI0eW1aaNO4Yo12ff2NyZKqvW+Z1PXprV/DROnS2KXx9H5MMQQK1CrienqWNnncNoJwgMY0Do9ZdKvTcSQ/igHem0P9AZAaH+IRJ3/MdurRkc5dsdTuo7fI0tPRPS79el0ozbuvadz3xqaNKk79lHvVqvfU5DZR0Z6T93U6o7HWWZ7LiL9XmKMclDmtmL4DXTeR6Mnr517vNF8qNY/jqYfcJt98tTxlE7N6O1j+zNXC8ex85NavSNk+mjqP4rs9CRV/ymy5R5v2o+jutMX0/kwmvqG9R5a6j137LRHJo4m6X0DRhUqun7Cp593MH8cTZzJeis2Po6mzxmDb7pjMf06gKauTaPj2LkEyfQ505HETtem/lNk81el3rVJpq5NU4eu09eh3feO5Fp1bZo7jmbPGd033Ok4Gl+b5o+m0T4aPa03OmcMvmcz16b5notMH0fLZ4vxMTW6x5q/NsnkPZbRjE7a1T1WrdYUX5t/dm9cEmJwLduDcSlBF39tPY5mWBWKmBoo2dK16cRcK0JwwbYHAPZz8+ZNxjxNpsbgrW6iZg360/VfGLw20N1+6wAAwAV0mbnSzdDcLPf2NtWvKPQXTU3Nnp7axqhd/vr3TvZA3sJZbnvAmloKAAwZ3OsRVwMAQPfgF2TAcpVDj/AAAAAAwG4sZwFdJYMIDuISpwfCAwAT1Gp1zy9RJ7nIAQDASeB3AVziNEB4ANA157+SAQDAGVj4vTD+CD8uA4RNh94ZzgqEBwA2cIaLFgAAnJNNvxH4QRlQXOvcQHgAAAAA4Fjo3wJc6BxAeADQSQ9bHTjz1Q4AAE4FPxkDhMsdaAyLBgOd/tjHPVyJXdMFAACuxPra5NpRo10tyzgAqdVqXvu/9phR+9gEDMMwLMPqjYPU5aqMMxsWMg99m69AeAADmsHlilw+AAAA8Dyv4nk1byqEU6vVmj88qYgYlhGwLMv2q/o4CA8AtBAbAACAo6HowMnxPK9S8dYfIDWv5ngVw/ACQRdBgl1qK/SOfhXrAAAAADgVRAIuhFOpOE7VjUOmVqs5TsWpVN1Y0NZFegHCA4Aecc4LGwAAnBZ+OJyQmkjJcbyK78lKeBWv5DgLR9dVDj3CAwAAAIAesTLb50JdWw4oaiJOyZluaWDrqng1pzSMELp33Pvw9EB4ANAF3L4BAAD6MY7j7Phbr1arOY6z19r6BMIDAAAAAIcwznTqpuDZk5PgVCq7lBvoU/Nqg3YIFo67E54JCA8AAAAAYCDieb6H7Q3MrlnF87xD1twLEB4AWOKEMT0AALgi/KA4IZVjYoMuV+7kJwPGPQAAAACAAYfnrR3fgJffrqhtqG9U5othxwAAIABJREFUqoQiX6lfaKivxIqhC9RqtYsWICA8AAAAAIABR2Vd3r25qvhClUIbRihVN+VVN2tvhcXHRkjstglng/AAAAAAoFc5ed2SgUCtVlvVIrm56nKVQs24BcdERErdWK7p+pUbNa2KyrKbIfGDRF1uhVerqaNRsvOPl6yBtgcAAAAAMLDw1kVo8sYWJZFoUOgQqRtLRELvIdG+YiJqlsus3JC9u0XqBSg9AAAAAOg+64sCUGjgPKzszFQSGp0cyAtERhlmhrHyEbtabVi/yPpihL4qcEB4AAAAAAADi9WhGisS6QcC8orSxjYixsfLx9oNdSt9fQrhAQAAAAAMLN3ItPPNtZeKb93hiIReMVF+VuahXbHICOEBAAAAAAwwtubaW6sLrjS0qknsFxw/xN+ajk212+lG2voawgMAAAAAAEvk9c2tamL8w8cMsbJWkQtDz0UAAAAAMMDY2uSXISKSSKwY7MDEci4GpQcAAAAAMLAwNlb7kYTGTgrt1oZcZKwDfSg9AAAAAICBxdZcO3en9lpJRY28GxuyeZE+h/AAAAAAwLFcsfua/o1hbcq2K2rKb91saLxe2WDzhswMkODMpwTCAwAAAIA+4MwZxH6Pte2pvltwmI+7xHNImJ/NG2IZlzvQaHsAAAAAAAMLwzAMy1g5djIRCaXho6W2b4VlGBdsnIzSAwAAAAAYcASsw7PBvbAJR3DJRAMAAAAA9ATLsg7tVohhGBbhAQAAAACAqxAIHJgTdujKHcpV0w0AAAAA0BMsy7KOycSzAtZFiw4QHgAAAADAwCUUCGzs5LRrDMsIBQL7rrM3ITwAAAAAgIFLKBTasRECwzBCoWt3DYrwAAAAAAAGLoZIKBLapQyBYRmhSOh6XZl2hvAAAAAAAAY0hkgkFPawHQIrYEVCl48NMCwaAAAAAABp2iHwDKNS8baOc8wwjMCV2yIbQHgAAAAAAEDavoxYlud5Fc9bM6YywzICtv8EBhoIDwAAAAAAOmiCBLVazWv/V6uJSFOkwDAMEcMwDMuwDOPQgdX6CsIDGGDOfU9Xj1BFPjXcIKV8kEjC+4RywcMVUVOViXP6OnEAAADgLBiGETDMAGyo20vhQc6ZS2fOXT1/+bpCoSQifz+fpIQhM6eMjgwP6p0EANDRD+nYZmq+pT+NUcoFt64Jbl0TX/xBfeTd1nFPtk16ru+SCAAAANDHGFvbXtjq5q3bm7/YW1JWTUQeEvHgsEE8ry4qqdB8ete0MY/Ou0sodOGRI8AFVJ6n79dSRb4183IhI1pn/4UPTmTaSwwZPbq37aWLpHth8Nb4tb5+WRYJADAwWchK6T5qr5xi+LatTent7dlbKYU+0NTULBaLrM85GHBEhkHewhHR5Wvlxh/Fx0Q4vPSgrKL2rf/brlRyw4dFPXTftJioUM10nudP5V3e9WP24WNnr5dVv/zCYrGbyKEpgYGr6Bf6ajkp5FbOLqy+4PnVspb57/Ex0xycMgAAAACn48DqVAqFcuOWHUol9/jD9/x+5SOa2OCnI7/uPnC84FLJ5HGJb776TOLQyOvl1V/vOuS4ZMCAVnmevrQhNtBglHKPXWvYmksOSxYAAACAk3JgeHDgcK6ssXnG5FF3TR2tmcLz/I8Hc/Zknnh/6651b3/a2qp84ZmHAvx8jp0qKK+odVxKYOD6fi0pbYsNNBil3P3AXxyQIAAAAACn5qjwQK2mQ8fy3NxEC+dM79gYy65d/fiaFQuTEqOra+s/+HSX2M1twZzpajUdOm5VvXAAGxz90Mr2BiYJqs67ndxi1wQBAAAAODtHhQfllbVNd+QjhkV5eUr0pw8KkI5MiF69fOGI+CHF1yuLr1ckjxoqEgkvXrnuoJTAwHVscw9XIDr1bzslBQAAAMA1OKpp8s1bt4koKiLE3AzLFt2bm39lSGSIUCAIDfKvqK5zUEpggDr3vUEfpqYtPEheX9Nnn5j8kGmp587saI2/T9dlEXouAgAAA9b3XGTQhZFarWYYVqFU9lZKoQ8olMo2RZt+VsE4w9DLPReJBO6WZ3BUeKBS8UQkFJgtnfD380m7a7zmtUDAMoTcEtjV1cNdz7PwIAUcpM2mYwMNSfkpLvEhdGwKAADm2BIeaP/VhQe8WsUy6N69P2MZAcu6dQ4PiKgvOzbtkqMqF/lKvYiorl7W5ZxqNdXVyyQSNwelBAaoinNdzKCNDf5qeS5hzXl7pgoAAADAuTkqPIgKD2ZZtqCwhOe7GHbtenlV0x157JBwB6UEBqiGG5Y+XXiQBnUdGxAR21Rlz1QBAAAAODdHhQdisWjc6GG36htP/nrR8pyZR34lokljExyUEhigutWfqTHGTusBAAAAcAkOHDU5ImzQ6bzCr3ZmDYkMCQsOMDdbVHiQSCAYNzre5g00F2Vl7Dp6pVbOkVASFDfjgUV3J3jbOd7J2/rKgfD/enW22SbW4KxEEksRwo67aeFBWkFdFiCoRRLLMwAAAAD0Jw4JD5Qct33noV9OnpO4u8lbFW//39cL7p9217Qx+vO0KZQsy4iEwvvuntitjdQe2LS1IHHlumVRQpZIUXHq660f/7jy5blB9toLcG1+g6n2qqUZrIsQeO9Q+6cNAAAAwFnZPzxokDVt/mLf1Ws3BgX4PnDv5M8zfmqRt365I2v/odMjE4b4eHsSUWX1rfOFJZGDg1958dFubqY6L682bvbLUdodcAufuGzdRN6eOwKuLXxUF+GBLkJYVmuuY1Mi4oJH2j9tAAAAAM7KzuHB9fKajVt2NN1pGRE/5PGH7/nb+1+reNWSBXcXXa88nVd45ERHZzI+3h49am8gkUiotqKSxobpTdTWLOJKf9762ZGipjahd+ysJU/MjvMkaio88NWu46X1co6EQROXrXokwZOo+sBbf68Y+RAV7i/kJq95dW5w6S+fZWQW1raRUBo367EnZ8cSETUV73rvg+MVbXoLgvMbehflfdf1bDvutvy5Imqa3ZIEAAAA4PTsGR4UFpV9/NkPd5rlMyYlLX049R8ffXu78c7slAl3Tx979/SxTy1Ku36jWjOnm0gYHdmzOhvSmY/cc+qDf/533uCEieMmjhwTF+6p3Rd5ztaPz4at/PPzUUJqytn6z4y8l58eK+HIb8bz61b6C4kr/GZ9xs+l6x6K0qT69MX5z697NtyN5DmffPCz8JFX/jbRm7ja41klcoolovqCq2Evv/43b1Z+auubGZkT1i2I6vFXBY436iHa+xerRkYzj5f4tw67HyMUAAAAwMBht/CgrKL2vU92cCrVssVpMyYlffndz1eu3UgcFjX/fu3DV7FYFB8bYa/NEVF42stvTKsoOnX6+K8ZR/Y0UaDm0X7T6ZyiuLue19Q68p40NW7fqWIaO9IvYaKfZjlhwrDwprP1RJpcfsLc56aGs0TUdDqnKO6+1yd6ExEJg6bODiKiUiL/CWkTvVkikkwcFffted2C4PSmraDMt3qyAnnyMvulBgAAAMAF2C08+PizHziV6pnH7ps6YcRPR349fDx/UIDvisfnCAUOHAtQ6BmekBKekDKfuNrjn36w9buEvy0Lksup8JtXXvlGN1dCQns3R8dL6pvkHBHR8LG6j0XaKklyuZyEEhPd1Ih0vSE5sJ8ncICZL9CFH6kiv3tLK4NHtIx71t5pAgAAAHBqdsvw1tXfDgsJmDphxI8HT+3Y+4tIJHzpufneXh72Wn8XhEFTx0btOl7fRFESCSUs/duznfpJovPffXJcuOTFdWP9hUS5W18xMRKuRCIhTi4nQkeW/chD62nzw90YA0EtkjSlvOaYNAEAAAA4L7sNExA1OKSy+tbr7362Y+8vXp6S3z63wMJYB3Zw44f33j9QeIvTvm0q3HW4KHz0SG/ynjAhrujnH0oVRESkqDh1olBOJHQTkpvER0jElR44WmRqjd4TJsQVHd1b2ERExDWcysqpd2D6oXeEjaTHt5CbbSGfWiS5ff/fuSAM1QcAAAADjt1KD1Y8MWfTtj3lFbV+Uu81zy8MDwm015pNG3zfkgm7tn/y5mcNco5IKAmKu2flizP8iUgy5dmVzVs/e/OVpjYSSoIS5ixLJkp4cFnips/++xVO6B13X3Ic3TSxSsmUJ5+//fn2v73SpO25KMmxuwC9I24GLf+Ovl9rZS0jRdDwppTXuKAEtEgGAACAAYhRq9V9nQaAXnH0Qzq22UJfRrzEv3n0483jnmEYhhiGYRiGGCLtS+2E9reaF5oFTb41fq3P3HQAAHA5FrJSuo/aX2j/1fyjVqt5tcrbGz2m92dNTc0sI9DPKmj+mMs5GHBchuHytXLjifExEWhsCwPJzBdo5gt07nu6eoQq8qnhBinlapFE5RWiCBreOnhK67D7GGTbAQAAYGBDeAADzKiHaNRDunflpZWdigYAAAAABja7NU0GAAAAAABXh/AAAAAAAAC0EB4AAAAAAIAWwgMAAAAAANBCeAAAAAAAAFoIDwAAAAAAQAvhAQAAAAAAaCE8AAAAAAAALYQHAAAAAACghfAAAAAAAAC0EB4AAAAAAIAWwgMAAAAAANBCeAAAAAAAAFoIDwAAAAAAQAvhAQAAAAAAaCE8AAAAAAAALaGtCzQ0NDgmJQBW8fPz6+skAAAAAPRbNocHyJwBAAAAAPRXqFwEAAAAAABaCA8AAAAAAEDL5spFANDnGJYRsAzLMgxLDMMwTF8nCABgAFOr1V1+pHlh/LatTS0U4lmtK1GridSkJrVabenQuzSEBwCuRChkBUKGZREQAAAA9AGGIWKIIYaI1GpGrVbzfH8LEhAeQH8mb+H6Ogl2IxCyIhFKCgAAAJwFwxDDMCzL8Hy/ChIQHgA4O4YhkZtAIEBgAAAA4IxYlmEYhlf1kxAB4QGAU2MFjJubAGUGAAAAzoxhSCBkVSp1P2iQgNYwAM5LIGDEYsQGAAD9E+qL9j8CAcMaHVaXO9AIDwCcFCtg3MSCvk4FAADYgctlEKHbWIFVDQWd+ZRAeAADyOVr5X2dBGsxDLm5ITYAAABwPQIXL/hHeAADhSY2cJUIQYT2BgAAAC6LFZjOY7vEjzvCAxgQ9KMC548QBEIW/RQBAAC4LoYh1x2kyM49F1VW3zp26vzVkoqSsiqTMwQF+ibERY6IH5I8aqh9Nw1gQXxMRF8nwQYikaveUAAAAEBDMx5CX6eiO+wZHuw+cHxP5glNDBAfazo31tzSevLXi0dPnktKjFm9fIEdtw7QPwiFrDM3VwIAAAAruWgBgt3Cg9uyO5rYYOWyB8ePHmZhzsrqWx9/vqfg0rWCSyVJidH2SgBA/yAQuuStBAAAAAy46PM+u4UHBw6fJqI//f6JqMHBlucMCwl4/Q9P//UfX/zw0wmEB9ALTDY2cM7qRgzLuOiTBgAAADDAMK7RFtmA3ZomXy66MShAqokNLl4p/fTr/bfqG4noyPH8g9l5mnky9hy5eKVU8zoibNC10qqmOy32SgBAPyBAbAAA4Gqsf0Jscs5+MMgumKNWq00d9B6dML3AbqUH5ZW1uvYG+37OuVxcHuDnM2/21C+++5mIwkMDiSjzcG5pec3wYVFE5Ofr7evjqVBw9koAQD+AogMAgAGFYRme5wUCDHTTP/E8z7Ksmu/rdNjIzj0XacycMiopMXpIZAgRPbnoXqFAEB8boVAoF82b5evjpZln3uyp82ZP7fm22hTKf3z8LRH9fuUjYjeRyXlyzlz6ds/RtauX+Pv5dLnCnDOXtny5b/njcyYlJ/Y8eQA2YdDVMADAAMAwjKbQQMAyCqVSgvCgn1IolSzLqHhyrXYIDgkPJo5N0L2eOXmU5oWbmyht1njNa4WSq66tl7iLBwVIe7ita6VVldV1mheJQyN7uDYiGjsy7u0/rfDylPR8VQC2cqF7BwAA9JxAIFAqOYVS6SYy/YgTXJdCqeRVvFAoVHGqvk6LbRwSHnz69f7LxeVzUifNnDzq3Q+/UXKqtauX6D796civPx48pWl1EBYS8NTitJiosO5tSK2mY6fOjxkZR0THTp1PiIvseebKzU3kb6YUAsDREB0AAAwoDMMIhQKFQsmreJFIyLLo29rlqdVqnueVSo5TqURCgStWG3ZIeODp4X6rvtFD4k5ESk51rbRS91FJWdU3uw97e3mkTBvTILtzpbh845adf3ttpZuoOykpvVFzrbTq+SfnEtG/vvqx5mZ9SJC/5qPi65VbvtxXVy8LCvQbmxSnmVjf0Lh+4/bkUUPPXbx2q6FxRPyQh+6b9vm3P5VX1AYP8nvp2fnBg/yuXrvx8ec/rHzygQA/n/Ubt08al5h/objmZkOAn8/yx+fEDulmJAMAAAADma5CkfF0kVCgUvGtrW1optw/MAyjOazmgj0nDwIdEh4snndX6vTkAH8fItIvNyCiY6cvENHKZQ9o2jF/nvHT0ZPn8gqudq+i/8lfL4YE+UWEBRHRoADpr/lX5t47WTMIw9btP4aFBPzu+YcbZHc+3f6j/lKXi8tXPT3vVkPjv77a997m7x6bnxIU6Ld1+497fzr57NL7DTZxOq/wmSX3+3h7/OvLfXt/PvniM/MFAlQPBwAAALthGEYgYNVqItKGB/pxAmIGZ6af0dd7zTCMiRjAuYOCDg7J6TbdaZG3tSmUHBHdqm9suN2k+6i6pj4+NkLXx9HE5AQiqrnZ0I2tNMiazheWTJs4UiBgBQJ22sSRJ3692CBrIqKikgp5q+KRB2YFD/JLiIu4/+6J+gveNWV0ZHhQQlxEaJD/sNjBk5IToyNDoiNCqmpvyVvbDLZy/90TE+IiwoIDRsQPabrTolAqu/WVAAAAwIBjKoPImH+hfeqse/ys/7p3Ew5ds3CwdIfL+Cgb92rqhAfXIaUH2/6TmX+xeNG8WWmzxr+z6T+36hvf+fNKTZ9F0ZEh+w+dzjlzaVJy4q36xnMXrhFRZFcjqZl07mJJbd3tj7bt0U1hGObcxZJZU0ZV32wQsKzYTbt3EolYf0H9t8GBfpoXvlKvqtpbxlsxWBYAAADA7ixUPdJM12QiUZLgDMyUGJidx+U4JDyIHBx0o/pmeEggEUVHhERHhOj6M717+tj9h05v+XLf7gPHG5taWtsUAf4+Y0bE2rqJNoXyRO6F+++eOGvKKN3EIyfOnci9MHlcYsggP06lutPSqunJVC43LBMAAAAAsBdzmXvLs+ln/U1ON36ry3QiTuh9FsqCLL+1PJv1m+s1DgkP9Mc0WLnsQf2P/Hy9//bayq93Hrx0tdTby+OuqaMffmBmNzZxrbTqVkPjuNHD9IcyGDd62PHcC9dKq+Kiwz0k4u/3H1s8764G2Z0fD57q8T4BAAAA2EGXBQUmIwTNC+M4AXqfyS+/yyIFTeUjByfNPhwSHhRcuna7sTko0Dc+NiI3/woRjR89TPepn9Rr1dPzerJ+TX+mYcEBmgIKnfCQwLDggGOnzj+3dM6zS+7fuv3HdW9/GuDnM2Zk3JlzV3uyRQAAAIBusFywYFCAYFxQYLCsfr4TBQgW8DyvUHKcSsWreN03zApYoUDgJhKyrM2Nby3EYyYLB8wVHVi/2j5kVVmYNVakb4iPjXj5hcVE9O6H31wuLn8wbcq82VNXpG8gopdfWKxrjnzh8vXSGzUXL5d6e0lGxA+ZMDbB3GjHAD0kb+GI6PK1cuOP4mMiiOjmzVrGlPYGR52aHBk0ETO48k3eCGytkijxcEjEDgAAjmYhQ2XwkeatbqJxJ0XGq0IkYD2e51vbFJoOcsxxEwndxW7dCBIMmKtuZJATkLdwuqID6ysaOTpysJA7slteJDoyVNNrEBHNnDIqKTF6SGQIET256F6hQKCLDT789+68go4H+bn5V77ff+w3T83DeAIAAAAwABnXKTIucECTAyspFEp5W1uXXYgqOU7JcRKx2K1bT6gtP/uz5imhk7NbeDA0OjzzSG5u/pXxo4dNHJugmz5zckfT4cPH8/MKrsbHRiycOz0mKkzeqrh0tfTrnQff+r/tG//nJYk7+ggCAAAAl2ShEpHJpsbmWhroPjUZDBhnNxEw6LS2KdoUSuvr98vbFLxa7S52szybNVl8yzUInLDowDK7jXswbeJIIvr4sz2lN2pMziBvVXz53c++Pp7Ln5gTExVGRBJ3t+SkoU88ci8R7T5w3F4pAQAAAHB+5h4z2zTigckqsgOQUsm1KWwenKpNoVQqOctrtub7Nz5YnRd0sTIEu5UehIUEPJg2ZU/mib/+44tBAVJ/344OhYZEhjzywEzN4GgJQ6N0nZxqjBoeMyjA93LRDXulBAAAAMCpWO661Nw8msIBNEfuEs/z8jZF9564y9sUQqHApnYIXRYCdNm1UZ+XD1hmz3aQ82ZPnTl51IHDpy8X3bhc3NHcobVNQUQeHmLNsGjGC8ZEheacuWTHlAAAAAD0MitHP9Cf2VxIYDBFwyBUAJ1ulBsYLO4hcbdpEeu7HjFukNDtlfcau/VcBOCEBnbPRWc3pmcV6L338PdPnpU6f2qklCUikuVnfpV/h6RDlz6UJLXfVgEABjjruzAy139Rl+uxdbv9G8/zjXdaergSHy8PgwIEW/PoFsoQWuWqLmfu9na7rTd6LgIApyQMHRYRKiFqri+8Xp+9MyPnxJhX01MjWWqpKDuTL6NA6fyHqEfhQV7Gii/KKHDMG2tTQ+2XbgCA/sdkl0QmB042N+6B5ZXbNbEuQ8mper7vSk7lLhZ0b1nLVYmsrHrkVBAeAPRvnskPLZyvqdPXfHbj+qyC6rPbjoxdl+IfOmf55jl9nToAgH7HynHQjKd0OQ7aQC4isIBTGT6bN9CQf+gojX1otG9PVqLP+pHObI0NnCRyQHgAMGB4jlk+p2DNd7Vlp/KqUlJD9Z76l23dsOUCJaVMUubmFDZJ5/5h+Xzh2U2fHimo5pRCYWjy3emLkqQsES8r2L9vW3alrI1I7Bk5YdqM+swvLxIRUd3Z19LPBqYuWT8nTFmas+mbk4XVnJLIIyR60TMLpwcSVWetfedsXeDQ+TG1e3NlyoQRk4ov5LSJU156aWk0EVHBF+9tzOMSHv5N+lTPvv6mAAAcyHJBgeVCAyfJPjoVNW+pSYb8wt6NeyrldL1B9NgzIzy6txIrdVm72FUOn906NgUA5+cRFRxIRLX1ZaY+LTiUUygXSr3FHsqCTf/MOlMrCE2ITh4irjuV+eb3ZURU8PW/N2ZVylSeCaOjk4K4qoIqdmh0cpSYiEgsTRgdnRzuSdVZb76fXVDNSeOikyLEyuqSbW9/fqi5fRt1V3edkpFELPWKmp/iT9SWfewSEZE8NzOfI3F02mTEBgDQ/5nLO+rXSLGmV00gIt5CiUr1sQ93VcqJiFSFu74/UN2tlXTF4GCZO3AudDRRegAAWqKEWeufGy9lqeX45xlyEgUGBIqJxNJAcXNV/vni+6oyf+WIpHN/v1xTW0nJcSKhcKZ3xorSMvKOXrosNZSo4KvzVTxJJ89bv2goUVv2x+9vu1J76JfalDGajUhTVj+9NEpIRCRvTsg8Uph/NvvhxITsgkKeIlPuSsIjCwBwfdZ0YWRuHoMBkk3mKVHFSJ/ZbHfLha2fX7zJtw86wN859Pm+4JfmjjVbhNCDbdmj1pDzxA8IDwAGkJbSmjoiCvKPNPWpNDxM26nR7TYiUtZVnqlr/6ytuU4mriMikoa2904sEpq4gbS0ckQUGhFNRETi2AgpXZG1yFt1G4mNal9KMn7+5Ny3jlceyj5bdqKe2LCU6f523V0AgD5jZYRgZT0iyw0SBjiWYUw8+2+5+PmmY5fbOo9I1lbx9ab9zKr7xhhFCGy3ymqszPS7VmyA8ABgIGk+u2VfLRFFThxruYshD4mAiERj53z4RKJ2Ek/UlJ1JRCSrqibSKz1on0Gl6XQ6UComaqsqL6HJQ4morFpGRFJf030jxaYkRh7PLcvMKuNJOnXydIkd9xYAwDVYH0hYNmCLFFgBy3NGDYtrKopNdnbaUlFUQ2OiTazEYIpd8utOlem3HsIDgP6t+cz3O6q0HZvKWjgShYx5alYXD+mlk8cnZ2Weydu3pvZ8QiDVXa+si0l774kJc5N+3VQg2/uPj4pHBInqKwsbh6W/lhYbExpJZWX1BZs23YkcMX7VtMTQk2erTu5eWxcdSbUFRUSSyLSJUmoytSX/ySnDcrddISL/lBSjuzUAgCuzfpQ0W/swtbCSAUgkFKpUvOHUmLTXX7NtJfb9Al1rHDQDqOcL0L9xVVdKzuSXnCmSkY//9AWL1qenRnZ53UuSVv0xLSXCU1lVdia/rIp8kocFE4mTlz351GipBzUX5pcU1ApD44OkPJF0+qpHo0MlVFdUUnZHSCGp616anhQilBWVnClq9ogY+tTvFk0y295YnBDjT0SisZPnomIRAPQ7NjUvRnPk7nET2eFht11W0o2D6JxHHKMmQ382sEdNdgV8yVd/3XFI5pmy+jdLo/o6MQAADtPt7BbyadZokbcqlFy3F3cTCT0k7t1evMv8vSY30o0FHQqjJgOAM2o5mX1IRjRs/HzEBgDQr1lf0ch4QQckp7+RuIuVxs0PbFm8979nZz6yCA8AoM94TH1y89S+TgQAQK/odoQAXWJZ1sNd3NLa1o1lPdzFLNvble2dOTZA2wMAAACAXuLkmUKX5uYmche72bqUu9jNzU3kmBSZ5fynAUoPAAAAAHqJXTopApPcxW4sw1hfhuDhLu7l2MD5AwMNhAcAAAAAvQpBgoO4uYmEQkFrm8JyS2U3kdBd7NabdYpcJTDQQHgAAAAA0AcQJDgCy7IeEnd3Ma9QcpxKxat4zZjKLMOwAlYoELiJhL0cGLhWbNBL4YGSU9Xduk1EgQG+IqGgF7YIAAAA4BL0844IFeyFZdluNEWwF5eLBww4PDy4XFT+r+0/NtxuIiI/X+/nltwfHxfh6I0CAAAAuByT2UrEDM7M1SMBkxyZxC0MAAAgAElEQVQbHlTV3Hp30zf3zBw3dfxwIjqee/HdTd+88crTocEBDt0uAAAAQP9gfQYUgYS99MtMv/UcGx5k/ZIX4O9zX8oEqY8nEd3n7Zl3/mrWL3lPPHKPQ7cLAAAAMNAM8Ewt2Iv9W2YcO31+y5f7mltaiai6tn7q+BGa2ICIpD6eU8ePqK6tJ6LmltYtX+47dvq83RMAAAAAAADdY+fSg/Ubv5I1NQ8fGvW7dR/89rkFEeGDzl28Nm92x7Co5y5eGxoTfu7itf/7184Zk5L2ZJ44fDz//6153NYNyVvb/v5RxvXyGs1blmUGhwU989jswaGD6hsa12/c/siDMyclJ+acubRjX3b6bxYFBfrqllWrafvOrJKyqv/6zSKJu9hOuw4AAAAA4PLsWXpwrbTqWmnV2t8uXbY4bcmCuz//9qfYIeGlN2p+Pvpra5uitU3x89FfS2/UxA4J//zbn5YsuHvZ4rSXVy2+XlZ9uai8e1tMmTbm7T+tePtPK9545RlfH89N/959W3bHYJ76hsbsnAL9KVU1t3Lzr/RgRwEAAAAA+id7lh5U1d7ylXppqhL5eHvelt0ZEhG8ZsXC7TsP7sk8QURenpI1KxaGBPnflt0J9JcSUaC/1FfqVdcgi6fudGfkLnbz9/PRvH7ovmn//OS7kvLqqPAgg9ly8gqnT0rSFCCo1XT4+NmmOy0Bft722GkAAAAAgP7DnuHByPghezJPfPr1/uHDog5m502dMCLQXyoSCRc9OOt6eTURDYkIiQgPknp7Tp0w4seDpxRKruDSNYGAHRk/pOdbFwmFRKTiVAbTQ4L8iSg7p2Dh3BlEVHOzvuBSSXRkqFrN93yjAE6r5ubtvk4CAACAqwoe5GvFXP2TPcMDqY/XfXdNyM2/8u0PR2dMSpo6YcRH2/b8es6wGs/40cMefmDmwey87TsPhgb533fXBKmPVw83zXGqY6cKWJYZHDbI4CN3sWjWlNH7sk5pChAOH88PHuQXFhJw9dqNHm4UwJkN5PsaAAAAdJs9wwNZY7Onh/uw2MHDYgcT0Xc/HGUYWrnswfGjh+nmyc2/8mv+5e9+OBoaHDBryigi8vRwlzU263o3ssmPB0/9ePCU5rXEXbxs0b0hQf71DY0Gs41MiD7x68XsnIKpE0bkXyhetjjt0pXSnu0rAAAAAEA/ZLfwoLyiduO/dra2KqIGB2umXC4uf/rR2fqxgaboQKFQfvr1/vhYbWODn4786u7utvq5BRFGbQa6lDJtzH0pE4hIIBT4eHma6+1XLBbdMyP52x+OVtbcCg32HxYzGOEBAAAAAIAxu4UHezJPjBkRNztlvKbN8eWi8subyjWvDQT4+RDRg2lT4uMiiKiuXnbgUO6ezBMvPPOQrRvVb5psWVJizJET5wqLytYsXygQ2H+0BwAAAACAfsBuGeVLRWXD46NMxgOWBfpLh8dHXSoqs1dKTBIKBUsW3P38Ew/ERIU5dEMAAAAAAK7LbqUHra0Kj+4OMebhLm5tVdgrJeYED/ILHuTn6K0AAAAAALguO4+a3Gsk7uL/97snTH7k7+fzzp9Xal5PSk6clJxoPM/CuTOIZjg4jQAAAAAALga18AEAAAAAQMtupQdhIYGHj581nn65qNzcIrqPDh8/GxYSaK+UAAAAAABA99gtPBg3auiV4hvvbvpGf6LBW3MfxcdGjBs11F4pAQAAAACA7rFbeDBv9lR7rQoAAAAAAPoE2h4AAAAAAIAWwgMAAAAAANBCeAAAAAAAAFoIDwAAAAAAQAvhAQAAAAAAaCE8AAAAAAAALYQHAAAAAACghfAAAAAAAAC0EB4AAAAAAICW3UZNBgCndHZjelaB3vvA1CXr54R1Y0U5WzfsCunmslY4uzH9CD2xfPVYT+2E6qy179TP37BokmO2B70nL2PFF7TczKG0eF4Znr1ERBS5/Ana8oVs7h+Wzw+Rnfk+q3hI6qLRUqLKXeu3l92XvnqsI/YBXJVdb1xlmZ/l0qyFaVGas1pzEtpjxQBOBuEBQL8ndZHfMK7gq+27gpbPD+/rhICzGLN6wxjSxoolk/RO40naGKC57GLJGVHzotHSPkwlDBj1hfkllERpUURjF21GIAr9F8IDgIGnOmvtO7XJ97YeyqpXivznLpvesn/foXJOFJi46ndzkiSVu9ZvL0uapMzNKWwiadz4VStmxerfKurObvrXkTO1HIk9E+6dl54iPbTpo70hi95dEElEVJr58sd3nvrrwqTmgm0fHsyu5Ugsnf74kqdGeBJXtnfz7r1FbUqhOOG+hekpBs/zPJMSae+m3bFvzEvSr/bYVpb5Zebey7IWjkRBQ1e9NC/Jk3K2btjlPSbywtkzTSQdnboq7uqm78tkvDj2wYWvzgwj4op/ytj0c6WMI2ncpNUrp0eiHqVTaC7ct3vLkUoZRx4hQ5e/MC9JU1bUfHXb2xnZtZwoKHrpcwunB3a1Gm3J0tAcTdlC1vYVWZHLN0zTfS7L373hP1er2jpOGAA9Js9DrvinjE2HKmVtJAqKXPrUoqSafRu/v1om40hzv0q8tPads3VE9MWGFfvHvPEMbWwv3qw7tWPjrpKqNhJJw+Y/tyQtnCgvY8V+8fyY2r25MiXrOX3Zk0+NwFkIrgS/mQD9nmzvOxtWpGv+27KrWjOxtsp34YfvpKePbd77ryMei9ZsfmfhdOWlXSdlmo8LLrTM/1P65rcXTWrM3fjNJb21Ve7anFU1YsGHG9I3rx0v+iljS6FnyszoltO5BTwRUcEvl2jC+CS2ctf7B2Wznt68IX3z2jGy7fty+Lacz3Zmh8x7b0P65v+ZF3pyX3tKdISRc5YsjynZ8u+zLfqTxcHJsxe++3b65g1rloeWfHWkUjO5rkiV9qf0zW9MD8zP2lg49I23099bIC3en1tA1JK3c0NuwKr/Sd+8Yc2qkMJN+ysd+fWCtVry9m08Lpz/p/TNG9asjqvduDm7joiI6vJrY19Ys3nDb1aF1277QjvRCmNWb1gyN5ACU5ds1q+5VJ311n+a09amb96Qvn5W85b/nHXM3oCrMnketuTt3JDZmvK7NZs3pL+3eEyolKQR45/645rNG9I3pye17DuWE5S6fkNqElHSE+mb16aG6lZXnbUhoz5p5ZrNG9LXp9GuTbs1d0Kqq6wavujDd9LfSBFn/3Cyqg93GMB2KD0A6PeMKhdVE1FQ8kQpEUk93ck/elI4EUXHDqYCebNmloQZmhKDyEUpYZk/lZdRonbZ2ktn6vynz4gUEZH3+ElxRzIulNDD46e7ZxzKp6SE3Mx8n5S1kVSbdaaOq8rYsiJDm4bI2itVl7g6PuOFbO2akqqIDKs8eU56elHVO9vf2hf0RnL7NL65MGvHrisymZyIiEbUEoURUWDSyFghkVDsQRQ7dowHEcWEBbbVtxAV5pcp6+itP7bXWm9fBPpWYX4ZDZ8z3ZuIhLFTogOzSwrk0z2IpGPHT/cmIs+klJjAv5cUyKenSLq/laqzJXVtsm1/2bBN8z4wqIootKulYOAweR5K88uUialzg4REJIoeGkvUUlGQselS8e02JU9E0qpa4/sVac+38IS0KCERSScnJmRkF5RSEhH5x6QlSYkoNNiLauvLcBKCS0F4ADAwCUXWlx0qOWUXc0SmTfFfeyq3rK6gMC5plT9RLRFJ5/5x+fwg3TwFm4iSl6WvGm1xTWzY/JdSy9ZnbKTo9uUObyv0XPry0yn+woKv3tvYqpvT4nqS0jY/nWTNzoGTEYrEPV5H0Jg3/piK3Bj0QG3md2frhi9876FoUVP2m28U2rwCViBySMIAegMqFwGACYW/HCnmiPj6vccrRXHRsboPghKTA+uzfylTElFTbk6RMGFENBEFTk9KKDq24UhbStp4DyIKGpogleUcuSrjiXhZQfbZKhqWFEcFx7OrOCLiqrJztEXwxjzHrF41su7QVW0lE7FQRCQSC6n57KGLnDWJT0gIoytnM2s5IlLW5hyy/Zcd7KisQkaB/pFECaMj6eL57CYi4opPlNRFRCdJiIhkebnZTUS8LPvApbqIiAQbfpfCAgNJ2dysPyk0MVJaW5JZKCMiarp6KA9Vy6ATk+dhwuhIUVGB9qZRcrVYLvYQE4nEIpbKjhWWaRcNCvWnFoPzbUx0YEVhZilHRLKTlwolkUlRfbNfAHaE0gOAfk+2950Ne9vfBKYuWZ9seX4ioqQRHrv+uqGwiaRxY1YvSNT7JGz+itSqf+184ZCmafKi5QlERCQZP3fiyQ3liWnah/6RS19I3fTpvrV/4JRCYeiIaasmiKc/Ma/us6w31+YoSSiNSXwqichcfzPhqavnlK39gYiIElJXjf5802sbvvKOThstLWjqOvEek+el1+/e8s/3MtpIJA1LWZxgfkvgSNVZa985WyeWTn98cigRjZ2zumr3lr9u2MaRR8jQ1S9MDyQqJgocHVT84XvbajlR0NBVL3TdMlnf9DmTcjbvXnFSOvcPc7STotJefXTHxi+2rJCTSCJNemDedCI8xx3I6rK2r8hqfzMidfOzJs5D7cm54b0MTts0OW3RpDMfb19xRBiZmphEmgAhbO78oW99+dGKnZHL/+CvXWFIavqiHRs/fi9T0zR5VeeeFQBcE6NWqx26gW/3HDmVV9ggu0NEAf4+0REhK5c96NAtAujIWzgiunyt3Pij+JgIIrp5s5Yxhdr/IaJO09vfal5oVmXyrfFrfeamSzycIWLvXv/xlbvWby9OeSl9cs+rhgAAAPQfmtyIs7GQO3JskPvxZ3sOHM4ViYTxsRHxsRFiN7fc/Cvf7jni0I0CQB+4cDKzKTptImIDAAAA1+bYR5Ul5dWDQwf9+eVluil/fmfbqbzCRx6c5dDtAkAPhM1fm27zQiMWfvi/DkkNAAAA9CbHhgdJCTHeXp06qBs3amhZRa1DNwoAAAAAAN3j2PDg8YdTDabMmz3VoVsEAAAAAIBus3940CC7U3y9srK664Evh0SERA0OlvpgpHEAAAAAAKdg5/BgX1bOzn3ZVszYYVJy4vLH51gxYyfy1ra/f5SRODRq4dwZti4LAAAAAAAm2TM8+ONfN9c3NM6cPCoqIjg40K/L+etvN527WJxz5lJ1bf2ffv+EHVMCAAAAAADdYLfw4PDx/PqGxvGjhz256F7rl5oyfnjogeN7Mk+cyL04ZfxweyUGAAAAAAC6wW7hwdVrNzw93Lsx5Nm82VOzfsnLK7hql/CA41Q//HzyUHZea5sicWjUssVp/r7elTW3vvn+8JVrNzhOFREetOqpB319vN7bvEMkErz4zHyBgCWir3cdul5e/fuVj1wuLv/PrkM3b8kC/HyWLLx7VGJMz1MFAAAAAOAS7BYeXLh8PXhQR4WiBtkdP6mX7u27H35DRC+/sNjksoMCpJeLTYzc1g0/H/31UPbZpQtTY4eEZew+8sW3P734zPzmZnnU4OAlC+5W8fy/v97/ze4jq56aN35M/Pf7j9XW3Q4N9pc1NhdcupZ214SqmvpPt++fMCY+7a7xBZdKvvz256CVj4QE+VuxZQDXoFBybW1KhZJTqXhHD5oOzoxhGIGAdRMJxWKRm6j3huvGGQg4/aDP9dUZ6Crs9o00t7SKhNq1vfvhN5eLy9//39+KxW6aKW0KZVNzi8Eil4vK4+MiiCg8NLD0Rk3P09DapjhTUDRxbPyk5EQimnvv5C1f7m2QNQ2NGTw0ZrBmnoS4yEtXS1vb2kYNj95/8NSZc1fm3ju56HoFwzCjhkcfPXHOx8vjwbSp3l6SaRNGnD57+VppFcID6B+USu5OcyuvVruL3Xy8PYQClmGYvk4U9Bm1Ws2peIWCa7ojZxnGy9Nd5ODfSJyBoIPTD/pW75+BrsUh30VosP/l4vIbVXWxQ8I0U5Y/PkdTh0fnclH5u5u+eTBtyrzZU5957L5nHruv59ttbVU0NjUfPp5/+Hi+ZopYLGq43dTapti+4+CNqroWeSsRDYkIJiI/qffoEbFnLxTNnDL62KnzQyJCfH28a242VNbc+q8/f6hbZ1z7LgC4NLm8ram51dtLInF36+u0gFNgGEYkFIiEAk8PsbxV0SBr9vZ0l0jEDtoczkDQh9MP+lYvn4EuxyHhQUR4EBF9lvHT6394SjNFV+9I1tgs9fFsa1OcPnuZiK6VVtXVywL9pY1NLT7eHj3crru7m4+354j4IXPvmaSZwrCMh7v7h//+/k6zfPXyBX5Sr/2HTpeUVWk+nTwu8df8K8dzL5RX3nx2yf0MQ8GD/MJCAp5/4gHdHQTnCvQDcnlbs7zN39dLKBT0dVrAGUnc3URCwe3GZgfd9HAGggU4/aBvOfoMdEUOCQ9mTh515tzVC5ev//UfX0SEDfLz9SaiqRNGBPpLX379Iz+pV4PsjmbOC5evr/2fLQH+PrfqGzdvSLd1Q61tivqGRs1rhmW8PT2Sk+KysvOGx0dFR4Q0yO4UXi1Lu2uCWOwmFAokEnHtLVn+hWJdHBIRFhQRPuiHzBPhoYExUaFENHpE3C85BSd/vThr6miVis/NvzJ+9DCJO84VcGFKJdfU3IqfRrBMKBT4+njW374jFArsW8iOMxC6hNMP+pbjzkAX5aiv4HfPP3zs9IX9B09lnzqvmeIudku7a/yDaVP2ZJ4goiUL7r57+tjc/CvffH/oVn3jg2lTurGVQ8fOHjp2VvNaLBatWb7wnpnjWhXKz77JbJG3+Xh73D1tLMPQ4nmzNm3b85d3tg0ODYyLDq+ta9AsIhCw0yaOvHSlbMr4EWI3kabe0bLFaf/ZdejA4VyhUDAqMQbdrYKru9Pc6u0lwU8jdEkoFHh7Se40t/r5elkxu7VwBvYnnErFKVUqFc+reZta9jIMsQwrELBCkUAoMHEy4PQDa7jcGeiiGHu13F+RviE+NsK4b6Kbt27XNzQR0ZDIEE0WfEX6Bv2Rkj/+bE9u/pU3Xnk6NDjALikB0JG3cER0+ZqJfrHiYyKI6ObNWsYUav9HU0OxY3r7W80LzapMvjV+rc/cdImHnSN2hZJruiMP8PO272qhH7vV0OTtJbFXVx44A/sNlYpva1NyKlXPVyUUCMRikUGLRA2cfmCOK56BOprciLOxkDuy2/7HRIU2yJqMpw8K8B0U4Gswseh6he510x05EUl9EKsB2F9bm9JdjKZ4YAN3sVtbm9Jev444A/sHhZJrbVXYa22cSsW1qNzd3YxPM5x+YJKLnoGuy0Tk1D1x0eG1dbdz869Ynu3jz/YQ0a36xi1f7rtcVL77wHFNl6afZ2TaKyUAoKNQcm5uA/02BzZxcxMqlHZ70IUzsB+wb85Mp7VVYXym4fQDY657Brouu1020yeOzDyc+/Fnewb9/omowcHmZqusqR8/eliD7E7OmUs5Zy4RUVhI4JCI4JqbDfZKCQDoqFS80FT5KYA5QgGrUvH2WhvOQFenUvGOyJlptLYqBCyrX8cDpx8YcOkz0HXZLTwIDQ7QNDv+6z++GBQg9ff1MZhhWOzgebOn6ro6PZF7cev2HzXjHtgrDQBgQK1WY+gfsAnD2K1NGs7AfqCtTeno9Xt4dHQPiNMPDLj0Gei67FnoNm/21JmTRx04nHu5uPxysWFzhwD/TgHD8GFRxhMBAADASXAqlV1agna5CZM9yQDgDOwrdq6T5yv1evShu6yZU+rj2Y2BDgAAAKB3cErH5sx0W0HmDEzCGdhXUCcPAAAATOidStio6g3m4AzsKwgPAAAAwARe3RvZpt7ZCrginIF9BeEBAAAAmNA7TTTREBTMwRnYVxAeAAAAAACAFoYLAQAAAAAYWOJjIsx9hNIDAAAAAADQQukBwAB19MM3j9wiIk7epBR5S4RERIkL1j0yssdrrs/Z+sH+UmKTbFjb2a2vnB37t6fH6k87/82bR4JXvjgryOQSTed+OEKzHhjl3eP0grOT5e/b+MM1mZKIJ/KPnP/EvOmBpubLy1iRN3Tzs2OsWmlp9qbSyFUzI+2dWOh3uLLMzzIzy1qJSMm7x86YtfzeoR4m5qvctX4fPbN8fohVa5XlZ2bSpEWjpXZPL0DPITwAGKBmvrBuJhFR3tZX8saue3Zs10tYqfDAD/LUV1+f6tnTFY1cvM5CdCGvOH+eJiI86P/qj2zMaE5b+9IkTyIiZW1uxsUy6nm2vr7qTJGXHdYDRE0nMv5yoM7EB2zgg79bdJeLD39a8PXO7JBF7z4bRkTEywr25xbKhyZLerraloqyMzQS4YE9NB7e8uWeG6Y+GTzuL8sn4keiGxAeAEC7i9v/fCz21RUTJURE9Vn//KBp4bqog6/kDXqAu3SkppmjkKlLnpgd50nEVxzd/PmRWiXHU/hdzz4/K1y7htqjH3ycVdGmLPz7m1nxC9YtTij9eetnxyqIiEJmLnsuNUpIef9+JW/QA9yZ/deHLv3fx/Ty/3zF0c1ZR6qbOApKfe7FmWGU9+9X8sb87dkxtQfe3to0Lq4i51KjghONWLJmcULxN29mFDTJ6YM3c4NmrXxxQt23H2QUyFniJLHzn1s21q9vvj9wiFpZVVBkUnu0KQoav1RTntR8aduHWQXNpOTdkx9d8tQIvXiUr8z8eHdmDafkhZEp89JTwoio7ND2jYduEUvkGXn/SNmPx2pJWfnyX7KTHn7pqaS+2bN+wzs6JFhYV8MZThcGhgz16psk2Y+sqk4QOzlM+46VJs1J1bxsubD7rYyyFiKlJHL5S/OS9B+IGJ+cfGXmx7v3VnEiljyGzUoTHMnIb2uhHS+fkqa98GSa6SJSsJLP0Fgf4Y1GoxOQgmOjEBt0D8IDAGg3fOrYnbuON0xM9SMqO3pakromkgqJCm8I1/3XOm+WKn5895M9Ua8/llD4zfbae15eFyskkh//eOvRMS/O1DwCC5r54jrvjuKIi9u3Fo98ed3z2mW/DX/9sQQiKixWvrz2f4MMbj8lte6vvrzOk+QnPnkzM29mp4pG9UVtU179f48QX7pr/faj1a/OXrwuyPutrfTsq/cHEZXu2lwz9eXXp3oSNZWWGv9EgEsbNn7+zzte+3vF9ImJyWOHRnpqzpv6zH+djfzNS095E/ElX72TVTBini6TX/D1vqp7l78bJyRqPrRpR2byk2lVuzecCkr/y5JIlpS1lbLAsNSQjBV5Q9+1siYSWBYy45Xl9LdPztfodx8fOHL1b2aEu3wLR+n0eyPf/PdHG8YlpiQlJcX4izR7VJ+9MTs4/bV5UpaoZN9r319KWqorBzBxctLXO7KjFr63KoyIq6poDA1/KdZ7y0aas35OmKWNg3XCUx5fzX/5918a9ScGz1j4Skpw3yXKtSE8AACdqJmT6IOjpakPRRVmF0TNWKcpP48bNdabJSIKnzrRf2NhKVHehfrCq+svtS+WWE5kqoS88FxB+Kj5nZdNIKKEqamGsQERRY+c6ElEJImO8jlaW9vpM/+RY8OJiNioqPD6vGqiTrV7g+Iianf+5wBNHjl2WFQU7mquomD3y9+VERFR5NK/zEs2eKubjQ1Le+mllOaywpPn9352rLBGnPLEwvmDLuaU19ZteH+vdiZpYC21hweXcs7LCq58VNC+gqQyKigoCZz4dCRLRCQKCjPZcsGGJIGxkBm/XdDwP99VyDVv3cMff9bJY4PazPe/yawjIgqctfjVlKAz/3n/K81NLTH13UcTdfN5jJi3/o22umsF2b9m7f2isiVmVvoTY0T5V4tLm99847R2pkCfKt1NUGZ8cl4qO+85/Y+aSEAYGu5vLk0GaTCXJDAWnrrg8dovvrys0ryVxM/4bSpig+7DDykAdPCfNiX473mlaTVHS5NmL7UwY3Dq6jUzu11p1uSNhxVZWEJkKZ8hGblsXWzt9eILJz75rijqyVfnD+luwqA3Jc17N8n8285EnpFJqZFJqURFu1/+7uSk34hJFL38L/M6LVGhe+U/9/fPpOmdnwUFZBVbkgQGJEnzVtV++fdfGon1uefpecmmWu86k6C0l15K03uf/OhLZiNAVhwYN35+3Pj51Hxo40cZBWOWEolGpr67VD/LXtnx0vDkvLTFujQZpMFSksCQR/KjD9V8uOPnOqLAkaseHdnj5iEDmlOH9gDQ2yQTZ0YX/PDpCfmEmVHt04rO5TXxREQVx0/VxyZEUcLYxJrj2dq8WFNhUa2ZlSWMSqpoX7bpfGH90IQoM3N2g7evf32NJg3y2kq5JChuZMojjyRT4SVzyQHXVHH20IV6Zfs7WV2z0lcqlQ5PDiw5dKqZiIi4qsISWccCiZOGNx76RZtXkxVerSJKGh1Rdyq3TFP1palexhP5ekprblX18r70d+GpC1alDL3/yQX3W9d7jytoLsjOLWtrf8fdqmr2lPqSdHRM6Pmz2doTsLZA/wQ0cXImThremH2s/ZyslxGR1FdcV42blV2xwfc/O/v+SaNXOXvJlQtA6QEAdJIwNSnjo9rZz3QUfycM5rb//c2aZo7zG/vkcwlElLB45YR/bf3z6yQkjkKmLouKI5MPaoYverZy6z/fPEBEFDLz2ecS7JhOyaS5qac/+fPrPyQ9tCzobMYHpXIhy3GSpCWrguj8t2/upAXrHgk68sHHF5JWvpBQ+OHHBSPM9pEKTi04TJT9/dr/NBNLxBOFJq5aNt6DaO6Ku7d99OmaH4iIpHHTV+udXEmPLZi+efea1zgREYUmrooaSiPmra7M2PjaeyQUkGfk0ufnJUfPWhT+6Vt/uhSauvjVFJwY9uIRN+ueuL5OhF15RgY2b9v4fnETiVhS8u4JDyxeFUVEs1Y/unvD2+9nsES8e8KChXplBf7GJ2fSYwvKNu9Y8ycSCclj2Kz0pUnSyalzT2WseS07eREax9uPR8w998f0dSL6A0atVvd1GgAcRd7CEdHla+XGH2kGC/z/7N15XFTl/gfw75l9WGbY9wFEEJBFJBC3VNTEJQ7O8QsAACAASURBVBFNTU2zRSur22bd29699btZt7xL95aVdq3MJfUa4gomLuGOu4iIIMq+7wwDM3N+fxwYhlWEGWDo83710nPOPOd5nnk8wfme53nOU1xcxHSEmv8iolbHm3e5DS6rDnfbb+vr7LjUzMARe2FxhaO91X2dojzz7ScZE/6ypOluq/n1QYatFwxoPbhs+iAr6HtV1XV9U5DMsmUoEi4/0DH1K1CHuxsxIUbvPYiLP5lfWJqRlUdEQz1dnB1to6PGGrtQAOipouNHlROeMeRjfgAAADAhxg0P1nyxJa+gNOIB/3mzJhDRrazcQ8fOp6RlvfVSV3MeAaD/OET96WX9/ZFP/M1wK6YBAADAQGfEuRt//OhbSwuz/3vzqaWPTC0qKS8qKV/6yNT/e/MpSwuzP370rfHKBQAAgN7rZBSkSZYCpghXYH8xVniwY88xB1urF5+KkcvMiehmRs7NjBwiksvMX3wqxsHWaseeY0YqGgAAAHqPx/TF+1/6phQwRbgC+4tRWqS4tCLhaPK0yLDOEkyLDEs4mlxcWmGM0gEAAKD3+Py+uG3qm1LAFOEK7C9GmXuQk1fC5/P8vd3bHE+71fQCGX9vdz6fl5NXYm+LVwoAAAAMRAIhv6HR6G9cEQj5xi4CTBSuwP5ilPAgO6/I29NVKGyVeVpGdtq6pvBg/drV3p6u2XlFI4N68n5kZb3q71/vyMoubHPcSmbx6rOPbNx2kIhee26BVCLuxZcAAAD4XRPw+QI+X63RGLsI4+UPJg1XYH8xSngwxN35QOLZRrVaKGjKf/a0MbNpjC5Bo1qdcScvKjK8Z/lLxOIXn56rUWuI6McdhyqralcunSURC3k8nqWF+YtPz+XSGOjbAJgwhmFYlu1smQWA9gx7weAKNHVisVBdZ8SbM7FYqL+Lyw/aMOkr0HQZJTxwdrRRqzXXUm+PDPLhjvh6K/QTXLyarlZrnB1tOsngHhiG5Jbm3LZQKBAIeNZWFrq+At1HAMDn89QarVCARyPQXWqN1oAjcXEFmjo+nyeRiOrrG4yRuUQianOx4fKDNkz6CjRdRgkP7GzkEaH+u/Yn6cKDNnbtT4oI9bezkRuj9C837iaiF56cs2vfb1dSM12d7C5cSRcKBcvmTy0pr9p36LRGo50xZdTsaWMZhpT1DdtiE89dSmO17KhQv0Uxk6USkTFqBdAvREJBQ4Mavx2h+xoa1CKhwX414AocBLjrweD3ZxKJqP2VhssP2jPdK9B0GStCWvHYzOqaus3/O6ysV+kfV9arNv/vcHVN3YrHZhqpaH35hWWuznYfvfnksKFuG7bsz8jKe++1ZTOmjDpy4lJ2XhHL0rbYxBvpd19aMe+91cvyC0t3HzzRB7UC6DNisbBeZZSHLjBY1asa2vS29wauwMFBJBSYm0kMNURbwOebm0k6vAnD5QcdMtEr0HQZMUL650cvfPvTvnc+/i5ouJf3EFciunU79+r1TL9hHv/86AXjlavPyd76wYhgSwtpeIjvzYzsGZNHOdpbhwR6JyZdzC8stbSQ3ki/O2PyKD9vBRHNmBJx4PCZOqXKTIp5CzBIiIQCHsMo6xvQLQbdoaxv4DGMYR/f4gocHPh8npmZWK3RqBs1Go1Wy2pZ9j5OZxjiMTw+nycQdjoTFJcfdMEUr0DTZdwmeGbprLj4k3dzi+LiTxKRh5tj5PiRs6eN6caphiESCQSCph4SsUhkLbcgIgszCTdnuqKytl7VsHnX4c27DnNprGQW9fUID2BQsTCXlFfWCgV8AXrYoUtqtaa6RmktN/D0LVyBg4nxXvOCyw+6w+SuQBNl9AgpOmqssYvoMSu5uUQsevihMQ8EN82R4PF4MsxshsFFKBRYmksqqmqtZOb4BQmdUas1FVW1luYSoaGfnOEKhHvC5Qf9y3hXoIkycCvs3HMst6C0sdtrWEgkImdH20dmPWjYanSTlczSz8f9+OkrngpHW2tZXmFpUUlF5LiR/VIZAOORSsVEVFZRY2khRSc7tKesb6iuUVqaS6TG6TvFFQhdwOUH/cvYV6ApMmR48K/1uzLv5AX6DXF0d7qZkTNsqBt3fE/CKW5AkW6DiLgE1TXKE2eupmfmvPmHxQasSTcxDC2KmbwtNvEf3/5PrdbYWFvOfqjvBj4B9CWpVCwQ8Gtq6+uUKolYJBIJBHwe3u78e8ayrFqjbWhQ16saeAxjLTc36mMzXIGgD5cf9K8+vgJNDsPe18yOzm39JTEru2DpI1MVrg5x8SdvZuS8/vxCIkq+fPObH/e8vmohEX2+bvvrqxZyayB8/tX2YUPdoqPGFhSVff3DntBgn4E8DAlMlLJOTURpmdntP/L1UhBRcXER0xFq/otbWKflePMut8Fl1eFu+219nR2Xmhn9x1NDo1qlamxoVGs0WkP97w+miGEYPp8nEgrEYmFfTsXDFQi4/KDf9fEVyN2NmBCDtUhKWtbY8ACFq0Ob42Ejhn1D9Pm67dxum/XRiMjJwcZ7iMvp86kIDwD6gEgowGsZoB/hCoR+hMsPoDsMtu5BYXH5UA+X9sdz8ouJ6PVVC7kOhILi8vZpwkP8iksrDFUTAAAAAADoGaPH0Ln5JfqdBoVFZU721sYuFAAAAAAAesDA4UHarew222UV1S5Odty2rY0sv6hMIhZ1mB4AAAAAAPqXwaYmr1y9tpc5rF+72iA1AdDB1GQAAADoX7/fqcm4uQcAAAAAMHUGm5oMAAAAAACmDuEBAAAAAAA0QXgAAAAAAABNEB4AAAAAAEAThAcAAAAAANAE4QEAAAAAADRBeAAAAAAAAE0QHgAAAAAAQBOEBwAAAAAA0AThAQAAAAAANEF4AAAAAAAATRAeAAAAAABAE4QHAAAAAADQBOEBAAAAAAA0QXgAAAAAAABNBMYuQKVqSL58805O4e27BVnZBe6uDu5uju6uDj5erm7O9sYuHQAAAAAAus+44UFGVt6OPcfyCkq9h7iGBA6d//CE29kFt+/k7z98pn5fw5J5U8aEDTdqBQAAAAAAoPuMGB5sjzt66Nj5QL8h7766lMdj8gvL0jKyPdwcQwK9neytt/6S+N+tB04lp7z23ALj1QEAAAAAALqPYVnWGPlu/SUxMenio3MmTRw7YsPm/ReupPP5PG9P16ycQpWqYYi78yOzHiSiz9dtd3a0+fCPTxqjDgDKOjURpWVmt//I10tBRMXFRUxHqPkvImp1vHmX2+Cy6nC3/ba+zo5LzYw+3g8AAAD6Enc3YkKMci9y7cbtxKSLyxdO81Q4Pf+nf1lbWb74VMzwYR5CoYAbcXQ46eLn67bPnjbmozefeu+T/8YeSIqZMd4YNQEAAAAAgO4zSniw99Dp8JF+4yOC3vjwGzdn+w9ef5yITpy7durc9QdHBwX6DXlm6Swne+s9CafCQ3wfeXhC3METocHD3F0djFEZAAAAAADoJsOHB7kFJRlZeQtmT9y593h9fcN7ry4jorj4k3sSTs2eNmbrL4luzvavP78wOmpsSlrWz7uPvvLMI78eP8+91Kj7pSjrVX//ekdWdiG3yzCMjbXlwuhJoUE+Bv9GZy6kbti8f8VjMyNC/Q2eOQAAAADAwGH48CCvoNRMKh7q6fLdlgPR08fKLM2IaE/CqddXLfT1VoSH+L7/t+/TbmX7eisWRk/65N9b8wtL3V0dcvNLelBW5LiQ6ZHhRKRl2YSjyZt2HLKxknkqHA37jUYGen/67koLcykXKmzaeejlFfN8vNwMW4ou5rGSW77w5ByDZw4AAAAAcE+GXxbtbk6hu5tjdY2yuLTCy925i5RDPV0kYlFuQamnwikru6AHZUnEIhtrmY21zM5GPmvqaKlEfOPW3V7UvWMikdDGWiYSCQ2eMwAAAADAgGL43oPbdwuGDXXLKyjhAgDu4OxpY7i5yIlJF32HKny9FdxxDzfHvIIS36GKPQmnDFgHtVqz99fTR5Iu1qsa/H08Hl84zcbKUqtlDx0/fzDxbE2tUmZpFjN93PiI4K++311XVy+Vim+k3104Z9Ke+FPzZ0/gBhF9uXF3RWX1a88tyMkr/mbT3meXPZxw7Pyla7eI6G9f/uypcHxy8Yx/fL0zNNjnyvXM0vKqAF/POdPHbdp5KDu3yNHe+sWnYhztrYnoSmrmz7FHiksrba1li+dNDvb3Ss/M+WbT3jEPDD99IbWyqlbh6rBq+ezyiup/bdilUjVSduHK1WsxlgkAAAAA+p7hwwNrK4u0W9lTJzxARAXF5U721kQUHTXW1kZ26tz1xXMnB/oN4VLW1tWnZWRPeTD0evod7yGuvSlUq2XPXrxRr2rw81YQ0a/Hzx9JurRk3pShni474o79tPPQC0/GHD99ZfeBE9HTx44K8b2dXVBYXM69WzL9dm5IoPfrzy+UiEVdl7J84TR/H/dd+357avGMoUNc1I0aIkrLyF71RHRpedV3W/b/a/3/FsVEOthZ/3frgX2HTj+1ZEZWduHGrQfDQ3ynTQq7mnp7885fHZ6dT0T1qobr6Xf/8PTchobG9T/t+/X4hfkPT3j75cfWb9onl5k/vuAhbiwTAAAAAEBfMnx4ILM0v3Alnc9jXJ3trl7PdJr4AHd8XHjguPBA/ZTnL98kIjcXu8QTF4d6dDUMqTMHEs8eSDzLbVuYSxfFRHq4OdWrGi5cvTVqpC/39H3WQ6M3bN5XUFx2Kvl6aLBP1KRwhiEba5kuEy8P56eXzBCLhGXlVV0XZ2EuNTeTEEOWFlK5pTmXftKYEe6uDva2cmcHGxtrGVfoEIVTflGpsl51OeWWzMJs9rSxlhbSceEB5y6lZd7Jt7eVCwWCuTPGc7Ox3d0cS8urBAK+tdxCIOAJhQL96gH0TGFxRX9XAQAAwFQ52lv1dxX6jeHDA+8hrglHk2/cyp48fuTWXxLtbeXxR5Nv3c7VT2NrIxsXHnjlembkuBABn591t2BsWEAPyuKmJjeqNdvjjtYpVYF+QxiG6usbqqprj568fPTkZS6ZWCwsLCqrqq7181a0X43K0sJM3It5BVKpWLftaGfNbVjJLfKLSomosLg8r7D0tQ++0qXx9nSxt5Xz+TyxCAtggRH9nn+uAQAAQI8Z/g51ZKC3j5frrv1Jf3lj+cWrtw4dOz82PCBm+jj9NFU1dddu3M7KLnjzD4u3xx2VWZoHD/fqQVnc1GQienRO5Nqvd8QfOTdv1oMSiUhmaR7g6zlragSXjOExQoFAZmleVlHNstTJerWtsCxptdoeVKkNR3trFyfbZ5Y+LJU0jVySSsU5ecW9zxkAAAAAwOAM/+YiIpoTNS6voOSH7Qkvr5xXW1f/4/aEC1fTq2uVvt6KRrU6LSP7uy37L6VkvPXSkovXbiUmXYyOGmNuJulNiQ52VhMigpLOXssrKJWIRaFB3ldSM29nFxBReWXNybMp3MHLKRlHTlwsK686f+Vm/NHkNpmIxSJzc8n1m3dUqsaUtKw2PR4cZ0dbkVCYk1+i1bLdqdiIAO/auvrT569rWbZRrTl1PrWquq6zxFKJ2NnBtqy8qqKy5v7bAAAAAACgtwzfe3Dx2q2vNu6ePW3MnoRTxSUVf35j+f7DZ5Iv30xMuvgNEfdA/cGIoMcemfrz7qO/Hj8fEepvkFf0jBsVeDI5Jf7ouScenT51wgP1DY0/bk+oU6pklmaTx40kIu7g7oMntv6SaGNlGR01lm19h29uJnl46ujNuw6fSr6ucHUI9BtSVFLephSFi8NDEx/4397j+389s+qJ6HvWylPh+PjCaT/HHok/miwQ8IP9vcaEDe8iffT0set+2PPHj76dHhk+b9aDPWwLAAAAAIAeYVi2W0/Bu+nEuWvfb4ufPW1MdNRYbqVkK7kF97YitVqTnVvk6mxnYS7NyMr7ZX9SWkb2knlTIseFGLACAPqUdWoiSsvMbv+Rr5eCiIqLi5iOUPNf3JrcLcebd7kNLqsOd9tv6+vsuNQMM1IAAAAGFe5uxIQY8l7k5LmU77fFjxrpxy1iwK2UHH80ed33cSKR0NvTZainy8Ej527fza+tqw/w9fzg9cfdnO0NWAEAAAAAAOgNg4UH5y6lbdx2cOKYEUvnT2UYZk/CqXdeWeqpcPT1Vly7kXX9ZlZFZc3NjByFq0NYyDB3FweFq4OhigYAAAAAAIMwWHhw7OTl6Kixs6eN2RZ75MyF1DdeeNRT4ch9FOjnGejnaaiCAAAAAADASAw5uIhl2bj4k4d/u/DyynnDvNwMmDMAAAD8bqnUNddLfs0oP5NXnVJen6NUV7GsAV4+PtAwDE8qkFlL3FwsA4ZaRwy3myoWWBiprN9Jk+rry+Y1dQabmhwXf/L8lXShgD9zSkRosI9B8gToJUxNBgAwaQU1aUnZ3yfn7wiwe8jbZpybLNBG6mEmkDOMUd7M3r9YVlunrixT3smpunar7ERKyaEw5wXjFU84WfgasBRdkw76eKBrDMMzRvN2yOSmJhv4zUUAAwrCAwAA07Uvfc3ZvG0TPZ6JcF1iLrTu7+r0tdrG8jO5W47d+XaUy6JZPm8ZJM996WuO311vkKwGjQnuKw3VvJ1BeAAwgCA8AAAwRQU1aduvv+Fi6T/D+83fYWCgr7ax/MCtT/KqUxcO/6w3z7m5Js2tvmbQ2g0SrpaBvWzerplceDAI++YAAADAdGVVnPvmwuJwl4Xz/T/9nccGRGQutJ7v/2m4y8JvLizOqjjXs0y4JkVs0Jnc6mu9ad7BB+EBAAAADBQFNWk/XHl2ju+fx7gt7e+6DCBj3JbO8f3zD1eeLahJu99zuSata6wwTtUGibrGip4176CE8AAAAAAGiu3X35jm9VqIY3R/V2TACXGMnub12vbrb9zviduvv4HYoDvqGit60LyDEsIDAAAAGBD2pa9xsfRHv0FnxrgtdbH035e+pvun7EtfgzFF3Zdbfe2+mnewQngAAAAA/a+gJu1s3rYZ3m/2d0UGtBneb57N29bNMTAFNWl4T9H9On53PYYYITwAAACA/peU/f1Ej2cwF7lr5kLriR7PJGV/353E3UwGbaDd8BZFAAAA6GcqdU1y/o73HjTyq2OyXvlTRpzevlgqWTgr4C/hVsYt1rAiXJd89Fv4bJ93ul70l2tSY1ZEEeLzSZRLqI1ATESkrSoq33447eNLSoMX9MnqKQsp32vtdYPn3LHk/B33bN7BDeEBAAAA9LPrJb8G2D3UJ10HUTGjPgzkNtW3jqeu2nlF5jBhtUfvMy7d8Omljx2GZj7p2fu8umIutA6we+h6ya8jnWK6SHa95Fejros81O+7Ba4KZfn22LzzSiIbq8fDnZdN8Th46cYF4xXaN1hWe8/mHdwQHgAAAEA/yyg/420zrk+KEkst7S2btu1neS27mHL0RulqD9s+KdxAvG3GZZSf6fr+NaP8jFHrMFLuLWg4uvfCB5e4/YK4xDsKG2UH65Caons27+CG8AAAAAD6WV51SoTro/1QsEAi1G3XHI298sE5ZbaaUQx1+MeywFApESkvxF959XhNtppkltJlMcGrAy2ItFXXrq2KLTlVzYotLVYvDl5hmTF7bWEKEZVleP0pI2ByyJ4oY8YbbrLAc3nbu06TV51ixBoQKVki4VB/R8WlwuaQQJldxm1Io2OGvxMutxcwpK4/dTLtsX0lRNJlMf7LQuTeUh4RqyorXbv+8oYyovmjM8N58acax4yRyapLXvm/y1WzQv8SbqWQMkTaqqKitRu57yH4y8sTlrkIidiqvJxX/nXzqFG/nbFbb4DD1GQAAADoZ+X1OTZSAwzwuT/q4nNZP5YJJ/nZEmlTYi88dUnwwgujzrwb9AKVzN+UoSKiGzeeSmyIWhZ65t1ROx+2yL5VTkR05+rsTWWyKUFn3h21Zwqz/tur8ZbDNr/r94IN0VD3M++O2jzFyIOkbKQe5fU5Xae5Z4Je2lcQX80qQgKP/Xl8wvMhn0Q5BzR/oogK+HSMrP5G5itbU9beYEMnDPvnUCJSyqxFqoy7H2xNeSW2qMjG7sX57s1nSKNCeBfOZX0Qe7dgQug/J1jLi3I+2JrySnz+LRI5cCGHg+0kZcEHW1PWXlPJXNxWzzLqdzN+6w1w6D0AAACAfqZUV5kJ5H1SVNzWw3Fbm3cE4mXzg1d7EFHe9nONoVNGLHSxJLJcGOOwaW1JvHJotFpbRSSXmttbiuxDgv8ZQkR04WRZtovzzjH29kT2Y3xWnrwQe4mNGiORE5FQaG9p2WX5hmAmkCvVVV2nuWeC3rq76v8qFkYp5vhZBbjaLPSwXTjZ+1T85ccSq5b5ycTVZV9uyoojokvCsX8eNnKsDWWUfbnx9JdN5xaMHeu40FI39Vd9KvHMU8eJiN5+eaRMXfnlVzc3ETdgiYjoEyJSVm769uYmIrpkM+dTZ4WrgsiY45iM3noDG8IDAAAA+P1onppcf2RrygfVNsuaXlukrlTThfhkr3hdQlFRNVHg8J2Tr7y5MWltI8/bwWr1suAoG15VvZbyciP+lKtLGlBV0y/fpb9VbY9P2R5P3FuM/hHjPmaKzwuJ52UChixtP/l0yie6dFILIuWyxYEv+prLpHwxd7RIl48q+3jTlkzAUFnd2vZFVddvaLXPGOkrASE8AAAAgP4nFcjq1JV98uai5qnJlguXeZ78v4ynY22OxTgRMRKiMVEh/wwXNSdkZJZEJA2NikiIIlJXnoq98thX1/a8G0wCIhfnY08pJC15mhNV9t1NVZ26UiqQdZ1GKpDVNVYYrw42sgCqSmmabEDZl9IPjnIJHSpQcPvVpR/vLdDd/6uqK2mo94oQmTgv9z+xFdlEM6ICojrN2Ww1UQcRQl+6Z/MObsade5CRlRcXfzIu/uTFa7eMWhAAAACYLmuJW5nyTh8XKvV8J0qaferWhiIiUiwM4Z86nnGkmoiIqkt/PFmiIlKdu/BUbNat6upipZaISKlREU0Kt7HPK/r4Wj0REdWnHL5zoZFHZB3qwqNbxXFlaiIjvlCUiKhMecda4tZ1mnsm6J0xUYF7Vo/buXjoshCn6BCnZTGhKz0EqryyL4m+vFGtsrReFsRFT5KxY10ihUoq16iIiLRVRHJPtzE2HWf75Y1qlUC+7Plhy0KcoscM27w65AVjfotOGbn1BjpjBbplFdXfbtqbkZWnO2JrLXt55SPOjp1cDwAAAPB75WIZkFN1TSEL6dti7Sd4vXA85ePYWwuf8Q5dHLYzPuXNL8++qSaxVBI1wYuIyEOuOJ41/1RGFZHM0uLtp/xCichvxKEnr/9p57WIWC0J+KHeTm8TEVFojPeKvIw/fXrsFT8jr36QU3XNxTKg6zQulgG51deMVoVT8RkbJJ5zfN3/EsIjIlKrs+/c/evO9Gwi2nf1T+S/Otzrn4FM03JpRFR2/eNT5v8co/jLYlZVVnqhjMZ0lG32vqt/Eg5/J9ztL4sZInVxXsnBfrlxvGfzDm4My7IGz1St0az5YmthcdmimMkPBA+TiIUXr936OfaIWqP58+vLLS3MDF4iQIeUdWoiSsvsYPqSr5eCiIqLi5iOUPNfRNTqePMut8Fl1eFu+219nR2XmmG8HwD8Hl0siL1WFL8seF1/V8Q0bLqyKtAhqusX818siN2W8lofVmpQWRTwdwOue8DdjZgQowwuOn0+9W5O4crHZo0fFSiViBiGCQ3yefXZ+XV1qoNHjLxeOgAAAJia4XZTU0oO1TaW93dFTEBtY3lKyaHhdlO7TjbcbirD4P31PcEwvHs27+BmlOvmyvVMJwebEQFD9Q86OdiEBHlfupZhjBIBAADAdIkFFmHOC87kbunvipiAM7lbwpwXiAUWXSfjmrSvKjWodKd5BzejhAc1tUo7mw5mfFvLLOpVKmOUCAAAACZtvOKJY3e+RQdC12oby4/d+Xa84onuJO5mMmgD7WaU8MBabpGTV6LVtp3VkFdYaqiJB8p61V//+dOufb+1LaKg9LUP1p25kNrjHNrIyMp7668bVq5e2508AQAAoGecLHxHuSw6cOuTbqT9/Tpw65NRLoucLHy7k9jJwneC+0rjV2pQmeC+spvNO4gZJTwID/GtqKpJONpqmsH5Kzev38x6IHiYAQs6c/FGUUnLO31Zlo6evFRdU2eo/Gvr6jftPOTu6rDmnRUjA70NlS0AAAC0N8vnrbzq1FM5P/V3RQaoUzk/5VWnzvJ5q/unzPJ5y9Uy0JiVGlRcLQPvq3kHK6OEByGB3oF+Q3btT9qx51haRnZaRnb80eTvthxwcbSbHhluwILKyquSzlzV7eYXliZfvmnA/AuKysrKq0KDfexs5CKR0IA5AwAAQHsLh3+WkPn3S4Vx/V2RAedSYVxC5t8XDv/sfk9cOPwzM6GVcSo1qJgJrXrQvIOSUd6iqNZoQoO8r9+8k3A0OeFoMndw+DCPFY/NLCguLywur6isJiIruaWDnZW7q0OPCwryH5J8+eb4iCAHOysiOn76iszCjHtV6/krN3/4OX7VE3P8fdy5G/3P122f//DE0Q/4t88nPTPnm017xzww/PSF1MqqWoWrw6rls4+funIg8SwRbdi8f+ee42+9tFgqlWyLTTx3KU2j0bi5ODy5KMrN2b4X7QQAAACtOFn4Lg/+5ocrzyobq8a4Le3v6gwUp3J+Ssj8+/Lgb3ow7kXXpEZdRNnUmQmteta8g5Lhw4P0zJwNWw6UlVc52luHBHqbm0m8PJwtzKWuTnZpt7K//nGPUMAf6unC5/OzTl6uqKpZGD1pwujgnpU1MtD7xLmUpDNX5816sKCo7HJKxvTJo/YmnCIiP293G2vZ5ZQMLjxIy8gRCYW+3p2ugVevariefvcPT89taGhc/9O+X49fmDN9rKfC6b9bD8yb9WBokI+lhfmPO+JvpN99acU8a7nF9rij676Pe+P5R63kv+u57QAAAIblaRX+bOjW7dffyK2+OsP7TXOhdX/XqD/Vr8sKSwAAIABJREFUNpYfuPVJXnXqs6Fbe3zzqtekxlsozYS5WgYuHP4ZYgMdA4cHyZfSvtm018bK8qUV84L8h+h/lF9Y+vm67csWPDRhdHBWdmFOXtGKx2ZeuZ757+9+MZNKwkb0ZE6CSCSMmhS2c+/x8RFBR09edna08fdx58IDczNJ+AjfsxdvVNcoxSLBmQupwcO9rOWWnWUlFAjmzhjPdWW4uzmWlldJJWJLCykxZG4msZJblFdW30i/O2PyKD9vBRHNf3jiZ1/9fOt2blgILiYAAABDcrLwfWlU3L70NX87OWmixzMRrkt+h0FCbWP5mdwtx+58O8pl0UujejvaStekx++uN1AFB4kJ7isx36ANQ4YHt27nrt+8f4i700sr5lmYS/U/yi8s/fs3O2dPG8N1FCQcS754JT3iAf/g4V4f/vGJ9//2vdPrj/dsoM5wX0+r3y7s2vfbnZzCxxdOE/BbZlMEDfc6nHTxZma2rbWsrKJqYfTELvLh83liUVetUVFZW69qkErF3K5YJODzeAXFeP8aAACAUczyeesB53lJ2d9/9Ft4gN1D3jbj3GSBNlIPM4F8UC74xbLaOnVlmfJOTtW1W2UnUkoOhTkvWPXAdgM+1dY1aXL+DpbVGipbU8QwvDDnBeMVT6DToD2DhQcajXbjtng7G/nqVQvF7WbxnruU5uJoGx01lttdNn9qzPRxQoGAiJwdbaOjxh5JurRswUM9KFcsEs6YPGrdD3sC/TyHeblVVtXoPnJ1svNUOF68esvaytLGSubiaNubL2glN5eIRUpl07oNqga1Rqt1sv/dPcwAAADoM04WvvP918z2eed6ya8Z5WfO5W0vr89RqqsG5a0tw/CkApm1xM3FMiDQIWrh8M+MsThXmybNq04ZxE2qT795h1pHDLeb+jtf+6wLBgsPTp67VlRS/sozj7SPDYjoZkaOk6MNt518+eaufb+5ONm++FQMd8TR3jou/mTPwgNumsHKx2YqXBz4/FbPEvh83rhRgT9uP8Tn8+ZMH9fLVw9ZySz9fNwPJJ51crS1llvs3HtMKhF5D3HtTZ4AAABwT2KBxUinmJFOMf1dkcEDTQpdMFh4cPpCqsLVIcDXs7MEurAhbMSwG+l3rt7I0n0kEYt6U7RAwA/pZFECb09XczMJy7LBw4d0mKD7GIYWxUzeFpv4xYZd3JuLVj0RjXnJAAAAADCYGCw8yLyTP21iWGefmknFd7ILdbvVtUobq5ZZwlnZBdybSbtPKhG/80oH7zuzsZZ99sGzul2JRCSzNPNUOLWflKyfg4+X2+cfPKf76IUn5+iO/+fjl/ROET25aPqTi6bfV1UBAAAAAEyFwcIDM6n4UsqtNsN7ODZWlo721kdPXs4vLHV2tCWiquo6oVBQU6vkZjBn3skP9Ovt0/0OZd7JLywunzN9nDEyBwAAAAAYZAwWHiyKmfzTzkN7Ek61/0gsFn6w+vFzl9O+/nHvX95YTkSjRvpduHIzIytvRMDQjdsOpqRlzZ053lA10WFZOnH2mqO9tZeHs8EzBwAAAAAYfBhujeE+kHz55jc/7rG3tVoUE+nh5sjj8QqLy46fvnIq+frsaWN0LzUCMCBlnZqI0jKz23/k66UgouLiIqYj1PwXEbU63rzLbXBZdbjbfltfZ8elZkZZyBwAAAD6C3c3YkL6LjzgIoSDiWfv5LRMQrCSWzwYEYTYAIwE4QEAAAD0L5MLD/r0XiRsxLCwEcOupGaWlVVpWdZabuHl4SKXmfdlHQAGMpalTgIHAAAAMD19+BzeYPrhUWWwv1ffFwpgEliW7axjAQAAAExOX47TMZRBuCY5gOka7GtWAgAA/L6Y4m92hAcAA4hWa3rPGAAAAKAzpvibHeEBwACiMcEfIgAAANAZU/zNjvAAYABhtawpPmYAAACA9rRaljXBX+sIDwAGFo3a9H6OAAAAQHsm+jsd4QHAwKJWa03xLQcAAACgj2VZtdoEJyYjPAAYgBobER4AAACYNtP9bY7wAGDA0ai1Go2p/kwBAAAAjYbVmGbXAcIDgAGqsUGDEUYAAACmiGWpsUHT37XoOYQHAAMRy1KDKf9kAQAA+N1qMPFnfAgPAAYorYZtUCFCAAAAMCUNKo3WxEcIIzwAGLg0GlalMu0nEAAAAL8TLEsqlWYQzB5EeAAwoGk1rKpePQh+1gAAAAxiGg2rqleber8BR9DfFQCAe2BZalBp+AKeUMgwDNPf1QEAAIAWLMs2Nprwe4raQ3gAYBo0aq1GTQIBjy9geDwECQAAAP1Mq2U1alNd+6wLxg0PamqVBxPP5uSXZOcVEZHCxcHN2W765FEW5lKjlgswWKnVWrWaGB7D5zE8HsPwiEGPAgAAQJ9gWWJZltWSVstqtCyrHQxDidozYniQnpn75cZYK7nFcB+PseEBRJR1t+BaWlbS2WsvPBnj4+VqvKIBBjdWy6oH6Y8kAAAA6F/Gmpp84ty1v325zUPh+NYfFj84Oqiurr6urv7B0UFv/WGxh8Lxb19uO3HumpGKBgAAAACAnjFK70FJWeXWXYmTx49cPHdy2q3sz9dt1330+qqFrz4zf+sviVt3JfoOVdjZyI1RAQAAAAAA6AGj9B4cO3nZycFmweyJDQ2NG7bs93BzXL929fq1qz3cHDds2d/Q0Lhg9kQnB5tjJy8bo3QAAAAAAOgZo4QH+UVlngongYBfUFxeUVnz3PLZ3PHnls+uqKwpKC4XCPieCqf8ojJjlA4AAAAAAD1jlMFFd3IKR87wJiKpRExEaRnZ3CCitIxs3cEhHk6xB070uAhlvervX+/Iyi7kdnk8xs3F4clFUW7O9t3PJCMrb8Pm/SVllSsemxkR6t/jygAAAAAADA5GCQ/4fJ6FmZSI7G3lYSOG7Uk41digJqKDR8+FjRhmbysnIgszKZ/f276LyHEh0yPDiahRrdked3Td93FvPP+oldyiO+fW1tVv2nnI3dVh9aoFMguzXtYEAAAAAGAQMMrgIl8vRVlFNbc9IsC7tKxq867Dm3cdLi2rGhHgzR0vq6j2GeLWy4IkYpGNtczGWuZobz1n+jhlfcPt7IJunltQVFZWXhUa7GNnIxeJhL2sCQAAAADAIGCU3gNPd6fMO/mR40Li4k+ePJcyd+b40CAfIrpwNT32YFJRSXl01Njbd/M93BwMWKhQICAijVpDRFdSM3+OPVJcWmlrLVs8b3Kwv1d6Zs43m/aGjfA9d+mGo73NEIVjwrHzRLRh8/6de46/9dLiunrVxm3xOXlFfD4/PMR3UcxkqUTU/qyUm3dcnewuXEkXCgXL5k8tKa/ad+i0RqOdMWXU7GljGYZuZuZs3300N79Ey2oD/YY8tXiGuZlk177frqRmenu6nEy+zmrZcRGBi+ZECgR8rZY9dPz8wcSzNbVKmaVZzPRx4yOCcwuKuZqYSSXzZo4fHxGMRa8AAAAAoG8YJTzw8XLdf/hMYtLFI0mXpk4MnTklgjs+c0qEXGa+M+64hbk0Nf3utElhhipRrdacOHuVx2PcXOyzsgs3bj0YHuI7bVLY1dTbm3f+6vDsfCKqVzUkX06Ljho3YriXSCQc6un6360H5s16MDTIR6Nl130f5+Rg88zSJ8srazZuPbAtNvGJR6e3OSsx6VJ+YdmokX5zZ47fFntkw5b9Qf5e77227MyF1CMnLoUEeru7OlRW1kSE+o8M8q6sql3/0774I+fmzXqQiPIKSod5uX34xycup2TsPnjigeBh/j7ux05d3n3gRPT0saNCfG9nFxQWl1dW1ehqUlBUtmnnITtbK38fd0M1FAAAAABAF4wSHrg52y+aE7lp5yGhUDB+VJD+RyMDffYknIqLP7l84f1NI+7QgcSzBxLPcttSifjxBQ85OdjsPnhCZmE2e9pYSwvpuPCAc5fSMu/k29vK+Tz+4rmTHwgexqW3tJASQ+ZmEiu5RfKlNGV9w/yHJzraWzvaW8+YPOpA4tmKqmoian0W62Rv/WBEsKWFNDzE92ZG9ozJoxztrUMCvROTLuYXlrq7OoSP9OPyt7ORK1wddG9ncnaw4ao0MtD7YOK5quraelXDqeTrocE+UZPCGYZsrGVE1KYm5y/fTLlxG+EBAAAAAPQNo4QHRPTAiGHFpRX/2/dbXPzJMWHDnRxsuOH+p5Kvl5ZVzX94wsgg796XopuazBfwZRbm3CCcwuLyvMLS1z74SpfM29PF3lYuFPI7m4JcUFzO5/HEoqbWkErF9aqGispaImpzlkgkEAiaJmyIRSJruQURWZhJuKFNRJSSlrVr329FJRX1qgYiCgn0bn8ip76+oaq61s9boT92qKC4vLqm7v2/bdQd0eUAAAAAAGBsxgoPiGj65FH+wzyOn7ry7aa95ZU1RGQttwjy93r31aUebo4GKYKbmtzmoKO9tYuT7TNLH5ZKRNwRqVSck1fcRT5O9tYarVbVoOZ2lUqVRCyykpuXlFbeV32qa5Tbdx+Vyy3eXDxDKhH9uONQV5WXiGSW5mUV1SxLugjByd5aZmm2anm0jZUldwTTpgEAAACgzxg+PLh2I8tabuHqbEdEHm6OyxY8RETnL6c1arSjW68tkFtQUl5RHeg3xLAVGBHg/duZq6fPX584doRGo02+fDNsxLCuT/Ee4iqViHbuPbYwelJ5Zc2BxLN+Pu5WMsv7DQ8EAp5IJBAJBWKxMP127u27+cOGKjpLLBGLQoO89/165siJiyEBQ29nF5SUVUWM9JNKxEdOXIqOGsvn866m3nZ1thvm1dtXPAEAAAAAdIeBwwO1RvP9zwcVLg4vr5ynf3x/4rn6+oaIkf76A2l+2Z+UeSfvb+8/K+DzDVgHT4Xj4wun/Rx7JP5oskDAD/b3GhM2vOtTrOQWq56I3rgt/v2/bdS9uagH7wuSSsSLYiZv2Lz/7Y+/C/D1vOfkiqkTHqhvaNx98MTWXxJtrCyjo8bKZRbPLZ/N1YTH8IZ4OPt4ud53PQAAAAAAeoRhWdYgGWm1bHlF9cnklAOHzzaq1c8/Ee3l6SKzMK+sqklJy/r+53gBn78gemJIoLe13LKqpvb2nfwvN+4Wi4RRkeFjwwJsrC0ZvL8TDE1ZpyaitMzs9h/5eimIqLi4iOkINf9FRK2ON+9yG1xWHe6239aHqx0AAAAGJoOFB+99urGgqMzGWjZzSkR+YenJcynKehX3kbmZZPL4kSKRMOHoueoaJXdQKhGPCRvu5mK/99DpsvIqd1eH915bZpCaAOggPAAAAAC4LwYbXLQoJnLd93HjRwVOHBPMslRcUlFQXPbkounfbNrrO1QRHTWWiMrKq5Iv33xu+exNOw7Z2ci4ATwVlTW6xQEAAAAAAKAfGSw8CPD1nDEl4rczV8JDfBvVmiupma89t8B7iOvC6EkbNu+bO2O8lmVPnktZOGfSMC+3xx6Zsnbdjpy8IqFQcCo5ZfrkUQG+noaqCcCgx/AYPo/h8RiGR82dGQAAAGBcLEssy7Ja0mpZjZZltYYZgzPQGHJqcml5VU2N8r1PNwqFAiIqLaskouLSCoZh3l7zHRHL4/FKy6qIiPtzzb+3NjaqxSJhaXmVAasBMIgJBDy+gOHxEBAAAAD0NW70MfGIT4yQSKtlNWpWrdb2d70MzJDhQUNDo621bOn8qWUV1dvjjjY0qolIrdbIZRaL5kwSiYSb//drY6OaiFQNjZYW0gWzJznYWW3aeYg7CABd4At4QiF6CgAAAAYKHo/hiRiBkGlsZDWDKEgw2NRkgAFocExNZhgSivh8PgIDAACAAUqjYRsbNIPjtprX3xUAgK7w+IxYIkBsAAAAMJDx+YxYIuANit/XCA8ABi4+nxGL+RhPBAAAMPAxDInFg6G3H+EBwADF4zMisSEXFAcAAABjE4n5pt6HgPAAYCBiGBKJEBsAAACYHpHItHv+ER4ADERCE//JAgAA8LvFvVOkv2vRcwgPAAYcvoA3CEYuAgAA/G7x+QxfYKq32aZab4BBTChEbAAAAGDaTPe3OcIDgIFFIOBh7TMAAABTxzCMwDQ7EEyy0gCDGF+A2AAAAGAwMNHf6QgPAAYQhsfweCb5owQAAADa4PEYxgR/rSM8ABhA+Cb4QwQAAAA6Y4q/2REeAAwg6DoAAAAYTEzxNzvCA4ABhMH/kQAAAIOIKf5mN8EqAwxeeGcRAADAYGKKv9kRHgAMICb4MwQAAAA6ZYq/2QV9UEZuQcn5yzeJKMh/yBB35z4oEQAAAAAAesDo4UHmnfxP/r2VZVki2vfrmTf/sAgRAgAAAADAwGTcwUW37xb857+xLMsuiolcMm+KVqv9YsMvGVl5Ri0UAAAAAAB6xojhwfkrN//xzc6aWuXrzy+c8mBo5LiQ55bPrqlV/uObnbfvFhivXAAAAAAA6BljhQdJZ65+/cMeZb3qiUejfIcquIMPBA9btTxa1dD4t/9su3TtlpGKBgAAAACAnjFKeHD89JUfdyQQ0bIFD40ND9D/KDTY57nlszVa7bof4i6nZBijdAAAAAAA6BmGmzRsQBevpn/94x6tln3i0ahxowI7THMlNfPrH/YQS689N997iGsPSlHWq/7+9Y6s7EJuVygUDFE4LZwzycPN8b7yKSuvWvPF1vmzJ0SE+usfT8/M+WbT3meXPezj5daD6nXHrn2/pabfee25BVKJ2EhFgLJOTURpmdntP/L1UhBRcXER0xFq/ot7Y3HL8eZd/TcZd7jbfltfZ8elZn3xMjEAAADoM9zdiAkxcO/BmQup637Yo9WyyxY81FlsQETB/l5LH5naqFb/a/2uOzmFPS4uclzIp++u/PTdlX984VFzc+nnX22/cCW9x7kBAAAAAPzOGTI8uJyS8d+tB1mWffbx2RNGB3edeGx4wMMPja5XNaxdt13XCXC/JGKRjbXMxlrmqXB6Zuks/2EecQkna+vqe5YbAAAAAMDvnMFGMly8mr7uhziWJXtbq7ARw7pzypzp485cSC0urVy7bvtbLy9xcbTtTQUEAv6E0cHrf9p7+25BoJ/nzcyc7buP5uaXaFltoN+QpxbPMDeTlJRVbtx28NbtXB7DCx7u9WhMJHdubn7JXz7/MbegxNZatuKxmUM9Xbjj125k/XfrwdLyKoWrw8rHZjo52HAjo36OPVJcWimViCLHj3x46miBgJ9XWLp999GbmTlqtUbh6rBq+Ww7Gzk3QilshO+5Szcc7W1eWTnvyvXMzbsO19bVe3k4O9ha9eb7AgAAAAAYnMF6D77bcoBhGD7/fjNkBHx+Q6P6039v630dZJZmDMPU1imJqLKyJiLU/6M3n/zjC4ty80vij5wjoh17jjU2qj94ffm7ry61tJBWVddxJ565kPpoTOSf31huJhXv+/W0RqMlooaGxus376x6IvrdV5cS0Xdb9ivrVVnZhRu3Hgzw9fz47aeXzJtyJOnSr8fPE1FtrdLDzfGD1Y//+Y3lfB6zPe4YN6ejXtWQfDktOmrcM0tn5RaUbt51ODzE9+O3n44cF3L5OmZmAwAAAMDAYrDeg/ERQb7eip92HrrfE62tLOZMH3enp+OL9KlUDWqNhtsOH+nHbdjZyBWuDvlFZdyuRCK2lltKJaKl8x/ipiYT0YzJo/y8FUQU4OuZmn6nobGRiBiGN31yuLurAxHNnTH+uy37s3OLU9PvyCzMZk8ba2khtbOR37qde+HqrUnjQny83HSTmP283VPT79SrVETE5/EXz538QPAwIjp26nKbc7Oysf4DGNGZ/67dUBzy3htT3FuF7Xmxa7aeGbF4zUyXbueUF7tm676SVofMbGxCH5qzfJSN4ep7H5W5j/oXHH7rs0slbQ7ahXz41hSjr99ecPitz25HvLEixsnYJQEAABiMwcKDRTGRRPTTzkP6r0IqLat686/r26R8++XHhri3/LbUatmIUP82Lw7qGVWDWigQWMstiSglLWvXvt+KSirqVQ1EFBLoTUSPzonctCPhtfe/kkhEE0YHz5wawZ0olXbw7iChkC+zMOO2xSJBo1pdXlldWFwuEgkEgqa7LalEXFVdW1/fUFJWuXVXYk5+SZ2ynog8FY7tM2l/bu+/MsA9FF1at99/zcPdjwQ6ZTel5Y68sbYo4/ThdT9vapS9vMKv93kbm3wW7tEBAAC6x/BvUdQPD6pr64jIWm5pbycnorLy6pKyyvp6lX56Hs8wA5zUas3x01fkMnNXZ7vqGuX23Uflcos3F8+QSkQ/7mjq07Cxsnx55SMsSxlZud9s2mtjLQvy8+wsw8ZGTVVN0+gjXeDhaG+dm1+iVmu548p6lczSXCgU7Ig7VlOrfGnFXGu5xcEj527fzW+foaO9dVZ2YUODmgsMlK3bAcAo7OTCYzu+cF3x0khzA+YqNHfwm7J4QebaLRdSyc8AsT0AAAAMEAYOD7j3xOtotSwRhY/0XTB7IhEdSDy7a99v+gnGhQdoe7HwQr2qgRsdVF5Z88v+pOy84uefjDY3kyjrVSKRQCQUiMXC9Nu5t+/mDxuq0Gi0P+8+MsTD2dfLjYh4DNP1DTrLag8mnrO3tSKiXw4kOdhZKVztRSLh0ZOX9yScnDYpLCMr7+zFtBmTw82kErFYJBDwpVJxUWnl5ZQMmaVZ+wxHBHgfPXl536+nm8+94WCH2clgZI5hb05Pf2vL9gSPJ6d1OA5IW5b0064dKZV1ahLKXaYtnBnjJ+9JQa3zmbV8wSyPph8vdbeObfjfpatFauIJ5F6By5dOCbIkotob++M2JOVVqkgolQc9HL1itIOQiOjSF6sP09xo96uHEzJr/RasfmkUVV6OW7sjPV9JQqk8YvFEvfq1ZEJic7/xU1ZM95HfzwOHuluH1225dqNSTQKBc8C4VUvCnAUdjF/K37/h/ctDPnxrijP3UVD0gtpjP1yorFOTmZPPiuejg7jgS1t5YceOluNzDRmSAQAA9A3j9h5wuCBBt6HRtiSY9dDo3pR15MSlIycu6ZZFe+25+dyyaFKJeFHM5A2b97/98XcBvp5uzvbcQlSuTnY79xyrqq4T8PmjQv0mjhmhVHb6FlSRSOjnrfjX+v9V1ygVrg4rl86SSsSeCscnF0//OfbI0ZOXuTcXTZ3wAMPQwuiJ637Y8+fPfnBztvMe4lpUUt4+Q0+F42PzpmyNTTx68rLC1SHQb0iHyQAMy2zkghWp//pi/WG/tpMQiKgs4YuNO1T+L72xLMhKffd03Nr13+c//tyqEfcc+aYuSUlIuCkIfZrrOqg98/2mHY0hq94Y7Welvpsc/8VXW83eXxZpTpR7+JNvrplFTlszxV+uvnsh4diR5LKgSJurWzZ8cd1hyarnxrsKKlMPf/H9po8qFn84vel2/Oqe+LrRE99c4i6XEN2Ie//H2+5zF7w52l1YkbpjY/yRauLi77rTcWuT1AtWPRfpKqjLvblv99ULSp/I7t+T34h7a/1t97lz/8Xl/N3+99dWfvine89JqDx5+MiUqPc+VMir07es37/ul9SvlvoT0dVt36+77rDkxcVNX+rHa5WECAEAAEyMoXsPGIb0loPl8bjVZHWfEhFpWW3vC5JKxO+8srSLBEM9Xda8s6LNwYljR0wcO6J1PqLPPnhWtztv1oNEDxKRj5fb5x88R0SPPDyhTSbB/l7B/l5tDtrZyN97tW19dJnohIX4hoX4duP7ARhS0KIFsz7buvZ72zVPhbTq2LqTnJBtE/POzCAbIhK7j1+8IutfXxw5VzlifPsehJLDW1cebtkVyl2mPf1EDDfx4M6JHakOCz6c6CclIrH76HkLrq9NOFsZGSlJ2nsp33viv2b6mxGR2D1i7rIIIlImJ1ykiCcWRyqIiOwCZr40rfCtI8lXp0cHERGRfNSsN+cOISIi1ZEj6Y0jZ64e705EZOe/5OmijL8mc8P+KstqydzdT2EuJJIrgpa8GNRJA1Tu+2ztPr19uymL18y0TTrWOueVRRl/vbTvxpR7zqZo9B69esoQIiKxf8zo00kns++Sv7vyTMJ5inhK70s9uPGtg5p7/eMAAAAMLIbuPWgzuoiYppiB2+E29HoXtu8+2tDYyL1ECACMhecS8+KUu2uObTjr89KolsN1uYWVlo5+eoOOgoY50OWiDKLQdnnYjY1+c6oDEZEqb9/G/RcUIdOahyHV5RZWaot+eHftD/rpnWqJyu7mk/No97aD7QqK8rU2oXpRtt1wV7uDdzOKKMiBiMjda0jzJ3n5hTR0hF5SGx8/m+QLRETkPDEs6OThTz4tHB/mHzTMn4sTOmIe+eziWY56ByRyott382notLY5X80qonuFB3ZODrptuZUFlVXmE7kXlOZTB1/qHnkBAAAMMAYOD3g8nrK+gWVZLhLQarXcKP8OE7Ms/Xbmqrm5xLB1AIAOmIeseCT9rS1bY11n9jAHqblczsUD8iXL865+lrAl1L/lQbt0yKo3pgzVTy+RE93uZa3vwTzkpQ/976ZeunDtduxvx/LNQ95c3X4AFREJzGTNdQcAAIAuGWxZNM5QD+c6Zf1PO39Ny8hOy8i+m1PY/t1EOfnF3Kebdh6qVzX4DHE1bB0AoENmIxesjqR96+KvNo/vM3N1lFcX3ihrSXP1ZhG5OgztLAsdpylLRtKZg0klunyUlfkaeStiInJxdqT8O3fr2p7u4Mwry8hsOVByPbdE7DDUgdpxcXemjEy9pGXp+hUmntg9ICLm0QXvvR8dUXsp9nI3G6OznAXung5EAuIRtYyCVN24U3nv/Dr8Ut2vDgAAwMBg4PBg/uyJttay46evfP7V9s+/2r5512H9uQecX/YncZ/+dvqKtdzy0TmRhq0DAHTGfebi5R5Vd3W31x5h0xRlsev3Xy1Rkbr2btLWDZcpNDK8O8/Zg2Y+4J57PjaFy2fcLO+y2P/sSsqubFSrKotSY/+zccttIhJHRvqY3Tzxxf7UEhU11hZd3b9p3clakoZNG0lxj8DCAAAgAElEQVRntm49kl3bqFWVpCR88WuZ84SwjqYOiMdP9BFeTFibdLdSpW4sSd3y3dWS5onTGb9s+uJQan61irSqktT0jFqB/D5mArfkXKemxpLULd8l33UInOVHRA5Bw8xLTp9IKlE1qsqu7t8em9mN/Fq+VGWjWlWSsv+L36o6GewEAAAwcBl4cJGNleUHrz/+2+mr3GJknNBgH24jJMC7sVGtOy6ViMdHBEklIsPWAQA6Zz5+ycQLaw43L8xhM+2lJ81+2rXhs/80vdj06Sdi/Lq3YJ/N+JiR57+IS5jmP82dZx757JPCHbtj1234QUUkNncfEbZCQUREftFrVh1etyXhrcP7m15s+qA5EQUtWbF6f9yGdV9v4V5sOnfZitEd9B1wOXz4+P4vftnx+i/ci02jIuPizhARkfs4f/mWYx8l7G/UklAq95s9d8mw+2mMprr98vIv3ItNJ364JIx7bdHQOdELCnZtWfOfH3gC56CJyycmr7t67/yCFj2xaveuLf/ZsIV7senjgVvWGXl4FQAAgKEx7d9DCjBoKOvURJSWmd3+I18vBREVFxcxHaHmv7gp9S3Hm3fbz7lvOwW/3ba+zo5LzQz/rmEAAADoR9zdiAkx8OAiAAAAAAAwXXhUCYMf11EAAAAAAPeE3gMAAAAAAGiC8AAAAAAAAJogPAAAAAAAgCYIDwAAAAAAoAnCAwAAAAAAaCJgv7BgiFgihqjVEghtt5tTsVxaIiKWbTraUXpOx+k7L0uXniur6cN71a3XZbGMLmW3v1EHNez83B6nbymrG9/ofsrq5Bvdfyk9a/N2GB5JLHi2zjwXH75XKH/4eN6Q4A6SAQAAAIAxMewX5tRnt6QdpGeJDHNr3ja9wUKUntWwJ2UZ5NbcMHXry+uhEzw3X+H4R4VTnyCx2b1Td+KeC5FgWTQAAAAwKhNcFo1tuWVj2aY/uL+a9rk93f1cS3piWSKW9NOzrdI3/9HBuS1lscSdyXaZntrXrU1ZbdLrMmi+j+XSs3q7nd2lsq3PonZntUnefEet943Y1t+o4xp23Npsl+lbWrt1WV23dpvW60bdut8O974e2E6vhy5pc9JU2z6s+UNI476vunUCAAAAAPQajxhq/o9hmv5kqPWD1OaPuEepugfQzR+R3gNWasmDqPkP3XNSpumY3rl6hZHu2WxT2o7KYqjj9Eyb9NSqbm3KojZlURdltfxHLbXXb8JOS2lbQ+qqhrr0TOvWo9Y1bElPHadv843atHbX/1JE91cWl0X760fveXtHNexwbFGnlFWqbR8qP3xYe/vK/ZwGAAAAAD3B//N00b3G93cw2KYpyX2ONe/Z3IM257ZOb7hx8Czdq5ROa2j8uQd6NTTiQK8OSjFum3cbW5bXeHQz4+jJVwy/rxPVjdquE9TV1Q6owUVCId4WAAAAMKjc825koBE0PdRmuTsWvRs+7u6Fu1lkGIaIZfUeoLPU8jSYZfXO5dLr3Vy2Td+mLKLmB+ut0+t6EJpuRrn0TFPd2pfFdLMsvVt7Ytvdp+p/I+p2DZkOaqifnvRaT5e+TVn6rU0dtjZ10No9L6uz9NTydRmGWN2fTR90WcP7vR7uD6tVrXuB6muEk5ff/8kAAAAA0C368yBZvVtOvckGTXutbhD1tvXTs63Ts2zrHgC9bS4Fq/ekWZe+7c1ou/T3URbbkoL7Qi23qXpPutto3Q4tx3VndUg/PUutv1F3Wq/5Ob3+XvtvxLb7Rj0pq/nY/ZZ1P+3Q6b9RT3oPdFQb/0QSC+HYR3qcAwAAAAB0oTk8aPXcl1o/SiaWGL0n7k2HdM/X9Z5P624IW56v654c60ohvafLrc9l9Hoqmp5t68rqKD3p92y0SU96z/L1ehLa1K1nZem1A7UMs2k1LUHvG3GftC+l6xrqvlGb1usofQet16a1u/6Xut+yOktPnVw/zXtMy7XUg96DZqqv/8B39sFrTwEAAACMQaD/9FjviW/bZ88dPf1t/VxZl94+kDft3+Qcxu21umlur75Sm/Aqm7Kzeb+D3oBu1I10z8Lb1611T0jbcfBNZbVa90D/qXzbszp64t6+B6Djkfrtv1HnZbXpDdC9VLTrb9TyL9VR3Vr/S3XYDq1eXdrz66HruQed9zx0D6tVbXpb+v7eXmUCAAAAAB0RdDRGv+V5c0cj1Dse3980Ul/mwSyKJ7GMiq9SfeW9y3cO483eoMm/xJRndDmyv/ldOZ3OPaC2daOWDPRHz3c094BpyrLjuQcsEdPR6Pmej+/vrKzOW5vpZDZFB2V1t24dtoOu3Xp9PRh+7oEeTXpy476vhLOe71UuAAAAANCO4J7j+7sY0d7+STMT+iyJZeyRt9nk/3T27h39c2nM67yJ7zMOgWzZrXY9AO3TdzWuve3o+eYM2s8iuP+5B2zrs9qW0UXPQ/fH9zeX0r4HQD99Zz0PXc/caN9696pb99uhy+tBr4kMM/dAR7X7n71cMQ0AAAAA2jP0ugdWXkREaf/r7roH2samJFj3AOse3BdlVeOv3xsiIwAAAABo0bRqMstS8yK37TWvratb+rZ5DDvbei1eClhCrmOIiCb9lRWat10l1zWC7Wjl46YkHa+4TO3K0qsjdbEibwcrQLc7V1cWd0Yn7aB3FrWuYfNZLaV0XcOWUlrXsE36Nqsgt65hS2t3VLf2ZbH3U1bLf63+0dtfEK2viuaz2A7O6qj1ejmySKcx6WfDZAQAAAAAzZp6D3TPv3X9BJ0//255+tv6mTQx3rNJYk1EjN98Ru7R8jw7eBnvj1W8xw7xX81lvKa2Lqv5gTLDtH663PZZu64sRu9chhjq5Mk008H3aukQ0I2Tb9McnZXS0o3SUQ2ZDmqoS8+0bj1demqfnukgfdu+l87+pe63rM7SN53VujdAryepqxq2vR5apWfa/xv1kjYnDUspAwAAABiWIdc9YGMXMfN2Ml5R2v94krKsaay5fAgT9W+qK6HSG+Qcxszdwq4bTnUlzePQWaap96D1CPm2ZbWdF8F4PsiP+YYsXZo+16rZqlw2eaP2xD+JiBkygR/zDRGpf3mWbh/HugeDZt2DNjTXk/CGUwCA/2/vvuOkqO//gb8/M7P1ej/g4A4EaYKKIKhYsHcFjSUqKWrsmug3Jl+/JvrTRGPyNTFF/cYklhijwa6oWLEFISBFpR8I3HGVK9vbzHx+f8zu7Oxsub27OQTu9fQhtzs3bZdjb97zeb8/bwAAC1nc9yCZ6q5PozPmGGICX/E7vvKP7IRfsCNvZiNn8cYl8d4CidEDff08exFod6N503J19ZOMiIpGsmkXCfP+m0pHq2/cxnevUZb8hIhRy+q0mfu1mXP6Ppbt5s/IWaw8fx3f/jH6Huw7fQ+MlO2rbdbsCQAAAADI4r4HbNYtNPJIImLnP6e+tpD8LUSM+VqJiB18DrWvY+PPJCLuadLrGEiJMCKu6in2efc90BLp5Qhf92x8y81vChc+IUw+h29ewhvfVTe8lgxp0ub/MR8rY9+DxAac556JKH0EAH0P+nzPraG2bLVqVwAAAABgcd8DVn6wVntA1YcwyRG/T+xrZkqERs1hlywmIor6KdJrGA1QiYhIZUw/VvLuPhnuW7PUe+HxRPpEzj/nxDs38cb32ayr2LjjeeO70g3LiUh5eI648FVWPZn72ljNFL71XWXZI+Kp97AR04gYb/1Cefvn/OtPWclI8exfC+NPJJuLogHetp7VTiF7IRFJV77Kt30U+9t86axfCodfQq5SUqLq18uU1+/gHZulq19mtVPI28pqp6g7V7LSOpIj8pPf5p3biEi6bjErb5Cfu443foK+Bxb2PdCpXa3W7AgAAAAAiJIzFxFlnu0ny/w5iYep8/Cob9/At79NROqfp/LeHUScF44ULnuPRAd1fMGX/Yr2bCJ7oXD5u+QoNBwrPtFNhpltzMcynxslz40TEQU6iYicJWTYARFRYTW5StVlDyurnhRPvYdVHKR++gdlyR1UVCOedAcRCWf8Qph4mrrtQ+WFa9W1i3g0pLx8C+/aRr4OZfFPlQ9/Kx5/i3Dkd3nnFvmlm9U1i4SGo8Qz7tL2zQqryFWqfPKI8u4DfOd/WHEtG38855xNPIlVjuctX6pbPzbNXGR4denvdoaZjozvRpaZiNLnbsrx7uWYhcn4s5FYP+Wv2riwj5+HvmaXskLYb92+AAAAAIAkQ6JHvLtwSg49UUrtAc9YD2DOONdqDzhnwpG3kKOEL/sV//Q+IuKf3sdO/l824wds5o307/uTtQdciR+8n7UHlBw9YIyI7AXEBDKeiPYCQr3q+/fyL15g0y9kFQfxxvfU9+4lIl4xQZh8pnD0DWzMbN6+QXnhBxT209pF2msV5t3OucLbN/Ftn4jH/ZAifuWj3/ONS+RVz9iqJ7KR09nYo7SdK0t+oa59kYirRTXCxJOEcUernz0uTD6N2RzKpvf0M0yeV5baA72UdxD1AJlrD9L/pjLWHqSeQ361B8kfE/3nJ/lTlOkVWTl6AAAAAADWknLl98dlm3kmbTahM/5M404jIvaD9epTR1HPdqo/nojY2JPZ6Lnxo9gKiYg1zFM/vV+788yIOFdz1B6YjkXG2gP9O8Q5MWZzkaqQv13Pr49/iYW4r50TZ6VjSLKzQxZIhyyI7zjiZxUNzF7AO7dS2J+59oA4FVZxVaZoIH7HPRYS7AWseAQR8WiI+zri4ydrnufHXc/GzGQNc4T6Wbxrh/L5c+mzA/W/9kBfnqv2gOdVe5DjWMm9Za1YSDzO5+ch0xlaPHMROQst2xUAAAAA6KMH2TLaU+/oZ8w11+8xc+rdTuEecpZR55dMiXFiJIeJiEbM1A6mXxXyqC+lgwBXKXvtQfpIRabaAyZUTWLjT6Goj+9aob88fSQkvn7vLpKjfOt76obF8TWUGCkxPulMcpeRo5BF/MmjJPbBiJG/kxXVkL0gfofe5uLRAPe2anvX0ve1M1S3figedaU440JWXq+seYFFAjxt9CBbPUBqpr753SbTu52l9iDPY2Vb3/C+pYwGJP7mcp2h+edh6GsPhIoR1uwIAAAAAIgs7ntAnz1AI2axcaepL12s9T1Qnz4hbf3kwRhxHu5lRDzUnUhLz7fvQXz0QHKwaRcTMaF0DDv026yoVv3sYd74rumAXE+G37xEmHM9qz+KtW/gXdtZ7TQqGaW8chNr+UIYP0+c/0e+aQkbM5sKq5VnLudd24Wxx7BRh6nbPlK3fyw2zBGPv0UpqBDHHMlGTlcbP+Rff5b+7qlfvSEcukA4dD6XI+rGt7l+7n29e+h7MADCyAlW7QoAAAAA9kbfA140Qjj5QXKWJvfWvJx/fG/87vL6Req2dyjcqye/96v2gI2eI46eQ0SkyuTdrX70K60tmqn2gOnnFPGr7/xcOO0e4bhbiYkU9vDNS4iIv3s3l+zCpNPpkPMp7FU3vknOIvU/T7DK8eJpdwkzLpUfOooVVgszLpEW/IGUKP96mfLW/0t9JxMp/bs+561fsSln8I3v8E3v61MOoe+B9qe1fQ/EcTOs2dE+o72z95s+BQAAALBSccF+lgvN1N8X9NUfIJmhTql3f00z/bMLXmJjT9GeqU/Mpj0biBhrOIl96+WUY4a61T805JgXn1LvZ+dxbqZtU84t9xz88WOl9D0whkD9O0NtqbTgQfGwC+S37lWW/S3t3cuwfh7vtmFS0X78TeU8VpZX1P+jDOw9t4b7nndyd00OBeXce+js7GCZUOKLFlomlyeekh4JJR6YnqY/Nsq23BvAXEwAAAAHlP0uPLCy7wFtfpFGzCRnGW98g/l3x+8T73if//NUJiSb23JvS/JYtgJWe7ja+jmLhfrV9yA9r918bpTcgTF7PvN8/yxrLwLtiJmy5zOfoVA5TjjoWO7r4I0facvyqwdA34N+E+om5o4NAAAAAKC/pFz5/fG5cLJmtJs77H71DE04jx10Bn/3Vgp7k7nmzcvT75HH58qZNJ+d+TB78dt8y+IMM9uk1ypkz2s3Z88ndpDcKrmQpd7pNm+UthVP3cp8DMMdes4OOZeVjlJWPad2NPYrvz9xlPTZh4zrp88pZK49yO/doz7OLf/3IcfPg2HGoqGoPbDNvdiS/QAADLHE78Dsd0aMg45744wAALKzuu9BTyMRsUkL6POHM8xzn5KhzokYK6ghIiZK/e17oO9TnxcoZ2Z/ctucmfqZjpXxfUjJl0k5irr0oejSh+LZI6lnaDoK+h4MiqvYdvJ3B70XAIChw3OHBCmrGm7V6YmKQ3VeAAA5Wdn3gIj4mj8L077D5t1PUy5i0UDa5bU5N52NOIK4orauSV7S5tn3wLDT/M4tx+tKLs/ZH4Cy3HHPNMNPpjNMrQdA34NBcZz3Q3K4B78fAACrZYsKeI5QgSWzO5Mfu4gTAOAbYWnfA2Lk2cVfOI+d9CDVZphShqX9SWEPf+tG5tnV374HaXnt5jvTWfPgM+TcG84wQ+1B8nRz1h6YztC4fj61B8Z3O3NmP6W/24M41n7d90CcMNN21vWD2gUAgPXSAwDTkgyRA0uMr+qfjHqokBonIEgAgL3E0r4H2vdaP+dPH5+8CM90Fzk1T137BMydPZ9tNCDbaEO2u+DJy9T+1B4k3oeMtQdpW6XXA6DvgZW1B0xwXHHfoPYAAGAxcxiQ/KQ1FL5lHD2I/3Jixs9GlrgxZowTECQAwF5icd8DY0Z7Ir/fnD2fmg1v3DalHsDS2gOi1K4CgzuWOeee0ms2DK8IfQ+MI0aD73vguPaPmLAIAPYlxut+/XH8Lon21CaJdrvNbpckSRJFQWACY8Q5qVxVFFWW5WhUjkZjMVnRto3Xr3FmjAo4N0URAABDQsox20xSX7nm6esnpNzP7k89QHI0II9zo7S89r7z4FOOldL3YDC1B5Tl3cj8ivKuPeCJSUVzv6J8ag9If78yvueW/DyYA4BsI1H95/jeA7ajLxjw5gAAlkr5NDYGBNqfoigUuJ0up0OSxPSNGSORCaIg2G2S20VEJMtKKBwJBMOKonKuT/KgTzyBYQQA2Bss7XvQV655tmPl31XAeG6mY5nPjZI72Jt9DwZae5D73WY53j3TsfI9t4zvg/6+DfrnwfraAyY4rv0jYgMA2GekZxBxzrXHXJKkogKX2+3s1x4lSSwqdBcVuoPBsC8QkmU5MZir5yBhGAEAhpylfQ/6zDXPdCztXnSmEYD0Y+XKazdnzyd2sJf7HphGA9D3gAyvaMC1B+KEmY4r7kNOEQDsM8yxAedcf1BcVFBcNKip1dxup9vt9PqCXl8gEQ9o02hzRAgAMNQs7nuQKaPdcLc4S+0BGbbd3/seZH9FzHQU9D3Ii6vYcd4PMU8RAOxLMhQYaOGBTRLLSovsdpslhykucjsdtp5eX6ImIT6MoA0II0IAgCFicd8D07amu8UDqz0wHYtMF5foe2B8ZQdQ3wOhbqJt7sW2k7+L/gYAsC9JiQ20VCLtgctpLy8rTtyDsYbdbquuKuvu8YbCUcPi+E0fRAgAMBSs7nuQM9c8W256ava8ObM/faQCfQ8OwL4HTCBnoVAxQhg5QRw3Q5wyF6lEALDvMccGOrfLWVFenP+OQqFIMBxWFNVhtxUWuEVRyLYmY6yivKSr2xsMhRnTow9ECAAwVCS6yd/nSunpRvmvj08sAAA4IGSNDVxOR47YgHMeDEV6vb49Xb2dXb1dPV6vL8AYK3A73S6nw26TJLGqoqxhdG2B25VxjiMiqigv5l08FI4YliFCAIAhwXI1eQfYz4WCcu4VOjs7WCaU+KL9Bk4uTzzVpxDRH5iepj82yrbcG+g7XAeAb4QxODCy2aSaqrJs/6g559093i3bdrW07+n1+MORqKqqpnUYY06nXVHUSePrp04aV1TgcjjsGXfV3tkTi8nmz6vETqx+xQBgjeKCwm/6FPpHymMdAACAYc5YjMyNMUJZaVG2S/Nej/+LjY1frG/MfSeOcx4KRYjoiw2NO5taDx5fP3H8mJKiQkFI2S1jrKy0qL2jO/GUElMY6fmpiBAAwAIIDwAAAHKLX94nJioiPbmopLjAkWWeoq93tXy+bnNnV0+/Ruk9vsDmbbvKSotdTofDbjMFHg67raS4wOPVZjvVWyJwbQo9pBgBgCUQHgAAAORiao2sk0ShpDhDzkAsJje1dKxbv7VjT7eimFOJNDZJKihwiaIQDkdD4bCqxo9hs0kjayoddnsoFGXEHA5z7FFSXBgIhGRF1aMOPYQwNFoGABg4hAcAAAA5pKQVJaic8+JMsYGq8pb2PWu/3NLWmYwNGGMup72yvLS2uqK2uryivMRutwUCIY8vEAiEfP5g0+72ts5uxlhNZXl9Xa3L6YjJcjBExJjDbv5NXVxc2NXt4VwlEgzNEJBiBADWQHgAAACQlbH5i55ixDkXRaGwwJW+fjQW6+zq9QWCiqL3MmMlxYUH1Y+qH11bVlrkdNgFQSAie6mtrLSYiCLR2Nj6kc2tnbua2w5qGF1SXKQdKybLgWBYEs3TnhYWuHo9PlVVtYnHE4MG+ixGe+NtAYADGMIDAACAbPShg5S0IlXlxUUZYgNV5bKsVpWXTRg3ekdTa1e3h4jKSoqOmT29vq42WwWzw26rriwrLy2ecnBDKByLxWT9oLKsBMPRogKnaZPCAlevxy8I3FDYkEwywgACAAzGkIcHbR3dj/3jjabdHUQ0elT1NVecXVNVNtQHBQAAsI5+CZ6MEAoyDR2oqhqORJ1OR33dyMIC946m1mg0Om/uzIqyPjqmMcZsNslmk+w2qdcTlBMjD5zzYDDscthM/RAKClw9vT7tTLSplRPnicAAAAYra5tGq/z1mTebdnfU19XU19U07e74yz/eGOojAgAAWCKRTaQHBvEvdptkk8z31zjnoXBUqzeQJLGmquLQqRNOOOaIPmMDI1EUCwudpmyi9G4JNkmy26REqKLXRZCpkBoAYACsHz3o6vE++/IHoXBkZG3lgjPn7mxuP6hh5E9vupSIfvG7f+xsbo9GY4te+7C1o9vpsH97wUn9+twEAADYW5IX2saqA855xrZlqspD4ahxSVVFqTPTmrk57LaoQw6Ho/p0RtGYYrerdiElZnA47NFYMDGAYKo6wDACAAycxeFBZ1fvbx5e1OPxEdGWbc3rvtpGROWJAKCqomRnc/vPfv1kd49XW7Kzqf32Gy+urkS6EQAA7Ju0a3RubIiWsddBJCozxvRiAJtNtNkkU2uzPDnsNllWotF4EYKiKLKs2G2SaR2v4ZQSKUYIDABgsCxOLnrmxfd7PL5Tjjviz7+5dca0CT0eX0V58enzZmnfXXDWsbXV5d093hnTJvzp/psvOPs4jy/w7MtLrT0HAACAwdNzdTjnqY+5LS080CYaMqYA2W02SRzgL1lJFIzJS6rKY7JiWsdmt+nJRennCQAwYBaPHnT1eAWBnXv60YLArvvuufryHU3tbpe9urLs3p98T1940rGHv/zmJ3u6PdaeAwAAwKCZL7GNif6mQmGtKNl4VS4IgigK2aYq6pMgCHabGDAsUdLCA0kSjeUQacfCMAIADJDF4cGEsaPaOrqffv7dqy8/S1vS2eX5+a+fkGVF+yw7bs70c087usDtJKLH//mWqvJJ40cP4EChcOS3//f85An1C8461ri8pa3rfx9ddPF5J8yeMTnjhitWb/zrM29eddmZ2VYAAAAw0VOG4k0PBPOwgMq5aggoBIENLK1IZ4pA5LTuy6I2ranhxAYcjQAAGFmcXDT/zGOLi9wr127Sl4gCKypwE5HTYXc5HR98uubnv36is8sTk+VV67aUlxVfOv+kAR9uxZpNHXt69aec04fL1vr8wRybHH7I+AfuvPrwQ8ZnWyEUjvzyoX88/MSrAz4rAAA4UHD9T33sQGtGZlqPaQMI+maciwPNLIrvkDHjURiRqnLTCkTJdgymswUAGDDLwoOubu89D/791rse8fqCFWUlRLS7dc/utj3lZcW3/GCBw26LRGNnnzJn3jGHeX3B5175wCZJVRUl3T3ea37823se/HtnV28eBzHr7vF+uuJL/Wlre9eqdVtyb2K328rLiu2ZqsoAAAA0qVOapixOTCSaQhAE1XCDX1UzjDD0i6KqxvEHQRRMc5vGoxVK6d2G6U0BYPAsSy565KnXmlo66+tqysuKF5w5V1XVB/70bCym3PD98w+Z1HDjlfMffHTR0n+vvef2721q3PXFhu2hcOSWqy94/vWPej3+nc3tf/nHG3fccll/Dzpt8thV67bMnT2turKUiD5e/kVxoVv/1G5p71r06odbtjfLsjJ6VPV13zmnsrxk6/bmPz+9+Jorzq4oK77/D8/OPmLyuvXb2jt7KsqKr7rsTFVVf//XlyKRGDW1X33bg1oO0hcbt//rlaWdXZ6KsuJLF5w4ffI4bSdHHTFl+eqNHm9A33koHF387mfLVq73B0KFBa7LFpw087CJ3T3e9AMd1DCSiBq/3v30C++2tndLkjjrsImXnH8iET33ygcr127mKj9yxqRLzj/R5ez3pHgAADAUtOtv4lxRVFPyjyAwnrJmxnqAflAU1bi5IAg8bQUytDsAALCKZaMHzS0dY0ZV3/mjy6//7rm11eW93kAoHJUV5fd/efE/azZpM5nW19UwRto0pqFQpKaq7Mbvn3/njy4fPaq6qaVzAAc9/JDxxUVubQChraN73fpt8+YeLonxj+xAIFRfV3PXbQvv/vF3RIEteu2j9M/QlWs2XXbByXf/+Dtul+ON95aPGVVzxy2X1Y2omjqxQctB2tHU/sSzS6ZObLjvjitPPWHmMy+819bRrTWp2bB1101Xzr/9hov9/uB7H6/WStNkWbnx++c/cOfVR8+a+vzrH3V1ezMeSFHUlrauR558rbK85N6ffO+nN13qcjpiMeW5Vz7YtHXXzVct+NltV7S2d7265GHAWacAABBcSURBVN+D/YsBAIBB0DseJFKMiBPFZDl9TdM8RXJaMXG/qCo3ZhMJjITUYCMmyzw5ShDPL0KoAACDZ9noAecpH2TaNXpRoTsYCuudkieMHRUMRRq/3u1w2EqKC/WVhdQMy/zZ7bbTTpj5wuKP586e9uGydSNqyidPGLP4nc/ihxtXN2FcnfZ40vgxG7fuDEcipj2cceKRWm301IkNG7fuVLlaVlIoSYLNJmntGtatbywudJ9z6tFFha5jZk1duXbz9p2tVRUlNkmaf8bcMaOqiWhMXU1Xj5eICtzOS+efqO35sKkHrVi9sbvXq/V9Mx0oGoutXLvJYbddfuHJZSVFRDRmVHWPx7dp6y59zTNOmv3W+yuCoYjb5RjAmwMAABYyXnlHo1GX0/zJLEqicfrRaEyRJFEYUIoR51xR1JRsIsZMu4pGo4b1CWXJAGAVy8KD+rraHU1tv3zombKSwvPOOGZUbWVRoTsajS381qn/XvlVZXlJfV3N7CMmd+7pDQTDNknq7OqtrS7nnP70+Ms7m9vH1Y8Y2HGnTGwo/WT1S298srO5feFFpxpv3jS3dj770gfNrXuCoTARNYyuSd/c1deVd3tnT0t71613PaIvGd8wsqqiRBQFh9387oXC0RcXf7Ru/XavP6Cq3OFIVjikH6i9s6ewwGlsqNnrCYQj0Wdeev+Zl97XlpQWF4bDCA8AAPYpPBSOlBQXmZbaJDEqMP1OWUyWZUWyDyg8kBU1GovpTwVBsEmSKQAIhSOoQgaAoWBZeHDtwnMeefLVHU1tO5qoqaXz/v+56tjZ0958f8Warxpvu/YiQWChcHTX7o6Dx9V95+LT/r7onfv/8M9rFp4zecKYto7uuhFVV1121sCO67DbzjjxyEefev2QSQ0Hj6vzeP3ackVRn3/tI38gdPNV88tKCpcsXfn1rtYB7L+mqmxkbcUPLj9brwFwuRzNWVKhVny+Yfnqjd8654Rpkxp2NLX/M3GVn23PX+9qC0eSt6BKSwqcDvvZpxx1xPQJ2hJBEIqLCgZw2gAAMGRYMBhKXypJoiiKqhrPO5JlJRKNmVod54NzHovJsZhiXJJ+QyoYDKGzAQAMBcvCg4ry4p/dekVMlu+8//GuHi/n/IyTjlz95da1XzX+z/1/Ky8ram3v8vlDp82bdeHZx4mC8Pizb/3p8Vduv+HiX/73lYM89KTxY66+7MzRI6uNs8gJguBw2CVJdLkcHV2edeu3FRe589mby+kYUV2xu21Pr8dfWlJ46NTxn6z4cvnnG44/+lBFUVet2zLz0IOzbet0OgTGiovcMVn598qvwoaR33SHTh3/4bJ1L7z+8bmnHR2Jxpav2nDmyXMmTRjz8fIvGkbXVJQVt7R3dezpnXfM4f18PwAAwHrGm/fhcDQajZkmwZNEwW4TY7F4eKCqPBKJ2W2So59z5cViSjCUkgrrctpNXRSi0Vg4HBUTtXbILAIAC1ncFu3Zl5d29/oOO2Q8Y8zpsP/0pkv/9crSzz7fsKfbo/U9eHvpSpsknnf6MZIo/OWZNx967MX/uv6iuhFVgzmoJImHpfUxYIwuOvf4R596/e7fPFU3onL82FEde3ry3OG5px/96FOv337vY6fPm7XgrGMXXnTqv15Z+vaHqyRJnD553FEzp2TbcOahBzfu2P3Y3xfbbNLRs6bubG7PcZSG0TXfu/T0f72y9GcPPGG3SXOOmCyKwiXnn/jcKx/87rEXZVkpLys655Sj8jxnyG3z9ibj04njBtKMDwCGIca0zH7GOdOeapfiHq+vqrLcuKYgCE6HPRBMXtkriur3h6USQb+O75OiKP5gWDHMkSqKgstpN1Xoebw+rRlCYnG8hA9xAgAMHrN2RrQ7f/V4Z1fvQ/fekF6zpXVQfvD/FnV1e08/8cgLzjp25drNjz292OV03PVfC7X6XQBrhYLJ2UX0CMEYG3R2drBMEh2JmN6cSG9RZHyg7STj0/THRtmWewN+K143AAwWTzYR4KrKOeeqqqqqoiiqoiiKokiiMGF8Q/qGvkA4FIoYf7fabFJxoVMUxT4n4YhEY35/WFZSpjwqcDvdLodp9GBr4w5ZUcU4QRBEQRAY01o1mz+jAOCbVVxQmMda+xDx7rvvtnB3X27c3t7ZW1ToHjOq+rGnFz/29OJlq9ZPObihqNCtfcbNmH7w8s83bNiys7K8ZM4Rk6sqSlet27RyzeYpE+uRZA+Wk2PJO3CVZSVdPV7TuEEwGNinwoNILFdCGgDsNdq/Ue0ftxYmxHsTc86JqyqPybLNJrmcTtOGkijEZIVzY4s0NRqTtQ+WjDP1qaoak5VgOBIMRYzjBlpo4XLaTT0Weno9Pb0+QRBEURCYwARtr9pXwfCBhPAAYJ/gsO9nPawsDg/G1Y/8fN2W1V9ufeO9Fa0d3VUVJXu6vYFQ+Ijp8Xx9l9NxxPQJ/1mzacXqTUR08nEzqivLPlu1YXNj04lzkWQPFjOGB1qEYFoB4QEA5BT/p8qN/QUSwpFIRXmZaQNBYFoHZdUQIXDOo1FZVhRV5Yoan7GUMaZVIYcjcjgSjUZl4/zgjJHdJhW4HHa7ZPrEaGpuVVUupNICBMMHFMIDgH3FfhceWNYWTVNdWXrrdd+aPnncwQfVHTt72p0/uoKIOvf0at999KnX7vv9P6sqSn98/SVlJUWvv/PZ+5+snj1j8qjayvwLAwAAAPYyY/yvi0Ri7R170ld22CW3y2GTzNV9sZgSCIb9gbA/EO71BDq7vJ1d3h5PIBAMp8cGNklyZ4oN2jv2RCIx020LpBIBgIUsLk0mopE1FTddNV9/OqauZkdT2z0P/l0UhR1N7fV1NUQ0oqb81msv/NUfn33ulaUfLlvX1tGtLQfY1+A3LsBwxUxdBUyDi5q29s6iwgK322Xa2G6XiIgT6RMZ6dTUdmcZDsyYJIlutzPjZKZt7Z2iKGUY7Mxw/gAAA2Hx6EG6axeeUzeiqqmlc0dT+6gRldcsPFtbXltdftu13xo7ZkRbR/dBDSOvWXjOUJ8JAABA/vTyA/3y2xQbCIwxJjQ1t6ZP8sEYs9ulQrezwO00TrqdD5fLUVLkTo8NOOdNza1MLzVIHT8wnScAwIBZPHMRwD7FOHNRRn3OXGSsN8DMRQDDTPw3pF5soOriMxipiiIrilJUVDCuYUzGXagqV1U1FI6GwlHGWLaBA0FgoijabaLTYS5E1m3fscvnC4iiKIqSKAqiIAqimFp7gMIDgH3RfjdzkfXJRQD7Dpc710+414trcQDIIZlfpHc/SA4ccO1/gTPu9fp37GxuqK9L34UgMEEQCwucbpcjEpVjskycq5xUVVUVlRNJoiBKok0SJUmUREEQMg817NjZ7PX6RUEUWKIK2TCIkDZigNgAAAYO4QEMX7Ks5LEWyg8Ahq9EVECca58EXI8PBIFznvif855ej6qoY8eOzviJwRgTReZ22Tm3q6qqcs6ItJv+fZ4D5/zrr5s8Pp+oNTdIjhbo8YH2MYXMIgCwxpDXHgDss6IRC2YRRfAAMAzo/8xTSg+0a/XE9brg8fo2bm4MBIK5dsRIFAVtrCCf2CAQCG7c3Ojx+uIxQYbYgBlPz4LXCgDDHkYPYJiSZTmW3+gBAAxj8fwiYza/1oCMcy1CiHdW5kTEKRyObtzcOGpE7YgR1YM/dmtrx+7WNiFeYaANHmjBgcAyVCgbzxkAYOAQHsAwFQ5HVUXJp4wYAIYzLb9IixP0CgQiligS4JwLRFyfBJURtbS2d/X01NZUVVaUD+yge7q629o7I+FoPCYQDTXIiSGEtKqD9AoEAICBQHgAw1TEkFmEvkIAkJ0+gMC0OgQiIhIYU7UCYS6krc4oEonu2NHc0tpeWVFeXl7qdDjyOVI4Eunu7t3T1R2NxJjAEsMFoigIQuJ/Q0myHiEYxw7wIQYAg4XwAIYjRVHDoYiFgQHiCoADWGIAgUwfGoIgqKYaPqZFB4wxpjI1FpN3t7Q37251u1xFRYUFBS6X02m32yRJYoxxzmVZjkZjoXA4EAj5fP5gKBQvaRAN4wSJIME4dpA5qQifQwBgBYQHMByFQmFZlk39CiyHmAHgQKFdzMe/JCYIYkSUNg9p/F4+UxljjKucMZVzFo5EQuEw79B7KXDDnuN/MsZEUYxPWSowLQ5gQgaGCYuMu8DQAQBYA+EBDEehYDjbt5K/crN9NyeEBAAHqJQUI+Otei1CYIaeyqr2hTOVccYZN0j2WtP3m9p7MTknEjPGBsmnqRMWIa0IAKyH8ACGnXA4EgxlDQ8AADLSU4zS79PHs4w4I1K1IEFljHFBYKoa74ugcs7J+J+2T+N/iXICfVoifQ5T/QszS54bAIBVEB7AsBMIhLiq9us2P8YEAEBPMdIepEcIicGBRHSgfdDEhw0EzjmlDR+wrMMHejiQLTBgepSCtCIAsBbCAxheQqFwwJ+raZFGS+vdK2cEAPuRDBGC1lNZGyJgTFBVrkUI3BAcpGUW9REgCOaBBH2eIn1FxAYAMFQQHsDw4vcFldR2BwAA/ZFjDEEg4oKWTMTNZQdEyT+ItAgheY2fYQQhs2Q0gdgAAIYIwgMYRny+gM8XsCQ0QIABMIwZIwQyNEMg03gBUfxrMrPIXJlMhmmH9PmImClUSBkySM6sitgAAIYEwgMYLmKxmM/r1+/Y5SNjT2UEBgBgiBD02U6ZsXZZSzciMlUcmGODxL5MIwimcMA4XIDYAACGHMIDGC56e32hULi/F/cIBgAgi5QIgcg4jMCIuN4kIa0gmRuarCWv8lMyh7L8mb4VAIDlEB7AsODp9Xo9vlxpvAgDAKDfEnFBMkgw1ivrf8aHF7Rt9MZqxl0YH+coMEBgAAB7AcIDOPD5fIHeXl/Gb2WIEBAnAED/JIcRDAGDfn3P9cjBONSQtgvzMEJ6MIDYAAD2DoQHcIALBkO9PZ5YLJbP+EDuddK/izEHACAyDyMYPhuMxU7aTEeUqTS5jzAAgQEA7E0ID+BAFgqFu/b0hMORwTRBQwwAAPmJBwmGGMD4+cE5Z9lGKDMGAOmRAwDAXoDwAA5YwWBIiw0GsO2Q9kRDvAFwQNNjANNYQb7/9BEVAMA3C+EBHJi8Xn9Pd28kEs2nvVBGGWc1zecpAACROU5ITytKWZWlbAUA8A1CeAAHoN4eT3e3R5bl3KuZJhXPtkLuJdm+m/8+AeBAZyw1BgDYV2ze3mR8OnHcaO2B8A2dD8CQiEajbW2dbW17YrFYv67F9W6l+R8LF/oAAACw/9LjAdNjhAdw4PB4fK0tHb09XuNCUzZRn3DXHwAAAIYJLSowxgZILoIDRCAQ9Hh8Ho+POCWGATLOLJ6h/CDDatR3jlD+KwAAAADss0yxAcID2O8FAkGv1+/1+BRFNV3x59MOOVuckLGKoF+pSv15EQAAAAD7CoQHsF+SZcXvD/h9Ab8/oAUG+reMQwfG4uPc+UXphQfIMgIAAIBhCOEB7E+i0VggEAyFwgF/IBKJGecdyjh0kC53qKDlJfW5E3RQBgAAgAMVwgPYF3HOOeeyrMiyLMfkaDQaiUTDkUgkHFUUNT1xyPAgZWEfNQZ5lyzj0h8AAACGif8P4q0gr/s0AHgAAAAASUVORK5CYII=
iVBORw0KGgoAAAANSUhEUgAABAoAAAIxCAIAAABLq80vAAAAAXNSR0IArs4c6QAACotJREFUeJzt16EBwCAQwMAv+68LpgaTHVpxN0FsnrPfAQAAmFlfBwAAAH9hDwAAgNgDAAAg9gAAAIg9AAAAYg8AAIDYAwAAIPYAAACIPQAAAGIPAACA2AMAACD2AAAAiD0AAABiDwAAgNgDAAAg9gAAAIg9AAAAYg8AAIDYAwAAIPYAAACIPQAAAGIPAACA2AMAACD2AAAAiD0AAABiDwAAgNgDAAAg9gAAAIg9AAAAYg8AAIDYAwAAIPYAAACIPQAAAGIPAACA2AMAACD2AAAAiD0AAABiDwAAgNgDAAAg9gAAAIg9AAAAYg8AAIDYAwAAIPYAAACIPQAAAGIPAACA2AMAACD2AAAAiD0AAABiDwAAgNgDAAAg9gAAAIg9AAAAYg8AAIDYAwAAIPYAAACIPQAAAGIPAACA2AMAACD2AAAAiD0AAABiDwAAgNgDAAAg9gAAAIg9AAAAYg8AAIDYAwAAIPYAAACIPQAAAGIPAACA2AMAACD2AAAAiD0AAABiDwAAgNgDAAAg9gAAAIg9AAAAYg8AAIDYAwAAIPYAAACIPQAAAGIPAACA2AMAACD2AAAAiD0AAABiDwAAgNgDAAAg9gAAAIg9AAAAYg8AAIDYAwAAIPYAAACIPQAAAGIPAACA2AMAACD2AAAAiD0AAABiDwAAgNgDAAAg9gAAAIg9AAAAYg8AAIDYAwAAIPYAAACIPQAAAGIPAACA2AMAACD2AAAAiD0AAABiDwAAgNgDAAAg9gAAAIg9AAAAYg8AAIDYAwAAIPYAAACIPQAAAGIPAACA2AMAACD2AAAAiD0AAABiDwAAgNgDAAAg9gAAAIg9AAAAYg8AAIDYAwAAIPYAAACIPQAAAGIPAACA2AMAACD2AAAAiD0AAABiDwAAgNgDAAAg9gAAAIg9AAAAYg8AAIDYAwAAIPYAAACIPQAAAGIPAACA2AMAACD2AAAAiD0AAABiDwAAgNgDAAAg9gAAAIg9AAAAYg8AAIDYAwAAIPYAAACIPQAAAGIPAACA2AMAACD2AAAAiD0AAABiDwAAgNgDAAAg9gAAAIg9AAAAYg8AAIDYAwAAIPYAAACIPQAAAGIPAACA2AMAACD2AAAAiD0AAABiDwAAgNgDAAAg9gAAAIg9AAAAYg8AAIDYAwAAIPYAAACIPQAAAGIPAACA2AMAACD2AAAAiD0AAABiDwAAgNgDAAAg9gAAAIg9AAAAYg8AAIDYAwAAIPYAAACIPQAAAGIPAACA2AMAACD2AAAAiD0AAABiDwAAgNgDAAAg9gAAAIg9AAAAYg8AAIDYAwAAIPYAAACIPQAAAGIPAACA2AMAACD2AAAAiD0AAABiDwAAgNgDAAAg9gAAAIg9AAAAYg8AAIDYAwAAIPYAAACIPQAAAGIPAACA2AMAACD2AAAAiD0AAABiDwAAgNgDAAAg9gAAAIg9AAAAYg8AAIDYAwAAIPYAAACIPQAAAGIPAACA2AMAACD2AAAAiD0AAABiDwAAgNgDAAAg9gAAAIg9AAAAYg8AAIDYAwAAIPYAAACIPQAAAGIPAACA2AMAACD2AAAAiD0AAABiDwAAgNgDAAAg9gAAAIg9AAAAYg8AAIDYAwAAIPYAAACIPQAAAGIPAACA2AMAACD2AAAAiD0AAABiDwAAgNgDAAAg9gAAAIg9AAAAYg8AAIDYAwAAIPYAAACIPQAAAGIPAACA2AMAACD2AAAAiD0AAABiDwAAgNgDAAAg9gAAAIg9AAAAYg8AAIDYAwAAIPYAAACIPQAAAGIPAACA2AMAACD2AAAAiD0AAABiDwAAgNgDAAAg9gAAAIg9AAAAYg8AAIDYAwAAIPYAAACIPQAAAGIPAACA2AMAACD2AAAAiD0AAABiDwAAgNgDAAAg9gAAAIg9AAAAYg8AAIDYAwAAIPYAAACIPQAAAGIPAACA2AMAACD2AAAAiD0AAABiDwAAgNgDAAAg9gAAAIg9AAAAYg8AAIDYAwAAIPYAAACIPQAAAGIPAACA2AMAACD2AAAAiD0AAABiDwAAgNgDAAAg9gAAAIg9AAAAYg8AAIDYAwAAIPYAAACIPQAAAGIPAACA2AMAACD2AAAAiD0AAABiDwAAgNgDAAAg9gAAAIg9AAAAYg8AAIDYAwAAIPYAAACIPQAAAGIPAACA2AMAACD2AAAAiD0AAABiDwAAgNgDAAAg9gAAAIg9AAAAYg8AAIDYAwAAIPYAAACIPQAAAGIPAACA2AMAACD2AAAAiD0AAABiDwAAgNgDAAAg9gAAAIg9AAAAYg8AAIDYAwAAIPYAAACIPQAAAGIPAACA2AMAACD2AAAAiD0AAABiDwAAgNgDAAAg9gAAAIg9AAAAYg8AAIDYAwAAIPYAAACIPQAAAGIPAACA2AMAACD2AAAAiD0AAABiDwAAgNgDAAAg9gAAAIg9AAAAYg8AAIDYAwAAIPYAAACIPQAAAGIPAACA2AMAACD2AAAAiD0AAABiDwAAgNgDAAAg9gAAAIg9AAAAYg8AAIDYAwAAIPYAAACIPQAAAGIPAACA2AMAACD2AAAAiD0AAABiDwAAgNgDAAAg9gAAAIg9AAAAYg8AAIDYAwAAIPYAAACIPQAAAGIPAACA2AMAACD2AAAAiD0AAABiDwAAgNgDAAAg9gAAAIg9AAAAYg8AAIDYAwAAIPYAAACIPQAAAGIPAACA2AMAACD2AAAAiD0AAABiDwAAgNgDAAAg9gAAAIg9AAAAYg8AAIDYAwAAIPYAAACIPQAAAGIPAACA2AMAACD2AAAAiD0AAABiDwAAgNgDAAAg9gAAAIg9AAAAYg8AAIDYAwAAIPYAAACIPQAAAGIPAACA2AMAACD2AAAAiD0AAABiDwAAgNgDAAAg9gAAAIg9AAAAYg8AAIDYAwAAIPYAAACIPQAAAGIPAACA2AMAACD2AAAAiD0AAABiDwAAgNgDAAAg9gAAAIg9AAAAYg8AAIDYAwAAIPYAAACIPQAAAGIPAACA2AMAACD2AAAAiD0AAABiDwAAgNgDAAAg9gAAAIg9AAAAYg8AAIDYAwAAIPYAAACIPQAAAGIPAACA2AMAACD2AAAAiD0AAABiDwAAgNgDAAAg9gAAAIg9AAAAYg8AAIDYAwAAIPYAAACIPQAAAGIPAACA2AMAACD2AAAAiD0AAABiDwAAgNgDAAAg9gAAAIg9AAAAYg8AAIDYAwAAIPYAAACIPQAAAGIPAACA2AMAACD2AAAAiD0AAABiDwAAgNgDAAAg9gAAAIg9AAAAYg8AAIDYAwAAIPYAAACIPQAAAGIPAACA2AMAACD2AAAAiD0AAABiDwAAgNgDAAAg9gAAAIg9AAAAYg8AAIDYAwAAIPYAAACIPQAAAGIPAACA2AMAACD2AAAAiD0AAABiDwAAgNgDAAAg9gAAAIg9AAAAYg8AAIDYAwAAIPYAAACIPQAAAGIPAACA2AMAACD2AAAAiD0AAABiDwAAgNgDAAAg9gAAAIg9AAAAYg8AAIDYAwAAIPYAAACIPQAAAGIPAACA2AMAACD2AAAAiD0AAABiDwAAgNgDAAAg9gAAAIg9AAAAYg8AAIDYAwAAIPYAAADIBRGSB0hWyr2oAAAAAElFTkSuQmCC
]]></system-out>
  </testcase>
</testsuite>