<?xml version="1.0" encoding="UTF-8"?>
<!-- Generated by org.testng.reporters.JUnitReportReporter -->
<testsuite hostname="DESKTOP-IU8LP5K" failures="0" tests="1" name="com.orangehrm.test.LoginTest" time="3.093" errors="0" timestamp="2025-03-20T23:52:40 IST" skipped="0">
  <testcase classname="com.orangehrm.test.LoginTest" name="loginWithValidUsernameAndPassword" time="3.093"/>
</testsuite> <!-- com.orangehrm.test.LoginTest -->
