<?xml version="1.0" encoding="UTF-8"?>
<!-- Generated by org.testng.reporters.JUnitReportReporter -->
<testsuite hostname="DESKTOP-IU8LP5K" failures="0" tests="4" name="mvpautomation.OrangeHRMTest" time="25.438" errors="0" timestamp="2025-03-16T19:34:14 IST" skipped="0">
  <testcase classname="mvpautomation.OrangeHRMTest" name="loginApp" time="17.040"/>
  <testcase classname="mvpautomation.OrangeHRMTest" name="clickDirectory" time="3.854"/>
  <testcase classname="mvpautomation.OrangeHRMTest" name="logout" time="4.137"/>
  <testcase classname="mvpautomation.OrangeHRMTest" name="closeBrowser" time="0.407"/>
</testsuite> <!-- mvpautomation.OrangeHRMTest -->
