<?xml version="1.0" encoding="UTF-8"?>
<!-- Generated by org.testng.reporters.JUnitReportReporter -->
<testsuite hostname="DESKTOP-IU8LP5K" failures="0" tests="1" name="com.orangehrm.test.LoginTest" time="7.288" errors="0" timestamp="2025-03-26T22:12:27 IST" skipped="0">
  <testcase classname="com.orangehrm.test.LoginTest" name="loginWithValidUsernameAndPassword" time="7.288"/>
</testsuite> <!-- com.orangehrm.test.LoginTest -->
