<?xml version="1.0" encoding="UTF-8"?>
<!-- Generated by org.testng.reporters.JUnitReportReporter -->
<testsuite hostname="DESKTOP-IU8LP5K" failures="0" tests="1" name="com.orangehrm.test.LoginTest" time="5.524" errors="0" timestamp="2025-03-26T22:03:54 IST" skipped="0">
  <testcase classname="com.orangehrm.test.LoginTest" name="loginWithValidUsernameAndPassword" time="5.524"/>
</testsuite> <!-- com.orangehrm.test.LoginTest -->
