<?xml version="1.0" encoding="UTF-8"?>
<!-- Generated by org.testng.reporters.JUnitReportReporter -->
<testsuite hostname="DESKTOP-IU8LP5K" failures="0" tests="1" name="com.orangehrm.test.HomePageTest" time="4.501" errors="0" timestamp="2025-03-26T21:23:46 IST" skipped="0">
  <testcase classname="com.orangehrm.test.HomePageTest" name="logout" time="4.501"/>
</testsuite> <!-- com.orangehrm.test.HomePageTest -->
